This is XeTeX, Version 3.14159265-2.6-0.99999 (MiKTeX 2.9.6800 64-bit) (preloaded format=xelatex 2019.4.15)  16 APR 2019 11:41
entering extended mode
**./cours_intro_6h.tex
(cours_intro_6h.tex
LaTeX2e <2018-04-01> patch level 5

("C:\Users\nicolas.bourgeois\AppData\Local\Programs\MiKTeX 2.9\tex\latex\beamer
\beamer.cls"
Document Class: beamer 2018/08/22 v3.51 A class for typesetting presentations

("C:\Users\nicolas.bourgeois\AppData\Local\Programs\MiKTeX 2.9\tex\latex\beamer
\beamerbasemodes.sty"
("C:\Users\nicolas.bourgeois\AppData\Local\Programs\MiKTeX 2.9\tex\latex\etoolb
ox\etoolbox.sty"
Package: etoolbox 2018/08/19 v2.5f e-TeX tools for LaTeX (JAW)
\etb@tempcnta=\count80
)
\beamer@tempbox=\box26
\beamer@tempcount=\count81
\c@beamerpauses=\count82

("C:\Users\nicolas.bourgeois\AppData\Local\Programs\MiKTeX 2.9\tex\latex\beamer
\beamerbasedecode.sty"
\beamer@slideinframe=\count83
\beamer@minimum=\count84
)
\beamer@commentbox=\box27
\beamer@modecount=\count85
)
("C:\Users\nicolas.bourgeois\AppData\Local\Programs\MiKTeX 2.9\tex\generic\ober
diek\ifpdf.sty"
Package: ifpdf 2017/03/15 v3.2 Provides the ifpdf switch
)
\headdp=\dimen102
\footheight=\dimen103
\sidebarheight=\dimen104
\beamer@tempdim=\dimen105
\beamer@finalheight=\dimen106
\beamer@animht=\dimen107
\beamer@animdp=\dimen108
\beamer@animwd=\dimen109
\beamer@leftmargin=\dimen110
\beamer@rightmargin=\dimen111
\beamer@leftsidebar=\dimen112
\beamer@rightsidebar=\dimen113
\beamer@boxsize=\dimen114
\beamer@vboxoffset=\dimen115
\beamer@descdefault=\dimen116
\beamer@descriptionwidth=\dimen117
\beamer@lastskip=\skip41
\beamer@areabox=\box28
\beamer@animcurrent=\box29
\beamer@animshowbox=\box30
\beamer@sectionbox=\box31
\beamer@logobox=\box32
\beamer@linebox=\box33
\beamer@sectioncount=\count86
\beamer@subsubsectionmax=\count87
\beamer@subsectionmax=\count88
\beamer@sectionmax=\count89
\beamer@totalheads=\count90
\beamer@headcounter=\count91
\beamer@partstartpage=\count92
\beamer@sectionstartpage=\count93
\beamer@subsectionstartpage=\count94
\beamer@animationtempa=\count95
\beamer@animationtempb=\count96
\beamer@xpos=\count97
\beamer@ypos=\count98
\beamer@ypos@offset=\count99
\beamer@showpartnumber=\count100
\beamer@currentsubsection=\count101
\beamer@coveringdepth=\count102
\beamer@sectionadjust=\count103
\beamer@tocsectionnumber=\count104

("C:\Users\nicolas.bourgeois\AppData\Local\Programs\MiKTeX 2.9\tex\latex\beamer
\beamerbaseoptions.sty"
("C:\Users\nicolas.bourgeois\AppData\Local\Programs\MiKTeX 2.9\tex\latex\graphi
cs\keyval.sty"
Package: keyval 2014/10/28 v1.15 key=value parser (DPC)
\KV@toks@=\toks14
))
\beamer@paperwidth=\skip42
\beamer@paperheight=\skip43

("C:\Users\nicolas.bourgeois\AppData\Local\Programs\MiKTeX 2.9\tex\latex\geomet
ry\geometry.sty"
Package: geometry 2018/04/16 v5.8 Page Geometry

("C:\Users\nicolas.bourgeois\AppData\Local\Programs\MiKTeX 2.9\tex\generic\ober
diek\ifvtex.sty"
Package: ifvtex 2016/05/16 v1.6 Detect VTeX and its facilities (HO)
Package ifvtex Info: VTeX not detected.
)
("C:\Users\nicolas.bourgeois\AppData\Local\Programs\MiKTeX 2.9\tex\generic\ifxe
tex\ifxetex.sty"
Package: ifxetex 2010/09/12 v0.6 Provides ifxetex conditional
)
\Gm@cnth=\count105
\Gm@cntv=\count106
\c@Gm@tempcnt=\count107
\Gm@bindingoffset=\dimen118
\Gm@wd@mp=\dimen119
\Gm@odd@mp=\dimen120
\Gm@even@mp=\dimen121
\Gm@layoutwidth=\dimen122
\Gm@layoutheight=\dimen123
\Gm@layouthoffset=\dimen124
\Gm@layoutvoffset=\dimen125
\Gm@dimlist=\toks15

("C:\Users\nicolas.bourgeois\AppData\Local\Programs\MiKTeX 2.9\tex\xelatex\xete
xconfig\geometry.cfg"))
("C:\Users\nicolas.bourgeois\AppData\Local\Programs\MiKTeX 2.9\tex\latex\base\s
ize11.clo"
File: size11.clo 2014/09/29 v1.4h Standard LaTeX file (size option)
)
("C:\Users\nicolas.bourgeois\AppData\Local\Programs\MiKTeX 2.9\tex\latex\pgf\ba
siclayer\pgfcore.sty"
("C:\Users\nicolas.bourgeois\AppData\Local\Programs\MiKTeX 2.9\tex\latex\graphi
cs\graphicx.sty"
Package: graphicx 2017/06/01 v1.1a Enhanced LaTeX Graphics (DPC,SPQR)

("C:\Users\nicolas.bourgeois\AppData\Local\Programs\MiKTeX 2.9\tex\latex\graphi
cs\graphics.sty"
Package: graphics 2017/06/25 v1.2c Standard LaTeX Graphics (DPC,SPQR)

("C:\Users\nicolas.bourgeois\AppData\Local\Programs\MiKTeX 2.9\tex\latex\graphi
cs\trig.sty"
Package: trig 2016/01/03 v1.10 sin cos tan (DPC)
)
("C:\Users\nicolas.bourgeois\AppData\Local\Programs\MiKTeX 2.9\tex\latex\graphi
cs-cfg\graphics.cfg"
File: graphics.cfg 2016/06/04 v1.11 sample graphics configuration
)
Package graphics Info: Driver file: xetex.def on input line 99.

("C:\Users\nicolas.bourgeois\AppData\Local\Programs\MiKTeX 2.9\tex\latex\graphi
cs-def\xetex.def"
File: xetex.def 2017/06/24 v5.0h Graphics/color driver for xetex
))
\Gin@req@height=\dimen126
\Gin@req@width=\dimen127
)
("C:\Users\nicolas.bourgeois\AppData\Local\Programs\MiKTeX 2.9\tex\latex\pgf\sy
stemlayer\pgfsys.sty"
("C:\Users\nicolas.bourgeois\AppData\Local\Programs\MiKTeX 2.9\tex\latex\pgf\ut
ilities\pgfrcs.sty"
("C:\Users\nicolas.bourgeois\AppData\Local\Programs\MiKTeX 2.9\tex\generic\pgf\
utilities\pgfutil-common.tex"
\pgfutil@everybye=\toks16
\pgfutil@tempdima=\dimen128
\pgfutil@tempdimb=\dimen129

("C:\Users\nicolas.bourgeois\AppData\Local\Programs\MiKTeX 2.9\tex\generic\pgf\
utilities\pgfutil-common-lists.tex"))
("C:\Users\nicolas.bourgeois\AppData\Local\Programs\MiKTeX 2.9\tex\generic\pgf\
utilities\pgfutil-latex.def"
\pgfutil@abb=\box34

("C:\Users\nicolas.bourgeois\AppData\Local\Programs\MiKTeX 2.9\tex\latex\ms\eve
ryshi.sty"
Package: everyshi 2001/05/15 v3.00 EveryShipout Package (MS)
))
("C:\Users\nicolas.bourgeois\AppData\Local\Programs\MiKTeX 2.9\tex\generic\pgf\
utilities\pgfrcs.code.tex"
Package: pgfrcs 2015/08/07 v3.0.1a (rcs-revision 1.31)
))
("C:\Users\nicolas.bourgeois\AppData\Local\Programs\MiKTeX 2.9\tex\generic\pgf\
systemlayer\pgfsys.code.tex"
Package: pgfsys 2014/07/09 v3.0.1a (rcs-revision 1.48)

("C:\Users\nicolas.bourgeois\AppData\Local\Programs\MiKTeX 2.9\tex\generic\pgf\
utilities\pgfkeys.code.tex"
\pgfkeys@pathtoks=\toks17
\pgfkeys@temptoks=\toks18

("C:\Users\nicolas.bourgeois\AppData\Local\Programs\MiKTeX 2.9\tex\generic\pgf\
utilities\pgfkeysfiltered.code.tex"
\pgfkeys@tmptoks=\toks19
))
\pgf@x=\dimen130
\pgf@y=\dimen131
\pgf@xa=\dimen132
\pgf@ya=\dimen133
\pgf@xb=\dimen134
\pgf@yb=\dimen135
\pgf@xc=\dimen136
\pgf@yc=\dimen137
\w@pgf@writea=\write3
\r@pgf@reada=\read1
\c@pgf@counta=\count108
\c@pgf@countb=\count109
\c@pgf@countc=\count110
\c@pgf@countd=\count111
\t@pgf@toka=\toks20
\t@pgf@tokb=\toks21
\t@pgf@tokc=\toks22

("C:\Users\nicolas.bourgeois\AppData\Local\Programs\MiKTeX 2.9\tex\generic\pgf\
systemlayer\pgf.cfg"
File: pgf.cfg 2008/05/14  (rcs-revision 1.7)
)
Driver file for pgf: pgfsys-xetex.def

("C:\Users\nicolas.bourgeois\AppData\Local\Programs\MiKTeX 2.9\tex\generic\pgf\
systemlayer\pgfsys-xetex.def"
File: pgfsys-xetex.def 2014/07/09  (rcs-revision 1.11)

("C:\Users\nicolas.bourgeois\AppData\Local\Programs\MiKTeX 2.9\tex\generic\pgf\
systemlayer\pgfsys-dvipdfmx.def"
File: pgfsys-dvipdfmx.def 2014/07/09  (rcs-revision 1.14)

("C:\Users\nicolas.bourgeois\AppData\Local\Programs\MiKTeX 2.9\tex\generic\pgf\
systemlayer\pgfsys-common-pdf.def"
File: pgfsys-common-pdf.def 2013/10/10  (rcs-revision 1.13)
)
\pgfsys@objnum=\count112
)))
("C:\Users\nicolas.bourgeois\AppData\Local\Programs\MiKTeX 2.9\tex\generic\pgf\
systemlayer\pgfsyssoftpath.code.tex"
File: pgfsyssoftpath.code.tex 2013/09/09  (rcs-revision 1.9)
\pgfsyssoftpath@smallbuffer@items=\count113
\pgfsyssoftpath@bigbuffer@items=\count114
)
("C:\Users\nicolas.bourgeois\AppData\Local\Programs\MiKTeX 2.9\tex\generic\pgf\
systemlayer\pgfsysprotocol.code.tex"
File: pgfsysprotocol.code.tex 2006/10/16  (rcs-revision 1.4)
))
("C:\Users\nicolas.bourgeois\AppData\Local\Programs\MiKTeX 2.9\tex\latex\xcolor
\xcolor.sty"
Package: xcolor 2016/05/11 v2.12 LaTeX color extensions (UK)

("C:\Users\nicolas.bourgeois\AppData\Local\Programs\MiKTeX 2.9\tex\latex\graphi
cs-cfg\color.cfg"
File: color.cfg 2016/01/02 v1.6 sample color configuration
)
Package xcolor Info: Driver file: xetex.def on input line 225.
Package xcolor Info: Model `cmy' substituted by `cmy0' on input line 1348.
Package xcolor Info: Model `RGB' extended on input line 1364.
Package xcolor Info: Model `HTML' substituted by `rgb' on input line 1366.
Package xcolor Info: Model `Hsb' substituted by `hsb' on input line 1367.
Package xcolor Info: Model `tHsb' substituted by `hsb' on input line 1368.
Package xcolor Info: Model `HSB' substituted by `hsb' on input line 1369.
Package xcolor Info: Model `Gray' substituted by `gray' on input line 1370.
Package xcolor Info: Model `wave' substituted by `hsb' on input line 1371.
)
("C:\Users\nicolas.bourgeois\AppData\Local\Programs\MiKTeX 2.9\tex\generic\pgf\
basiclayer\pgfcore.code.tex"
Package: pgfcore 2010/04/11 v3.0.1a (rcs-revision 1.7)

("C:\Users\nicolas.bourgeois\AppData\Local\Programs\MiKTeX 2.9\tex\generic\pgf\
math\pgfmath.code.tex"
("C:\Users\nicolas.bourgeois\AppData\Local\Programs\MiKTeX 2.9\tex\generic\pgf\
math\pgfmathcalc.code.tex"
("C:\Users\nicolas.bourgeois\AppData\Local\Programs\MiKTeX 2.9\tex\generic\pgf\
math\pgfmathutil.code.tex")
("C:\Users\nicolas.bourgeois\AppData\Local\Programs\MiKTeX 2.9\tex\generic\pgf\
math\pgfmathparser.code.tex"
\pgfmath@dimen=\dimen138
\pgfmath@count=\count115
\pgfmath@box=\box35
\pgfmath@toks=\toks23
\pgfmath@stack@operand=\toks24
\pgfmath@stack@operation=\toks25
)
("C:\Users\nicolas.bourgeois\AppData\Local\Programs\MiKTeX 2.9\tex\generic\pgf\
math\pgfmathfunctions.code.tex"
("C:\Users\nicolas.bourgeois\AppData\Local\Programs\MiKTeX 2.9\tex\generic\pgf\
math\pgfmathfunctions.basic.code.tex")
("C:\Users\nicolas.bourgeois\AppData\Local\Programs\MiKTeX 2.9\tex\generic\pgf\
math\pgfmathfunctions.trigonometric.code.tex")
("C:\Users\nicolas.bourgeois\AppData\Local\Programs\MiKTeX 2.9\tex\generic\pgf\
math\pgfmathfunctions.random.code.tex")
("C:\Users\nicolas.bourgeois\AppData\Local\Programs\MiKTeX 2.9\tex\generic\pgf\
math\pgfmathfunctions.comparison.code.tex")
("C:\Users\nicolas.bourgeois\AppData\Local\Programs\MiKTeX 2.9\tex\generic\pgf\
math\pgfmathfunctions.base.code.tex")
("C:\Users\nicolas.bourgeois\AppData\Local\Programs\MiKTeX 2.9\tex\generic\pgf\
math\pgfmathfunctions.round.code.tex")
("C:\Users\nicolas.bourgeois\AppData\Local\Programs\MiKTeX 2.9\tex\generic\pgf\
math\pgfmathfunctions.misc.code.tex")
("C:\Users\nicolas.bourgeois\AppData\Local\Programs\MiKTeX 2.9\tex\generic\pgf\
math\pgfmathfunctions.integerarithmetics.code.tex")))
("C:\Users\nicolas.bourgeois\AppData\Local\Programs\MiKTeX 2.9\tex\generic\pgf\
math\pgfmathfloat.code.tex"
\c@pgfmathroundto@lastzeros=\count116
))
("C:\Users\nicolas.bourgeois\AppData\Local\Programs\MiKTeX 2.9\tex\generic\pgf\
basiclayer\pgfcorepoints.code.tex"
File: pgfcorepoints.code.tex 2013/10/07  (rcs-revision 1.27)
\pgf@picminx=\dimen139
\pgf@picmaxx=\dimen140
\pgf@picminy=\dimen141
\pgf@picmaxy=\dimen142
\pgf@pathminx=\dimen143
\pgf@pathmaxx=\dimen144
\pgf@pathminy=\dimen145
\pgf@pathmaxy=\dimen146
\pgf@xx=\dimen147
\pgf@xy=\dimen148
\pgf@yx=\dimen149
\pgf@yy=\dimen150
\pgf@zx=\dimen151
\pgf@zy=\dimen152
)
("C:\Users\nicolas.bourgeois\AppData\Local\Programs\MiKTeX 2.9\tex\generic\pgf\
basiclayer\pgfcorepathconstruct.code.tex"
File: pgfcorepathconstruct.code.tex 2013/10/07  (rcs-revision 1.29)
\pgf@path@lastx=\dimen153
\pgf@path@lasty=\dimen154
)
("C:\Users\nicolas.bourgeois\AppData\Local\Programs\MiKTeX 2.9\tex\generic\pgf\
basiclayer\pgfcorepathusage.code.tex"
File: pgfcorepathusage.code.tex 2014/11/02  (rcs-revision 1.24)
\pgf@shorten@end@additional=\dimen155
\pgf@shorten@start@additional=\dimen156
)
("C:\Users\nicolas.bourgeois\AppData\Local\Programs\MiKTeX 2.9\tex\generic\pgf\
basiclayer\pgfcorescopes.code.tex"
File: pgfcorescopes.code.tex 2015/05/08  (rcs-revision 1.46)
\pgfpic=\box36
\pgf@hbox=\box37
\pgf@layerbox@main=\box38
\pgf@picture@serial@count=\count117
)
("C:\Users\nicolas.bourgeois\AppData\Local\Programs\MiKTeX 2.9\tex\generic\pgf\
basiclayer\pgfcoregraphicstate.code.tex"
File: pgfcoregraphicstate.code.tex 2014/11/02  (rcs-revision 1.12)
\pgflinewidth=\dimen157
)
("C:\Users\nicolas.bourgeois\AppData\Local\Programs\MiKTeX 2.9\tex\generic\pgf\
basiclayer\pgfcoretransformations.code.tex"
File: pgfcoretransformations.code.tex 2015/08/07  (rcs-revision 1.20)
\pgf@pt@x=\dimen158
\pgf@pt@y=\dimen159
\pgf@pt@temp=\dimen160
)
("C:\Users\nicolas.bourgeois\AppData\Local\Programs\MiKTeX 2.9\tex\generic\pgf\
basiclayer\pgfcorequick.code.tex"
File: pgfcorequick.code.tex 2008/10/09  (rcs-revision 1.3)
)
("C:\Users\nicolas.bourgeois\AppData\Local\Programs\MiKTeX 2.9\tex\generic\pgf\
basiclayer\pgfcoreobjects.code.tex"
File: pgfcoreobjects.code.tex 2006/10/11  (rcs-revision 1.2)
)
("C:\Users\nicolas.bourgeois\AppData\Local\Programs\MiKTeX 2.9\tex\generic\pgf\
basiclayer\pgfcorepathprocessing.code.tex"
File: pgfcorepathprocessing.code.tex 2013/09/09  (rcs-revision 1.9)
)
("C:\Users\nicolas.bourgeois\AppData\Local\Programs\MiKTeX 2.9\tex\generic\pgf\
basiclayer\pgfcorearrows.code.tex"
File: pgfcorearrows.code.tex 2015/05/14  (rcs-revision 1.43)
\pgfarrowsep=\dimen161
)
("C:\Users\nicolas.bourgeois\AppData\Local\Programs\MiKTeX 2.9\tex\generic\pgf\
basiclayer\pgfcoreshade.code.tex"
File: pgfcoreshade.code.tex 2013/07/15  (rcs-revision 1.15)
\pgf@max=\dimen162
\pgf@sys@shading@range@num=\count118
)
("C:\Users\nicolas.bourgeois\AppData\Local\Programs\MiKTeX 2.9\tex\generic\pgf\
basiclayer\pgfcoreimage.code.tex"
File: pgfcoreimage.code.tex 2013/07/15  (rcs-revision 1.18)

("C:\Users\nicolas.bourgeois\AppData\Local\Programs\MiKTeX 2.9\tex\generic\pgf\
basiclayer\pgfcoreexternal.code.tex"
File: pgfcoreexternal.code.tex 2014/07/09  (rcs-revision 1.21)
\pgfexternal@startupbox=\box39
))
("C:\Users\nicolas.bourgeois\AppData\Local\Programs\MiKTeX 2.9\tex\generic\pgf\
basiclayer\pgfcorelayers.code.tex"
File: pgfcorelayers.code.tex 2013/07/18  (rcs-revision 1.7)
)
("C:\Users\nicolas.bourgeois\AppData\Local\Programs\MiKTeX 2.9\tex\generic\pgf\
basiclayer\pgfcoretransparency.code.tex"
File: pgfcoretransparency.code.tex 2013/09/30  (rcs-revision 1.5)
)
("C:\Users\nicolas.bourgeois\AppData\Local\Programs\MiKTeX 2.9\tex\generic\pgf\
basiclayer\pgfcorepatterns.code.tex"
File: pgfcorepatterns.code.tex 2013/11/07  (rcs-revision 1.5)
)))
("C:\Users\nicolas.bourgeois\AppData\Local\Programs\MiKTeX 2.9\tex\latex\pgf\ut
ilities\xxcolor.sty"
Package: xxcolor 2003/10/24 ver 0.1
\XC@nummixins=\count119
\XC@countmixins=\count120
)
("C:\Users\nicolas.bourgeois\AppData\Local\Programs\MiKTeX 2.9\tex\generic\ober
diek\atbegshi.sty"
Package: atbegshi 2016/06/09 v1.18 At begin shipout hook (HO)

("C:\Users\nicolas.bourgeois\AppData\Local\Programs\MiKTeX 2.9\tex\generic\ober
diek\infwarerr.sty"
Package: infwarerr 2016/05/16 v1.4 Providing info/warning/error messages (HO)
)
("C:\Users\nicolas.bourgeois\AppData\Local\Programs\MiKTeX 2.9\tex\generic\ober
diek\ltxcmds.sty"
Package: ltxcmds 2016/05/16 v1.23 LaTeX kernel commands for general use (HO)
))
("C:\Users\nicolas.bourgeois\AppData\Local\Programs\MiKTeX 2.9\tex\latex\hyperr
ef\hyperref.sty"
Package: hyperref 2018/02/06 v6.86b Hypertext links for LaTeX

("C:\Users\nicolas.bourgeois\AppData\Local\Programs\MiKTeX 2.9\tex\generic\ober
diek\hobsub-hyperref.sty"
Package: hobsub-hyperref 2016/05/16 v1.14 Bundle oberdiek, subset hyperref (HO)


("C:\Users\nicolas.bourgeois\AppData\Local\Programs\MiKTeX 2.9\tex\generic\ober
diek\hobsub-generic.sty"
Package: hobsub-generic 2016/05/16 v1.14 Bundle oberdiek, subset generic (HO)
Package: hobsub 2016/05/16 v1.14 Construct package bundles (HO)
Package hobsub Info: Skipping package `infwarerr' (already loaded).
Package hobsub Info: Skipping package `ltxcmds' (already loaded).
Package: ifluatex 2016/05/16 v1.4 Provides the ifluatex switch (HO)
Package ifluatex Info: LuaTeX not detected.
Package hobsub Info: Skipping package `ifvtex' (already loaded).
Package: intcalc 2016/05/16 v1.2 Expandable calculations with integers (HO)
Package hobsub Info: Skipping package `ifpdf' (already loaded).
Package: etexcmds 2016/05/16 v1.6 Avoid name clashes with e-TeX commands (HO)
Package etexcmds Info: Could not find \expanded.
(etexcmds)             That can mean that you are not using pdfTeX 1.50 or
(etexcmds)             that some package has redefined \expanded.
(etexcmds)             In the latter case, load this package earlier.
Package: kvsetkeys 2016/05/16 v1.17 Key value parser (HO)
Package: kvdefinekeys 2016/05/16 v1.4 Define keys (HO)
Package: pdftexcmds 2018/01/30 v0.27 Utility functions of pdfTeX for LuaTeX (HO
)
Package pdftexcmds Info: LuaTeX not detected.
Package pdftexcmds Info: pdfTeX >= 1.30 not detected.
Package pdftexcmds Info: \pdf@primitive is available.
Package pdftexcmds Info: \pdf@ifprimitive is available.
Package pdftexcmds Info: \pdfdraftmode not found.
Package: pdfescape 2016/05/16 v1.14 Implements pdfTeX's escape features (HO)
Package: bigintcalc 2016/05/16 v1.4 Expandable calculations on big integers (HO
)
Package: bitset 2016/05/16 v1.2 Handle bit-vector datatype (HO)
Package: uniquecounter 2016/05/16 v1.3 Provide unlimited unique counter (HO)
)
Package hobsub Info: Skipping package `hobsub' (already loaded).
Package: letltxmacro 2016/05/16 v1.5 Let assignment for LaTeX macros (HO)
Package: hopatch 2016/05/16 v1.3 Wrapper for package hooks (HO)
Package: xcolor-patch 2016/05/16 xcolor patch
Package: atveryend 2016/05/16 v1.9 Hooks at the very end of document (HO)
Package hobsub Info: Skipping package `atbegshi' (already loaded).
Package: refcount 2016/05/16 v3.5 Data extraction from label references (HO)
Package: hycolor 2016/05/16 v1.8 Color options for hyperref/bookmark (HO)
)
("C:\Users\nicolas.bourgeois\AppData\Local\Programs\MiKTeX 2.9\tex\latex\oberdi
ek\auxhook.sty"
Package: auxhook 2016/05/16 v1.4 Hooks for auxiliary files (HO)
)
("C:\Users\nicolas.bourgeois\AppData\Local\Programs\MiKTeX 2.9\tex\latex\oberdi
ek\kvoptions.sty"
Package: kvoptions 2016/05/16 v3.12 Key value format for package options (HO)
)
\@linkdim=\dimen163
\Hy@linkcounter=\count121
\Hy@pagecounter=\count122

("C:\Users\nicolas.bourgeois\AppData\Local\Programs\MiKTeX 2.9\tex\latex\hyperr
ef\pd1enc.def"
File: pd1enc.def 2018/02/06 v6.86b Hyperref: PDFDocEncoding definition (HO)
)
\Hy@SavedSpaceFactor=\count123

("C:\Users\nicolas.bourgeois\AppData\Local\Programs\MiKTeX 2.9\tex\latex\00mikt
ex\hyperref.cfg"
File: hyperref.cfg 2002/06/06 v1.2 hyperref configuration of TeXLive
)
Package hyperref Info: Option `bookmarks' set `true' on input line 4383.
Package hyperref Info: Option `bookmarksopen' set `true' on input line 4383.
Package hyperref Info: Option `implicit' set `false' on input line 4383.
Package hyperref Info: Hyper figures OFF on input line 4509.
Package hyperref Info: Link nesting OFF on input line 4514.
Package hyperref Info: Hyper index ON on input line 4517.
Package hyperref Info: Plain pages OFF on input line 4524.
Package hyperref Info: Backreferencing OFF on input line 4529.
Package hyperref Info: Implicit mode OFF; no redefinition of LaTeX internals.
Package hyperref Info: Bookmarks ON on input line 4762.
\c@Hy@tempcnt=\count124

("C:\Users\nicolas.bourgeois\AppData\Local\Programs\MiKTeX 2.9\tex\latex\url\ur
l.sty"
\Urlmuskip=\muskip10
Package: url 2013/09/16  ver 3.4  Verb mode for urls, etc.
)
LaTeX Info: Redefining \url on input line 5115.
\XeTeXLinkMargin=\dimen164
\Fld@menulength=\count125
\Field@Width=\dimen165
\Fld@charsize=\dimen166
Package hyperref Info: Hyper figures OFF on input line 6369.
Package hyperref Info: Link nesting OFF on input line 6374.
Package hyperref Info: Hyper index ON on input line 6377.
Package hyperref Info: backreferencing OFF on input line 6384.
Package hyperref Info: Link coloring OFF on input line 6389.
Package hyperref Info: Link coloring with OCG OFF on input line 6394.
Package hyperref Info: PDF/A mode OFF on input line 6399.
LaTeX Info: Redefining \ref on input line 6439.
LaTeX Info: Redefining \pageref on input line 6443.
\Hy@abspage=\count126


Package hyperref Message: Stopped early.

)
Package hyperref Info: Driver (autodetected): hxetex.

("C:\Users\nicolas.bourgeois\AppData\Local\Programs\MiKTeX 2.9\tex\latex\hyperr
ef\hxetex.def"
File: hxetex.def 2018/02/06 v6.86b Hyperref driver for XeTeX

("C:\Users\nicolas.bourgeois\AppData\Local\Programs\MiKTeX 2.9\tex\latex\hyperr
ef\puenc.def"
File: puenc.def 2018/02/06 v6.86b Hyperref: PDF Unicode definition (HO)
)
("C:\Users\nicolas.bourgeois\AppData\Local\Programs\MiKTeX 2.9\tex\generic\ober
diek\stringenc.sty"
Package: stringenc 2016/05/16 v1.11 Convert strings between diff. encodings (HO
)
)
\pdfm@box=\box40
\c@Hy@AnnotLevel=\count127
\HyField@AnnotCount=\count128
\Fld@listcount=\count129
\c@bookmark@seq@number=\count130

("C:\Users\nicolas.bourgeois\AppData\Local\Programs\MiKTeX 2.9\tex\latex\oberdi
ek\rerunfilecheck.sty"
Package: rerunfilecheck 2016/05/16 v1.8 Rerun checks for auxiliary files (HO)
Package uniquecounter Info: New unique counter `rerunfilecheck' on input line 2
82.
))
("C:\Users\nicolas.bourgeois\AppData\Local\Programs\MiKTeX 2.9\tex\generic\ober
diek\se-ascii-print.def"
File: se-ascii-print.def 2016/05/16 v1.11 stringenc: Printable ASCII characters

)
("C:\Users\nicolas.bourgeois\AppData\Local\Programs\MiKTeX 2.9\tex\latex\beamer
\beamerbaserequires.sty"
("C:\Users\nicolas.bourgeois\AppData\Local\Programs\MiKTeX 2.9\tex\latex\beamer
\beamerbasecompatibility.sty")
("C:\Users\nicolas.bourgeois\AppData\Local\Programs\MiKTeX 2.9\tex\latex\beamer
\beamerbasefont.sty"
("C:\Users\nicolas.bourgeois\AppData\Local\Programs\MiKTeX 2.9\tex\latex\amsfon
ts\amssymb.sty"
Package: amssymb 2013/01/14 v3.01 AMS font symbols

("C:\Users\nicolas.bourgeois\AppData\Local\Programs\MiKTeX 2.9\tex\latex\amsfon
ts\amsfonts.sty"
Package: amsfonts 2013/01/14 v3.01 Basic AMSFonts support
\@emptytoks=\toks26
\symAMSa=\mathgroup4
\symAMSb=\mathgroup5
LaTeX Font Info:    Overwriting math alphabet `\mathfrak' in version `bold'
(Font)                  U/euf/m/n --> U/euf/b/n on input line 106.
))
("C:\Users\nicolas.bourgeois\AppData\Local\Programs\MiKTeX 2.9\tex\latex\sansma
thaccent\sansmathaccent.sty"
Package: sansmathaccent 2013/03/28

("C:\Users\nicolas.bourgeois\AppData\Local\Programs\MiKTeX 2.9\tex\latex\fileho
ok\filehook.sty"
Package: filehook 2011/10/12 v0.5d Hooks for input files
)))
("C:\Users\nicolas.bourgeois\AppData\Local\Programs\MiKTeX 2.9\tex\latex\beamer
\beamerbasetranslator.sty"
("C:\Users\nicolas.bourgeois\AppData\Local\Programs\MiKTeX 2.9\tex\latex\transl
ator\translator.sty"
Package: translator 2018/01/04 v1.12 Easy translation of strings in LaTeX
))
("C:\Users\nicolas.bourgeois\AppData\Local\Programs\MiKTeX 2.9\tex\latex\beamer
\beamerbasemisc.sty")
("C:\Users\nicolas.bourgeois\AppData\Local\Programs\MiKTeX 2.9\tex\latex\beamer
\beamerbasetwoscreens.sty")
("C:\Users\nicolas.bourgeois\AppData\Local\Programs\MiKTeX 2.9\tex\latex\beamer
\beamerbaseoverlay.sty"
\beamer@argscount=\count131
\beamer@lastskipcover=\skip44
\beamer@trivlistdepth=\count132
)
("C:\Users\nicolas.bourgeois\AppData\Local\Programs\MiKTeX 2.9\tex\latex\beamer
\beamerbasetitle.sty")
("C:\Users\nicolas.bourgeois\AppData\Local\Programs\MiKTeX 2.9\tex\latex\beamer
\beamerbasesection.sty"
\c@lecture=\count133
\c@part=\count134
\c@section=\count135
\c@subsection=\count136
\c@subsubsection=\count137
)
("C:\Users\nicolas.bourgeois\AppData\Local\Programs\MiKTeX 2.9\tex\latex\beamer
\beamerbaseframe.sty"
\beamer@framebox=\box41
\beamer@frametitlebox=\box42
\beamer@zoombox=\box43
\beamer@zoomcount=\count138
\beamer@zoomframecount=\count139
\beamer@frametextheight=\dimen167
\c@subsectionslide=\count140
\beamer@frametopskip=\skip45
\beamer@framebottomskip=\skip46
\beamer@frametopskipautobreak=\skip47
\beamer@framebottomskipautobreak=\skip48
\beamer@envbody=\toks27
\framewidth=\dimen168
\c@framenumber=\count141
)
("C:\Users\nicolas.bourgeois\AppData\Local\Programs\MiKTeX 2.9\tex\latex\beamer
\beamerbaseverbatim.sty"
\beamer@verbatimfileout=\write4
)
("C:\Users\nicolas.bourgeois\AppData\Local\Programs\MiKTeX 2.9\tex\latex\beamer
\beamerbaseframesize.sty"
\beamer@splitbox=\box44
\beamer@autobreakcount=\count142
\beamer@autobreaklastheight=\dimen169
\beamer@frametitletoks=\toks28
\beamer@framesubtitletoks=\toks29
)
("C:\Users\nicolas.bourgeois\AppData\Local\Programs\MiKTeX 2.9\tex\latex\beamer
\beamerbaseframecomponents.sty"
\beamer@footins=\box45
)
("C:\Users\nicolas.bourgeois\AppData\Local\Programs\MiKTeX 2.9\tex\latex\beamer
\beamerbasecolor.sty"
\beamer@bg@ht=\dimen170
\beamer@bg@wd=\dimen171
\beamer@bg@dp=\dimen172
)
("C:\Users\nicolas.bourgeois\AppData\Local\Programs\MiKTeX 2.9\tex\latex\beamer
\beamerbasenotes.sty"
\beamer@frameboxcopy=\box46
)
("C:\Users\nicolas.bourgeois\AppData\Local\Programs\MiKTeX 2.9\tex\latex\beamer
\beamerbasetoc.sty")
("C:\Users\nicolas.bourgeois\AppData\Local\Programs\MiKTeX 2.9\tex\latex\beamer
\beamerbasetemplates.sty"
\beamer@sbttoks=\toks30

("C:\Users\nicolas.bourgeois\AppData\Local\Programs\MiKTeX 2.9\tex\latex\beamer
\beamerbaseauxtemplates.sty"
("C:\Users\nicolas.bourgeois\AppData\Local\Programs\MiKTeX 2.9\tex\latex\beamer
\beamerbaseboxes.sty"
\bmb@box=\box47
\bmb@colorbox=\box48
\bmb@boxwidth=\dimen173
\bmb@boxheight=\dimen174
\bmb@prevheight=\dimen175
\bmb@temp=\dimen176
\bmb@dima=\dimen177
\bmb@dimb=\dimen178
\bmb@prevheight=\dimen179
)
\beamer@blockheadheight=\dimen180
))
("C:\Users\nicolas.bourgeois\AppData\Local\Programs\MiKTeX 2.9\tex\latex\beamer
\beamerbaselocalstructure.sty"
("C:\Users\nicolas.bourgeois\AppData\Local\Programs\MiKTeX 2.9\tex\latex\tools\
enumerate.sty"
Package: enumerate 2015/07/23 v3.00 enumerate extensions (DPC)
\@enLab=\toks31
)
\c@figure=\count143
\c@table=\count144
\abovecaptionskip=\skip49
\belowcaptionskip=\skip50
)
("C:\Users\nicolas.bourgeois\AppData\Local\Programs\MiKTeX 2.9\tex\latex\beamer
\beamerbasenavigation.sty"
\beamer@section@min@dim=\dimen181
)
("C:\Users\nicolas.bourgeois\AppData\Local\Programs\MiKTeX 2.9\tex\latex\beamer
\beamerbasetheorems.sty"
("C:\Users\nicolas.bourgeois\AppData\Local\Programs\MiKTeX 2.9\tex\latex\amsmat
h\amsmath.sty"
Package: amsmath 2017/09/02 v2.17a AMS math features
\@mathmargin=\skip51

For additional information on amsmath, use the `?' option.

("C:\Users\nicolas.bourgeois\AppData\Local\Programs\MiKTeX 2.9\tex\latex\amsmat
h\amstext.sty"
Package: amstext 2000/06/29 v2.01 AMS text

("C:\Users\nicolas.bourgeois\AppData\Local\Programs\MiKTeX 2.9\tex\latex\amsmat
h\amsgen.sty"
File: amsgen.sty 1999/11/30 v2.0 generic functions
\@emptytoks=\toks32
\ex@=\dimen182
))
("C:\Users\nicolas.bourgeois\AppData\Local\Programs\MiKTeX 2.9\tex\latex\amsmat
h\amsbsy.sty"
Package: amsbsy 1999/11/29 v1.2d Bold Symbols
\pmbraise@=\dimen183
)
("C:\Users\nicolas.bourgeois\AppData\Local\Programs\MiKTeX 2.9\tex\latex\amsmat
h\amsopn.sty"
Package: amsopn 2016/03/08 v2.02 operator names
)
\inf@bad=\count145
LaTeX Info: Redefining \frac on input line 213.
\uproot@=\count146
\leftroot@=\count147
LaTeX Info: Redefining \overline on input line 375.
\classnum@=\count148
\DOTSCASE@=\count149
LaTeX Info: Redefining \ldots on input line 472.
LaTeX Info: Redefining \dots on input line 475.
LaTeX Info: Redefining \cdots on input line 596.
\Mathstrutbox@=\box49
\strutbox@=\box50
\big@size=\dimen184
LaTeX Font Info:    Redeclaring font encoding OML on input line 712.
LaTeX Font Info:    Redeclaring font encoding OMS on input line 713.
\macc@depth=\count150
\c@MaxMatrixCols=\count151
\dotsspace@=\muskip11
\c@parentequation=\count152
\dspbrk@lvl=\count153
\tag@help=\toks33
\row@=\count154
\column@=\count155
\maxfields@=\count156
\andhelp@=\toks34
\eqnshift@=\dimen185
\alignsep@=\dimen186
\tagshift@=\dimen187
\tagwidth@=\dimen188
\totwidth@=\dimen189
\lineht@=\dimen190
\@envbody=\toks35
\multlinegap=\skip52
\multlinetaggap=\skip53
\mathdisplay@stack=\toks36
LaTeX Info: Redefining \[ on input line 2817.
LaTeX Info: Redefining \] on input line 2818.
)
("C:\Users\nicolas.bourgeois\AppData\Local\Programs\MiKTeX 2.9\tex\latex\amscls
\amsthm.sty"
Package: amsthm 2017/10/31 v2.20.4
\thm@style=\toks37
\thm@bodyfont=\toks38
\thm@headfont=\toks39
\thm@notefont=\toks40
\thm@headpunct=\toks41
\thm@preskip=\skip54
\thm@postskip=\skip55
\thm@headsep=\skip56
\dth@everypar=\toks42
)
\c@theorem=\count157
)
("C:\Users\nicolas.bourgeois\AppData\Local\Programs\MiKTeX 2.9\tex\latex\beamer
\beamerbasethemes.sty"))
("C:\Users\nicolas.bourgeois\AppData\Local\Programs\MiKTeX 2.9\tex\latex\beamer
\beamerthemedefault.sty"
("C:\Users\nicolas.bourgeois\AppData\Local\Programs\MiKTeX 2.9\tex\latex\beamer
\beamerfontthemedefault.sty")
("C:\Users\nicolas.bourgeois\AppData\Local\Programs\MiKTeX 2.9\tex\latex\beamer
\beamercolorthemedefault.sty")
("C:\Users\nicolas.bourgeois\AppData\Local\Programs\MiKTeX 2.9\tex\latex\beamer
\beamerinnerthemedefault.sty"
\beamer@dima=\dimen191
\beamer@dimb=\dimen192
)
("C:\Users\nicolas.bourgeois\AppData\Local\Programs\MiKTeX 2.9\tex\latex\beamer
\beamerouterthemedefault.sty")))
("C:\Users\nicolas.bourgeois\AppData\Local\Programs\MiKTeX 2.9\tex\latex\psnfss
\helvet.sty"
Package: helvet 2005/04/12 PSNFSS-v9.2a (WaS) 
)
("C:\Users\nicolas.bourgeois\AppData\Local\Programs\MiKTeX 2.9\tex\latex\beamer
\beamerthemeJuanLesPins.sty"
("C:\Users\nicolas.bourgeois\AppData\Local\Programs\MiKTeX 2.9\tex\latex\beamer
\beamerouterthemesmoothtree.sty")
("C:\Users\nicolas.bourgeois\AppData\Local\Programs\MiKTeX 2.9\tex\latex\beamer
\beamercolorthemewhale.sty")
("C:\Users\nicolas.bourgeois\AppData\Local\Programs\MiKTeX 2.9\tex\latex\beamer
\beamercolorthemeorchid.sty")
("C:\Users\nicolas.bourgeois\AppData\Local\Programs\MiKTeX 2.9\tex\latex\beamer
\beamerinnerthemerounded.sty"))
("C:\Users\nicolas.bourgeois\AppData\Local\Programs\MiKTeX 2.9\tex\latex\beamer
\beamerfontthemestructurebold.sty")
("C:\Users\nicolas.bourgeois\AppData\Local\Programs\MiKTeX 2.9\tex\generic\babe
l\babel.sty"
Package: babel 2018/06/05 3.22 The Babel package

("C:\Users\nicolas.bourgeois\AppData\Local\Programs\MiKTeX 2.9\tex\generic\babe
l\switch.def"
File: switch.def 2018/06/05 3.22 Babel switching mechanism
)
*************************************
* Local config file bblopts.cfg used
*

("C:\Users\nicolas.bourgeois\AppData\Local\Programs\MiKTeX 2.9\tex\latex\arabi\
bblopts.cfg"
File: bblopts.cfg 2005/09/08 v0.1 add Arabic and Farsi to "declared" options of
 babel
)
("C:\Users\nicolas.bourgeois\AppData\Local\Programs\MiKTeX 2.9\tex\generic\babe
l-french\french.ldf"
Language: french 2018/07/17 v3.5b French support from the babel system

("C:\Users\nicolas.bourgeois\AppData\Local\Programs\MiKTeX 2.9\tex\generic\babe
l\babel.def"
File: babel.def 2018/06/05 3.22 Babel common definitions
\babel@savecnt=\count158
\U@D=\dimen193

("C:\Users\nicolas.bourgeois\AppData\Local\Programs\MiKTeX 2.9\tex\generic\babe
l\xebabel.def"
("C:\Users\nicolas.bourgeois\AppData\Local\Programs\MiKTeX 2.9\tex\generic\babe
l\txtbabel.def"))
LaTeX Info: Redefining \textlatin on input line 1915.
\bbl@dirlevel=\count159
)
\l@acadian = a dialect from \language\l@french 
\FB@nonchar=\count160
Package french.ldf Info: No need for active punctuation characters
(french.ldf)             with this version of XeTeX!
(french.ldf)             reported on input line 327.
\FB@punctthick=\XeTeXcharclass1
\FB@punctthin=\XeTeXcharclass2
\FB@punctnul=\XeTeXcharclass3
\FB@guilo=\XeTeXcharclass4
\FB@guilf=\XeTeXcharclass5
\FB@guilnul=\XeTeXcharclass6
\FBguill@level=\count161
\FBold@everypar=\toks43
\FB@Mht=\dimen194
LaTeX Info: Redefining \degres on input line 768.
\mc@charclass=\count162
\mc@charfam=\count163
\mc@charslot=\count164
\std@mcc=\count165
\dec@mcc=\count166
\c@FBcaption@count=\count167
\listindentFB=\dimen195
\descindentFB=\dimen196
\labelindentFB=\dimen197
\labelwidthFB=\dimen198
\leftmarginFB=\dimen199
\parindentFFN=\dimen256
\FBfnindent=\dimen257
))
("C:\Users\nicolas.bourgeois\AppData\Local\Programs\MiKTeX 2.9\tex\latex\carlis
le\scalefnt.sty")
Package french.ldf Info: No list customisation for the beamer class,
(french.ldf)             reported on input line 8.

("C:\Users\nicolas.bourgeois\AppData\Local\Programs\MiKTeX 2.9\tex\latex\base\i
nputenc.sty"
Package: inputenc 2018/04/06 v1.3b Input encoding file
\inpenc@prehook=\toks44
\inpenc@posthook=\toks45


Package inputenc Warning: inputenc package ignored with utf8 based engines.

)
("C:\Users\nicolas.bourgeois\AppData\Local\Programs\MiKTeX 2.9\tex\latex\base\f
ontenc.sty"
Package: fontenc 2017/04/05 v2.0i Standard LaTeX package

("C:\Users\nicolas.bourgeois\AppData\Local\Programs\MiKTeX 2.9\tex\latex\base\t
1enc.def"
File: t1enc.def 2017/04/05 v2.0i Standard LaTeX file
LaTeX Font Info:    Redeclaring font encoding T1 on input line 48.
)
LaTeX Font Info:    Try loading font information for T1+lmss on input line 105.


("C:\Users\nicolas.bourgeois\AppData\Local\Programs\MiKTeX 2.9\tex\latex\lm\t1l
mss.fd"
File: t1lmss.fd 2009/10/30 v1.6 Font defs for Latin Modern
))
("C:\Users\nicolas.bourgeois\AppData\Local\Programs\MiKTeX 2.9\tex\latex\pgf\fr
ontendlayer\tikz.sty"
("C:\Users\nicolas.bourgeois\AppData\Local\Programs\MiKTeX 2.9\tex\latex\pgf\ba
siclayer\pgf.sty"
Package: pgf 2015/08/07 v3.0.1a (rcs-revision 1.15)

("C:\Users\nicolas.bourgeois\AppData\Local\Programs\MiKTeX 2.9\tex\generic\pgf\
modules\pgfmoduleshapes.code.tex"
File: pgfmoduleshapes.code.tex 2014/03/21  (rcs-revision 1.35)
\pgfnodeparttextbox=\box51
)
("C:\Users\nicolas.bourgeois\AppData\Local\Programs\MiKTeX 2.9\tex\generic\pgf\
modules\pgfmoduleplot.code.tex"
File: pgfmoduleplot.code.tex 2015/08/03  (rcs-revision 1.13)
)
("C:\Users\nicolas.bourgeois\AppData\Local\Programs\MiKTeX 2.9\tex\latex\pgf\co
mpatibility\pgfcomp-version-0-65.sty"
Package: pgfcomp-version-0-65 2007/07/03 v3.0.1a (rcs-revision 1.7)
\pgf@nodesepstart=\dimen258
\pgf@nodesepend=\dimen259
)
("C:\Users\nicolas.bourgeois\AppData\Local\Programs\MiKTeX 2.9\tex\latex\pgf\co
mpatibility\pgfcomp-version-1-18.sty"
Package: pgfcomp-version-1-18 2007/07/23 v3.0.1a (rcs-revision 1.1)
))
("C:\Users\nicolas.bourgeois\AppData\Local\Programs\MiKTeX 2.9\tex\latex\pgf\ut
ilities\pgffor.sty"
("C:\Users\nicolas.bourgeois\AppData\Local\Programs\MiKTeX 2.9\tex\latex\pgf\ut
ilities\pgfkeys.sty"
("C:\Users\nicolas.bourgeois\AppData\Local\Programs\MiKTeX 2.9\tex\generic\pgf\
utilities\pgfkeys.code.tex"))
("C:\Users\nicolas.bourgeois\AppData\Local\Programs\MiKTeX 2.9\tex\latex\pgf\ma
th\pgfmath.sty"
("C:\Users\nicolas.bourgeois\AppData\Local\Programs\MiKTeX 2.9\tex\generic\pgf\
math\pgfmath.code.tex"))
("C:\Users\nicolas.bourgeois\AppData\Local\Programs\MiKTeX 2.9\tex\generic\pgf\
utilities\pgffor.code.tex"
Package: pgffor 2013/12/13 v3.0.1a (rcs-revision 1.25)

("C:\Users\nicolas.bourgeois\AppData\Local\Programs\MiKTeX 2.9\tex\generic\pgf\
math\pgfmath.code.tex")
\pgffor@iter=\dimen260
\pgffor@skip=\dimen261
\pgffor@stack=\toks46
\pgffor@toks=\toks47
))
("C:\Users\nicolas.bourgeois\AppData\Local\Programs\MiKTeX 2.9\tex\generic\pgf\
frontendlayer\tikz\tikz.code.tex"
Package: tikz 2015/08/07 v3.0.1a (rcs-revision 1.151)

("C:\Users\nicolas.bourgeois\AppData\Local\Programs\MiKTeX 2.9\tex\generic\pgf\
libraries\pgflibraryplothandlers.code.tex"
File: pgflibraryplothandlers.code.tex 2013/08/31 v3.0.1a (rcs-revision 1.20)
\pgf@plot@mark@count=\count168
\pgfplotmarksize=\dimen262
)
\tikz@lastx=\dimen263
\tikz@lasty=\dimen264
\tikz@lastxsaved=\dimen265
\tikz@lastysaved=\dimen266
\tikzleveldistance=\dimen267
\tikzsiblingdistance=\dimen268
\tikz@figbox=\box52
\tikz@figbox@bg=\box53
\tikz@tempbox=\box54
\tikz@tempbox@bg=\box55
\tikztreelevel=\count169
\tikznumberofchildren=\count170
\tikznumberofcurrentchild=\count171
\tikz@fig@count=\count172

("C:\Users\nicolas.bourgeois\AppData\Local\Programs\MiKTeX 2.9\tex\generic\pgf\
modules\pgfmodulematrix.code.tex"
File: pgfmodulematrix.code.tex 2013/09/17  (rcs-revision 1.8)
\pgfmatrixcurrentrow=\count173
\pgfmatrixcurrentcolumn=\count174
\pgf@matrix@numberofcolumns=\count175
)
\tikz@expandcount=\count176

("C:\Users\nicolas.bourgeois\AppData\Local\Programs\MiKTeX 2.9\tex\generic\pgf\
frontendlayer\tikz\libraries\tikzlibrarytopaths.code.tex"
File: tikzlibrarytopaths.code.tex 2008/06/17 v3.0.1a (rcs-revision 1.2)
)))
("C:\Users\nicolas.bourgeois\AppData\Local\Programs\MiKTeX 2.9\tex\latex\colort
bl\colortbl.sty"
Package: colortbl 2018/05/02 v1.0c Color table columns (DPC)

("C:\Users\nicolas.bourgeois\AppData\Local\Programs\MiKTeX 2.9\tex\latex\tools\
array.sty"
Package: array 2018/04/30 v2.4h Tabular extension package (FMi)
\col@sep=\dimen269
\ar@mcellbox=\box56
\extrarowheight=\dimen270
\NC@list=\toks48
\extratabsurround=\skip57
\backup@length=\skip58
\ar@cellbox=\box57
)
\everycr=\toks49
\minrowclearance=\skip59
)
("C:\Users\nicolas.bourgeois\AppData\Local\Programs\MiKTeX 2.9\tex\generic\pgf\
frontendlayer\tikz\libraries\tikzlibraryarrows.code.tex"
File: tikzlibraryarrows.code.tex 2008/01/09 v3.0.1a (rcs-revision 1.1)

("C:\Users\nicolas.bourgeois\AppData\Local\Programs\MiKTeX 2.9\tex\generic\pgf\
libraries\pgflibraryarrows.code.tex"
File: pgflibraryarrows.code.tex 2013/09/23 v3.0.1a (rcs-revision 1.16)
\arrowsize=\dimen271
))
("C:\Users\nicolas.bourgeois\AppData\Local\Programs\MiKTeX 2.9\tex\generic\pgf\
frontendlayer\tikz\libraries\tikzlibrarypositioning.code.tex"
File: tikzlibrarypositioning.code.tex 2008/10/06 v3.0.1a (rcs-revision 1.7)
)
("C:\Users\nicolas.bourgeois\AppData\Local\Programs\MiKTeX 2.9\tex\latex\listin
gs\listings.sty"
\lst@mode=\count177
\lst@gtempboxa=\box58
\lst@token=\toks50
\lst@length=\count178
\lst@currlwidth=\dimen272
\lst@column=\count179
\lst@pos=\count180
\lst@lostspace=\dimen273
\lst@width=\dimen274
\lst@newlines=\count181
\lst@lineno=\count182
\lst@maxwidth=\dimen275

("C:\Users\nicolas.bourgeois\AppData\Local\Programs\MiKTeX 2.9\tex\latex\listin
gs\lstmisc.sty"
File: lstmisc.sty 2015/06/04 1.6 (Carsten Heinz)
\c@lstnumber=\count183
\lst@skipnumbers=\count184
\lst@framebox=\box59
)
("C:\Users\nicolas.bourgeois\AppData\Local\Programs\MiKTeX 2.9\tex\latex\listin
gs\listings.cfg"
File: listings.cfg 2015/06/04 1.6 listings configuration
))
Package: listings 2015/06/04 1.6 (Carsten Heinz)
\c@exercice=\count185

No file cours_intro_6h.aux.
\openout1 = `cours_intro_6h.aux'.

LaTeX Font Info:    Checking defaults for OML/cmm/m/it on input line 54.
LaTeX Font Info:    ... okay on input line 54.
LaTeX Font Info:    Checking defaults for T1/cmr/m/n on input line 54.
LaTeX Font Info:    ... okay on input line 54.
LaTeX Font Info:    Checking defaults for OT1/cmr/m/n on input line 54.
LaTeX Font Info:    ... okay on input line 54.
LaTeX Font Info:    Checking defaults for OMS/cmsy/m/n on input line 54.
LaTeX Font Info:    ... okay on input line 54.
LaTeX Font Info:    Checking defaults for TU/lmr/m/n on input line 54.
LaTeX Font Info:    ... okay on input line 54.
LaTeX Font Info:    Checking defaults for OMX/cmex/m/n on input line 54.
LaTeX Font Info:    ... okay on input line 54.
LaTeX Font Info:    Checking defaults for U/cmr/m/n on input line 54.
LaTeX Font Info:    ... okay on input line 54.
LaTeX Font Info:    Checking defaults for PD1/pdf/m/n on input line 54.
LaTeX Font Info:    ... okay on input line 54.
LaTeX Font Info:    Checking defaults for PU/pdf/m/n on input line 54.
LaTeX Font Info:    ... okay on input line 54.
LaTeX Font Info:    Try loading font information for T1+phv on input line 54.

("C:\Users\nicolas.bourgeois\AppData\Local\Programs\MiKTeX 2.9\tex\latex\psnfss
\t1phv.fd"
File: t1phv.fd 2001/06/04 scalable font definitions for T1/phv.
)
*geometry* detected driver: pdftex
*geometry* verbose mode - [ preamble ] result:
* driver: pdftex
* paper: custom
* layout: <same size as paper>
* layoutoffset:(h,v)=(0.0pt,0.0pt)
* modes: includehead includefoot 
* h-part:(L,W,R)=(28.45274pt, 307.28987pt, 28.45274pt)
* v-part:(T,H,B)=(0.0pt, 273.14662pt, 0.0pt)
* \paperwidth=364.19536pt
* \paperheight=273.14662pt
* \textwidth=307.28987pt
* \textheight=244.6939pt
* \oddsidemargin=-43.81725pt
* \evensidemargin=-43.81725pt
* \topmargin=-72.26999pt
* \headheight=14.22636pt
* \headsep=0.0pt
* \topskip=11.0pt
* \footskip=14.22636pt
* \marginparwidth=4.0pt
* \marginparsep=10.0pt
* \columnsep=10.0pt
* \skip\footins=10.0pt plus 4.0pt minus 2.0pt
* \hoffset=0.0pt
* \voffset=0.0pt
* \mag=1000
* \@twocolumnfalse
* \@twosidefalse
* \@mparswitchfalse
* \@reversemarginfalse
* (1in=72.27pt=25.4mm, 1cm=28.453pt)

ABD: EveryShipout initializing macros
\AtBeginShipoutBox=\box60
Package hyperref Info: Link coloring OFF on input line 54.

("C:\Users\nicolas.bourgeois\AppData\Local\Programs\MiKTeX 2.9\tex\latex\hyperr
ef\nameref.sty"
Package: nameref 2016/05/21 v2.44 Cross-referencing by name of section

("C:\Users\nicolas.bourgeois\AppData\Local\Programs\MiKTeX 2.9\tex\generic\ober
diek\gettitlestring.sty"
Package: gettitlestring 2016/05/16 v1.5 Cleanup title references (HO)
)
\c@section@level=\count186
)
LaTeX Info: Redefining \ref on input line 54.
LaTeX Info: Redefining \pageref on input line 54.
LaTeX Info: Redefining \nameref on input line 54.
 (cours_intro_6h.out) (cours_intro_6h.out)
\@outlinefile=\write5
\openout5 = `cours_intro_6h.out'.



Package hyperref Warning: Rerun to get /PageLabels entry.

LaTeX Font Info:    Overwriting symbol font `operators' in version `normal'
(Font)                  OT1/cmr/m/n --> OT1/cmss/m/n on input line 54.
LaTeX Font Info:    Overwriting symbol font `operators' in version `bold'
(Font)                  OT1/cmr/bx/n --> OT1/cmss/bx/n on input line 54.
\symnumbers=\mathgroup6
\sympureletters=\mathgroup7
LaTeX Font Info:    Overwriting math alphabet `\mathrm' in version `normal'
(Font)                  OT1/cmss/m/n --> T1/lmr/m/n on input line 54.
LaTeX Font Info:    Redeclaring math alphabet \mathbf on input line 54.
LaTeX Font Info:    Overwriting math alphabet `\mathbf' in version `normal'
(Font)                  OT1/cmr/bx/n --> T1/phv/bx/n on input line 54.
LaTeX Font Info:    Overwriting math alphabet `\mathbf' in version `bold'
(Font)                  OT1/cmr/bx/n --> T1/phv/bx/n on input line 54.
LaTeX Font Info:    Redeclaring math alphabet \mathsf on input line 54.
LaTeX Font Info:    Overwriting math alphabet `\mathsf' in version `normal'
(Font)                  OT1/cmss/m/n --> T1/phv/m/n on input line 54.
LaTeX Font Info:    Overwriting math alphabet `\mathsf' in version `bold'
(Font)                  OT1/cmss/bx/n --> T1/phv/m/n on input line 54.
LaTeX Font Info:    Redeclaring math alphabet \mathit on input line 54.
LaTeX Font Info:    Overwriting math alphabet `\mathit' in version `normal'
(Font)                  OT1/cmr/m/it --> T1/phv/m/it on input line 54.
LaTeX Font Info:    Overwriting math alphabet `\mathit' in version `bold'
(Font)                  OT1/cmr/bx/it --> T1/phv/m/it on input line 54.
LaTeX Font Info:    Redeclaring math alphabet \mathtt on input line 54.
LaTeX Font Info:    Overwriting math alphabet `\mathtt' in version `normal'
(Font)                  OT1/cmtt/m/n --> T1/lmtt/m/n on input line 54.
LaTeX Font Info:    Overwriting math alphabet `\mathtt' in version `bold'
(Font)                  OT1/cmtt/m/n --> T1/lmtt/m/n on input line 54.
LaTeX Font Info:    Overwriting symbol font `numbers' in version `bold'
(Font)                  T1/phv/m/n --> T1/phv/bx/n on input line 54.
LaTeX Font Info:    Overwriting symbol font `pureletters' in version `bold'
(Font)                  T1/phv/m/it --> T1/phv/bx/it on input line 54.
LaTeX Font Info:    Overwriting math alphabet `\mathrm' in version `bold'
(Font)                  OT1/cmss/bx/n --> T1/lmr/bx/n on input line 54.
LaTeX Font Info:    Overwriting math alphabet `\mathbf' in version `bold'
(Font)                  T1/phv/bx/n --> T1/phv/bx/n on input line 54.
LaTeX Font Info:    Overwriting math alphabet `\mathsf' in version `bold'
(Font)                  T1/phv/m/n --> T1/phv/bx/n on input line 54.
LaTeX Font Info:    Overwriting math alphabet `\mathit' in version `bold'
(Font)                  T1/phv/m/it --> T1/phv/bx/it on input line 54.
LaTeX Font Info:    Overwriting math alphabet `\mathtt' in version `bold'
(Font)                  T1/lmtt/m/n --> T1/lmtt/bx/n on input line 54.

("C:\Users\nicolas.bourgeois\AppData\Local\Programs\MiKTeX 2.9\tex\latex\transl
ator\translator-basic-dictionary-English.dict"
Dictionary: translator-basic-dictionary, Language: English 
)
("C:\Users\nicolas.bourgeois\AppData\Local\Programs\MiKTeX 2.9\tex\latex\transl
ator\translator-bibliography-dictionary-English.dict"
Dictionary: translator-bibliography-dictionary, Language: English 
)
("C:\Users\nicolas.bourgeois\AppData\Local\Programs\MiKTeX 2.9\tex\latex\transl
ator\translator-environment-dictionary-English.dict"
Dictionary: translator-environment-dictionary, Language: English 
)
("C:\Users\nicolas.bourgeois\AppData\Local\Programs\MiKTeX 2.9\tex\latex\transl
ator\translator-months-dictionary-English.dict"
Dictionary: translator-months-dictionary, Language: English 
)
("C:\Users\nicolas.bourgeois\AppData\Local\Programs\MiKTeX 2.9\tex\latex\transl
ator\translator-numbers-dictionary-English.dict"
Dictionary: translator-numbers-dictionary, Language: English 
)
("C:\Users\nicolas.bourgeois\AppData\Local\Programs\MiKTeX 2.9\tex\latex\transl
ator\translator-theorem-dictionary-English.dict"
Dictionary: translator-theorem-dictionary, Language: English 
)
LaTeX Font Info:    Font shape `T1/phv/bx/n' in size <6> not available
(Font)              Font shape `T1/phv/b/n' tried instead on input line 54.
LaTeX Info: Redefining \dots on input line 54.
LaTeX Info: Redefining \up on input line 54.
\c@lstlisting=\count187
 (cours_intro_6h.nav)
LaTeX Font Info:    Font shape `T1/phv/bx/n' in size <10.95> not available
(Font)              Font shape `T1/phv/b/n' tried instead on input line 58.
LaTeX Font Info:    Font shape `T1/phv/bx/n' in size <14.4> not available
(Font)              Font shape `T1/phv/b/n' tried instead on input line 58.
Missing character: There is no 8 in font nullfont!
LaTeX Font Info:    Font shape `T1/phv/bx/n' in size <4> not available
(Font)              Font shape `T1/phv/b/n' tried instead on input line 58.
 [1

]
(cours_intro_6h.toc
LaTeX Font Info:    Font shape `T1/phv/bx/n' in size <10> not available
(Font)              Font shape `T1/phv/b/n' tried instead on input line 2.
LaTeX Font Info:    Font shape `T1/phv/bx/n' in size <8> not available
(Font)              Font shape `T1/phv/b/n' tried instead on input line 2.
) [2

] (cours_intro_6h.toc) [3

]
File: A1ranking.png Graphic file (type bmp)
<A1ranking.png>
 [4

]
File: A2targeting.png Graphic file (type bmp)
<A2targeting.png>
 [5

]
File: A3tnl.png Graphic file (type bmp)
<A3tnl.png>

Overfull \hbox (3.21252pt too wide) in paragraph at lines 85--85
[][]  
 []

[6

]
File: A4facerecognition.png Graphic file (type bmp)
<A4facerecognition.png>
 [7

]
File: A5imagerecognition.png Graphic file (type bmp)
<A5imagerecognition.png>
 [8

]
File: A6topicrecognition.png Graphic file (type bmp)
<A6topicrecognition.png>
 [9

]
File: A7regression.png Graphic file (type bmp)
<A7regression.png>
 [10

]
File: A8classif.png Graphic file (type bmp)
<A8classif.png>
 [11

]
File: A9videogames.jpg Graphic file (type bmp)
<A9videogames.jpg>

Overfull \hbox (13.70935pt too wide) in paragraph at lines 121--121
[][]  
 []


Overfull \vbox (19.72427pt too high) detected at line 121
 []

[12

] (cours_intro_6h.toc) [13

] [14

]
File: pyzo.png Graphic file (type bmp)
<pyzo.png>
 [15

] [16

] [17

] [18

] [19

] [20

]
LaTeX Font Info:    Try loading font information for U+msa on input line 194.

("C:\Users\nicolas.bourgeois\AppData\Local\Programs\MiKTeX 2.9\tex\latex\amsfon
ts\umsa.fd"
File: umsa.fd 2013/01/14 v3.01 AMS symbols A
)
LaTeX Font Info:    Try loading font information for U+msb on input line 194.

("C:\Users\nicolas.bourgeois\AppData\Local\Programs\MiKTeX 2.9\tex\latex\amsfon
ts\umsb.fd"
File: umsb.fd 2013/01/14 v3.01 AMS symbols B
)
LaTeX Font Info:    Font shape `T1/phv/m/it' in size <10.95> not available
(Font)              Font shape `T1/phv/m/sl' tried instead on input line 194.
LaTeX Font Info:    Font shape `T1/phv/m/it' in size <8> not available
(Font)              Font shape `T1/phv/m/sl' tried instead on input line 194.
LaTeX Font Info:    Font shape `T1/phv/m/it' in size <6> not available
(Font)              Font shape `T1/phv/m/sl' tried instead on input line 194.
 [21

] [22

] [23

] [24

] [25

] [26

]
Missing character: There is no 8 in font nullfont!
 [27

]
File: A1ranking.png Graphic file (type bmp)
<A1ranking.png>
 [28

]
File: A2targeting.png Graphic file (type bmp)
<A2targeting.png>
 [29

]
File: A3tnl.png Graphic file (type bmp)
<A3tnl.png>

Overfull \hbox (3.21252pt too wide) in paragraph at lines 252--252
[][]  
 []

[30

]
File: A4facerecognition.png Graphic file (type bmp)
<A4facerecognition.png>
 [31

]
File: A5imagerecognition.png Graphic file (type bmp)
<A5imagerecognition.png>
 [32

]
File: A6topicrecognition.png Graphic file (type bmp)
<A6topicrecognition.png>
 [33

]
File: A7regression.png Graphic file (type bmp)
<A7regression.png>
 [34

]
File: A8classif.png Graphic file (type bmp)
<A8classif.png>
 [35

]
File: A9videogames.jpg Graphic file (type bmp)
<A9videogames.jpg>

Overfull \hbox (13.70935pt too wide) in paragraph at lines 288--288
[][]  
 []


Overfull \vbox (19.72427pt too high) detected at line 288
 []

[36

] (cours_intro_6h.toc) [37

] [38

]
Missing character: There is no 8 in font nullfont!
Missing character: There is no 8 in font nullfont!
 [39

]
Missing character: There is no 8 in font nullfont!
Missing character: There is no 8 in font nullfont!
 [40

]
File: A8classif.png Graphic file (type bmp)
<A8classif.png>
 [41

]
File: iris_surapprentissage.png Graphic file (type bmp)
<iris_surapprentissage.png>
 [42

]
File: testvalidation.png Graphic file (type bmp)
<testvalidation.png>
 [43

]
Missing character: There is no 8 in font nullfont!
 [44

]
(cours_intro_6h.toc) [45

]
File: meaux.jpg Graphic file (type bmp)
<meaux.jpg>
 [46

]
File: projections.jpg Graphic file (type bmp)
<projections.jpg>
 [47

]
File: files.png Graphic file (type bmp)
<files.png>
 [48

]
File: dudouet.jpg Graphic file (type bmp)
<dudouet.jpg>
 [49

]
File: hongkong.jpg Graphic file (type bmp)
<hongkong.jpg>
 [50

]
File: plot1.png Graphic file (type bmp)
<plot1.png>
 [51

]
File: titanic_plot.png Graphic file (type bmp)
<titanic_plot.png>
 [52

] (data3.txt)
Overfull \hbox (1441.57388pt too wide) in paragraph at lines 1--404
 \T1/phv/m/n/6 0.000 ;0.026 ;0.271 ;0.000 ;0.000 ;0.001 ;0.036 ;0.039 ;0.025 ;0
.002 ;0.002 ;0.001 ;0.001 ;0.009 ;0.000 ;0.002 ;0.002 ;0.000 ;0.000 ;0.055 ;0.0
00 ;0.000 ;0.018 ;0.001 ;0.001 ;0.000 ;0.009 ;0.002 ;0.001 ;0.003 ;0.000 ;0.001
 ;0.003 ;0.000 ;0.003 ;0.039 ;0.001 ;0.002 ;0.004 ;0.000 ;0.000 ;0.008 ;0.001 ;
0.000 ;0.000 ;0.003 ;0.001 ;0.001 ;0.001 ;0.000 ;0.001 ;0.000 ;0.001 ;0.004 ;0.
005 ;0.000 ;0.001 ;0.000 ;0.285 ;0.000 ;0.002 ;0.004 ;0.000 ;0.001 ;0.001 ;0.00
1 ;0.000 ;0.000 ;0.003 ;0.002 ;0.001 ;0.002 ;0.004 ;0.000 ;0.001 ;0.001 ;0.001 
;0.003 ;0.001 ;0.001 ;0.008 ;0.003 ;0.001 ;0.059 ;0.001 ;0.001 ;0.001 ;0.000 ;0
.000 ;0.005 ;0.001 ;0.002 ;0.003 ;0.001 ;0.002 ;0.002 ;0.001 ;0.001 ;0.000 ;0.0
04 
 []


Overfull \hbox (1441.57388pt too wide) in paragraph at lines 1--404
 \T1/phv/m/n/6 0.000 ;0.053 ;0.044 ;0.004 ;0.003 ;0.004 ;0.143 ;0.005 ;0.002 ;0
.007 ;0.002 ;0.007 ;0.002 ;0.003 ;0.001 ;0.002 ;0.003 ;0.003 ;0.003 ;0.197 ;0.0
04 ;0.005 ;0.032 ;0.002 ;0.002 ;0.001 ;0.002 ;0.003 ;0.002 ;0.024 ;0.002 ;0.012
 ;0.055 ;0.002 ;0.002 ;0.009 ;0.002 ;0.002 ;0.005 ;0.002 ;0.001 ;0.007 ;0.002 ;
0.002 ;0.005 ;0.002 ;0.002 ;0.001 ;0.001 ;0.007 ;0.002 ;0.011 ;0.001 ;0.005 ;0.
003 ;0.001 ;0.002 ;0.001 ;0.008 ;0.001 ;0.009 ;0.069 ;0.001 ;0.002 ;0.002 ;0.00
2 ;0.006 ;0.002 ;0.005 ;0.002 ;0.002 ;0.005 ;0.001 ;0.002 ;0.008 ;0.003 ;0.003 
;0.002 ;0.002 ;0.002 ;0.027 ;0.002 ;0.063 ;0.003 ;0.002 ;0.002 ;0.003 ;0.004 ;0
.002 ;0.005 ;0.002 ;0.006 ;0.002 ;0.001 ;0.007 ;0.002 ;0.004 ;0.003 ;0.002 ;0.0
03 
 []


Overfull \hbox (1441.57388pt too wide) in paragraph at lines 1--404
 \T1/phv/m/n/6 0.000 ;0.021 ;0.134 ;0.000 ;0.001 ;0.000 ;0.000 ;0.003 ;0.006 ;0
.001 ;0.000 ;0.000 ;0.000 ;0.003 ;0.000 ;0.000 ;0.000 ;0.002 ;0.000 ;0.394 ;0.0
00 ;0.001 ;0.011 ;0.002 ;0.001 ;0.000 ;0.000 ;0.001 ;0.000 ;0.000 ;0.000 ;0.000
 ;0.000 ;0.000 ;0.000 ;0.001 ;0.001 ;0.000 ;0.004 ;0.000 ;0.000 ;0.001 ;0.000 ;
0.003 ;0.005 ;0.005 ;0.000 ;0.000 ;0.001 ;0.007 ;0.003 ;0.000 ;0.000 ;0.004 ;0.
000 ;0.001 ;0.001 ;0.001 ;0.219 ;0.000 ;0.000 ;0.031 ;0.000 ;0.000 ;0.001 ;0.00
0 ;0.000 ;0.001 ;0.001 ;0.001 ;0.001 ;0.001 ;0.001 ;0.000 ;0.004 ;0.070 ;0.001 
;0.004 ;0.000 ;0.001 ;0.001 ;0.001 ;0.000 ;0.020 ;0.000 ;0.000 ;0.000 ;0.000 ;0
.001 ;0.005 ;0.000 ;0.000 ;0.001 ;0.000 ;0.001 ;0.000 ;0.000 ;0.001 ;0.003 ;0.0
01 
 []


Overfull \hbox (1441.57388pt too wide) in paragraph at lines 1--404
 \T1/phv/m/n/6 0.000 ;0.006 ;0.046 ;0.002 ;0.001 ;0.001 ;0.055 ;0.004 ;0.001 ;0
.001 ;0.001 ;0.009 ;0.038 ;0.003 ;0.001 ;0.000 ;0.002 ;0.001 ;0.025 ;0.009 ;0.0
01 ;0.001 ;0.052 ;0.002 ;0.001 ;0.001 ;0.001 ;0.001 ;0.022 ;0.285 ;0.002 ;0.002
 ;0.018 ;0.001 ;0.002 ;0.001 ;0.024 ;0.000 ;0.002 ;0.000 ;0.001 ;0.003 ;0.002 ;
0.001 ;0.001 ;0.003 ;0.001 ;0.000 ;0.001 ;0.004 ;0.002 ;0.003 ;0.001 ;0.124 ;0.
027 ;0.001 ;0.001 ;0.001 ;0.024 ;0.001 ;0.002 ;0.008 ;0.000 ;0.002 ;0.001 ;0.00
1 ;0.028 ;0.001 ;0.001 ;0.002 ;0.001 ;0.002 ;0.001 ;0.020 ;0.001 ;0.049 ;0.001 
;0.001 ;0.001 ;0.001 ;0.001 ;0.002 ;0.002 ;0.007 ;0.001 ;0.021 ;0.001 ;0.001 ;0
.001 ;0.001 ;0.002 ;0.002 ;0.001 ;0.001 ;0.001 ;0.001 ;0.001 ;0.001 ;0.001 ;0.0
02 
 []


Overfull \hbox (1441.57388pt too wide) in paragraph at lines 1--404
 \T1/phv/m/n/6 0.000 ;0.000 ;0.013 ;0.000 ;0.000 ;0.000 ;0.000 ;0.000 ;0.080 ;0
.000 ;0.000 ;0.000 ;0.000 ;0.000 ;0.000 ;0.000 ;0.000 ;0.000 ;0.000 ;0.001 ;0.0
00 ;0.000 ;0.001 ;0.000 ;0.000 ;0.000 ;0.000 ;0.000 ;0.000 ;0.001 ;0.000 ;0.000
 ;0.001 ;0.000 ;0.000 ;0.000 ;0.000 ;0.000 ;0.000 ;0.000 ;0.000 ;0.000 ;0.000 ;
0.000 ;0.000 ;0.000 ;0.263 ;0.000 ;0.000 ;0.001 ;0.001 ;0.000 ;0.000 ;0.002 ;0.
001 ;0.000 ;0.000 ;0.000 ;0.001 ;0.000 ;0.001 ;0.004 ;0.000 ;0.000 ;0.000 ;0.00
1 ;0.000 ;0.000 ;0.000 ;0.000 ;0.167 ;0.003 ;0.000 ;0.000 ;0.000 ;0.001 ;0.000 
;0.001 ;0.000 ;0.000 ;0.003 ;0.000 ;0.000 ;0.006 ;0.000 ;0.000 ;0.000 ;0.000 ;0
.000 ;0.002 ;0.000 ;0.001 ;0.000 ;0.113 ;0.000 ;0.000 ;0.000 ;0.000 ;0.317 ;0.0
00 
 []


Overfull \hbox (1441.57388pt too wide) in paragraph at lines 1--404
 \T1/phv/m/n/6 0.000 ;0.001 ;0.057 ;0.000 ;0.000 ;0.000 ;0.018 ;0.005 ;0.009 ;0
.000 ;0.000 ;0.003 ;0.000 ;0.209 ;0.000 ;0.000 ;0.001 ;0.000 ;0.000 ;0.004 ;0.0
00 ;0.000 ;0.055 ;0.044 ;0.000 ;0.000 ;0.000 ;0.001 ;0.032 ;0.002 ;0.000 ;0.000
 ;0.058 ;0.000 ;0.001 ;0.052 ;0.000 ;0.000 ;0.000 ;0.000 ;0.000 ;0.031 ;0.001 ;
0.000 ;0.000 ;0.020 ;0.000 ;0.000 ;0.000 ;0.001 ;0.001 ;0.000 ;0.000 ;0.012 ;0.
090 ;0.000 ;0.000 ;0.000 ;0.091 ;0.000 ;0.040 ;0.002 ;0.000 ;0.001 ;0.000 ;0.00
0 ;0.000 ;0.000 ;0.039 ;0.062 ;0.000 ;0.001 ;0.001 ;0.000 ;0.000 ;0.000 ;0.000 
;0.001 ;0.000 ;0.000 ;0.000 ;0.002 ;0.000 ;0.038 ;0.001 ;0.000 ;0.000 ;0.000 ;0
.000 ;0.001 ;0.000 ;0.001 ;0.000 ;0.001 ;0.000 ;0.001 ;0.000 ;0.000 ;0.000 ;0.0
01 
 []


Overfull \hbox (1441.57388pt too wide) in paragraph at lines 1--404
 \T1/phv/m/n/6 0.000 ;0.001 ;0.096 ;0.001 ;0.001 ;0.001 ;0.112 ;0.005 ;0.001 ;0
.001 ;0.001 ;0.022 ;0.001 ;0.007 ;0.001 ;0.000 ;0.003 ;0.001 ;0.001 ;0.008 ;0.0
01 ;0.000 ;0.526 ;0.036 ;0.004 ;0.000 ;0.001 ;0.002 ;0.002 ;0.002 ;0.001 ;0.001
 ;0.006 ;0.000 ;0.004 ;0.001 ;0.002 ;0.000 ;0.003 ;0.000 ;0.001 ;0.004 ;0.003 ;
0.001 ;0.001 ;0.004 ;0.001 ;0.001 ;0.001 ;0.002 ;0.001 ;0.001 ;0.001 ;0.005 ;0.
005 ;0.001 ;0.001 ;0.001 ;0.017 ;0.001 ;0.006 ;0.025 ;0.000 ;0.001 ;0.002 ;0.00
1 ;0.005 ;0.000 ;0.002 ;0.006 ;0.002 ;0.001 ;0.001 ;0.002 ;0.001 ;0.001 ;0.001 
;0.001 ;0.001 ;0.001 ;0.001 ;0.002 ;0.001 ;0.005 ;0.002 ;0.001 ;0.001 ;0.000 ;0
.001 ;0.002 ;0.002 ;0.003 ;0.000 ;0.002 ;0.001 ;0.002 ;0.000 ;0.001 ;0.000 ;0.0
02 
 []


Overfull \hbox (1441.57388pt too wide) in paragraph at lines 1--404
 \T1/phv/m/n/6 0.000 ;0.066 ;0.019 ;0.000 ;0.000 ;0.047 ;0.011 ;0.010 ;0.000 ;0
.001 ;0.000 ;0.001 ;0.001 ;0.001 ;0.021 ;0.064 ;0.001 ;0.010 ;0.012 ;0.024 ;0.0
00 ;0.020 ;0.003 ;0.000 ;0.000 ;0.041 ;0.031 ;0.001 ;0.000 ;0.001 ;0.000 ;0.001
 ;0.002 ;0.095 ;0.001 ;0.001 ;0.000 ;0.054 ;0.000 ;0.053 ;0.000 ;0.002 ;0.000 ;
0.023 ;0.001 ;0.001 ;0.000 ;0.014 ;0.000 ;0.001 ;0.000 ;0.001 ;0.000 ;0.001 ;0.
000 ;0.000 ;0.001 ;0.011 ;0.007 ;0.000 ;0.001 ;0.004 ;0.039 ;0.000 ;0.000 ;0.00
0 ;0.003 ;0.019 ;0.000 ;0.000 ;0.000 ;0.001 ;0.001 ;0.000 ;0.004 ;0.000 ;0.001 
;0.001 ;0.046 ;0.000 ;0.025 ;0.001 ;0.023 ;0.010 ;0.000 ;0.001 ;0.021 ;0.025 ;0
.000 ;0.000 ;0.000 ;0.001 ;0.025 ;0.000 ;0.001 ;0.001 ;0.047 ;0.013 ;0.023 ;0.0
02 
 []


Overfull \hbox (1441.57388pt too wide) in paragraph at lines 1--404
 \T1/phv/m/n/6 0.000 ;0.001 ;0.049 ;0.001 ;0.000 ;0.000 ;0.030 ;0.003 ;0.000 ;0
.000 ;0.000 ;0.002 ;0.000 ;0.002 ;0.000 ;0.000 ;0.001 ;0.000 ;0.000 ;0.003 ;0.0
00 ;0.000 ;0.092 ;0.001 ;0.029 ;0.000 ;0.000 ;0.001 ;0.001 ;0.002 ;0.000 ;0.000
 ;0.002 ;0.000 ;0.184 ;0.000 ;0.001 ;0.000 ;0.002 ;0.000 ;0.000 ;0.001 ;0.131 ;
0.000 ;0.000 ;0.135 ;0.000 ;0.000 ;0.000 ;0.001 ;0.000 ;0.001 ;0.000 ;0.010 ;0.
003 ;0.000 ;0.001 ;0.000 ;0.042 ;0.000 ;0.001 ;0.004 ;0.000 ;0.001 ;0.000 ;0.00
0 ;0.000 ;0.000 ;0.001 ;0.001 ;0.000 ;0.000 ;0.001 ;0.000 ;0.000 ;0.000 ;0.000 
;0.001 ;0.000 ;0.001 ;0.000 ;0.001 ;0.000 ;0.001 ;0.000 ;0.001 ;0.000 ;0.000 ;0
.000 ;0.000 ;0.000 ;0.001 ;0.000 ;0.135 ;0.000 ;0.001 ;0.000 ;0.108 ;0.000 ;0.0
01 
 []


Overfull \hbox (1441.57388pt too wide) in paragraph at lines 1--404
 \T1/phv/m/n/6 0.000 ;0.002 ;0.252 ;0.002 ;0.001 ;0.001 ;0.031 ;0.037 ;0.001 ;0
.001 ;0.001 ;0.003 ;0.001 ;0.005 ;0.000 ;0.000 ;0.002 ;0.000 ;0.000 ;0.095 ;0.0
01 ;0.000 ;0.109 ;0.004 ;0.014 ;0.000 ;0.001 ;0.002 ;0.002 ;0.003 ;0.000 ;0.001
 ;0.004 ;0.000 ;0.004 ;0.003 ;0.001 ;0.000 ;0.002 ;0.000 ;0.000 ;0.004 ;0.001 ;
0.000 ;0.002 ;0.003 ;0.000 ;0.000 ;0.001 ;0.002 ;0.001 ;0.000 ;0.001 ;0.003 ;0.
004 ;0.001 ;0.002 ;0.000 ;0.321 ;0.001 ;0.004 ;0.004 ;0.000 ;0.001 ;0.001 ;0.00
1 ;0.001 ;0.001 ;0.001 ;0.001 ;0.005 ;0.001 ;0.001 ;0.002 ;0.002 ;0.001 ;0.001 
;0.002 ;0.002 ;0.001 ;0.001 ;0.001 ;0.002 ;0.003 ;0.003 ;0.001 ;0.000 ;0.001 ;0
.000 ;0.001 ;0.001 ;0.004 ;0.002 ;0.001 ;0.001 ;0.001 ;0.001 ;0.001 ;0.001 ;0.0
11 
 []


Overfull \hbox (1441.57388pt too wide) in paragraph at lines 1--404
 \T1/phv/m/n/6 0.000 ;0.001 ;0.013 ;0.000 ;0.000 ;0.000 ;0.001 ;0.000 ;0.002 ;0
.001 ;0.001 ;0.001 ;0.000 ;0.002 ;0.120 ;0.001 ;0.000 ;0.000 ;0.000 ;0.001 ;0.0
01 ;0.000 ;0.003 ;0.001 ;0.001 ;0.126 ;0.000 ;0.000 ;0.001 ;0.003 ;0.001 ;0.001
 ;0.001 ;0.000 ;0.002 ;0.001 ;0.001 ;0.000 ;0.001 ;0.000 ;0.001 ;0.000 ;0.001 ;
0.000 ;0.000 ;0.001 ;0.137 ;0.001 ;0.001 ;0.002 ;0.002 ;0.001 ;0.000 ;0.151 ;0.
002 ;0.001 ;0.000 ;0.000 ;0.002 ;0.000 ;0.010 ;0.005 ;0.000 ;0.001 ;0.001 ;0.00
0 ;0.001 ;0.000 ;0.002 ;0.001 ;0.000 ;0.001 ;0.001 ;0.001 ;0.000 ;0.001 ;0.001 
;0.000 ;0.000 ;0.001 ;0.000 ;0.000 ;0.000 ;0.002 ;0.000 ;0.001 ;0.000 ;0.001 ;0
.001 ;0.129 ;0.001 ;0.001 ;0.001 ;0.241 ;0.001 ;0.001 ;0.000 ;0.001 ;0.001 ;0.0
00 
 []


Overfull \hbox (1441.57388pt too wide) in paragraph at lines 1--404
 \T1/phv/m/n/6 0.000 ;0.007 ;0.063 ;0.004 ;0.001 ;0.000 ;0.072 ;0.005 ;0.001 ;0
.002 ;0.001 ;0.015 ;0.002 ;0.002 ;0.001 ;0.000 ;0.001 ;0.197 ;0.001 ;0.007 ;0.0
01 ;0.000 ;0.022 ;0.001 ;0.001 ;0.000 ;0.001 ;0.001 ;0.001 ;0.016 ;0.001 ;0.001
 ;0.006 ;0.001 ;0.002 ;0.001 ;0.001 ;0.000 ;0.001 ;0.001 ;0.001 ;0.002 ;0.001 ;
0.000 ;0.001 ;0.001 ;0.001 ;0.001 ;0.001 ;0.002 ;0.001 ;0.005 ;0.001 ;0.012 ;0.
002 ;0.001 ;0.001 ;0.001 ;0.006 ;0.001 ;0.004 ;0.006 ;0.000 ;0.001 ;0.001 ;0.00
1 ;0.001 ;0.001 ;0.274 ;0.001 ;0.001 ;0.002 ;0.001 ;0.001 ;0.001 ;0.000 ;0.002 
;0.001 ;0.001 ;0.001 ;0.000 ;0.192 ;0.003 ;0.002 ;0.004 ;0.001 ;0.001 ;0.000 ;0
.000 ;0.003 ;0.001 ;0.001 ;0.001 ;0.001 ;0.001 ;0.003 ;0.000 ;0.001 ;0.001 ;0.0
02 
 []


Overfull \hbox (1441.57388pt too wide) in paragraph at lines 1--404
 \T1/phv/m/n/6 0.000 ;0.005 ;0.021 ;0.000 ;0.000 ;0.000 ;0.006 ;0.001 ;0.000 ;0
.001 ;0.000 ;0.002 ;0.000 ;0.000 ;0.000 ;0.000 ;0.000 ;0.000 ;0.000 ;0.002 ;0.0
02 ;0.000 ;0.029 ;0.000 ;0.001 ;0.000 ;0.000 ;0.000 ;0.000 ;0.005 ;0.001 ;0.001
 ;0.001 ;0.000 ;0.001 ;0.000 ;0.000 ;0.000 ;0.001 ;0.001 ;0.000 ;0.001 ;0.001 ;
0.001 ;0.000 ;0.000 ;0.000 ;0.000 ;0.000 ;0.850 ;0.001 ;0.000 ;0.000 ;0.019 ;0.
001 ;0.000 ;0.000 ;0.000 ;0.005 ;0.000 ;0.001 ;0.006 ;0.000 ;0.001 ;0.001 ;0.00
0 ;0.000 ;0.001 ;0.001 ;0.004 ;0.000 ;0.001 ;0.000 ;0.001 ;0.000 ;0.000 ;0.004 
;0.000 ;0.001 ;0.001 ;0.000 ;0.000 ;0.000 ;0.003 ;0.001 ;0.001 ;0.000 ;0.000 ;0
.001 ;0.001 ;0.000 ;0.002 ;0.000 ;0.001 ;0.000 ;0.000 ;0.000 ;0.000 ;0.000 ;0.0
00 
 []


Overfull \hbox (1441.57388pt too wide) in paragraph at lines 1--404
 \T1/phv/m/n/6 0.000 ;0.014 ;0.090 ;0.001 ;0.000 ;0.002 ;0.032 ;0.044 ;0.001 ;0
.014 ;0.000 ;0.005 ;0.001 ;0.000 ;0.002 ;0.001 ;0.001 ;0.001 ;0.001 ;0.493 ;0.0
02 ;0.003 ;0.001 ;0.000 ;0.000 ;0.000 ;0.001 ;0.000 ;0.000 ;0.001 ;0.000 ;0.001
 ;0.003 ;0.001 ;0.000 ;0.002 ;0.000 ;0.002 ;0.001 ;0.000 ;0.000 ;0.020 ;0.001 ;
0.000 ;0.001 ;0.000 ;0.001 ;0.001 ;0.001 ;0.001 ;0.000 ;0.005 ;0.001 ;0.002 ;0.
002 ;0.000 ;0.003 ;0.001 ;0.004 ;0.001 ;0.001 ;0.052 ;0.000 ;0.002 ;0.000 ;0.01
0 ;0.000 ;0.000 ;0.002 ;0.001 ;0.001 ;0.025 ;0.002 ;0.000 ;0.034 ;0.001 ;0.009 
;0.001 ;0.001 ;0.000 ;0.003 ;0.002 ;0.042 ;0.004 ;0.000 ;0.001 ;0.001 ;0.002 ;0
.000 ;0.001 ;0.000 ;0.000 ;0.001 ;0.001 ;0.007 ;0.001 ;0.012 ;0.001 ;0.001 ;0.0
12 
 []


Overfull \hbox (1441.57388pt too wide) in paragraph at lines 1--404
 \T1/phv/m/n/6 0.000 ;0.009 ;0.039 ;0.001 ;0.000 ;0.001 ;0.024 ;0.004 ;0.000 ;0
.089 ;0.000 ;0.014 ;0.000 ;0.001 ;0.000 ;0.000 ;0.001 ;0.000 ;0.000 ;0.042 ;0.0
01 ;0.037 ;0.005 ;0.000 ;0.000 ;0.000 ;0.001 ;0.001 ;0.000 ;0.001 ;0.000 ;0.000
 ;0.049 ;0.000 ;0.001 ;0.000 ;0.000 ;0.000 ;0.000 ;0.000 ;0.000 ;0.004 ;0.000 ;
0.001 ;0.025 ;0.000 ;0.000 ;0.000 ;0.000 ;0.006 ;0.000 ;0.001 ;0.000 ;0.001 ;0.
000 ;0.000 ;0.000 ;0.000 ;0.002 ;0.001 ;0.001 ;0.021 ;0.000 ;0.000 ;0.000 ;0.05
0 ;0.001 ;0.000 ;0.000 ;0.000 ;0.000 ;0.187 ;0.000 ;0.000 ;0.084 ;0.000 ;0.121 
;0.000 ;0.000 ;0.000 ;0.000 ;0.000 ;0.003 ;0.001 ;0.000 ;0.000 ;0.000 ;0.011 ;0
.000 ;0.000 ;0.000 ;0.028 ;0.003 ;0.000 ;0.098 ;0.000 ;0.018 ;0.000 ;0.000 ;0.0
01 
 []


Overfull \hbox (1441.57388pt too wide) in paragraph at lines 1--404
 \T1/phv/m/n/6 0.001 ;0.002 ;0.129 ;0.004 ;0.000 ;0.001 ;0.055 ;0.001 ;0.001 ;0
.001 ;0.001 ;0.010 ;0.001 ;0.005 ;0.001 ;0.000 ;0.006 ;0.002 ;0.000 ;0.008 ;0.0
03 ;0.000 ;0.371 ;0.007 ;0.013 ;0.000 ;0.001 ;0.001 ;0.001 ;0.013 ;0.002 ;0.004
 ;0.012 ;0.001 ;0.007 ;0.002 ;0.012 ;0.000 ;0.006 ;0.000 ;0.000 ;0.002 ;0.006 ;
0.000 ;0.001 ;0.008 ;0.001 ;0.000 ;0.002 ;0.002 ;0.001 ;0.001 ;0.002 ;0.067 ;0.
067 ;0.001 ;0.003 ;0.000 ;0.052 ;0.001 ;0.005 ;0.014 ;0.000 ;0.003 ;0.001 ;0.00
0 ;0.004 ;0.002 ;0.012 ;0.002 ;0.002 ;0.003 ;0.000 ;0.003 ;0.000 ;0.001 ;0.002 
;0.002 ;0.003 ;0.000 ;0.001 ;0.003 ;0.001 ;0.006 ;0.002 ;0.003 ;0.001 ;0.001 ;0
.001 ;0.003 ;0.001 ;0.003 ;0.002 ;0.003 ;0.002 ;0.002 ;0.000 ;0.001 ;0.000 ;0.0
01 
 []


Overfull \hbox (1441.57388pt too wide) in paragraph at lines 1--404
 \T1/phv/m/n/6 0.001 ;0.008 ;0.078 ;0.002 ;0.002 ;0.001 ;0.067 ;0.002 ;0.001 ;0
.001 ;0.003 ;0.013 ;0.002 ;0.005 ;0.000 ;0.000 ;0.005 ;0.001 ;0.008 ;0.005 ;0.0
00 ;0.000 ;0.304 ;0.004 ;0.003 ;0.000 ;0.001 ;0.002 ;0.064 ;0.013 ;0.001 ;0.001
 ;0.021 ;0.000 ;0.007 ;0.001 ;0.001 ;0.000 ;0.006 ;0.001 ;0.002 ;0.075 ;0.007 ;
0.001 ;0.001 ;0.004 ;0.001 ;0.001 ;0.001 ;0.003 ;0.001 ;0.001 ;0.001 ;0.046 ;0.
028 ;0.001 ;0.001 ;0.000 ;0.084 ;0.001 ;0.004 ;0.036 ;0.000 ;0.001 ;0.001 ;0.00
1 ;0.001 ;0.001 ;0.002 ;0.004 ;0.001 ;0.001 ;0.002 ;0.001 ;0.001 ;0.000 ;0.002 
;0.002 ;0.003 ;0.002 ;0.011 ;0.001 ;0.001 ;0.002 ;0.001 ;0.002 ;0.001 ;0.002 ;0
.002 ;0.003 ;0.003 ;0.003 ;0.001 ;0.001 ;0.001 ;0.001 ;0.000 ;0.001 ;0.002 ;0.0
01 
 []


Overfull \hbox (1441.57388pt too wide) in paragraph at lines 1--404
 \T1/phv/m/n/6 0.012 ;0.239 ;0.051 ;0.001 ;0.004 ;0.000 ;0.005 ;0.014 ;0.006 ;0
.012 ;0.005 ;0.035 ;0.001 ;0.002 ;0.003 ;0.007 ;0.001 ;0.001 ;0.003 ;0.018 ;0.0
00 ;0.013 ;0.001 ;0.007 ;0.001 ;0.000 ;0.003 ;0.000 ;0.004 ;0.019 ;0.003 ;0.003
 ;0.015 ;0.004 ;0.001 ;0.002 ;0.003 ;0.001 ;0.003 ;0.006 ;0.005 ;0.040 ;0.000 ;
0.006 ;0.016 ;0.005 ;0.015 ;0.001 ;0.002 ;0.040 ;0.000 ;0.003 ;0.003 ;0.027 ;0.
015 ;0.000 ;0.001 ;0.000 ;0.005 ;0.003 ;0.003 ;0.061 ;0.000 ;0.009 ;0.001 ;0.00
3 ;0.002 ;0.011 ;0.036 ;0.009 ;0.015 ;0.007 ;0.000 ;0.000 ;0.013 ;0.000 ;0.011 
;0.000 ;0.001 ;0.003 ;0.000 ;0.016 ;0.000 ;0.011 ;0.001 ;0.002 ;0.007 ;0.001 ;0
.003 ;0.028 ;0.002 ;0.000 ;0.015 ;0.008 ;0.007 ;0.001 ;0.003 ;0.001 ;0.012 ;0.0
00 
 []


Overfull \hbox (1441.57388pt too wide) in paragraph at lines 1--404
 \T1/phv/m/n/6 0.005 ;0.001 ;0.053 ;0.001 ;0.002 ;0.000 ;0.006 ;0.000 ;0.540 ;0
.001 ;0.002 ;0.001 ;0.000 ;0.003 ;0.001 ;0.000 ;0.001 ;0.000 ;0.004 ;0.001 ;0.0
01 ;0.001 ;0.009 ;0.001 ;0.003 ;0.001 ;0.003 ;0.001 ;0.003 ;0.010 ;0.001 ;0.000
 ;0.013 ;0.000 ;0.005 ;0.001 ;0.003 ;0.000 ;0.003 ;0.002 ;0.002 ;0.001 ;0.006 ;
0.001 ;0.002 ;0.002 ;0.000 ;0.001 ;0.001 ;0.005 ;0.060 ;0.000 ;0.001 ;0.082 ;0.
007 ;0.002 ;0.001 ;0.000 ;0.005 ;0.001 ;0.001 ;0.007 ;0.001 ;0.002 ;0.002 ;0.00
1 ;0.000 ;0.000 ;0.009 ;0.002 ;0.001 ;0.010 ;0.006 ;0.002 ;0.001 ;0.000 ;0.011 
;0.001 ;0.003 ;0.001 ;0.000 ;0.000 ;0.000 ;0.015 ;0.001 ;0.004 ;0.002 ;0.003 ;0
.002 ;0.003 ;0.003 ;0.005 ;0.002 ;0.004 ;0.017 ;0.003 ;0.000 ;0.002 ;0.006 ;0.0
01 
 []


Overfull \hbox (1441.57388pt too wide) in paragraph at lines 1--404
 \T1/phv/m/n/6 0.004 ;0.061 ;0.082 ;0.003 ;0.002 ;0.000 ;0.055 ;0.019 ;0.291 ;0
.001 ;0.003 ;0.010 ;0.003 ;0.003 ;0.003 ;0.001 ;0.005 ;0.001 ;0.001 ;0.010 ;0.0
02 ;0.003 ;0.027 ;0.000 ;0.001 ;0.001 ;0.001 ;0.001 ;0.004 ;0.036 ;0.001 ;0.008
 ;0.026 ;0.001 ;0.004 ;0.002 ;0.001 ;0.001 ;0.006 ;0.004 ;0.001 ;0.003 ;0.005 ;
0.008 ;0.001 ;0.002 ;0.003 ;0.000 ;0.001 ;0.005 ;0.004 ;0.009 ;0.000 ;0.043 ;0.
007 ;0.001 ;0.001 ;0.001 ;0.015 ;0.001 ;0.003 ;0.011 ;0.001 ;0.004 ;0.000 ;0.00
1 ;0.009 ;0.001 ;0.072 ;0.002 ;0.001 ;0.002 ;0.001 ;0.002 ;0.000 ;0.000 ;0.005 
;0.001 ;0.002 ;0.001 ;0.001 ;0.009 ;0.002 ;0.004 ;0.001 ;0.001 ;0.002 ;0.004 ;0
.001 ;0.015 ;0.004 ;0.005 ;0.002 ;0.004 ;0.007 ;0.005 ;0.001 ;0.003 ;0.000 ;0.0
04 
 []


Overfull \hbox (1441.57388pt too wide) in paragraph at lines 1--404
 \T1/phv/m/n/6 0.008 ;0.003 ;0.201 ;0.002 ;0.001 ;0.000 ;0.072 ;0.000 ;0.011 ;0
.001 ;0.001 ;0.002 ;0.005 ;0.004 ;0.000 ;0.001 ;0.000 ;0.000 ;0.003 ;0.001 ;0.0
00 ;0.000 ;0.178 ;0.005 ;0.006 ;0.000 ;0.000 ;0.002 ;0.000 ;0.006 ;0.000 ;0.000
 ;0.002 ;0.000 ;0.003 ;0.000 ;0.001 ;0.002 ;0.008 ;0.000 ;0.004 ;0.000 ;0.002 ;
0.001 ;0.000 ;0.000 ;0.002 ;0.000 ;0.004 ;0.069 ;0.000 ;0.002 ;0.000 ;0.232 ;0.
010 ;0.001 ;0.001 ;0.002 ;0.014 ;0.002 ;0.000 ;0.048 ;0.000 ;0.002 ;0.003 ;0.00
2 ;0.001 ;0.000 ;0.000 ;0.005 ;0.000 ;0.002 ;0.001 ;0.002 ;0.000 ;0.000 ;0.003 
;0.002 ;0.000 ;0.000 ;0.000 ;0.005 ;0.001 ;0.002 ;0.001 ;0.013 ;0.000 ;0.000 ;0
.002 ;0.006 ;0.005 ;0.000 ;0.002 ;0.005 ;0.002 ;0.000 ;0.000 ;0.000 ;0.003 ;0.0
02 
 []


Overfull \hbox (1441.57388pt too wide) in paragraph at lines 1--404
 \T1/phv/m/n/6 0.000 ;0.001 ;0.096 ;0.000 ;0.000 ;0.000 ;0.002 ;0.002 ;0.038 ;0
.001 ;0.001 ;0.001 ;0.001 ;0.001 ;0.000 ;0.000 ;0.001 ;0.000 ;0.000 ;0.002 ;0.0
00 ;0.000 ;0.020 ;0.002 ;0.000 ;0.000 ;0.000 ;0.000 ;0.001 ;0.002 ;0.000 ;0.000
 ;0.001 ;0.000 ;0.001 ;0.000 ;0.085 ;0.000 ;0.001 ;0.000 ;0.000 ;0.001 ;0.001 ;
0.000 ;0.000 ;0.001 ;0.033 ;0.037 ;0.001 ;0.001 ;0.393 ;0.000 ;0.000 ;0.011 ;0.
019 ;0.000 ;0.000 ;0.000 ;0.008 ;0.000 ;0.001 ;0.001 ;0.000 ;0.001 ;0.088 ;0.00
1 ;0.000 ;0.000 ;0.059 ;0.001 ;0.001 ;0.001 ;0.001 ;0.000 ;0.000 ;0.000 ;0.001 
;0.001 ;0.000 ;0.000 ;0.001 ;0.000 ;0.000 ;0.005 ;0.001 ;0.001 ;0.000 ;0.000 ;0
.000 ;0.002 ;0.001 ;0.001 ;0.055 ;0.000 ;0.000 ;0.000 ;0.000 ;0.001 ;0.000 ;0.0
02 
 []


Overfull \hbox (1441.57388pt too wide) in paragraph at lines 1--404
 \T1/phv/m/n/6 0.048 ;0.004 ;0.192 ;0.000 ;0.004 ;0.000 ;0.083 ;0.000 ;0.041 ;0
.004 ;0.002 ;0.099 ;0.010 ;0.004 ;0.002 ;0.000 ;0.004 ;0.000 ;0.002 ;0.000 ;0.0
00 ;0.000 ;0.060 ;0.000 ;0.006 ;0.000 ;0.002 ;0.000 ;0.000 ;0.006 ;0.004 ;0.000
 ;0.000 ;0.012 ;0.006 ;0.000 ;0.000 ;0.006 ;0.029 ;0.002 ;0.002 ;0.006 ;0.000 ;
0.002 ;0.006 ;0.000 ;0.002 ;0.000 ;0.000 ;0.004 ;0.097 ;0.000 ;0.000 ;0.004 ;0.
008 ;0.000 ;0.000 ;0.000 ;0.012 ;0.002 ;0.000 ;0.000 ;0.000 ;0.012 ;0.029 ;0.00
8 ;0.000 ;0.002 ;0.027 ;0.006 ;0.000 ;0.006 ;0.002 ;0.000 ;0.004 ;0.002 ;0.004 
;0.004 ;0.000 ;0.000 ;0.000 ;0.014 ;0.000 ;0.010 ;0.000 ;0.002 ;0.000 ;0.000 ;0
.004 ;0.021 ;0.000 ;0.014 ;0.025 ;0.000 ;0.006 ;0.000 ;0.000 ;0.004 ;0.010 ;0.0
00 
 []


Overfull \hbox (1441.57388pt too wide) in paragraph at lines 1--404
 \T1/phv/m/n/6 0.008 ;0.006 ;0.234 ;0.001 ;0.003 ;0.002 ;0.001 ;0.002 ;0.020 ;0
.004 ;0.008 ;0.004 ;0.004 ;0.005 ;0.002 ;0.002 ;0.001 ;0.002 ;0.000 ;0.000 ;0.0
03 ;0.000 ;0.123 ;0.008 ;0.003 ;0.000 ;0.001 ;0.001 ;0.004 ;0.011 ;0.003 ;0.009
 ;0.018 ;0.001 ;0.004 ;0.003 ;0.003 ;0.000 ;0.003 ;0.000 ;0.003 ;0.004 ;0.004 ;
0.000 ;0.000 ;0.001 ;0.009 ;0.001 ;0.003 ;0.012 ;0.009 ;0.001 ;0.000 ;0.149 ;0.
032 ;0.002 ;0.001 ;0.001 ;0.016 ;0.001 ;0.003 ;0.010 ;0.001 ;0.008 ;0.001 ;0.00
1 ;0.002 ;0.001 ;0.018 ;0.005 ;0.007 ;0.007 ;0.006 ;0.003 ;0.004 ;0.002 ;0.000 
;0.004 ;0.002 ;0.003 ;0.040 ;0.003 ;0.001 ;0.027 ;0.002 ;0.005 ;0.002 ;0.002 ;0
.001 ;0.037 ;0.003 ;0.006 ;0.006 ;0.002 ;0.003 ;0.009 ;0.000 ;0.003 ;0.004 ;0.0
01 
 []


Overfull \hbox (1441.57388pt too wide) in paragraph at lines 1--404
 \T1/phv/m/n/6 0.039 ;0.003 ;0.002 ;0.000 ;0.000 ;0.000 ;0.000 ;0.000 ;0.000 ;0
.000 ;0.000 ;0.000 ;0.000 ;0.000 ;0.000 ;0.000 ;0.000 ;0.000 ;0.000 ;0.000 ;0.0
00 ;0.147 ;0.000 ;0.000 ;0.000 ;0.000 ;0.476 ;0.000 ;0.000 ;0.008 ;0.002 ;0.000
 ;0.000 ;0.002 ;0.000 ;0.002 ;0.002 ;0.000 ;0.002 ;0.000 ;0.000 ;0.000 ;0.000 ;
0.000 ;0.008 ;0.012 ;0.002 ;0.000 ;0.000 ;0.002 ;0.000 ;0.000 ;0.000 ;0.236 ;0.
002 ;0.000 ;0.000 ;0.000 ;0.002 ;0.000 ;0.000 ;0.000 ;0.000 ;0.000 ;0.000 ;0.00
0 ;0.000 ;0.002 ;0.000 ;0.000 ;0.000 ;0.000 ;0.005 ;0.000 ;0.000 ;0.000 ;0.006 
;0.000 ;0.000 ;0.002 ;0.000 ;0.000 ;0.014 ;0.002 ;0.000 ;0.000 ;0.000 ;0.000 ;0
.000 ;0.003 ;0.005 ;0.006 ;0.000 ;0.003 ;0.005 ;0.002 ;0.002 ;0.002 ;0.000 ;0.0
00 
 []


Overfull \hbox (1441.57388pt too wide) in paragraph at lines 1--404
 \T1/phv/m/n/6 0.007 ;0.016 ;0.239 ;0.001 ;0.001 ;0.001 ;0.006 ;0.002 ;0.002 ;0
.044 ;0.001 ;0.001 ;0.003 ;0.003 ;0.000 ;0.000 ;0.002 ;0.001 ;0.005 ;0.115 ;0.0
02 ;0.004 ;0.009 ;0.018 ;0.001 ;0.000 ;0.000 ;0.005 ;0.007 ;0.007 ;0.003 ;0.002
 ;0.019 ;0.001 ;0.006 ;0.001 ;0.002 ;0.000 ;0.002 ;0.000 ;0.000 ;0.007 ;0.001 ;
0.001 ;0.009 ;0.000 ;0.000 ;0.003 ;0.003 ;0.000 ;0.003 ;0.002 ;0.000 ;0.011 ;0.
005 ;0.000 ;0.001 ;0.002 ;0.004 ;0.002 ;0.002 ;0.018 ;0.001 ;0.000 ;0.001 ;0.00
3 ;0.001 ;0.001 ;0.013 ;0.003 ;0.001 ;0.021 ;0.001 ;0.000 ;0.008 ;0.000 ;0.007 
;0.000 ;0.001 ;0.013 ;0.000 ;0.006 ;0.032 ;0.000 ;0.001 ;0.001 ;0.008 ;0.001 ;0
.001 ;0.001 ;0.000 ;0.162 ;0.057 ;0.010 ;0.015 ;0.001 ;0.008 ;0.003 ;0.003 ;0.0
01 
 []


Overfull \hbox (1441.57388pt too wide) in paragraph at lines 1--404
 \T1/phv/m/n/6 0.136 ;0.005 ;0.000 ;0.000 ;0.005 ;0.000 ;0.000 ;0.000 ;0.000 ;0
.000 ;0.000 ;0.060 ;0.000 ;0.000 ;0.020 ;0.010 ;0.000 ;0.000 ;0.000 ;0.005 ;0.0
20 ;0.106 ;0.000 ;0.000 ;0.035 ;0.000 ;0.000 ;0.000 ;0.010 ;0.000 ;0.000 ;0.000
 ;0.000 ;0.000 ;0.035 ;0.000 ;0.000 ;0.000 ;0.000 ;0.000 ;0.000 ;0.015 ;0.005 ;
0.000 ;0.010 ;0.005 ;0.000 ;0.005 ;0.000 ;0.015 ;0.070 ;0.000 ;0.000 ;0.055 ;0.
010 ;0.000 ;0.000 ;0.000 ;0.005 ;0.000 ;0.005 ;0.000 ;0.000 ;0.000 ;0.005 ;0.00
0 ;0.000 ;0.000 ;0.030 ;0.005 ;0.000 ;0.025 ;0.000 ;0.010 ;0.000 ;0.005 ;0.000 
;0.035 ;0.000 ;0.010 ;0.000 ;0.025 ;0.000 ;0.000 ;0.000 ;0.005 ;0.010 ;0.000 ;0
.005 ;0.020 ;0.010 ;0.000 ;0.005 ;0.000 ;0.000 ;0.020 ;0.000 ;0.000 ;0.126 ;0.0
00 
 []


Overfull \hbox (1441.57388pt too wide) in paragraph at lines 1--404
 \T1/phv/m/n/6 0.003 ;0.002 ;0.458 ;0.000 ;0.001 ;0.000 ;0.001 ;0.001 ;0.194 ;0
.002 ;0.002 ;0.001 ;0.001 ;0.001 ;0.001 ;0.000 ;0.000 ;0.000 ;0.000 ;0.000 ;0.0
04 ;0.000 ;0.013 ;0.000 ;0.003 ;0.001 ;0.000 ;0.000 ;0.001 ;0.001 ;0.000 ;0.000
 ;0.001 ;0.000 ;0.001 ;0.001 ;0.001 ;0.000 ;0.002 ;0.000 ;0.000 ;0.000 ;0.000 ;
0.000 ;0.001 ;0.003 ;0.015 ;0.001 ;0.002 ;0.001 ;0.019 ;0.000 ;0.000 ;0.021 ;0.
013 ;0.000 ;0.000 ;0.001 ;0.022 ;0.001 ;0.002 ;0.002 ;0.000 ;0.002 ;0.001 ;0.00
0 ;0.000 ;0.000 ;0.005 ;0.004 ;0.002 ;0.001 ;0.001 ;0.003 ;0.002 ;0.001 ;0.001 
;0.002 ;0.001 ;0.000 ;0.000 ;0.000 ;0.000 ;0.118 ;0.002 ;0.008 ;0.000 ;0.000 ;0
.001 ;0.032 ;0.001 ;0.001 ;0.001 ;0.003 ;0.000 ;0.000 ;0.001 ;0.000 ;0.004 ;0.0
01 
 []


Overfull \hbox (1441.57388pt too wide) in paragraph at lines 1--404
 \T1/phv/m/n/6 0.054 ;0.000 ;0.350 ;0.000 ;0.002 ;0.022 ;0.000 ;0.002 ;0.006 ;0
.000 ;0.000 ;0.000 ;0.002 ;0.015 ;0.002 ;0.000 ;0.000 ;0.000 ;0.000 ;0.006 ;0.0
00 ;0.000 ;0.000 ;0.000 ;0.000 ;0.000 ;0.002 ;0.000 ;0.000 ;0.004 ;0.000 ;0.000
 ;0.000 ;0.000 ;0.000 ;0.022 ;0.000 ;0.000 ;0.000 ;0.000 ;0.000 ;0.000 ;0.030 ;
0.006 ;0.000 ;0.000 ;0.000 ;0.000 ;0.000 ;0.009 ;0.015 ;0.000 ;0.000 ;0.036 ;0.
069 ;0.000 ;0.000 ;0.000 ;0.129 ;0.006 ;0.002 ;0.004 ;0.006 ;0.000 ;0.000 ;0.00
0 ;0.000 ;0.000 ;0.052 ;0.000 ;0.000 ;0.000 ;0.000 ;0.000 ;0.002 ;0.000 ;0.000 
;0.004 ;0.000 ;0.000 ;0.000 ;0.009 ;0.002 ;0.002 ;0.000 ;0.047 ;0.006 ;0.000 ;0
.000 ;0.009 ;0.002 ;0.028 ;0.006 ;0.000 ;0.030 ;0.002 ;0.000 ;0.002 ;0.000 ;0.0
00 
 []


Overfull \hbox (1441.57388pt too wide) in paragraph at lines 1--404
 \T1/phv/m/n/6 0.001 ;0.001 ;0.006 ;0.001 ;0.001 ;0.000 ;0.009 ;0.001 ;0.001 ;0
.001 ;0.001 ;0.002 ;0.001 ;0.003 ;0.001 ;0.000 ;0.002 ;0.001 ;0.001 ;0.002 ;0.0
01 ;0.000 ;0.040 ;0.003 ;0.002 ;0.000 ;0.000 ;0.001 ;0.002 ;0.002 ;0.000 ;0.001
 ;0.003 ;0.000 ;0.003 ;0.001 ;0.001 ;0.000 ;0.001 ;0.000 ;0.001 ;0.001 ;0.817 ;
0.001 ;0.000 ;0.002 ;0.001 ;0.000 ;0.001 ;0.007 ;0.002 ;0.001 ;0.001 ;0.011 ;0.
004 ;0.001 ;0.001 ;0.001 ;0.007 ;0.001 ;0.002 ;0.004 ;0.000 ;0.001 ;0.001 ;0.00
1 ;0.001 ;0.000 ;0.002 ;0.002 ;0.001 ;0.001 ;0.001 ;0.001 ;0.000 ;0.000 ;0.001 
;0.001 ;0.001 ;0.001 ;0.001 ;0.001 ;0.001 ;0.003 ;0.001 ;0.001 ;0.000 ;0.000 ;0
.001 ;0.002 ;0.001 ;0.002 ;0.001 ;0.002 ;0.001 ;0.001 ;0.000 ;0.001 ;0.001 ;0.0
01 
 []


Overfull \hbox (1441.57388pt too wide) in paragraph at lines 1--404
 \T1/phv/m/n/6 0.012 ;0.055 ;0.011 ;0.004 ;0.006 ;0.003 ;0.172 ;0.026 ;0.006 ;0
.000 ;0.002 ;0.005 ;0.005 ;0.006 ;0.001 ;0.002 ;0.002 ;0.002 ;0.002 ;0.052 ;0.0
01 ;0.003 ;0.039 ;0.001 ;0.002 ;0.001 ;0.000 ;0.002 ;0.010 ;0.014 ;0.003 ;0.018
 ;0.024 ;0.000 ;0.009 ;0.008 ;0.000 ;0.000 ;0.009 ;0.010 ;0.002 ;0.003 ;0.008 ;
0.002 ;0.000 ;0.002 ;0.004 ;0.000 ;0.000 ;0.013 ;0.004 ;0.000 ;0.000 ;0.002 ;0.
003 ;0.003 ;0.006 ;0.002 ;0.043 ;0.008 ;0.183 ;0.006 ;0.000 ;0.002 ;0.000 ;0.00
1 ;0.000 ;0.004 ;0.040 ;0.001 ;0.004 ;0.007 ;0.001 ;0.002 ;0.005 ;0.000 ;0.012 
;0.000 ;0.008 ;0.002 ;0.005 ;0.006 ;0.011 ;0.006 ;0.004 ;0.003 ;0.005 ;0.005 ;0
.005 ;0.006 ;0.000 ;0.002 ;0.003 ;0.001 ;0.002 ;0.002 ;0.004 ;0.001 ;0.017 ;0.0
01 
 []


Overfull \hbox (1441.57388pt too wide) in paragraph at lines 1--404
 \T1/phv/m/n/6 0.000 ;0.002 ;0.022 ;0.193 ;0.000 ;0.000 ;0.139 ;0.007 ;0.000 ;0
.000 ;0.000 ;0.040 ;0.000 ;0.001 ;0.000 ;0.000 ;0.001 ;0.000 ;0.000 ;0.006 ;0.0
00 ;0.000 ;0.028 ;0.001 ;0.000 ;0.000 ;0.000 ;0.001 ;0.000 ;0.004 ;0.001 ;0.054
 ;0.006 ;0.000 ;0.001 ;0.000 ;0.000 ;0.000 ;0.000 ;0.000 ;0.000 ;0.004 ;0.000 ;
0.089 ;0.000 ;0.000 ;0.000 ;0.000 ;0.000 ;0.000 ;0.000 ;0.087 ;0.000 ;0.001 ;0.
001 ;0.000 ;0.001 ;0.000 ;0.001 ;0.000 ;0.001 ;0.005 ;0.000 ;0.001 ;0.000 ;0.00
0 ;0.000 ;0.000 ;0.001 ;0.000 ;0.000 ;0.000 ;0.196 ;0.001 ;0.000 ;0.000 ;0.000 
;0.000 ;0.000 ;0.001 ;0.000 ;0.003 ;0.005 ;0.001 ;0.001 ;0.000 ;0.000 ;0.000 ;0
.001 ;0.027 ;0.000 ;0.001 ;0.000 ;0.000 ;0.000 ;0.050 ;0.000 ;0.000 ;0.000 ;0.0
02 
 []


Overfull \hbox (1441.57388pt too wide) in paragraph at lines 1--404
 \T1/phv/m/n/6 0.002 ;0.024 ;0.172 ;0.000 ;0.001 ;0.000 ;0.074 ;0.015 ;0.000 ;0
.001 ;0.000 ;0.001 ;0.001 ;0.005 ;0.000 ;0.000 ;0.001 ;0.000 ;0.000 ;0.125 ;0.0
00 ;0.002 ;0.105 ;0.004 ;0.000 ;0.000 ;0.006 ;0.013 ;0.001 ;0.004 ;0.001 ;0.006
 ;0.015 ;0.000 ;0.007 ;0.002 ;0.001 ;0.001 ;0.001 ;0.000 ;0.000 ;0.034 ;0.002 ;
0.000 ;0.001 ;0.005 ;0.000 ;0.002 ;0.000 ;0.007 ;0.001 ;0.001 ;0.001 ;0.040 ;0.
003 ;0.002 ;0.000 ;0.000 ;0.176 ;0.000 ;0.004 ;0.029 ;0.000 ;0.001 ;0.000 ;0.00
1 ;0.001 ;0.001 ;0.000 ;0.002 ;0.000 ;0.000 ;0.002 ;0.000 ;0.002 ;0.005 ;0.003 
;0.001 ;0.004 ;0.000 ;0.000 ;0.001 ;0.026 ;0.007 ;0.001 ;0.000 ;0.001 ;0.004 ;0
.000 ;0.006 ;0.001 ;0.015 ;0.001 ;0.000 ;0.003 ;0.000 ;0.001 ;0.001 ;0.000 ;0.0
03 
 []


Overfull \hbox (1441.57388pt too wide) in paragraph at lines 1--404
 \T1/phv/m/n/6 0.008 ;0.007 ;0.030 ;0.002 ;0.013 ;0.002 ;0.098 ;0.002 ;0.008 ;0
.010 ;0.002 ;0.005 ;0.001 ;0.004 ;0.003 ;0.001 ;0.005 ;0.001 ;0.001 ;0.034 ;0.0
02 ;0.001 ;0.041 ;0.001 ;0.003 ;0.001 ;0.004 ;0.000 ;0.009 ;0.050 ;0.008 ;0.003
 ;0.006 ;0.000 ;0.001 ;0.007 ;0.005 ;0.000 ;0.000 ;0.000 ;0.000 ;0.001 ;0.001 ;
0.000 ;0.001 ;0.002 ;0.005 ;0.000 ;0.000 ;0.009 ;0.001 ;0.001 ;0.002 ;0.021 ;0.
004 ;0.001 ;0.001 ;0.001 ;0.009 ;0.002 ;0.305 ;0.009 ;0.001 ;0.004 ;0.002 ;0.00
0 ;0.077 ;0.000 ;0.007 ;0.001 ;0.002 ;0.007 ;0.003 ;0.001 ;0.001 ;0.001 ;0.004 
;0.002 ;0.003 ;0.001 ;0.045 ;0.020 ;0.019 ;0.000 ;0.000 ;0.001 ;0.002 ;0.000 ;0
.002 ;0.011 ;0.001 ;0.003 ;0.001 ;0.004 ;0.003 ;0.001 ;0.001 ;0.008 ;0.002 ;0.0
00 
 []


Overfull \hbox (1441.57388pt too wide) in paragraph at lines 1--404
 \T1/phv/m/n/6 0.000 ;0.002 ;0.085 ;0.001 ;0.001 ;0.000 ;0.041 ;0.004 ;0.001 ;0
.001 ;0.001 ;0.001 ;0.002 ;0.003 ;0.000 ;0.000 ;0.001 ;0.001 ;0.001 ;0.008 ;0.0
01 ;0.000 ;0.539 ;0.002 ;0.002 ;0.000 ;0.000 ;0.001 ;0.001 ;0.003 ;0.001 ;0.000
 ;0.004 ;0.000 ;0.002 ;0.001 ;0.197 ;0.000 ;0.003 ;0.000 ;0.001 ;0.001 ;0.001 ;
0.000 ;0.001 ;0.002 ;0.000 ;0.000 ;0.001 ;0.002 ;0.001 ;0.001 ;0.001 ;0.003 ;0.
002 ;0.001 ;0.001 ;0.001 ;0.012 ;0.001 ;0.001 ;0.006 ;0.000 ;0.001 ;0.001 ;0.00
1 ;0.001 ;0.001 ;0.001 ;0.003 ;0.002 ;0.001 ;0.002 ;0.001 ;0.001 ;0.001 ;0.001 
;0.002 ;0.001 ;0.001 ;0.001 ;0.001 ;0.001 ;0.002 ;0.002 ;0.002 ;0.001 ;0.001 ;0
.001 ;0.001 ;0.002 ;0.002 ;0.001 ;0.001 ;0.000 ;0.001 ;0.001 ;0.001 ;0.001 ;0.0
03 
 []


Overfull \hbox (1441.57388pt too wide) in paragraph at lines 1--404
 \T1/phv/m/n/6 0.005 ;0.002 ;0.248 ;0.000 ;0.001 ;0.001 ;0.050 ;0.007 ;0.001 ;0
.002 ;0.002 ;0.002 ;0.002 ;0.004 ;0.000 ;0.000 ;0.002 ;0.002 ;0.001 ;0.008 ;0.0
01 ;0.000 ;0.213 ;0.002 ;0.001 ;0.000 ;0.001 ;0.000 ;0.000 ;0.002 ;0.000 ;0.000
 ;0.002 ;0.000 ;0.003 ;0.003 ;0.000 ;0.000 ;0.002 ;0.000 ;0.001 ;0.002 ;0.010 ;
0.000 ;0.000 ;0.007 ;0.002 ;0.000 ;0.000 ;0.001 ;0.002 ;0.000 ;0.001 ;0.037 ;0.
018 ;0.003 ;0.002 ;0.001 ;0.284 ;0.000 ;0.007 ;0.001 ;0.000 ;0.005 ;0.000 ;0.00
0 ;0.000 ;0.001 ;0.004 ;0.002 ;0.001 ;0.001 ;0.000 ;0.001 ;0.001 ;0.001 ;0.000 
;0.001 ;0.001 ;0.001 ;0.000 ;0.003 ;0.000 ;0.006 ;0.000 ;0.001 ;0.004 ;0.000 ;0
.000 ;0.002 ;0.004 ;0.002 ;0.000 ;0.003 ;0.001 ;0.000 ;0.000 ;0.000 ;0.002 ;0.0
01 
 []


Overfull \hbox (1441.57388pt too wide) in paragraph at lines 1--404
 \T1/phv/m/n/6 0.002 ;0.013 ;0.214 ;0.003 ;0.000 ;0.000 ;0.005 ;0.001 ;0.041 ;0
.001 ;0.000 ;0.056 ;0.001 ;0.002 ;0.000 ;0.000 ;0.002 ;0.001 ;0.000 ;0.002 ;0.0
01 ;0.001 ;0.100 ;0.006 ;0.002 ;0.000 ;0.000 ;0.000 ;0.000 ;0.004 ;0.001 ;0.000
 ;0.001 ;0.000 ;0.003 ;0.002 ;0.000 ;0.001 ;0.007 ;0.000 ;0.000 ;0.002 ;0.002 ;
0.001 ;0.001 ;0.003 ;0.007 ;0.001 ;0.000 ;0.004 ;0.040 ;0.001 ;0.001 ;0.051 ;0.
025 ;0.002 ;0.002 ;0.001 ;0.034 ;0.001 ;0.008 ;0.016 ;0.000 ;0.003 ;0.010 ;0.00
0 ;0.000 ;0.001 ;0.005 ;0.006 ;0.002 ;0.003 ;0.001 ;0.001 ;0.001 ;0.001 ;0.002 
;0.000 ;0.001 ;0.005 ;0.000 ;0.001 ;0.002 ;0.247 ;0.001 ;0.001 ;0.000 ;0.001 ;0
.002 ;0.008 ;0.004 ;0.003 ;0.002 ;0.002 ;0.002 ;0.001 ;0.001 ;0.001 ;0.002 ;0.0
01 
 []


Overfull \hbox (1441.57388pt too wide) in paragraph at lines 1--404
 \T1/phv/m/n/6 0.019 ;0.010 ;0.279 ;0.000 ;0.000 ;0.000 ;0.016 ;0.010 ;0.000 ;0
.004 ;0.002 ;0.000 ;0.000 ;0.037 ;0.000 ;0.001 ;0.003 ;0.002 ;0.000 ;0.002 ;0.0
02 ;0.000 ;0.155 ;0.000 ;0.009 ;0.000 ;0.000 ;0.004 ;0.002 ;0.003 ;0.000 ;0.000
 ;0.000 ;0.000 ;0.000 ;0.011 ;0.000 ;0.000 ;0.011 ;0.000 ;0.000 ;0.000 ;0.000 ;
0.000 ;0.000 ;0.003 ;0.000 ;0.000 ;0.000 ;0.000 ;0.002 ;0.000 ;0.000 ;0.072 ;0.
019 ;0.000 ;0.006 ;0.001 ;0.146 ;0.000 ;0.000 ;0.010 ;0.000 ;0.000 ;0.000 ;0.00
1 ;0.000 ;0.001 ;0.000 ;0.000 ;0.002 ;0.010 ;0.001 ;0.007 ;0.000 ;0.000 ;0.000 
;0.008 ;0.002 ;0.000 ;0.000 ;0.001 ;0.000 ;0.082 ;0.001 ;0.014 ;0.000 ;0.000 ;0
.000 ;0.004 ;0.003 ;0.000 ;0.000 ;0.000 ;0.000 ;0.000 ;0.002 ;0.000 ;0.000 ;0.0
16 
 []


Overfull \hbox (1441.57388pt too wide) in paragraph at lines 1--404
 \T1/phv/m/n/6 0.000 ;0.000 ;0.001 ;0.000 ;0.000 ;0.000 ;0.000 ;0.000 ;0.000 ;0
.000 ;0.000 ;0.000 ;0.000 ;0.000 ;0.000 ;0.000 ;0.000 ;0.000 ;0.000 ;0.000 ;0.0
00 ;0.000 ;0.000 ;0.000 ;0.000 ;0.000 ;0.000 ;0.000 ;0.104 ;0.000 ;0.000 ;0.000
 ;0.000 ;0.000 ;0.000 ;0.000 ;0.000 ;0.000 ;0.241 ;0.000 ;0.000 ;0.000 ;0.000 ;
0.000 ;0.000 ;0.000 ;0.000 ;0.000 ;0.000 ;0.000 ;0.000 ;0.000 ;0.000 ;0.000 ;0.
000 ;0.000 ;0.000 ;0.000 ;0.000 ;0.000 ;0.000 ;0.000 ;0.000 ;0.000 ;0.000 ;0.00
0 ;0.000 ;0.000 ;0.000 ;0.211 ;0.000 ;0.000 ;0.000 ;0.000 ;0.000 ;0.000 ;0.000 
;0.295 ;0.000 ;0.000 ;0.000 ;0.000 ;0.000 ;0.000 ;0.000 ;0.144 ;0.000 ;0.000 ;0
.000 ;0.000 ;0.000 ;0.000 ;0.000 ;0.000 ;0.000 ;0.000 ;0.000 ;0.000 ;0.000 ;0.0
00 
 []


Overfull \hbox (1441.57388pt too wide) in paragraph at lines 1--404
 \T1/phv/m/n/6 0.004 ;0.002 ;0.486 ;0.001 ;0.000 ;0.002 ;0.005 ;0.018 ;0.013 ;0
.002 ;0.001 ;0.004 ;0.001 ;0.006 ;0.001 ;0.001 ;0.001 ;0.001 ;0.001 ;0.010 ;0.0
00 ;0.002 ;0.058 ;0.003 ;0.002 ;0.000 ;0.001 ;0.003 ;0.001 ;0.003 ;0.001 ;0.000
 ;0.001 ;0.000 ;0.002 ;0.001 ;0.001 ;0.001 ;0.001 ;0.000 ;0.000 ;0.000 ;0.001 ;
0.002 ;0.000 ;0.001 ;0.004 ;0.000 ;0.000 ;0.002 ;0.020 ;0.001 ;0.002 ;0.057 ;0.
037 ;0.002 ;0.001 ;0.000 ;0.102 ;0.000 ;0.000 ;0.004 ;0.000 ;0.002 ;0.001 ;0.00
1 ;0.000 ;0.000 ;0.002 ;0.000 ;0.001 ;0.008 ;0.006 ;0.001 ;0.001 ;0.001 ;0.000 
;0.002 ;0.001 ;0.000 ;0.000 ;0.002 ;0.001 ;0.052 ;0.002 ;0.002 ;0.000 ;0.000 ;0
.001 ;0.001 ;0.002 ;0.015 ;0.001 ;0.001 ;0.001 ;0.000 ;0.000 ;0.004 ;0.001 ;0.0
12 
 []


Overfull \hbox (1441.57388pt too wide) in paragraph at lines 1--404
 \T1/phv/m/n/6 0.002 ;0.000 ;0.294 ;0.001 ;0.001 ;0.000 ;0.003 ;0.000 ;0.001 ;0
.001 ;0.001 ;0.001 ;0.000 ;0.001 ;0.000 ;0.000 ;0.000 ;0.000 ;0.000 ;0.001 ;0.0
00 ;0.000 ;0.282 ;0.001 ;0.001 ;0.001 ;0.000 ;0.003 ;0.000 ;0.002 ;0.000 ;0.000
 ;0.001 ;0.000 ;0.001 ;0.002 ;0.000 ;0.000 ;0.001 ;0.000 ;0.000 ;0.000 ;0.001 ;
0.000 ;0.000 ;0.002 ;0.003 ;0.000 ;0.003 ;0.003 ;0.002 ;0.001 ;0.000 ;0.063 ;0.
080 ;0.000 ;0.003 ;0.002 ;0.022 ;0.000 ;0.002 ;0.001 ;0.000 ;0.003 ;0.000 ;0.00
0 ;0.000 ;0.001 ;0.002 ;0.004 ;0.002 ;0.004 ;0.001 ;0.001 ;0.001 ;0.006 ;0.004 
;0.001 ;0.000 ;0.002 ;0.000 ;0.001 ;0.000 ;0.059 ;0.001 ;0.004 ;0.001 ;0.000 ;0
.001 ;0.083 ;0.005 ;0.001 ;0.007 ;0.003 ;0.001 ;0.000 ;0.000 ;0.001 ;0.000 ;0.0
02 
 []


Overfull \hbox (1441.57388pt too wide) in paragraph at lines 1--404
 \T1/phv/m/n/6 0.000 ;0.000 ;0.009 ;0.000 ;0.062 ;0.000 ;0.008 ;0.001 ;0.000 ;0
.000 ;0.030 ;0.001 ;0.000 ;0.000 ;0.000 ;0.000 ;0.000 ;0.000 ;0.000 ;0.002 ;0.0
58 ;0.000 ;0.064 ;0.010 ;0.033 ;0.000 ;0.000 ;0.000 ;0.000 ;0.006 ;0.101 ;0.000
 ;0.005 ;0.000 ;0.000 ;0.000 ;0.000 ;0.000 ;0.000 ;0.000 ;0.038 ;0.000 ;0.000 ;
0.000 ;0.000 ;0.000 ;0.000 ;0.000 ;0.081 ;0.000 ;0.000 ;0.000 ;0.000 ;0.001 ;0.
001 ;0.031 ;0.000 ;0.033 ;0.004 ;0.078 ;0.001 ;0.029 ;0.000 ;0.036 ;0.015 ;0.02
3 ;0.000 ;0.000 ;0.000 ;0.000 ;0.040 ;0.000 ;0.000 ;0.040 ;0.000 ;0.000 ;0.000 
;0.000 ;0.013 ;0.025 ;0.000 ;0.000 ;0.000 ;0.001 ;0.000 ;0.000 ;0.000 ;0.000 ;0
.053 ;0.000 ;0.055 ;0.000 ;0.000 ;0.000 ;0.000 ;0.000 ;0.000 ;0.000 ;0.000 ;0.0
00 
 []


Overfull \hbox (1441.57388pt too wide) in paragraph at lines 1--404
 \T1/phv/m/n/6 0.001 ;0.006 ;0.142 ;0.000 ;0.000 ;0.000 ;0.001 ;0.001 ;0.001 ;0
.003 ;0.001 ;0.000 ;0.001 ;0.001 ;0.001 ;0.000 ;0.000 ;0.000 ;0.000 ;0.002 ;0.0
00 ;0.000 ;0.017 ;0.000 ;0.003 ;0.000 ;0.000 ;0.001 ;0.000 ;0.000 ;0.000 ;0.001
 ;0.003 ;0.000 ;0.001 ;0.000 ;0.001 ;0.000 ;0.001 ;0.000 ;0.000 ;0.001 ;0.000 ;
0.001 ;0.000 ;0.000 ;0.001 ;0.000 ;0.002 ;0.001 ;0.001 ;0.001 ;0.000 ;0.017 ;0.
003 ;0.000 ;0.001 ;0.001 ;0.006 ;0.000 ;0.000 ;0.006 ;0.000 ;0.003 ;0.001 ;0.00
0 ;0.000 ;0.000 ;0.001 ;0.002 ;0.000 ;0.004 ;0.001 ;0.001 ;0.001 ;0.000 ;0.002 
;0.003 ;0.001 ;0.002 ;0.002 ;0.001 ;0.000 ;0.716 ;0.000 ;0.003 ;0.001 ;0.000 ;0
.000 ;0.004 ;0.002 ;0.002 ;0.000 ;0.001 ;0.003 ;0.002 ;0.001 ;0.000 ;0.001 ;0.0
01 
 []


Overfull \hbox (1441.57388pt too wide) in paragraph at lines 1--404
 \T1/phv/m/n/6 0.001 ;0.004 ;0.130 ;0.001 ;0.000 ;0.000 ;0.035 ;0.013 ;0.002 ;0
.001 ;0.000 ;0.005 ;0.001 ;0.005 ;0.000 ;0.000 ;0.001 ;0.000 ;0.000 ;0.008 ;0.0
01 ;0.001 ;0.134 ;0.057 ;0.002 ;0.001 ;0.001 ;0.001 ;0.002 ;0.008 ;0.000 ;0.000
 ;0.004 ;0.000 ;0.001 ;0.002 ;0.001 ;0.000 ;0.002 ;0.000 ;0.000 ;0.002 ;0.002 ;
0.000 ;0.000 ;0.002 ;0.002 ;0.000 ;0.001 ;0.001 ;0.002 ;0.000 ;0.001 ;0.014 ;0.
226 ;0.000 ;0.001 ;0.000 ;0.180 ;0.000 ;0.002 ;0.064 ;0.000 ;0.001 ;0.001 ;0.00
1 ;0.008 ;0.001 ;0.001 ;0.003 ;0.001 ;0.000 ;0.002 ;0.001 ;0.001 ;0.000 ;0.001 
;0.002 ;0.001 ;0.001 ;0.001 ;0.004 ;0.000 ;0.016 ;0.001 ;0.002 ;0.001 ;0.000 ;0
.000 ;0.007 ;0.007 ;0.002 ;0.002 ;0.001 ;0.001 ;0.000 ;0.000 ;0.000 ;0.001 ;0.0
02 
 []


Overfull \hbox (1441.57388pt too wide) in paragraph at lines 1--404
 \T1/phv/m/n/6 0.000 ;0.004 ;0.057 ;0.000 ;0.000 ;0.000 ;0.025 ;0.165 ;0.000 ;0
.000 ;0.000 ;0.001 ;0.045 ;0.001 ;0.004 ;0.000 ;0.168 ;0.000 ;0.000 ;0.042 ;0.0
00 ;0.000 ;0.007 ;0.001 ;0.000 ;0.000 ;0.001 ;0.043 ;0.000 ;0.002 ;0.000 ;0.000
 ;0.004 ;0.000 ;0.001 ;0.019 ;0.001 ;0.000 ;0.001 ;0.000 ;0.000 ;0.023 ;0.000 ;
0.000 ;0.009 ;0.000 ;0.000 ;0.001 ;0.000 ;0.000 ;0.000 ;0.001 ;0.093 ;0.000 ;0.
000 ;0.000 ;0.041 ;0.000 ;0.004 ;0.000 ;0.002 ;0.002 ;0.000 ;0.000 ;0.000 ;0.00
0 ;0.001 ;0.046 ;0.000 ;0.000 ;0.001 ;0.000 ;0.001 ;0.000 ;0.001 ;0.001 ;0.000 
;0.001 ;0.001 ;0.000 ;0.015 ;0.000 ;0.002 ;0.001 ;0.072 ;0.000 ;0.000 ;0.000 ;0
.000 ;0.000 ;0.000 ;0.001 ;0.000 ;0.000 ;0.000 ;0.000 ;0.000 ;0.000 ;0.000 ;0.0
81 
 []


Overfull \hbox (1441.57388pt too wide) in paragraph at lines 1--404
 \T1/phv/m/n/6 0.001 ;0.012 ;0.336 ;0.001 ;0.001 ;0.001 ;0.007 ;0.016 ;0.001 ;0
.000 ;0.001 ;0.001 ;0.000 ;0.001 ;0.000 ;0.000 ;0.000 ;0.000 ;0.000 ;0.007 ;0.0
01 ;0.000 ;0.006 ;0.001 ;0.002 ;0.000 ;0.001 ;0.001 ;0.001 ;0.013 ;0.002 ;0.001
 ;0.009 ;0.000 ;0.001 ;0.039 ;0.001 ;0.000 ;0.000 ;0.000 ;0.000 ;0.001 ;0.002 ;
0.002 ;0.000 ;0.002 ;0.007 ;0.000 ;0.000 ;0.004 ;0.003 ;0.000 ;0.000 ;0.011 ;0.
020 ;0.000 ;0.000 ;0.000 ;0.040 ;0.000 ;0.004 ;0.014 ;0.000 ;0.003 ;0.000 ;0.00
0 ;0.001 ;0.001 ;0.002 ;0.001 ;0.000 ;0.003 ;0.009 ;0.000 ;0.003 ;0.001 ;0.001 
;0.001 ;0.000 ;0.002 ;0.001 ;0.000 ;0.002 ;0.028 ;0.000 ;0.002 ;0.000 ;0.000 ;0
.000 ;0.349 ;0.001 ;0.002 ;0.000 ;0.000 ;0.001 ;0.000 ;0.002 ;0.001 ;0.000 ;0.0
02 
 []


Overfull \hbox (1441.57388pt too wide) in paragraph at lines 1--404
 \T1/phv/m/n/6 0.010 ;0.001 ;0.171 ;0.001 ;0.001 ;0.002 ;0.001 ;0.002 ;0.016 ;0
.002 ;0.000 ;0.001 ;0.000 ;0.010 ;0.000 ;0.000 ;0.002 ;0.000 ;0.000 ;0.002 ;0.0
01 ;0.001 ;0.009 ;0.001 ;0.018 ;0.000 ;0.006 ;0.000 ;0.001 ;0.002 ;0.000 ;0.000
 ;0.010 ;0.002 ;0.014 ;0.001 ;0.003 ;0.000 ;0.001 ;0.000 ;0.000 ;0.001 ;0.005 ;
0.002 ;0.001 ;0.023 ;0.071 ;0.001 ;0.006 ;0.003 ;0.031 ;0.000 ;0.000 ;0.028 ;0.
012 ;0.001 ;0.000 ;0.001 ;0.133 ;0.001 ;0.004 ;0.199 ;0.005 ;0.002 ;0.002 ;0.00
0 ;0.002 ;0.000 ;0.004 ;0.003 ;0.001 ;0.004 ;0.015 ;0.006 ;0.002 ;0.002 ;0.003 
;0.004 ;0.003 ;0.002 ;0.000 ;0.005 ;0.002 ;0.040 ;0.001 ;0.001 ;0.003 ;0.001 ;0
.000 ;0.044 ;0.004 ;0.002 ;0.005 ;0.004 ;0.003 ;0.001 ;0.000 ;0.001 ;0.003 ;0.0
04 
 []


Overfull \vbox (454.78458pt too high) detected at line 404
 []

[53

]
File: optdigits-7.png Graphic file (type bmp)
<optdigits-7.png>
 [54

] (cours_intro_6h.toc) [55

]
File: iris_matrix.png Graphic file (type bmp)
<iris_matrix.png>
 [56

]
("C:\Users\nicolas.bourgeois\AppData\Local\Programs\MiKTeX 2.9\tex\latex\listin
gs\lstlang1.sty"
File: lstlang1.sty 2015/06/04 1.6 listings language file
) (scatter_matrix.py
LaTeX Font Info:    Font shape `T1/phv/m/it' in size <10> not available
(Font)              Font shape `T1/phv/m/sl' tried instead on input line 6.
LaTeX Font Info:    Font shape `T1/phv/m/it' in size <7> not available
(Font)              Font shape `T1/phv/m/sl' tried instead on input line 6.
LaTeX Font Info:    Font shape `T1/phv/m/it' in size <5> not available
(Font)              Font shape `T1/phv/m/sl' tried instead on input line 6.

Overfull \hbox (10.71336pt too wide) in paragraph at lines 6--7
[][][][][][][][][][][][][][][][][][][][][][][][] 
 []


Overfull \hbox (22.71349pt too wide) in paragraph at lines 8--9
[][][][][][][][][][][][][][][][][][][][][][] 
 []


Overfull \hbox (4.7133pt too wide) in paragraph at lines 9--10
[][][][][][][][][][][][][][] 
 []

) [57

]
File: titanic_matrix.png Graphic file (type bmp)
<titanic_matrix.png>
 [58

]
File: iris_acp.png Graphic file (type bmp)
<iris_acp.png>
 [59

] (acp.py
Overfull \hbox (10.71336pt too wide) in paragraph at lines 10--12
[][][][][][][][][][][][][][][][] 
 []

) [60

]
File: titanic_acp.png Graphic file (type bmp)
<titanic_acp.png>
 [61

]
File: titanic_acp_mv.png Graphic file (type bmp)
<titanic_acp_mv.png>
 [62

] (cours_intro_6h.toc) [63

]
File: povertymap.png Graphic file (type bmp)
<povertymap.png>
 [64

] (som1-extract.py
LaTeX Font Info:    Try loading font information for OMS+phv on input line 1.

("C:\Users\nicolas.bourgeois\AppData\Local\Programs\MiKTeX 2.9\tex\latex\psnfss
\omsphv.fd"
File: omsphv.fd 
)
LaTeX Font Info:    Font shape `OMS/phv/m/n' in size <8> not available
(Font)              Font shape `OMS/cmsy/m/n' tried instead on input line 1.

Overfull \hbox (9.51335pt too wide) in paragraph at lines 19--20
[][][][][][][][][][][][][][][][][][][][][][][][][][][][][][][] 
 []

)
Overfull \hbox (115.11443pt too wide) in paragraph at lines 26--466
[][][][][][][][][][][][][][][][][][][][] 
 []


Overfull \vbox (46.94632pt too high) detected at line 466
 []

[65

]
File: som_exemple1.png Graphic file (type bmp)
<som_exemple1.png>

Overfull \hbox (26.96513pt too wide) in paragraph at lines 472--472
 [] 
 []


Overfull \vbox (1.54909pt too high) detected at line 472
 []

[66

] (cours_intro_6h.toc) [67

] [68

] [69

] [70

]
File: facebookfriendwheel.jpg Graphic file (type bmp)
<facebookfriendwheel.jpg>
 [71

] [72

] [73

] [74

] [75

]
(cours_intro_6h.toc) [76

] [77

] [78

] [79

] (testff.py)
Overfull \vbox (64.69633pt too high) detected at line 663
 []

[80

]
File: Edmonds.png Graphic file (type bmp)
<Edmonds.png>
 [81

] (cours_intro_6h.toc) [82

] [83

] [84

] [85

] [86

] [87

]
File: iris_acp.png Graphic file (type bmp)
<iris_acp.png>
 [88

] (acp.py
Overfull \hbox (10.71336pt too wide) in paragraph at lines 10--12
[][][][][][][][][][][][][][][][] 
 []

) [89

]
LaTeX Font Info:    Try loading font information for T1+lmtt on input line 744.


("C:\Users\nicolas.bourgeois\AppData\Local\Programs\MiKTeX 2.9\tex\latex\lm\t1l
mtt.fd"
File: t1lmtt.fd 2009/10/30 v1.6 Font defs for Latin Modern
) [90

] [91

] [92

] [93

] [94

] [95

] [96

] [97

] [98

] [99

] [100

] [101

] [102

]
(cours_intro_6h.toc) [103

] [104

] [105

] [106

] [107

] [108

] [109

] [110

] [111

]
[112

] [113

] [114

] [115

] [116

] (cours_intro_6h.toc) [117

] [118

] [119

] [120

]
[121

] [122

] [123

] [124

] [125

] [126

] [127

] (cours_intro_6h.toc) [128

] [129

]
[130

] [131

]
Missing character: There is no 8 in font nullfont!
 [132

] [133

] [134

] [135

] [136

] [137

] [138

] [139

] [140

] [141

]
(cours_intro_6h.toc) [142

]
Missing character: There is no 8 in font nullfont!
 [143

] (fastexp.py
LaTeX Font Info:    Font shape `OMS/phv/m/n' in size <10> not available
(Font)              Font shape `OMS/cmsy/m/n' tried instead on input line 5.
) [144

] [145

]
Overfull \hbox (42.29684pt too wide) in paragraph at lines 1195--1195
 [] 
 []

[146

]
Missing character: There is no 8 in font nullfont!
 [147

]
\tf@nav=\write6
\openout6 = `cours_intro_6h.nav'.

\tf@toc=\write7
\openout7 = `cours_intro_6h.toc'.

\tf@snm=\write8
\openout8 = `cours_intro_6h.snm'.

Package atveryend Info: Empty hook `BeforeClearDocument' on input line 1205.
Package atveryend Info: Empty hook `AfterLastShipout' on input line 1205.
 (cours_intro_6h.aux)
Package atveryend Info: Empty hook `AtVeryEndDocument' on input line 1205.
Package atveryend Info: Executing hook `AtEndAfterFileList' on input line 1205.

Package rerunfilecheck Info: File `cours_intro_6h.out' has not changed.
(rerunfilecheck)             Checksum: 7949074A237750B989CBE2EC1B5F3802.
 ) 
Here is how much of TeX's memory you used:
 26882 strings out of 427798
 491238 string characters out of 3145560
 691524 words of memory out of 3000000
 30309 multiletter control sequences out of 15000+200000
 47106 words of font info for 67 fonts, out of 3000000 for 9000
 1328 hyphenation exceptions out of 8191
 56i,14n,65p,808b,1362s stack positions out of 5000i,500n,10000p,200000b,50000s

Output written on cours_intro_6h.pdf (147 pages).
