This is pdfTeX, Version 3.14159265-2.6-1.40.18 (TeX Live 2017/Debian) (preloaded format=pdflatex 2018.9.3)  11 SEP 2018 00:29
entering extended mode
 restricted \write18 enabled.
 %&-line parsing enabled.
**NeurcomputingNMBSPfinal.tex
(./NeurcomputingNMBSPfinal.tex
LaTeX2e <2017-04-15>
Babel <3.18> and hyphenation patterns for 84 language(s) loaded.
(/usr/share/texlive/texmf-dist/tex/latex/elsarticle/elsarticle.cls
Document Class: elsarticle 2009/09/17, 1.2.0: Elsevier Ltd
\@bls=\dimen102
(/usr/share/texlive/texmf-dist/tex/latex/base/article.cls
Document Class: article 2014/09/29 v1.4h Standard LaTeX document class
(/usr/share/texlive/texmf-dist/tex/latex/base/size10.clo
File: size10.clo 2014/09/29 v1.4h Standard LaTeX file (size option)
)
\c@part=\count79
\c@section=\count80
\c@subsection=\count81
\c@subsubsection=\count82
\c@paragraph=\count83
\c@subparagraph=\count84
\c@figure=\count85
\c@table=\count86
\abovecaptionskip=\skip41
\belowcaptionskip=\skip42
\bibindent=\dimen103
)
(/usr/share/texlive/texmf-dist/tex/latex/graphics/graphicx.sty
Package: graphicx 2017/06/01 v1.1a Enhanced LaTeX Graphics (DPC,SPQR)

(/usr/share/texlive/texmf-dist/tex/latex/graphics/keyval.sty
Package: keyval 2014/10/28 v1.15 key=value parser (DPC)
\KV@toks@=\toks14
)
(/usr/share/texlive/texmf-dist/tex/latex/graphics/graphics.sty
Package: graphics 2017/06/25 v1.2c Standard LaTeX Graphics (DPC,SPQR)

(/usr/share/texlive/texmf-dist/tex/latex/graphics/trig.sty
Package: trig 2016/01/03 v1.10 sin cos tan (DPC)
)
(/usr/share/texlive/texmf-dist/tex/latex/graphics-cfg/graphics.cfg
File: graphics.cfg 2016/06/04 v1.11 sample graphics configuration
)
Package graphics Info: Driver file: pdftex.def on input line 99.

(/usr/share/texlive/texmf-dist/tex/latex/graphics-def/pdftex.def
File: pdftex.def 2018/01/08 v1.0l Graphics/color driver for pdftex
))
\Gin@req@height=\dimen104
\Gin@req@width=\dimen105
)
(/usr/share/texlive/texmf-dist/tex/latex/psnfss/pifont.sty
Package: pifont 2005/04/12 PSNFSS-v9.2a Pi font support (SPQR) 
LaTeX Font Info:    Try loading font information for U+pzd on input line 63.

(/usr/share/texlive/texmf-dist/tex/latex/psnfss/upzd.fd
File: upzd.fd 2001/06/04 font definitions for U/pzd.
)
LaTeX Font Info:    Try loading font information for U+psy on input line 64.

(/usr/share/texlive/texmf-dist/tex/latex/psnfss/upsy.fd
File: upsy.fd 2001/06/04 font definitions for U/psy.
))
\c@tnote=\count87
\c@fnote=\count88
\c@cnote=\count89
\c@ead=\count90
\c@author=\count91
\@eadauthor=\toks15
\c@affn=\count92
\absbox=\box26
\keybox=\box27
\Columnwidth=\dimen106
\space@left=\dimen107
\els@boxa=\box28
\els@boxb=\box29
\leftMargin=\dimen108
\@enLab=\toks16
\@sep=\skip43
\@@sep=\skip44

(/usr/share/texlive/texmf-dist/tex/latex/natbib/natbib.sty
Package: natbib 2010/09/13 8.31b (PWD, AO)
\bibhang=\skip45
\bibsep=\skip46
LaTeX Info: Redefining \cite on input line 694.
\c@NAT@ctr=\count93
)
\splwrite=\write3
\openout3 = `NeurcomputingNMBSPfinal.spl'.

)
(/usr/share/texlive/texmf-dist/tex/latex/base/inputenc.sty
Package: inputenc 2015/03/17 v1.2c Input encoding file
\inpenc@prehook=\toks17
\inpenc@posthook=\toks18

(/usr/share/texlive/texmf-dist/tex/latex/base/utf8.def
File: utf8.def 2017/01/28 v1.1t UTF-8 support for inputenc
Now handling font encoding OML ...
... no UTF-8 mapping file for font encoding OML
Now handling font encoding T1 ...
... processing UTF-8 mapping file for font encoding T1

(/usr/share/texlive/texmf-dist/tex/latex/base/t1enc.dfu
File: t1enc.dfu 2017/01/28 v1.1t UTF-8 support for inputenc
   defining Unicode char U+00A0 (decimal 160)
   defining Unicode char U+00A1 (decimal 161)
   defining Unicode char U+00A3 (decimal 163)
   defining Unicode char U+00AB (decimal 171)
   defining Unicode char U+00AD (decimal 173)
   defining Unicode char U+00BB (decimal 187)
   defining Unicode char U+00BF (decimal 191)
   defining Unicode char U+00C0 (decimal 192)
   defining Unicode char U+00C1 (decimal 193)
   defining Unicode char U+00C2 (decimal 194)
   defining Unicode char U+00C3 (decimal 195)
   defining Unicode char U+00C4 (decimal 196)
   defining Unicode char U+00C5 (decimal 197)
   defining Unicode char U+00C6 (decimal 198)
   defining Unicode char U+00C7 (decimal 199)
   defining Unicode char U+00C8 (decimal 200)
   defining Unicode char U+00C9 (decimal 201)
   defining Unicode char U+00CA (decimal 202)
   defining Unicode char U+00CB (decimal 203)
   defining Unicode char U+00CC (decimal 204)
   defining Unicode char U+00CD (decimal 205)
   defining Unicode char U+00CE (decimal 206)
   defining Unicode char U+00CF (decimal 207)
   defining Unicode char U+00D0 (decimal 208)
   defining Unicode char U+00D1 (decimal 209)
   defining Unicode char U+00D2 (decimal 210)
   defining Unicode char U+00D3 (decimal 211)
   defining Unicode char U+00D4 (decimal 212)
   defining Unicode char U+00D5 (decimal 213)
   defining Unicode char U+00D6 (decimal 214)
   defining Unicode char U+00D8 (decimal 216)
   defining Unicode char U+00D9 (decimal 217)
   defining Unicode char U+00DA (decimal 218)
   defining Unicode char U+00DB (decimal 219)
   defining Unicode char U+00DC (decimal 220)
   defining Unicode char U+00DD (decimal 221)
   defining Unicode char U+00DE (decimal 222)
   defining Unicode char U+00DF (decimal 223)
   defining Unicode char U+00E0 (decimal 224)
   defining Unicode char U+00E1 (decimal 225)
   defining Unicode char U+00E2 (decimal 226)
   defining Unicode char U+00E3 (decimal 227)
   defining Unicode char U+00E4 (decimal 228)
   defining Unicode char U+00E5 (decimal 229)
   defining Unicode char U+00E6 (decimal 230)
   defining Unicode char U+00E7 (decimal 231)
   defining Unicode char U+00E8 (decimal 232)
   defining Unicode char U+00E9 (decimal 233)
   defining Unicode char U+00EA (decimal 234)
   defining Unicode char U+00EB (decimal 235)
   defining Unicode char U+00EC (decimal 236)
   defining Unicode char U+00ED (decimal 237)
   defining Unicode char U+00EE (decimal 238)
   defining Unicode char U+00EF (decimal 239)
   defining Unicode char U+00F0 (decimal 240)
   defining Unicode char U+00F1 (decimal 241)
   defining Unicode char U+00F2 (decimal 242)
   defining Unicode char U+00F3 (decimal 243)
   defining Unicode char U+00F4 (decimal 244)
   defining Unicode char U+00F5 (decimal 245)
   defining Unicode char U+00F6 (decimal 246)
   defining Unicode char U+00F8 (decimal 248)
   defining Unicode char U+00F9 (decimal 249)
   defining Unicode char U+00FA (decimal 250)
   defining Unicode char U+00FB (decimal 251)
   defining Unicode char U+00FC (decimal 252)
   defining Unicode char U+00FD (decimal 253)
   defining Unicode char U+00FE (decimal 254)
   defining Unicode char U+00FF (decimal 255)
   defining Unicode char U+0100 (decimal 256)
   defining Unicode char U+0101 (decimal 257)
   defining Unicode char U+0102 (decimal 258)
   defining Unicode char U+0103 (decimal 259)
   defining Unicode char U+0104 (decimal 260)
   defining Unicode char U+0105 (decimal 261)
   defining Unicode char U+0106 (decimal 262)
   defining Unicode char U+0107 (decimal 263)
   defining Unicode char U+0108 (decimal 264)
   defining Unicode char U+0109 (decimal 265)
   defining Unicode char U+010A (decimal 266)
   defining Unicode char U+010B (decimal 267)
   defining Unicode char U+010C (decimal 268)
   defining Unicode char U+010D (decimal 269)
   defining Unicode char U+010E (decimal 270)
   defining Unicode char U+010F (decimal 271)
   defining Unicode char U+0110 (decimal 272)
   defining Unicode char U+0111 (decimal 273)
   defining Unicode char U+0112 (decimal 274)
   defining Unicode char U+0113 (decimal 275)
   defining Unicode char U+0114 (decimal 276)
   defining Unicode char U+0115 (decimal 277)
   defining Unicode char U+0116 (decimal 278)
   defining Unicode char U+0117 (decimal 279)
   defining Unicode char U+0118 (decimal 280)
   defining Unicode char U+0119 (decimal 281)
   defining Unicode char U+011A (decimal 282)
   defining Unicode char U+011B (decimal 283)
   defining Unicode char U+011C (decimal 284)
   defining Unicode char U+011D (decimal 285)
   defining Unicode char U+011E (decimal 286)
   defining Unicode char U+011F (decimal 287)
   defining Unicode char U+0120 (decimal 288)
   defining Unicode char U+0121 (decimal 289)
   defining Unicode char U+0122 (decimal 290)
   defining Unicode char U+0123 (decimal 291)
   defining Unicode char U+0124 (decimal 292)
   defining Unicode char U+0125 (decimal 293)
   defining Unicode char U+0128 (decimal 296)
   defining Unicode char U+0129 (decimal 297)
   defining Unicode char U+012A (decimal 298)
   defining Unicode char U+012B (decimal 299)
   defining Unicode char U+012C (decimal 300)
   defining Unicode char U+012D (decimal 301)
   defining Unicode char U+012E (decimal 302)
   defining Unicode char U+012F (decimal 303)
   defining Unicode char U+0130 (decimal 304)
   defining Unicode char U+0131 (decimal 305)
   defining Unicode char U+0132 (decimal 306)
   defining Unicode char U+0133 (decimal 307)
   defining Unicode char U+0134 (decimal 308)
   defining Unicode char U+0135 (decimal 309)
   defining Unicode char U+0136 (decimal 310)
   defining Unicode char U+0137 (decimal 311)
   defining Unicode char U+0139 (decimal 313)
   defining Unicode char U+013A (decimal 314)
   defining Unicode char U+013B (decimal 315)
   defining Unicode char U+013C (decimal 316)
   defining Unicode char U+013D (decimal 317)
   defining Unicode char U+013E (decimal 318)
   defining Unicode char U+0141 (decimal 321)
   defining Unicode char U+0142 (decimal 322)
   defining Unicode char U+0143 (decimal 323)
   defining Unicode char U+0144 (decimal 324)
   defining Unicode char U+0145 (decimal 325)
   defining Unicode char U+0146 (decimal 326)
   defining Unicode char U+0147 (decimal 327)
   defining Unicode char U+0148 (decimal 328)
   defining Unicode char U+014A (decimal 330)
   defining Unicode char U+014B (decimal 331)
   defining Unicode char U+014C (decimal 332)
   defining Unicode char U+014D (decimal 333)
   defining Unicode char U+014E (decimal 334)
   defining Unicode char U+014F (decimal 335)
   defining Unicode char U+0150 (decimal 336)
   defining Unicode char U+0151 (decimal 337)
   defining Unicode char U+0152 (decimal 338)
   defining Unicode char U+0153 (decimal 339)
   defining Unicode char U+0154 (decimal 340)
   defining Unicode char U+0155 (decimal 341)
   defining Unicode char U+0156 (decimal 342)
   defining Unicode char U+0157 (decimal 343)
   defining Unicode char U+0158 (decimal 344)
   defining Unicode char U+0159 (decimal 345)
   defining Unicode char U+015A (decimal 346)
   defining Unicode char U+015B (decimal 347)
   defining Unicode char U+015C (decimal 348)
   defining Unicode char U+015D (decimal 349)
   defining Unicode char U+015E (decimal 350)
   defining Unicode char U+015F (decimal 351)
   defining Unicode char U+0160 (decimal 352)
   defining Unicode char U+0161 (decimal 353)
   defining Unicode char U+0162 (decimal 354)
   defining Unicode char U+0163 (decimal 355)
   defining Unicode char U+0164 (decimal 356)
   defining Unicode char U+0165 (decimal 357)
   defining Unicode char U+0168 (decimal 360)
   defining Unicode char U+0169 (decimal 361)
   defining Unicode char U+016A (decimal 362)
   defining Unicode char U+016B (decimal 363)
   defining Unicode char U+016C (decimal 364)
   defining Unicode char U+016D (decimal 365)
   defining Unicode char U+016E (decimal 366)
   defining Unicode char U+016F (decimal 367)
   defining Unicode char U+0170 (decimal 368)
   defining Unicode char U+0171 (decimal 369)
   defining Unicode char U+0172 (decimal 370)
   defining Unicode char U+0173 (decimal 371)
   defining Unicode char U+0174 (decimal 372)
   defining Unicode char U+0175 (decimal 373)
   defining Unicode char U+0176 (decimal 374)
   defining Unicode char U+0177 (decimal 375)
   defining Unicode char U+0178 (decimal 376)
   defining Unicode char U+0179 (decimal 377)
   defining Unicode char U+017A (decimal 378)
   defining Unicode char U+017B (decimal 379)
   defining Unicode char U+017C (decimal 380)
   defining Unicode char U+017D (decimal 381)
   defining Unicode char U+017E (decimal 382)
   defining Unicode char U+01CD (decimal 461)
   defining Unicode char U+01CE (decimal 462)
   defining Unicode char U+01CF (decimal 463)
   defining Unicode char U+01D0 (decimal 464)
   defining Unicode char U+01D1 (decimal 465)
   defining Unicode char U+01D2 (decimal 466)
   defining Unicode char U+01D3 (decimal 467)
   defining Unicode char U+01D4 (decimal 468)
   defining Unicode char U+01E2 (decimal 482)
   defining Unicode char U+01E3 (decimal 483)
   defining Unicode char U+01E6 (decimal 486)
   defining Unicode char U+01E7 (decimal 487)
   defining Unicode char U+01E8 (decimal 488)
   defining Unicode char U+01E9 (decimal 489)
   defining Unicode char U+01EA (decimal 490)
   defining Unicode char U+01EB (decimal 491)
   defining Unicode char U+01F0 (decimal 496)
   defining Unicode char U+01F4 (decimal 500)
   defining Unicode char U+01F5 (decimal 501)
   defining Unicode char U+0218 (decimal 536)
   defining Unicode char U+0219 (decimal 537)
   defining Unicode char U+021A (decimal 538)
   defining Unicode char U+021B (decimal 539)
   defining Unicode char U+0232 (decimal 562)
   defining Unicode char U+0233 (decimal 563)
   defining Unicode char U+1E02 (decimal 7682)
   defining Unicode char U+1E03 (decimal 7683)
   defining Unicode char U+200C (decimal 8204)
   defining Unicode char U+2010 (decimal 8208)
   defining Unicode char U+2011 (decimal 8209)
   defining Unicode char U+2012 (decimal 8210)
   defining Unicode char U+2013 (decimal 8211)
   defining Unicode char U+2014 (decimal 8212)
   defining Unicode char U+2015 (decimal 8213)
   defining Unicode char U+2018 (decimal 8216)
   defining Unicode char U+2019 (decimal 8217)
   defining Unicode char U+201A (decimal 8218)
   defining Unicode char U+201C (decimal 8220)
   defining Unicode char U+201D (decimal 8221)
   defining Unicode char U+201E (decimal 8222)
   defining Unicode char U+2030 (decimal 8240)
   defining Unicode char U+2031 (decimal 8241)
   defining Unicode char U+2039 (decimal 8249)
   defining Unicode char U+203A (decimal 8250)
   defining Unicode char U+2423 (decimal 9251)
   defining Unicode char U+1E20 (decimal 7712)
   defining Unicode char U+1E21 (decimal 7713)
)
Now handling font encoding OT1 ...
... processing UTF-8 mapping file for font encoding OT1

(/usr/share/texlive/texmf-dist/tex/latex/base/ot1enc.dfu
File: ot1enc.dfu 2017/01/28 v1.1t UTF-8 support for inputenc
   defining Unicode char U+00A0 (decimal 160)
   defining Unicode char U+00A1 (decimal 161)
   defining Unicode char U+00A3 (decimal 163)
   defining Unicode char U+00AD (decimal 173)
   defining Unicode char U+00B8 (decimal 184)
   defining Unicode char U+00BF (decimal 191)
   defining Unicode char U+00C5 (decimal 197)
   defining Unicode char U+00C6 (decimal 198)
   defining Unicode char U+00D8 (decimal 216)
   defining Unicode char U+00DF (decimal 223)
   defining Unicode char U+00E6 (decimal 230)
   defining Unicode char U+00EC (decimal 236)
   defining Unicode char U+00ED (decimal 237)
   defining Unicode char U+00EE (decimal 238)
   defining Unicode char U+00EF (decimal 239)
   defining Unicode char U+00F8 (decimal 248)
   defining Unicode char U+0131 (decimal 305)
   defining Unicode char U+0141 (decimal 321)
   defining Unicode char U+0142 (decimal 322)
   defining Unicode char U+0152 (decimal 338)
   defining Unicode char U+0153 (decimal 339)
   defining Unicode char U+0174 (decimal 372)
   defining Unicode char U+0175 (decimal 373)
   defining Unicode char U+0176 (decimal 374)
   defining Unicode char U+0177 (decimal 375)
   defining Unicode char U+0218 (decimal 536)
   defining Unicode char U+0219 (decimal 537)
   defining Unicode char U+021A (decimal 538)
   defining Unicode char U+021B (decimal 539)
   defining Unicode char U+2013 (decimal 8211)
   defining Unicode char U+2014 (decimal 8212)
   defining Unicode char U+2018 (decimal 8216)
   defining Unicode char U+2019 (decimal 8217)
   defining Unicode char U+201C (decimal 8220)
   defining Unicode char U+201D (decimal 8221)
)
Now handling font encoding OMS ...
... processing UTF-8 mapping file for font encoding OMS

(/usr/share/texlive/texmf-dist/tex/latex/base/omsenc.dfu
File: omsenc.dfu 2017/01/28 v1.1t UTF-8 support for inputenc
   defining Unicode char U+00A7 (decimal 167)
   defining Unicode char U+00B6 (decimal 182)
   defining Unicode char U+00B7 (decimal 183)
   defining Unicode char U+2020 (decimal 8224)
   defining Unicode char U+2021 (decimal 8225)
   defining Unicode char U+2022 (decimal 8226)
)
Now handling font encoding OMX ...
... no UTF-8 mapping file for font encoding OMX
Now handling font encoding U ...
... no UTF-8 mapping file for font encoding U
   defining Unicode char U+00A9 (decimal 169)
   defining Unicode char U+00AA (decimal 170)
   defining Unicode char U+00AE (decimal 174)
   defining Unicode char U+00BA (decimal 186)
   defining Unicode char U+02C6 (decimal 710)
   defining Unicode char U+02DC (decimal 732)
   defining Unicode char U+200C (decimal 8204)
   defining Unicode char U+2026 (decimal 8230)
   defining Unicode char U+2122 (decimal 8482)
   defining Unicode char U+2423 (decimal 9251)
))
(/usr/share/texlive/texmf-dist/tex/latex/base/fontenc.sty
Package: fontenc 2017/04/05 v2.0i Standard LaTeX package

(/usr/share/texlive/texmf-dist/tex/latex/base/t1enc.def
File: t1enc.def 2017/04/05 v2.0i Standard LaTeX file
LaTeX Font Info:    Redeclaring font encoding T1 on input line 48.
))
(/usr/share/texlive/texmf-dist/tex/generic/babel/babel.sty
Package: babel 2018/02/14 3.18 The Babel package

(/usr/share/texlive/texmf-dist/tex/generic/babel/switch.def
File: switch.def 2018/02/14 3.18 Babel switching mechanism
)
(/usr/share/texlive/texmf-dist/tex/generic/babel-french/french.ldf
Language: french 2018/02/04 v3.4b French support from the babel system

(/usr/share/texlive/texmf-dist/tex/generic/babel/babel.def
File: babel.def 2018/02/14 3.18 Babel common definitions
\babel@savecnt=\count94
\U@D=\dimen109

(/usr/share/texlive/texmf-dist/tex/generic/babel/txtbabel.def)
\bbl@dirlevel=\count95
)
\l@acadian = a dialect from \language\l@french 
\FB@nonchar=\count96
Package babel Info: Making : an active character on input line 411.
Package babel Info: Making ; an active character on input line 412.
Package babel Info: Making ! an active character on input line 413.
Package babel Info: Making ? an active character on input line 414.
\FBguill@level=\count97
\FB@everypar=\toks19
\FB@Mht=\dimen110
\mc@charclass=\count98
\mc@charfam=\count99
\mc@charslot=\count100
\std@mcc=\count101
\dec@mcc=\count102
\c@FBcaption@count=\count103
\listindentFB=\skip47
\descindentFB=\skip48
\labelwidthFB=\skip49
\leftmarginFB=\skip50
\parindentFFN=\dimen111
\FBfnindent=\skip51
)
(/usr/share/texlive/texmf-dist/tex/generic/babel-english/english.ldf
Language: english 2017/06/06 v3.3r English support from the babel system
\l@canadian = a dialect from \language\l@american 
\l@australian = a dialect from \language\l@british 
\l@newzealand = a dialect from \language\l@british 
))
(/usr/share/texlive/texmf-dist/tex/latex/carlisle/scalefnt.sty)
(/usr/share/texlive/texmf-dist/tex/latex/amsfonts/amssymb.sty
Package: amssymb 2013/01/14 v3.01 AMS font symbols

(/usr/share/texlive/texmf-dist/tex/latex/amsfonts/amsfonts.sty
Package: amsfonts 2013/01/14 v3.01 Basic AMSFonts support
\@emptytoks=\toks20
\symAMSa=\mathgroup4
\symAMSb=\mathgroup5
LaTeX Font Info:    Overwriting math alphabet `\mathfrak' in version `bold'
(Font)                  U/euf/m/n --> U/euf/b/n on input line 106.
))
(/usr/share/texlive/texmf-dist/tex/latex/amsmath/amsmath.sty
Package: amsmath 2017/09/02 v2.17a AMS math features
\@mathmargin=\skip52

For additional information on amsmath, use the `?' option.
(/usr/share/texlive/texmf-dist/tex/latex/amsmath/amstext.sty
Package: amstext 2000/06/29 v2.01 AMS text

(/usr/share/texlive/texmf-dist/tex/latex/amsmath/amsgen.sty
File: amsgen.sty 1999/11/30 v2.0 generic functions
\@emptytoks=\toks21
\ex@=\dimen112
))
(/usr/share/texlive/texmf-dist/tex/latex/amsmath/amsbsy.sty
Package: amsbsy 1999/11/29 v1.2d Bold Symbols
\pmbraise@=\dimen113
)
(/usr/share/texlive/texmf-dist/tex/latex/amsmath/amsopn.sty
Package: amsopn 2016/03/08 v2.02 operator names
)
\inf@bad=\count104
LaTeX Info: Redefining \frac on input line 213.
\uproot@=\count105
\leftroot@=\count106
LaTeX Info: Redefining \overline on input line 375.
\classnum@=\count107
\DOTSCASE@=\count108
LaTeX Info: Redefining \ldots on input line 472.
LaTeX Info: Redefining \dots on input line 475.
LaTeX Info: Redefining \cdots on input line 596.
\Mathstrutbox@=\box30
\strutbox@=\box31
\big@size=\dimen114
LaTeX Font Info:    Redeclaring font encoding OML on input line 712.
LaTeX Font Info:    Redeclaring font encoding OMS on input line 713.
\macc@depth=\count109
\c@MaxMatrixCols=\count110
\dotsspace@=\muskip10
\c@parentequation=\count111
\dspbrk@lvl=\count112
\tag@help=\toks22
\row@=\count113
\column@=\count114
\maxfields@=\count115
\andhelp@=\toks23
\eqnshift@=\dimen115
\alignsep@=\dimen116
\tagshift@=\dimen117
\tagwidth@=\dimen118
\totwidth@=\dimen119
\lineht@=\dimen120
\@envbody=\toks24
\multlinegap=\skip53
\multlinetaggap=\skip54
\mathdisplay@stack=\toks25
LaTeX Info: Redefining \[ on input line 2817.
LaTeX Info: Redefining \] on input line 2818.
)
(/usr/share/texlive/texmf-dist/tex/latex/algorithms/algorithm.sty
Package: algorithm 2009/08/24 v0.1 Document Style `algorithm' - floating enviro
nment

(/usr/share/texlive/texmf-dist/tex/latex/float/float.sty
Package: float 2001/11/08 v1.3d Float enhancements (AL)
\c@float@type=\count116
\float@exts=\toks26
\float@box=\box32
\@float@everytoks=\toks27
\@floatcapt=\box33
)
(/usr/share/texlive/texmf-dist/tex/latex/base/ifthen.sty
Package: ifthen 2014/09/29 v1.1c Standard LaTeX ifthen package (DPC)
)
\@float@every@algorithm=\toks28
\c@algorithm=\count117
)
(/usr/share/texlive/texmf-dist/tex/latex/algorithms/algorithmic.sty
Package: algorithmic 2009/08/24 v0.1 Document Style `algorithmic'
\c@ALC@unique=\count118
\c@ALC@line=\count119
\c@ALC@rem=\count120
\c@ALC@depth=\count121
\ALC@tlm=\skip55
\algorithmicindent=\skip56
)
(/usr/share/texlive/texmf-dist/tex/latex/vmargin/vmargin.sty
Package: vmargin 2004/07/15 V2.5 set document margins (VK)

Package: vmargin 2004/07/15 V2.5 set document margins (VK)
\PaperWidth=\dimen121
\PaperHeight=\dimen122
) (/usr/share/texlive/texmf-dist/tex/latex/url/url.sty
\Urlmuskip=\muskip11
Package: url 2013/09/16  ver 3.4  Verb mode for urls, etc.
)
(/usr/share/texlive/texmf-dist/tex/latex/pgf/frontendlayer/tikz.sty
(/usr/share/texlive/texmf-dist/tex/latex/pgf/basiclayer/pgf.sty
(/usr/share/texlive/texmf-dist/tex/latex/pgf/utilities/pgfrcs.sty
(/usr/share/texlive/texmf-dist/tex/generic/pgf/utilities/pgfutil-common.tex
\pgfutil@everybye=\toks29
\pgfutil@tempdima=\dimen123
\pgfutil@tempdimb=\dimen124

(/usr/share/texlive/texmf-dist/tex/generic/pgf/utilities/pgfutil-common-lists.t
ex)) (/usr/share/texlive/texmf-dist/tex/generic/pgf/utilities/pgfutil-latex.def
\pgfutil@abb=\box34
(/usr/share/texlive/texmf-dist/tex/latex/ms/everyshi.sty
Package: everyshi 2001/05/15 v3.00 EveryShipout Package (MS)
))
(/usr/share/texlive/texmf-dist/tex/generic/pgf/utilities/pgfrcs.code.tex
Package: pgfrcs 2015/08/07 v3.0.1a (rcs-revision 1.31)
))
Package: pgf 2015/08/07 v3.0.1a (rcs-revision 1.15)

(/usr/share/texlive/texmf-dist/tex/latex/pgf/basiclayer/pgfcore.sty
(/usr/share/texlive/texmf-dist/tex/latex/pgf/systemlayer/pgfsys.sty
(/usr/share/texlive/texmf-dist/tex/generic/pgf/systemlayer/pgfsys.code.tex
Package: pgfsys 2014/07/09 v3.0.1a (rcs-revision 1.48)

(/usr/share/texlive/texmf-dist/tex/generic/pgf/utilities/pgfkeys.code.tex
\pgfkeys@pathtoks=\toks30
\pgfkeys@temptoks=\toks31

(/usr/share/texlive/texmf-dist/tex/generic/pgf/utilities/pgfkeysfiltered.code.t
ex
\pgfkeys@tmptoks=\toks32
))
\pgf@x=\dimen125
\pgf@y=\dimen126
\pgf@xa=\dimen127
\pgf@ya=\dimen128
\pgf@xb=\dimen129
\pgf@yb=\dimen130
\pgf@xc=\dimen131
\pgf@yc=\dimen132
\w@pgf@writea=\write4
\r@pgf@reada=\read1
\c@pgf@counta=\count122
\c@pgf@countb=\count123
\c@pgf@countc=\count124
\c@pgf@countd=\count125
\t@pgf@toka=\toks33
\t@pgf@tokb=\toks34
\t@pgf@tokc=\toks35
 (/usr/share/texlive/texmf-dist/tex/generic/pgf/systemlayer/pgf.cfg
File: pgf.cfg 2008/05/14  (rcs-revision 1.7)
)
Driver file for pgf: pgfsys-pdftex.def

(/usr/share/texlive/texmf-dist/tex/generic/pgf/systemlayer/pgfsys-pdftex.def
File: pgfsys-pdftex.def 2014/10/11  (rcs-revision 1.35)

(/usr/share/texlive/texmf-dist/tex/generic/pgf/systemlayer/pgfsys-common-pdf.de
f
File: pgfsys-common-pdf.def 2013/10/10  (rcs-revision 1.13)
)))
(/usr/share/texlive/texmf-dist/tex/generic/pgf/systemlayer/pgfsyssoftpath.code.
tex
File: pgfsyssoftpath.code.tex 2013/09/09  (rcs-revision 1.9)
\pgfsyssoftpath@smallbuffer@items=\count126
\pgfsyssoftpath@bigbuffer@items=\count127
)
(/usr/share/texlive/texmf-dist/tex/generic/pgf/systemlayer/pgfsysprotocol.code.
tex
File: pgfsysprotocol.code.tex 2006/10/16  (rcs-revision 1.4)
)) (/usr/share/texlive/texmf-dist/tex/latex/xcolor/xcolor.sty
Package: xcolor 2016/05/11 v2.12 LaTeX color extensions (UK)

(/usr/share/texlive/texmf-dist/tex/latex/graphics-cfg/color.cfg
File: color.cfg 2016/01/02 v1.6 sample color configuration
)
Package xcolor Info: Driver file: pdftex.def on input line 225.
Package xcolor Info: Model `cmy' substituted by `cmy0' on input line 1348.
Package xcolor Info: Model `hsb' substituted by `rgb' on input line 1352.
Package xcolor Info: Model `RGB' extended on input line 1364.
Package xcolor Info: Model `HTML' substituted by `rgb' on input line 1366.
Package xcolor Info: Model `Hsb' substituted by `hsb' on input line 1367.
Package xcolor Info: Model `tHsb' substituted by `hsb' on input line 1368.
Package xcolor Info: Model `HSB' substituted by `hsb' on input line 1369.
Package xcolor Info: Model `Gray' substituted by `gray' on input line 1370.
Package xcolor Info: Model `wave' substituted by `hsb' on input line 1371.
)
(/usr/share/texlive/texmf-dist/tex/generic/pgf/basiclayer/pgfcore.code.tex
Package: pgfcore 2010/04/11 v3.0.1a (rcs-revision 1.7)

(/usr/share/texlive/texmf-dist/tex/generic/pgf/math/pgfmath.code.tex
(/usr/share/texlive/texmf-dist/tex/generic/pgf/math/pgfmathcalc.code.tex
(/usr/share/texlive/texmf-dist/tex/generic/pgf/math/pgfmathutil.code.tex)
(/usr/share/texlive/texmf-dist/tex/generic/pgf/math/pgfmathparser.code.tex
\pgfmath@dimen=\dimen133
\pgfmath@count=\count128
\pgfmath@box=\box35
\pgfmath@toks=\toks36
\pgfmath@stack@operand=\toks37
\pgfmath@stack@operation=\toks38
)
(/usr/share/texlive/texmf-dist/tex/generic/pgf/math/pgfmathfunctions.code.tex
(/usr/share/texlive/texmf-dist/tex/generic/pgf/math/pgfmathfunctions.basic.code
.tex)
(/usr/share/texlive/texmf-dist/tex/generic/pgf/math/pgfmathfunctions.trigonomet
ric.code.tex)
(/usr/share/texlive/texmf-dist/tex/generic/pgf/math/pgfmathfunctions.random.cod
e.tex)
(/usr/share/texlive/texmf-dist/tex/generic/pgf/math/pgfmathfunctions.comparison
.code.tex)
(/usr/share/texlive/texmf-dist/tex/generic/pgf/math/pgfmathfunctions.base.code.
tex)
(/usr/share/texlive/texmf-dist/tex/generic/pgf/math/pgfmathfunctions.round.code
.tex)
(/usr/share/texlive/texmf-dist/tex/generic/pgf/math/pgfmathfunctions.misc.code.
tex)
(/usr/share/texlive/texmf-dist/tex/generic/pgf/math/pgfmathfunctions.integerari
thmetics.code.tex)))
(/usr/share/texlive/texmf-dist/tex/generic/pgf/math/pgfmathfloat.code.tex
\c@pgfmathroundto@lastzeros=\count129
))
(/usr/share/texlive/texmf-dist/tex/generic/pgf/basiclayer/pgfcorepoints.code.te
x
File: pgfcorepoints.code.tex 2013/10/07  (rcs-revision 1.27)
\pgf@picminx=\dimen134
\pgf@picmaxx=\dimen135
\pgf@picminy=\dimen136
\pgf@picmaxy=\dimen137
\pgf@pathminx=\dimen138
\pgf@pathmaxx=\dimen139
\pgf@pathminy=\dimen140
\pgf@pathmaxy=\dimen141
\pgf@xx=\dimen142
\pgf@xy=\dimen143
\pgf@yx=\dimen144
\pgf@yy=\dimen145
\pgf@zx=\dimen146
\pgf@zy=\dimen147
)
(/usr/share/texlive/texmf-dist/tex/generic/pgf/basiclayer/pgfcorepathconstruct.
code.tex
File: pgfcorepathconstruct.code.tex 2013/10/07  (rcs-revision 1.29)
\pgf@path@lastx=\dimen148
\pgf@path@lasty=\dimen149
)
(/usr/share/texlive/texmf-dist/tex/generic/pgf/basiclayer/pgfcorepathusage.code
.tex
File: pgfcorepathusage.code.tex 2014/11/02  (rcs-revision 1.24)
\pgf@shorten@end@additional=\dimen150
\pgf@shorten@start@additional=\dimen151
)
(/usr/share/texlive/texmf-dist/tex/generic/pgf/basiclayer/pgfcorescopes.code.te
x
File: pgfcorescopes.code.tex 2015/05/08  (rcs-revision 1.46)
\pgfpic=\box36
\pgf@hbox=\box37
\pgf@layerbox@main=\box38
\pgf@picture@serial@count=\count130
)
(/usr/share/texlive/texmf-dist/tex/generic/pgf/basiclayer/pgfcoregraphicstate.c
ode.tex
File: pgfcoregraphicstate.code.tex 2014/11/02  (rcs-revision 1.12)
\pgflinewidth=\dimen152
)
(/usr/share/texlive/texmf-dist/tex/generic/pgf/basiclayer/pgfcoretransformation
s.code.tex
File: pgfcoretransformations.code.tex 2015/08/07  (rcs-revision 1.20)
\pgf@pt@x=\dimen153
\pgf@pt@y=\dimen154
\pgf@pt@temp=\dimen155
)
(/usr/share/texlive/texmf-dist/tex/generic/pgf/basiclayer/pgfcorequick.code.tex
File: pgfcorequick.code.tex 2008/10/09  (rcs-revision 1.3)
)
(/usr/share/texlive/texmf-dist/tex/generic/pgf/basiclayer/pgfcoreobjects.code.t
ex
File: pgfcoreobjects.code.tex 2006/10/11  (rcs-revision 1.2)
)
(/usr/share/texlive/texmf-dist/tex/generic/pgf/basiclayer/pgfcorepathprocessing
.code.tex
File: pgfcorepathprocessing.code.tex 2013/09/09  (rcs-revision 1.9)
)
(/usr/share/texlive/texmf-dist/tex/generic/pgf/basiclayer/pgfcorearrows.code.te
x
File: pgfcorearrows.code.tex 2015/05/14  (rcs-revision 1.43)
\pgfarrowsep=\dimen156
)
(/usr/share/texlive/texmf-dist/tex/generic/pgf/basiclayer/pgfcoreshade.code.tex
File: pgfcoreshade.code.tex 2013/07/15  (rcs-revision 1.15)
\pgf@max=\dimen157
\pgf@sys@shading@range@num=\count131
)
(/usr/share/texlive/texmf-dist/tex/generic/pgf/basiclayer/pgfcoreimage.code.tex
File: pgfcoreimage.code.tex 2013/07/15  (rcs-revision 1.18)

(/usr/share/texlive/texmf-dist/tex/generic/pgf/basiclayer/pgfcoreexternal.code.
tex
File: pgfcoreexternal.code.tex 2014/07/09  (rcs-revision 1.21)
\pgfexternal@startupbox=\box39
))
(/usr/share/texlive/texmf-dist/tex/generic/pgf/basiclayer/pgfcorelayers.code.te
x
File: pgfcorelayers.code.tex 2013/07/18  (rcs-revision 1.7)
)
(/usr/share/texlive/texmf-dist/tex/generic/pgf/basiclayer/pgfcoretransparency.c
ode.tex
File: pgfcoretransparency.code.tex 2013/09/30  (rcs-revision 1.5)
)
(/usr/share/texlive/texmf-dist/tex/generic/pgf/basiclayer/pgfcorepatterns.code.
tex
File: pgfcorepatterns.code.tex 2013/11/07  (rcs-revision 1.5)
)))
(/usr/share/texlive/texmf-dist/tex/generic/pgf/modules/pgfmoduleshapes.code.tex
File: pgfmoduleshapes.code.tex 2014/03/21  (rcs-revision 1.35)
\pgfnodeparttextbox=\box40
) (/usr/share/texlive/texmf-dist/tex/generic/pgf/modules/pgfmoduleplot.code.tex
File: pgfmoduleplot.code.tex 2015/08/03  (rcs-revision 1.13)
)
(/usr/share/texlive/texmf-dist/tex/latex/pgf/compatibility/pgfcomp-version-0-65
.sty
Package: pgfcomp-version-0-65 2007/07/03 v3.0.1a (rcs-revision 1.7)
\pgf@nodesepstart=\dimen158
\pgf@nodesepend=\dimen159
)
(/usr/share/texlive/texmf-dist/tex/latex/pgf/compatibility/pgfcomp-version-1-18
.sty
Package: pgfcomp-version-1-18 2007/07/23 v3.0.1a (rcs-revision 1.1)
)) (/usr/share/texlive/texmf-dist/tex/latex/pgf/utilities/pgffor.sty
(/usr/share/texlive/texmf-dist/tex/latex/pgf/utilities/pgfkeys.sty
(/usr/share/texlive/texmf-dist/tex/generic/pgf/utilities/pgfkeys.code.tex))
(/usr/share/texlive/texmf-dist/tex/latex/pgf/math/pgfmath.sty
(/usr/share/texlive/texmf-dist/tex/generic/pgf/math/pgfmath.code.tex))
(/usr/share/texlive/texmf-dist/tex/generic/pgf/utilities/pgffor.code.tex
Package: pgffor 2013/12/13 v3.0.1a (rcs-revision 1.25)

(/usr/share/texlive/texmf-dist/tex/generic/pgf/math/pgfmath.code.tex)
\pgffor@iter=\dimen160
\pgffor@skip=\dimen161
\pgffor@stack=\toks39
\pgffor@toks=\toks40
))
(/usr/share/texlive/texmf-dist/tex/generic/pgf/frontendlayer/tikz/tikz.code.tex
Package: tikz 2015/08/07 v3.0.1a (rcs-revision 1.151)

(/usr/share/texlive/texmf-dist/tex/generic/pgf/libraries/pgflibraryplothandlers
.code.tex
File: pgflibraryplothandlers.code.tex 2013/08/31 v3.0.1a (rcs-revision 1.20)
\pgf@plot@mark@count=\count132
\pgfplotmarksize=\dimen162
)
\tikz@lastx=\dimen163
\tikz@lasty=\dimen164
\tikz@lastxsaved=\dimen165
\tikz@lastysaved=\dimen166
\tikzleveldistance=\dimen167
\tikzsiblingdistance=\dimen168
\tikz@figbox=\box41
\tikz@figbox@bg=\box42
\tikz@tempbox=\box43
\tikz@tempbox@bg=\box44
\tikztreelevel=\count133
\tikznumberofchildren=\count134
\tikznumberofcurrentchild=\count135
\tikz@fig@count=\count136

(/usr/share/texlive/texmf-dist/tex/generic/pgf/modules/pgfmodulematrix.code.tex
File: pgfmodulematrix.code.tex 2013/09/17  (rcs-revision 1.8)
\pgfmatrixcurrentrow=\count137
\pgfmatrixcurrentcolumn=\count138
\pgf@matrix@numberofcolumns=\count139
)
\tikz@expandcount=\count140

(/usr/share/texlive/texmf-dist/tex/generic/pgf/frontendlayer/tikz/libraries/tik
zlibrarytopaths.code.tex
File: tikzlibrarytopaths.code.tex 2008/06/17 v3.0.1a (rcs-revision 1.2)
)))
(/usr/share/texlive/texmf-dist/tex/latex/colortbl/colortbl.sty
Package: colortbl 2012/02/13 v1.0a Color table columns (DPC)

(/usr/share/texlive/texmf-dist/tex/latex/tools/array.sty
Package: array 2016/10/06 v2.4d Tabular extension package (FMi)
\col@sep=\dimen169
\extrarowheight=\dimen170
\NC@list=\toks41
\extratabsurround=\skip57
\backup@length=\skip58
)
\everycr=\toks42
\minrowclearance=\skip59
)
(/usr/share/texlive/texmf-dist/tex/latex/graphics/rotating.sty
Package: rotating 2016/08/11 v2.16d rotated objects in LaTeX
\c@r@tfl@t=\count141
\rotFPtop=\skip60
\rotFPbot=\skip61
\rot@float@box=\box45
\rot@mess@toks=\toks43
)
(/usr/share/texlive/texmf-dist/tex/generic/pgf/frontendlayer/tikz/libraries/tik
zlibrarycalc.code.tex
File: tikzlibrarycalc.code.tex 2013/07/15 v3.0.1a (rcs-revision 1.9)
)
(/usr/share/texlive/texmf-dist/tex/generic/pgf/frontendlayer/tikz/libraries/tik
zlibraryplotmarks.code.tex
File: tikzlibraryplotmarks.code.tex 2008/01/09 v3.0.1a (rcs-revision 1.1)

(/usr/share/texlive/texmf-dist/tex/generic/pgf/libraries/pgflibraryplotmarks.co
de.tex
File: pgflibraryplotmarks.code.tex 2015/08/03 v3.0.1a (rcs-revision 1.14)
))
(/usr/share/texlive/texmf-dist/tex/generic/pgf/frontendlayer/tikz/libraries/tik
zlibraryshapes.code.tex
File: tikzlibraryshapes.code.tex 2008/01/09 v3.0.1a (rcs-revision 1.1)

(/usr/share/texlive/texmf-dist/tex/generic/pgf/frontendlayer/tikz/libraries/tik
zlibraryshapes.geometric.code.tex
File: tikzlibraryshapes.geometric.code.tex 2008/01/09 v3.0.1a (rcs-revision 1.1
)

(/usr/share/texlive/texmf-dist/tex/generic/pgf/libraries/shapes/pgflibraryshape
s.geometric.code.tex
File: pgflibraryshapes.geometric.code.tex 2008/06/26 v3.0.1a (rcs-revision 1.1)

))
(/usr/share/texlive/texmf-dist/tex/generic/pgf/frontendlayer/tikz/libraries/tik
zlibraryshapes.misc.code.tex
File: tikzlibraryshapes.misc.code.tex 2008/01/09 v3.0.1a (rcs-revision 1.1)

(/usr/share/texlive/texmf-dist/tex/generic/pgf/libraries/shapes/pgflibraryshape
s.misc.code.tex
File: pgflibraryshapes.misc.code.tex 2013/07/18 v3.0.1a (rcs-revision 1.5)
))
(/usr/share/texlive/texmf-dist/tex/generic/pgf/frontendlayer/tikz/libraries/tik
zlibraryshapes.symbols.code.tex
File: tikzlibraryshapes.symbols.code.tex 2008/01/09 v3.0.1a (rcs-revision 1.1)

(/usr/share/texlive/texmf-dist/tex/generic/pgf/libraries/shapes/pgflibraryshape
s.symbols.code.tex
File: pgflibraryshapes.symbols.code.tex 2013/09/11 v3.0.1a (rcs-revision 1.6)
))
(/usr/share/texlive/texmf-dist/tex/generic/pgf/frontendlayer/tikz/libraries/tik
zlibraryshapes.arrows.code.tex
File: tikzlibraryshapes.arrows.code.tex 2008/01/09 v3.0.1a (rcs-revision 1.1)

(/usr/share/texlive/texmf-dist/tex/generic/pgf/libraries/shapes/pgflibraryshape
s.arrows.code.tex
File: pgflibraryshapes.arrows.code.tex 2008/06/26 v3.0.1a (rcs-revision 1.1)
))
(/usr/share/texlive/texmf-dist/tex/generic/pgf/frontendlayer/tikz/libraries/tik
zlibraryshapes.callouts.code.tex
(/usr/share/texlive/texmf-dist/tex/generic/pgf/libraries/shapes/pgflibraryshape
s.callouts.code.tex))
(/usr/share/texlive/texmf-dist/tex/generic/pgf/frontendlayer/tikz/libraries/tik
zlibraryshapes.multipart.code.tex
File: tikzlibraryshapes.multipart.code.tex 2008/01/09 v3.0.1a (rcs-revision 1.1
)

(/usr/share/texlive/texmf-dist/tex/generic/pgf/libraries/shapes/pgflibraryshape
s.multipart.code.tex
File: pgflibraryshapes.multipart.code.tex 2010/01/07 v3.0.1a (rcs-revision 1.2)

\pgfnodepartlowerbox=\box46
\pgfnodeparttwobox=\box47
\pgfnodepartthreebox=\box48
\pgfnodepartfourbox=\box49
\pgfnodeparttwentybox=\box50
\pgfnodepartnineteenbox=\box51
\pgfnodeparteighteenbox=\box52
\pgfnodepartseventeenbox=\box53
\pgfnodepartsixteenbox=\box54
\pgfnodepartfifteenbox=\box55
\pgfnodepartfourteenbox=\box56
\pgfnodepartthirteenbox=\box57
\pgfnodeparttwelvebox=\box58
\pgfnodepartelevenbox=\box59
\pgfnodeparttenbox=\box60
\pgfnodepartninebox=\box61
\pgfnodeparteightbox=\box62
\pgfnodepartsevenbox=\box63
\pgfnodepartsixbox=\box64
\pgfnodepartfivebox=\box65
)))
(/usr/share/texlive/texmf-dist/tex/generic/pgf/frontendlayer/tikz/libraries/tik
zlibrarydecorations.code.tex
(/usr/share/texlive/texmf-dist/tex/generic/pgf/modules/pgfmoduledecorations.cod
e.tex
\pgfdecoratedcompleteddistance=\dimen171
\pgfdecoratedremainingdistance=\dimen172
\pgfdecoratedinputsegmentcompleteddistance=\dimen173
\pgfdecoratedinputsegmentremainingdistance=\dimen174
\pgf@decorate@distancetomove=\dimen175
\pgf@decorate@repeatstate=\count142
\pgfdecorationsegmentamplitude=\dimen176
\pgfdecorationsegmentlength=\dimen177
)
\tikz@lib@dec@box=\box66
)
(/usr/share/texlive/texmf-dist/tex/generic/pgf/frontendlayer/tikz/libraries/tik
zlibrarydecorations.pathmorphing.code.tex
(/usr/share/texlive/texmf-dist/tex/generic/pgf/libraries/decorations/pgflibrary
decorations.pathmorphing.code.tex))
(/usr/share/texlive/texmf-dist/tex/generic/pgf/frontendlayer/tikz/libraries/tik
zlibrarydecorations.pathreplacing.code.tex
(/usr/share/texlive/texmf-dist/tex/generic/pgf/libraries/decorations/pgflibrary
decorations.pathreplacing.code.tex))
(/usr/share/texlive/texmf-dist/tex/generic/pgf/frontendlayer/tikz/libraries/tik
zlibrarydecorations.shapes.code.tex
(/usr/share/texlive/texmf-dist/tex/generic/pgf/libraries/decorations/pgflibrary
decorations.shapes.code.tex))
No file NeurcomputingNMBSPfinal.aux.
\openout1 = `NeurcomputingNMBSPfinal.aux'.

LaTeX Font Info:    Checking defaults for OML/cmm/m/it on input line 68.
LaTeX Font Info:    ... okay on input line 68.
LaTeX Font Info:    Checking defaults for T1/cmr/m/n on input line 68.
LaTeX Font Info:    ... okay on input line 68.
LaTeX Font Info:    Checking defaults for OT1/cmr/m/n on input line 68.
LaTeX Font Info:    ... okay on input line 68.
LaTeX Font Info:    Checking defaults for OMS/cmsy/m/n on input line 68.
LaTeX Font Info:    ... okay on input line 68.
LaTeX Font Info:    Checking defaults for OMX/cmex/m/n on input line 68.
LaTeX Font Info:    ... okay on input line 68.
LaTeX Font Info:    Checking defaults for U/cmr/m/n on input line 68.
LaTeX Font Info:    ... okay on input line 68.
(/usr/share/texlive/texmf-dist/tex/context/base/mkii/supp-pdf.mkii
[Loading MPS to PDF converter (version 2006.09.02).]
\scratchcounter=\count143
\scratchdimen=\dimen178
\scratchbox=\box67
\nofMPsegments=\count144
\nofMParguments=\count145
\everyMPshowfont=\toks44
\MPscratchCnt=\count146
\MPscratchDim=\dimen179
\MPnumerator=\count147
\makeMPintoPDFobject=\count148
\everyMPtoPDFconversion=\toks45
) (/usr/share/texlive/texmf-dist/tex/latex/oberdiek/epstopdf-base.sty
Package: epstopdf-base 2016/05/15 v2.6 Base part for package epstopdf

(/usr/share/texlive/texmf-dist/tex/generic/oberdiek/infwarerr.sty
Package: infwarerr 2016/05/16 v1.4 Providing info/warning/error messages (HO)
)
(/usr/share/texlive/texmf-dist/tex/latex/oberdiek/grfext.sty
Package: grfext 2016/05/16 v1.2 Manage graphics extensions (HO)

(/usr/share/texlive/texmf-dist/tex/generic/oberdiek/kvdefinekeys.sty
Package: kvdefinekeys 2016/05/16 v1.4 Define keys (HO)

(/usr/share/texlive/texmf-dist/tex/generic/oberdiek/ltxcmds.sty
Package: ltxcmds 2016/05/16 v1.23 LaTeX kernel commands for general use (HO)
)))
(/usr/share/texlive/texmf-dist/tex/latex/oberdiek/kvoptions.sty
Package: kvoptions 2016/05/16 v3.12 Key value format for package options (HO)

(/usr/share/texlive/texmf-dist/tex/generic/oberdiek/kvsetkeys.sty
Package: kvsetkeys 2016/05/16 v1.17 Key value parser (HO)

(/usr/share/texlive/texmf-dist/tex/generic/oberdiek/etexcmds.sty
Package: etexcmds 2016/05/16 v1.6 Avoid name clashes with e-TeX commands (HO)

(/usr/share/texlive/texmf-dist/tex/generic/oberdiek/ifluatex.sty
Package: ifluatex 2016/05/16 v1.4 Provides the ifluatex switch (HO)
Package ifluatex Info: LuaTeX not detected.
)
Package etexcmds Info: Could not find \expanded.
(etexcmds)             That can mean that you are not using pdfTeX 1.50 or
(etexcmds)             that some package has redefined \expanded.
(etexcmds)             In the latter case, load this package earlier.
)))
(/usr/share/texlive/texmf-dist/tex/generic/oberdiek/pdftexcmds.sty
Package: pdftexcmds 2018/01/21 v0.26 Utility functions of pdfTeX for LuaTeX (HO
)

(/usr/share/texlive/texmf-dist/tex/generic/oberdiek/ifpdf.sty
Package: ifpdf 2017/03/15 v3.2 Provides the ifpdf switch
)
Package pdftexcmds Info: LuaTeX not detected.
Package pdftexcmds Info: \pdf@primitive is available.
Package pdftexcmds Info: \pdf@ifprimitive is available.
Package pdftexcmds Info: \pdfdraftmode found.
)
Package epstopdf-base Info: Redefining graphics rule for `.eps' on input line 4
38.
Package grfext Info: Graphics extension search list:
(grfext)             [.pdf,.png,.jpg,.mps,.jpeg,.jbig2,.jb2,.PDF,.PNG,.JPG,.JPE
G,.JBIG2,.JB2,.eps]
(grfext)             \AppendGraphicsExtensions on input line 456.

(/usr/share/texlive/texmf-dist/tex/latex/latexconfig/epstopdf-sys.cfg
File: epstopdf-sys.cfg 2010/07/13 v1.3 Configuration of (r)epstopdf for TeX Liv
e
))
LaTeX Info: Redefining \degres on input line 68.


Package french.ldf Warning: Figures' and tables' captions might look like
(french.ldf)                `Figure 1:' in French instead of `Figure 1 :'.
(french.ldf)                If it happens, see your class documentation to
(french.ldf)                fix this issue or add AFTER babel/french
(french.ldf)                \usepackage[labelsep=period]{caption} or
(french.ldf)                \usepackage[labelsep=endash]{caption} or
(french.ldf)                or ... live with it; reported on input line 68.

LaTeX Info: Redefining \dots on input line 68.
LaTeX Info: Redefining \up on input line 68.
ABD: EveryShipout initializing macros

Package natbib Warning: Citation `wsom12' on page 1 undefined on input line 85.


LaTeX Font Info:    Try loading font information for U+msa on input line 92.
(/usr/share/texlive/texmf-dist/tex/latex/amsfonts/umsa.fd
File: umsa.fd 2013/01/14 v3.01 AMS symbols A
)
LaTeX Font Info:    Try loading font information for U+msb on input line 92.

(/usr/share/texlive/texmf-dist/tex/latex/amsfonts/umsb.fd
File: umsb.fd 2013/01/14 v3.01 AMS symbols B
)
LaTeX Font Info:    Try loading font information for T1+cmtt on input line 92.

(/usr/share/texlive/texmf-dist/tex/latex/base/t1cmtt.fd
File: t1cmtt.fd 2014/09/29 v2.5h Standard LaTeX font definitions
)
Underfull \hbox (badness 10000) in paragraph at lines 99--100

 []


Underfull \hbox (badness 10000) in paragraph at lines 101--102

 []


Package natbib Warning: Citation `lamasse2012' on page 1 undefined on input lin
e 105.

[1


{/var/lib/texmf/fonts/map/pdftex/updmap/pdftex.map}]

LaTeX Warning: Reference `corpus' on page 2 undefined on input line 112.


LaTeX Warning: Reference `method' on page 2 undefined on input line 112.


LaTeX Warning: Reference `analysis' on page 2 undefined on input line 112.


Package natbib Warning: Citation `beaujouanplace1988' on page 2 undefined on in
put line 116.


Package natbib Warning: Citation `spiesserarithmetique2003' on page 2 undefined
 on input line 116.


Package natbib Warning: Citation `benoitrecherches1985' on page 2 undefined on 
input line 116.


Package natbib Warning: Citation `lamasse2012' on page 2 undefined on input lin
e 116.


Package natbib Warning: Citation `prost1988' on page 2 undefined on input line 
116.


Package natbib Warning: Citation `Mayaffre2005' on page 2 undefined on input li
ne 116.


Package natbib Warning: Citation `Rastier2011' on page 2 undefined on input lin
e 116.


Underfull \hbox (badness 10000) in paragraph at lines 116--117

 []


LaTeX Warning: Reference `tab:chronomss' on page 2 undefined on input line 118.



Overfull \hbox (3.18636pt too wide) in paragraph at lines 128--128
\T1/cmr/bx/n/9 oc-cur-rences| 
 []


Underfull \hbox (badness 10000) in paragraph at lines 128--128
[]|\T1/cmr/bx/n/9 Number
 []


Underfull \hbox (badness 10000) in paragraph at lines 131--131
[]|\T1/cmr/m/n/9 Mathieu
 []


Underfull \hbox (badness 1424) in paragraph at lines 132--132
[]|\T1/cmr/m/n/9 Bibl. nat. Fr. 1346,
 []


Underfull \hbox (badness 10000) in paragraph at lines 132--132
\T1/cmr/m/n/9 Com-mer-cial ap-pendix of
 []


Underfull \hbox (badness 10000) in paragraph at lines 132--132
[]|\T1/cmr/m/n/9 Nicolas
 []


Underfull \hbox (badness 10000) in paragraph at lines 134--134
[]|\T1/cmr/m/n/9 Jean
 []


Underfull \hbox (badness 10000) in paragraph at lines 135--135
[]|\T1/cmr/m/n/9 Jean
 []


Underfull \hbox (badness 10000) in paragraph at lines 147--148

 []

[2]

Package natbib Warning: Citation `martinezcontribution2003' on page 3 undefined
 on input line 149.


Underfull \hbox (badness 10000) in paragraph at lines 149--150

 []


Package natbib Warning: Citation `brunet2000' on page 3 undefined on input line
 151.


Underfull \hbox (badness 10000) in paragraph at lines 153--154

 []


Package natbib Warning: Citation `Morrison1967' on page 3 undefined on input li
ne 166.


Package natbib Warning: Citation `Benzecri1992' on page 3 undefined on input li
ne 168.


Package natbib Warning: Citation `Lebart1984' on page 3 undefined on input line
 168.


LaTeX Warning: Reference `fig:CA12' on page 3 undefined on input line 176.


LaTeX Warning: Reference `fig:CA34' on page 3 undefined on input line 176.

Missing character: There is no ; in font nullfont!
Missing character: There is no ; in font nullfont!
Missing character: There is no ; in font nullfont!
Missing character: There is no ; in font nullfont!
Missing character: There is no ; in font nullfont!
Missing character: There is no ; in font nullfont!

LaTeX Warning: `!h' float specifier changed to `!ht'.

Missing character: There is no ; in font nullfont!
Missing character: There is no ; in font nullfont!
Missing character: There is no ; in font nullfont!
Missing character: There is no ; in font nullfont!
Missing character: There is no ; in font nullfont!
Missing character: There is no ; in font nullfont!

LaTeX Warning: `!h' float specifier changed to `!ht'.


Underfull \hbox (badness 10000) in paragraph at lines 319--320

 []

[3]
Underfull \hbox (badness 10000) in paragraph at lines 321--322

 []


Underfull \hbox (badness 10000) in paragraph at lines 323--324

 []

[4]
Underfull \hbox (badness 10000) in paragraph at lines 327--328

 []


Underfull \hbox (badness 10000) in paragraph at lines 329--330

 []


Underfull \hbox (badness 10000) in paragraph at lines 331--332

 []


Package natbib Warning: Citation `oja99' on page 5 undefined on input line 335.



Package natbib Warning: Citation `kohonen99' on page 5 undefined on input line 
335.


Package natbib Warning: Citation `lagus99' on page 5 undefined on input line 33
5.


Package natbib Warning: Citation `lagus04' on page 5 undefined on input line 33
5.


Package natbib Warning: Citation `rauber03' on page 5 undefined on input line 3
35.


Package natbib Warning: Citation `yang04' on page 5 undefined on input line 335
.


Package natbib Warning: Citation `honkela' on page 5 undefined on input line 33
5.

[5]
Underfull \hbox (badness 10000) in paragraph at lines 339--340

 []


LaTeX Warning: Reference `fcadef' on page 6 undefined on input line 341.


Package natbib Warning: Citation `cottrell98' on page 6 undefined on input line
 341.


Package natbib Warning: Citation `cottrell05' on page 6 undefined on input line
 341.


Underfull \hbox (badness 10000) in paragraph at lines 341--342

 []


LaTeX Warning: Reference `fcadef' on page 6 undefined on input line 343.


LaTeX Warning: Reference `normalization' on page 6 undefined on input line 343.



Underfull \hbox (badness 10000) in paragraph at lines 350--352

 []


LaTeX Warning: Reference `fig:latefig' on page 6 undefined on input line 361.

[6]
LaTeX Font Info:    Try loading font information for OMS+cmr on input line 419.

 (/usr/share/texlive/texmf-dist/tex/latex/base/omscmr.fd
File: omscmr.fd 2014/09/29 v2.5h Standard LaTeX font definitions
)
LaTeX Font Info:    Font shape `OMS/cmr/m/n' in size <10> not available
(Font)              Font shape `OMS/cmsy/m/n' tried instead on input line 419.

Underfull \hbox (badness 10000) in paragraph at lines 424--425

 []


LaTeX Warning: Reference `fig:koho1' on page 7 undefined on input line 426.


Underfull \hbox (badness 10000) in paragraph at lines 426--427

 []


LaTeX Warning: Reference `fig:robsteph' on page 7 undefined on input line 428.


LaTeX Warning: Reference `fig:koho1' on page 7 undefined on input line 429.


LaTeX Warning: Reference `fig:koho2' on page 7 undefined on input line 429.


Underfull \hbox (badness 10000) in paragraph at lines 428--430

 []

[7]
Underfull \hbox (badness 10000) in paragraph at lines 461--461
[]|\T1/cmr/m/n/10 minutes
 []


Underfull \hbox (badness 10000) in paragraph at lines 461--461
[]|\T1/cmr/m/n/10 calculer
 []


Underfull \hbox (badness 7540) in paragraph at lines 461--461
[]|\T1/cmr/m/n/10 fois met-tre
 []


Underfull \hbox (badness 10000) in paragraph at lines 461--461
[]|\T1/cmr/m/n/10 contraire
 []


Underfull \hbox (badness 10000) in paragraph at lines 461--461
\T1/cmr/m/n/10 de-penser
 []


Underfull \hbox (badness 10000) in paragraph at lines 461--461
[]|\T1/cmr/m/n/10 aller donc
 []


Underfull \hbox (badness 10000) in paragraph at lines 461--461
\T1/cmr/m/n/10 en-suivre
 []


Underfull \hbox (badness 10000) in paragraph at lines 461--461
[]|\T1/cmr/m/n/10 barrater
 []


Underfull \hbox (badness 10000) in paragraph at lines 461--461
[]|\T1/cmr/m/n/10 defaillir
 []


Underfull \hbox (badness 10000) in paragraph at lines 461--461
\T1/cmr/m/n/10 du-pla-tion
 []


Underfull \hbox (badness 10000) in paragraph at lines 461--461
\T1/cmr/m/n/10 me-di-a-tion
 []


Underfull \hbox (badness 10000) in paragraph at lines 461--461
\T1/cmr/m/n/10 nom-mer
 []


Underfull \hbox (badness 10000) in paragraph at lines 461--461
\T1/cmr/m/n/10 nu-mer-a-tion
 []


Underfull \hbox (badness 10000) in paragraph at lines 461--461
[]|\T1/cmr/m/n/10 circulaires
 []


Underfull \hbox (badness 10000) in paragraph at lines 461--461
\T1/cmr/m/n/10 de-meurer
 []


Underfull \hbox (badness 10000) in paragraph at lines 461--461
\T1/cmr/m/n/10 dere-nier
 []


Underfull \hbox (badness 10000) in paragraph at lines 461--461
\T1/cmr/m/n/10 di-s-aine
 []


Underfull \hbox (badness 10000) in paragraph at lines 461--461
\T1/cmr/m/n/10 ecrire
 []


Underfull \hbox (badness 10000) in paragraph at lines 461--461
\T1/cmr/m/n/10 en-ten-dre
 []


Underfull \hbox (badness 10000) in paragraph at lines 461--461
\T1/cmr/m/n/10 formes
 []


Underfull \hbox (badness 10000) in paragraph at lines 461--461
\T1/cmr/m/n/10 nom-bra-teur
 []


Underfull \hbox (badness 10000) in paragraph at lines 461--461
[]|\T1/cmr/m/n/10 entrer
 []


Underfull \hbox (badness 10000) in paragraph at lines 461--461
[]|\T1/cmr/m/n/10 emprunter
 []


Underfull \hbox (badness 10000) in paragraph at lines 461--461
\T1/cmr/m/n/10 fig-ure
 []


Underfull \hbox (badness 10000) in paragraph at lines 461--461
[]|\T1/cmr/m/n/10 figure
 []


Underfull \hbox (badness 10000) in paragraph at lines 461--461
\T1/cmr/m/n/10 frac-tion
 []


Underfull \hbox (badness 6608) in paragraph at lines 461--461
\T1/cmr/m/n/10 muer rayes
 []


Underfull \hbox (badness 10000) in paragraph at lines 461--461
[]|\T1/cmr/m/n/10 denomi-
 []


Underfull \hbox (badness 10000) in paragraph at lines 461--461
\T1/cmr/m/n/10 na-tions
 []


Underfull \hbox (badness 10000) in paragraph at lines 461--461
\T1/cmr/m/n/10 multipli-
 []


Underfull \hbox (badness 10000) in paragraph at lines 461--461
\T1/cmr/m/n/10 cateur
 []


Underfull \hbox (badness 10000) in paragraph at lines 461--461
\T1/cmr/m/n/10 nom-i-na-teur
 []


Underfull \hbox (badness 10000) in paragraph at lines 461--461
[]|\T1/cmr/m/n/10 abaisser
 []


Underfull \hbox (badness 10000) in paragraph at lines 461--461
\T1/cmr/m/n/10 comptes
 []


Underfull \hbox (badness 10000) in paragraph at lines 461--461
\T1/cmr/m/n/10 en-droit
 []


Underfull \hbox (badness 10000) in paragraph at lines 461--461
[]|\T1/cmr/m/n/10 anteriorer
 []


Underfull \hbox (badness 10000) in paragraph at lines 461--461
\T1/cmr/m/n/10 diminu-tion
 []


Overfull \hbox (4.03687pt too wide) in paragraph at lines 461--461
\T1/cmr/m/n/10 en-seigne-ment
 []


Underfull \hbox (badness 10000) in paragraph at lines 461--461
\T1/cmr/m/n/10 en-seigner
 []


Underfull \hbox (badness 10000) in paragraph at lines 461--461
\T1/cmr/m/n/10 moyen
 []


Underfull \hbox (badness 10000) in paragraph at lines 461--461
\T1/cmr/m/n/10 sig-nifi-ant
 []


Underfull \hbox (badness 10000) in paragraph at lines 461--461
\T1/cmr/m/n/10 sur-plus
 []


Underfull \hbox (badness 10000) in paragraph at lines 461--461
[]|\T1/cmr/m/n/10 possible
 []


Underfull \hbox (badness 10000) in paragraph at lines 461--461
[]|\T1/cmr/m/n/10 difficile
 []


Underfull \hbox (badness 10000) in paragraph at lines 461--461
\T1/cmr/m/n/10 pro-gres-sion
 []


Underfull \hbox (badness 10000) in paragraph at lines 461--461
[]|\T1/cmr/m/n/10 monter
 []


Underfull \hbox (badness 10000) in paragraph at lines 461--461
\T1/cmr/m/n/10 multipli-
 []


Underfull \hbox (badness 10000) in paragraph at lines 461--461
\T1/cmr/m/n/10 cation
 []


Underfull \hbox (badness 10000) in paragraph at lines 461--461
\T1/cmr/m/n/10 pra-tique
 []


Underfull \hbox (badness 10000) in paragraph at lines 461--461
[]|\T1/cmr/m/n/10 generale
 []


Underfull \hbox (badness 10000) in paragraph at lines 461--461
\T1/cmr/m/n/10 latin
 []


Underfull \hbox (badness 10000) in paragraph at lines 461--461
\T1/cmr/m/n/10 nom-brer
 []


Underfull \hbox (badness 10000) in paragraph at lines 461--461
\T1/cmr/m/n/10 pro-por-tion
 []


Underfull \hbox (badness 10000) in paragraph at lines 461--461
\T1/cmr/m/n/10 re-duc-tion
 []


Underfull \hbox (badness 10000) in paragraph at lines 461--461
[]|\T1/cmr/m/n/10 denomi-
 []


Underfull \hbox (badness 10000) in paragraph at lines 461--461
[]|\T1/cmr/m/n/10 remotion
 []


Underfull \hbox (badness 10000) in paragraph at lines 461--461
[]|\T1/cmr/m/n/10 ensemble
 []


Underfull \hbox (badness 10000) in paragraph at lines 461--461
[]|\T1/cmr/m/n/10 partement
 []


Overfull \hbox (1.78741pt too wide) in paragraph at lines 461--461
[]|\T1/cmr/m/n/10 arithmetique
 []


Underfull \hbox (badness 10000) in paragraph at lines 461--461
\T1/cmr/m/n/10 compter
 []


Underfull \hbox (badness 10000) in paragraph at lines 461--461
[]|\T1/cmr/m/n/10 cubbement
 []


Underfull \hbox (badness 2027) in paragraph at lines 461--461
\T1/cmr/m/n/10 de-stre digit
 []


Underfull \hbox (badness 10000) in paragraph at lines 461--461
\T1/cmr/m/n/10 di-viser
 []


Underfull \hbox (badness 10000) in paragraph at lines 461--461
\T1/cmr/m/n/10 di-viseur
 []


Underfull \hbox (badness 10000) in paragraph at lines 461--461
\T1/cmr/m/n/10 di-vi-sion
 []


Underfull \hbox (badness 10000) in paragraph at lines 461--461
\T1/cmr/m/n/10 lignes
 []


Underfull \hbox (badness 10000) in paragraph at lines 461--461
\T1/cmr/m/n/10 nom-bre
 []


Overfull \hbox (8.81348pt too wide) in paragraph at lines 461--461
\T1/cmr/m/n/10 com-pose-querir| 
 []


Underfull \hbox (badness 10000) in paragraph at lines 461--461
[]|[]\T1/cmr/bx/n/10 DIRE[]
 []


Underfull \hbox (badness 10000) in paragraph at lines 461--461
[]|\T1/cmr/m/n/10 abreger
 []


Underfull \hbox (badness 10000) in paragraph at lines 461--461
\T1/cmr/m/n/10 lever
 []


Underfull \hbox (badness 10000) in paragraph at lines 461--461
\T1/cmr/m/n/10 prece-dent
 []


Underfull \hbox (badness 10000) in paragraph at lines 461--461
[]|\T1/cmr/m/n/10 moindre
 []


Underfull \hbox (badness 10000) in paragraph at lines 461--461
\T1/cmr/m/n/10 nom-bre
 []


Underfull \hbox (badness 10000) in paragraph at lines 461--461
\T1/cmr/bx/n/10 Nico-las
 []


Underfull \hbox (badness 10000) in paragraph at lines 461--461
[]|\T1/cmr/m/n/10 partir plus
 []


Underfull \hbox (badness 10000) in paragraph at lines 461--461
[]|\T1/cmr/m/n/10 egalir
 []


Underfull \hbox (badness 10000) in paragraph at lines 461--461
\T1/cmr/m/n/10 egaliser
 []


Underfull \hbox (badness 10000) in paragraph at lines 461--461
\T1/cmr/m/n/10 es-peces
 []


Underfull \hbox (badness 10000) in paragraph at lines 461--461
\T1/cmr/m/n/10 ques-tion
 []


Underfull \hbox (badness 10000) in paragraph at lines 461--461
[]|\T1/cmr/m/n/10 apparaitre
 []


Underfull \hbox (badness 10000) in paragraph at lines 461--461
\T1/cmr/m/n/10 po-si-tion
 []


Underfull \hbox (badness 10000) in paragraph at lines 461--461
[]|\T1/cmr/m/n/10 leurs
 []


Underfull \hbox (badness 10000) in paragraph at lines 461--461
\T1/cmr/m/n/10 pren-dre
 []


Underfull \hbox (badness 10000) in paragraph at lines 461--461
\T1/cmr/m/n/10 quant
 []


Underfull \hbox (badness 10000) in paragraph at lines 461--461
\T1/cmr/m/n/10 quan-te-fois
 []


Underfull \hbox (badness 10000) in paragraph at lines 461--461
\T1/cmr/m/n/10 re-ponse
 []


Underfull \hbox (badness 10000) in paragraph at lines 461--461
[]|\T1/cmr/m/n/10 commun
 []


Underfull \hbox (badness 10000) in paragraph at lines 461--461
\T1/cmr/m/n/10 ex-em-ple
 []


Underfull \hbox (badness 10000) in paragraph at lines 461--461
[]|\T1/cmr/m/n/10 algorisme
 []


Underfull \hbox (badness 10000) in paragraph at lines 461--461
\T1/cmr/m/n/10 ar-ti-cle
 []


Underfull \hbox (badness 10000) in paragraph at lines 461--461
\T1/cmr/m/n/10 car-rees
 []


Underfull \hbox (badness 10000) in paragraph at lines 461--461
\T1/cmr/m/n/10 cer-cle
 []


Underfull \hbox (badness 10000) in paragraph at lines 461--461
\T1/cmr/m/n/10 en-vient
 []


Underfull \hbox (badness 10000) in paragraph at lines 461--461
\T1/cmr/m/n/10 ligne
 []


Underfull \hbox (badness 10000) in paragraph at lines 461--461
\T1/cmr/m/n/10 pair sain
 []


Underfull \hbox (badness 10000) in paragraph at lines 461--461
[]|\T1/cmr/m/n/10 addition
 []


Underfull \hbox (badness 10000) in paragraph at lines 461--461
\T1/cmr/m/n/10 chiffre
 []


Underfull \hbox (badness 10000) in paragraph at lines 461--461
[]|\T1/cmr/m/n/10 double
 []


Underfull \hbox (badness 10000) in paragraph at lines 461--461
\T1/cmr/m/n/10 dou-bler
 []


Underfull \hbox (badness 10000) in paragraph at lines 461--461
[]|\T1/cmr/m/n/10 appeler
 []


Underfull \hbox (badness 10000) in paragraph at lines 461--461
\T1/cmr/m/n/10 don-ner
 []


Underfull \hbox (badness 10000) in paragraph at lines 461--461
\T1/cmr/m/n/10 maniere
 []


Underfull \hbox (badness 10000) in paragraph at lines 461--461
[]|\T1/cmr/m/n/10 bailler
 []


Underfull \hbox (badness 10000) in paragraph at lines 461--461
\T1/cmr/m/n/10 de-man-der
 []


Underfull \hbox (badness 10000) in paragraph at lines 461--461
\T1/cmr/m/n/10 mises
 []


Underfull \hbox (badness 10000) in paragraph at lines 461--461
\T1/cmr/m/n/10 nom-per
 []


Underfull \hbox (badness 10000) in paragraph at lines 461--461
\T1/cmr/m/n/10 pareille-ment
 []


Underfull \hbox (badness 10000) in paragraph at lines 461--461
[]|\T1/cmr/m/n/10 egale faire
 []


Underfull \hbox (badness 10000) in paragraph at lines 461--461
\T1/cmr/m/n/10 mon-trer
 []


Underfull \hbox (badness 10000) in paragraph at lines 461--461
\T1/cmr/m/n/10 nec-es-saire
 []


Underfull \hbox (badness 10000) in paragraph at lines 461--461
[]|\T1/cmr/m/n/10 demontrer
 []


Underfull \hbox (badness 10000) in paragraph at lines 461--461
[]|\T1/cmr/m/n/10 aliquot
 []


Underfull \hbox (badness 10000) in paragraph at lines 461--461
\T1/cmr/m/n/10 com-poser
 []


Underfull \hbox (badness 10000) in paragraph at lines 461--461
\T1/cmr/m/n/10 corps
 []


Underfull \hbox (badness 2818) in paragraph at lines 461--461
\T1/cmr/m/n/10 moins sub*
 []


Underfull \hbox (badness 10000) in paragraph at lines 461--461
[]|\T1/cmr/m/n/10 partant
 []


Underfull \hbox (badness 10000) in paragraph at lines 461--461
\T1/cmr/m/n/10 plaisir
 []


Overfull \hbox (2.92603pt too wide) in paragraph at lines 461--461
\T1/cmr/m/n/10 proportionel-
 []


Underfull \hbox (badness 10000) in paragraph at lines 461--461
\T1/cmr/m/n/10 le-ment
 []


Underfull \hbox (badness 10000) in paragraph at lines 461--461
\T1/cmr/m/n/10 re-querir
 []


Underfull \hbox (badness 10000) in paragraph at lines 461--461
[]|\T1/cmr/m/n/10 appartenir
 []


Underfull \hbox (badness 10000) in paragraph at lines 461--461
\T1/cmr/m/n/10 con-venir
 []


Underfull \hbox (badness 10000) in paragraph at lines 461--461
\T1/cmr/m/n/10 de-mande
 []


Underfull \hbox (badness 10000) in paragraph at lines 461--461
\T1/cmr/m/n/10 dif-fer-ence
 []


Underfull \hbox (badness 10000) in paragraph at lines 461--461
\T1/cmr/m/n/10 egaulx
 []


Underfull \hbox (badness 10000) in paragraph at lines 461--461
\T1/cmr/m/n/10 maieur
 []


Underfull \hbox (badness 10000) in paragraph at lines 461--461
\T1/cmr/m/n/10 sur-ven-dre
 []


Underfull \hbox (badness 10000) in paragraph at lines 461--461
[]|\T1/cmr/m/n/10 naturel
 []


Underfull \hbox (badness 10000) in paragraph at lines 461--461
\T1/cmr/m/n/10 roupt
 []


Underfull \hbox (badness 10000) in paragraph at lines 461--461
\T1/cmr/bx/n/10 Traicte
 []

Missing character: There is no ; in font nullfont!

Underfull \hbox (badness 1484) in paragraph at lines 487--487
[][][][]\T1/cmr/m/n/7 influenced by 
 []


LaTeX Warning: Reference `fig:koho1' on page 8 undefined on input line 493.


LaTeX Warning: Reference `fig:koho1' on page 8 undefined on input line 493.


Underfull \hbox (badness 10000) in paragraph at lines 521--521
[]|\T1/cmr/m/n/10 cautelle
 []


Underfull \hbox (badness 10000) in paragraph at lines 521--521
\T1/cmr/m/n/10 latin
 []


Underfull \hbox (badness 10000) in paragraph at lines 521--521
\T1/cmr/m/n/10 nom-brer
 []


Underfull \hbox (badness 10000) in paragraph at lines 521--521
[]|\T1/cmr/m/n/10 dessus
 []


Underfull \hbox (badness 10000) in paragraph at lines 521--521
[]|\T1/cmr/m/n/10 addition
 []


Underfull \hbox (badness 10000) in paragraph at lines 521--521
[]|\T1/cmr/m/n/10 compter
 []


Underfull \hbox (badness 10000) in paragraph at lines 521--521
\T1/cmr/m/n/10 dou-ble
 []


Underfull \hbox (badness 10000) in paragraph at lines 521--521
\T1/cmr/m/n/10 dou-bler
 []


Underfull \hbox (badness 10000) in paragraph at lines 521--521
\T1/cmr/m/n/10 mul-ti-plier
 []


Underfull \hbox (badness 10000) in paragraph at lines 521--521
[]|\T1/cmr/m/n/10 barrater
 []


Underfull \hbox (badness 10000) in paragraph at lines 521--521
\T1/cmr/m/n/10 con-traire
 []


Underfull \hbox (badness 10000) in paragraph at lines 521--521
\T1/cmr/m/n/10 de-penser
 []


Underfull \hbox (badness 10000) in paragraph at lines 521--521
[]|\T1/cmr/m/n/10 calculer
 []


Underfull \hbox (badness 10000) in paragraph at lines 521--521
\T1/cmr/m/n/10 cu-bic fois
 []


Underfull \hbox (badness 10000) in paragraph at lines 521--521
\T1/cmr/m/n/10 met-tre
 []


Underfull \hbox (badness 10000) in paragraph at lines 521--521
[]|\T1/cmr/m/n/10 article
 []


Underfull \hbox (badness 10000) in paragraph at lines 521--521
\T1/cmr/m/n/10 chiffre
 []


Underfull \hbox (badness 10000) in paragraph at lines 521--521
[]|\T1/cmr/m/n/10 demeurer
 []


Underfull \hbox (badness 10000) in paragraph at lines 521--521
[]|\T1/cmr/m/n/10 duplation
 []


Underfull \hbox (badness 10000) in paragraph at lines 521--521
[]|\T1/cmr/m/n/10 carrees
 []


Underfull \hbox (badness 10000) in paragraph at lines 521--521
\T1/cmr/m/n/10 cer-cle
 []


Underfull \hbox (badness 10000) in paragraph at lines 521--521
\T1/cmr/m/n/10 en-vient
 []


Underfull \hbox (badness 10000) in paragraph at lines 521--521
[]|\T1/cmr/m/n/10 progression
 []


Underfull \hbox (badness 10000) in paragraph at lines 521--521
[]|\T1/cmr/m/n/10 anteriorer
 []


Underfull \hbox (badness 10000) in paragraph at lines 521--521
\T1/cmr/m/n/10 cubbe-ment
 []


Underfull \hbox (badness 4582) in paragraph at lines 521--521
\T1/cmr/m/n/10 de-stre digit
 []


Underfull \hbox (badness 10000) in paragraph at lines 521--521
\T1/cmr/m/n/10 di-viser
 []


Underfull \hbox (badness 10000) in paragraph at lines 521--521
\T1/cmr/m/n/10 di-viseur
 []


Underfull \hbox (badness 10000) in paragraph at lines 521--521
\T1/cmr/m/n/10 di-vi-sion
 []


Overfull \hbox (14.02803pt too wide) in paragraph at lines 521--521
\T1/cmr/m/n/10 nom-bre-com-pose
 []


Underfull \hbox (badness 10000) in paragraph at lines 521--521
[]|\T1/cmr/m/n/10 egalir
 []


Underfull \hbox (badness 10000) in paragraph at lines 521--521
\T1/cmr/m/n/10 es-peces
 []


Underfull \hbox (badness 10000) in paragraph at lines 521--521
[]|\T1/cmr/m/n/10 algorisme
 []


Overfull \hbox (2.35616pt too wide) in paragraph at lines 521--521
[]|\T1/cmr/m/n/10 arithmetique
 []


Underfull \hbox (badness 10000) in paragraph at lines 521--521
\T1/cmr/m/n/10 cir-cu-laires
 []


Underfull \hbox (badness 10000) in paragraph at lines 521--521
\T1/cmr/m/n/10 mesurer
 []


Underfull \hbox (badness 10000) in paragraph at lines 521--521
[]|\T1/cmr/m/n/10 garder
 []


Underfull \hbox (badness 10000) in paragraph at lines 521--521
[]|\T1/cmr/m/n/10 disaine
 []


Underfull \hbox (badness 10000) in paragraph at lines 521--521
\T1/cmr/m/n/10 ecrire
 []


Underfull \hbox (badness 10000) in paragraph at lines 521--521
\T1/cmr/m/n/10 en-ten-dre
 []


Underfull \hbox (badness 10000) in paragraph at lines 521--521
\T1/cmr/m/n/10 nom-bra-teur
 []


Underfull \hbox (badness 10000) in paragraph at lines 521--521
[]|\T1/cmr/m/n/10 prouver
 []


Underfull \hbox (badness 10000) in paragraph at lines 521--521
[]|\T1/cmr/m/n/10 ajoutement
 []


Underfull \hbox (badness 10000) in paragraph at lines 521--521
\T1/cmr/m/n/10 ap-pa-raitre
 []


Underfull \hbox (badness 10000) in paragraph at lines 521--521
\T1/cmr/m/n/10 diminu-tion
 []


Underfull \hbox (badness 10000) in paragraph at lines 521--521
\T1/cmr/m/n/10 en-sem-ble
 []


Underfull \hbox (badness 10000) in paragraph at lines 521--521
\T1/cmr/m/n/10 par-tie
 []


Underfull \hbox (badness 10000) in paragraph at lines 521--521
\T1/cmr/m/n/10 prece-dent
 []


Underfull \hbox (badness 10000) in paragraph at lines 521--521
\T1/cmr/m/n/10 pro-poser
 []


Underfull \hbox (badness 10000) in paragraph at lines 521--521
[]|\T1/cmr/m/n/10 science
 []


Underfull \hbox (badness 10000) in paragraph at lines 521--521
[]|[]\T1/cmr/bx/n/10 DIRE[]
 []


Underfull \hbox (badness 10000) in paragraph at lines 521--521
[]|\T1/cmr/m/n/10 ajouter
 []


Underfull \hbox (badness 10000) in paragraph at lines 521--521
\T1/cmr/m/n/10 moitie
 []


Underfull \hbox (badness 10000) in paragraph at lines 521--521
\T1/cmr/m/n/10 po-si-tion
 []


Underfull \hbox (badness 10000) in paragraph at lines 521--521
\T1/cmr/m/n/10 pou-voir
 []


Underfull \hbox (badness 10000) in paragraph at lines 521--521
[]\T1/cmr/bx/n/10 RAI-SON[]
 []


Underfull \hbox (badness 1354) in paragraph at lines 521--521
[]|\T1/cmr/m/n/10 moins re-gle
 []


Underfull \hbox (badness 10000) in paragraph at lines 521--521
[]|\T1/cmr/m/n/10 avaluer
 []


Underfull \hbox (badness 10000) in paragraph at lines 521--521
\T1/cmr/m/n/10 dere-nier
 []


Underfull \hbox (badness 10000) in paragraph at lines 521--521
\T1/cmr/m/n/10 dif-fi-cile
 []


Underfull \hbox (badness 10000) in paragraph at lines 521--521
\T1/cmr/m/n/10 en-trer
 []


Underfull \hbox (badness 10000) in paragraph at lines 521--521
\T1/cmr/m/n/10 re-pon-dre
 []


Underfull \hbox (badness 10000) in paragraph at lines 521--521
[]|\T1/cmr/m/n/10 assembler
 []


Underfull \hbox (badness 10000) in paragraph at lines 521--521
[]|\T1/cmr/m/n/10 appeler
 []


Underfull \hbox (badness 10000) in paragraph at lines 521--521
\T1/cmr/m/n/10 com-poser
 []


Underfull \hbox (badness 1383) in paragraph at lines 521--521
[]|\T1/cmr/m/n/10 aller bailler
 []


Underfull \hbox (badness 10000) in paragraph at lines 521--521
[]|\T1/cmr/m/n/10 convenir
 []


Underfull \hbox (badness 10000) in paragraph at lines 521--521
\T1/cmr/m/n/10 de-mande
 []


Underfull \hbox (badness 10000) in paragraph at lines 521--521
\T1/cmr/m/n/10 de-man-der
 []


Underfull \hbox (badness 10000) in paragraph at lines 521--521
\T1/cmr/m/n/10 donc
 []


Underfull \hbox (badness 10000) in paragraph at lines 521--521
\T1/cmr/m/n/10 nom-per
 []


Underfull \hbox (badness 10000) in paragraph at lines 521--521
[]|\T1/cmr/m/n/10 pratique
 []


Underfull \hbox (badness 10000) in paragraph at lines 521--521
[]|\T1/cmr/m/n/10 ensuivre
 []


Underfull \hbox (badness 10000) in paragraph at lines 521--521
\T1/cmr/m/n/10 plaisir
 []


Underfull \hbox (badness 10000) in paragraph at lines 521--521
\T1/cmr/m/n/10 re-querir
 []


Underfull \hbox (badness 10000) in paragraph at lines 521--521
[]|\T1/cmr/m/n/10 emprunter
 []


Underfull \hbox (badness 10000) in paragraph at lines 521--521
\T1/cmr/m/n/10 de non
 []


Underfull \hbox (badness 10000) in paragraph at lines 521--521
\T1/cmr/m/n/10 rien muer
 []


Underfull \hbox (badness 10000) in paragraph at lines 521--521
\T1/cmr/m/n/10 par-ti-teur
 []


Underfull \hbox (badness 10000) in paragraph at lines 521--521
\T1/cmr/m/n/10 rayes
 []


Underfull \hbox (badness 10000) in paragraph at lines 521--521
\T1/cmr/m/n/10 re-garder
 []


Underfull \hbox (badness 10000) in paragraph at lines 521--521
\T1/cmr/m/n/10 retenir
 []


Overfull \hbox (4.53035pt too wide) in paragraph at lines 521--521
[]|\T1/cmr/m/n/10 denominateur
 []


Overfull \hbox (5.33571pt too wide) in paragraph at lines 521--521
\T1/cmr/m/n/10 mul-ti-pli-ca-tion| 
 []


Underfull \hbox (badness 10000) in paragraph at lines 521--521
[]|\T1/cmr/m/n/10 nulle
 []


Underfull \hbox (badness 10000) in paragraph at lines 521--521
[]|\T1/cmr/m/n/10 part
 []


Underfull \hbox (badness 10000) in paragraph at lines 521--521
[]|\T1/cmr/m/n/10 montrer
 []


Underfull \hbox (badness 10000) in paragraph at lines 521--521
[]|\T1/cmr/m/n/10 leurs
 []


Underfull \hbox (badness 10000) in paragraph at lines 521--521
\T1/cmr/m/n/10 nec-es-saire
 []


Underfull \hbox (badness 10000) in paragraph at lines 521--521
\T1/cmr/m/n/10 quant
 []


Underfull \hbox (badness 10000) in paragraph at lines 521--521
[]|\T1/cmr/m/n/10 comptes
 []


Underfull \hbox (badness 10000) in paragraph at lines 521--521
\T1/cmr/m/n/10 en-droit
 []


Overfull \hbox (2.61415pt too wide) in paragraph at lines 521--521
\T1/cmr/m/n/10 en-seigne-ment
 []


Underfull \hbox (badness 10000) in paragraph at lines 521--521
\T1/cmr/m/n/10 en-seigner
 []


Underfull \hbox (badness 10000) in paragraph at lines 521--521
\T1/cmr/m/n/10 nom-mer
 []


Underfull \hbox (badness 10000) in paragraph at lines 521--521
\T1/cmr/m/n/10 sen-estre
 []


Underfull \hbox (badness 10000) in paragraph at lines 521--521
\T1/cmr/m/n/10 sur-plus
 []


Underfull \hbox (badness 10000) in paragraph at lines 521--521
[]|\T1/cmr/m/n/10 nominateur
 []


Underfull \hbox (badness 10000) in paragraph at lines 521--521
[]|\T1/cmr/m/n/10 gectons
 []


Underfull \hbox (badness 10000) in paragraph at lines 521--521
[]|\T1/cmr/m/n/10 abreger
 []


Underfull \hbox (badness 10000) in paragraph at lines 521--521
\T1/cmr/m/n/10 com-mun
 []


Underfull \hbox (badness 10000) in paragraph at lines 521--521
\T1/cmr/m/n/10 item lever
 []


Underfull \hbox (badness 10000) in paragraph at lines 521--521
\T1/cmr/m/n/10 nom-bre
 []


Underfull \hbox (badness 10000) in paragraph at lines 521--521
\T1/cmr/m/n/10 par-tir plus
 []


Underfull \hbox (badness 10000) in paragraph at lines 521--521
\T1/cmr/m/n/10 pren-dre
 []


Underfull \hbox (badness 10000) in paragraph at lines 521--521
[]|\T1/cmr/m/n/10 abaisser
 []


Underfull \hbox (badness 10000) in paragraph at lines 521--521
\T1/cmr/m/n/10 de-fail-lir
 []


Overfull \hbox (7.89064pt too wide) in paragraph at lines 521--521
\T1/cmr/m/n/10 de-nom-i-na-tions
 []


Overfull \hbox (5.9189pt too wide) in paragraph at lines 521--521
\T1/cmr/m/n/10 mul-ti-pli-ca-teur
 []


Underfull \hbox (badness 10000) in paragraph at lines 521--521
\T1/cmr/m/n/10 nu-mer-a-tion
 []


Underfull \hbox (badness 10000) in paragraph at lines 521--521
[]|\T1/cmr/m/n/10 gecter
 []


Underfull \hbox (badness 10000) in paragraph at lines 521--521
\T1/cmr/m/n/10 min-utes
 []


Underfull \hbox (badness 10000) in paragraph at lines 521--521
\T1/cmr/m/n/10 su-per
 []


Underfull \hbox (badness 10000) in paragraph at lines 521--521
[]|\T1/cmr/m/n/10 appartenir
 []


Underfull \hbox (badness 10000) in paragraph at lines 521--521
\T1/cmr/m/n/10 dif-fer-ence
 []


Underfull \hbox (badness 10000) in paragraph at lines 521--521
\T1/cmr/m/n/10 egaulx
 []


Underfull \hbox (badness 10000) in paragraph at lines 521--521
\T1/cmr/m/n/10 maieur
 []


Underfull \hbox (badness 10000) in paragraph at lines 521--521
[]|\T1/cmr/m/n/10 etre
 []


Underfull \hbox (badness 10000) in paragraph at lines 521--521
\T1/cmr/bx/n/10 Traicte
 []


Underfull \hbox (badness 10000) in paragraph at lines 521--521
[]|\T1/cmr/m/n/10 maniere
 []


Underfull \hbox (badness 10000) in paragraph at lines 521--521
\T1/cmr/m/n/10 moin-dre
 []


Underfull \hbox (badness 10000) in paragraph at lines 521--521
\T1/cmr/m/n/10 nu-mer-a-teur
 []


Underfull \hbox (badness 10000) in paragraph at lines 521--521
\T1/cmr/m/n/10 quan-te-fois
 []


Underfull \hbox (badness 10000) in paragraph at lines 521--521
[]|\T1/cmr/m/n/10 aliquot
 []


Underfull \hbox (badness 10000) in paragraph at lines 521--521
\T1/cmr/m/n/10 corps
 []


Overfull \hbox (3.49477pt too wide) in paragraph at lines 521--521
\T1/cmr/m/n/10 proportionel-
 []


Underfull \hbox (badness 4543) in paragraph at lines 521--521
\T1/cmr/m/n/10 le-ment sub
 []


Underfull \hbox (badness 10000) in paragraph at lines 521--521
\T1/cmr/m/n/10 toute-fois
 []


Underfull \hbox (badness 10000) in paragraph at lines 521--521
\T1/cmr/bx/n/10 Nico-las
 []


Package natbib Warning: Citation `kohonen95' on page 8 undefined on input line 
531.


Package natbib Warning: Citation `cottrell98' on page 8 undefined on input line
 531.


Underfull \hbox (badness 10000) in paragraph at lines 531--532

 []

[8]
Underfull \hbox (badness 10000) in paragraph at lines 533--534

 []


Package natbib Warning: Citation `debodt02' on page 9 undefined on input line 5
39.


Underfull \hbox (badness 10000) in paragraph at lines 539--540

 []

[9]
Underfull \hbox (badness 10000) in paragraph at lines 541--545

 []

[10]
Underfull \hbox (badness 10000) in paragraph at lines 553--554

 []


Underfull \hbox (badness 10000) in paragraph at lines 555--556

 []


Underfull \hbox (badness 10000) in paragraph at lines 559--560

 []


Underfull \hbox (badness 10000) in paragraph at lines 579--580

 []


Underfull \hbox (badness 10000) in paragraph at lines 589--590

 []


LaTeX Warning: Reference `bertin1' on page 11 undefined on input line 591.

[11]

Package natbib Warning: Citation `Bertin' on page 12 undefined on input line 59
9.


LaTeX Warning: Reference `bertin2' on page 12 undefined on input line 599.


Underfull \hbox (badness 10000) in paragraph at lines 599--600

 []


LaTeX Warning: Reference `bertin1' on page 12 undefined on input line 644.


LaTeX Warning: Reference `fig:ficklest' on page 12 undefined on input line 655.



Underfull \hbox (badness 10000) in paragraph at lines 683--684

 []

[12]

LaTeX Warning: Reference `bertin1' on page 13 undefined on input line 685.


LaTeX Warning: Reference `bertin2' on page 13 undefined on input line 685.


LaTeX Warning: `!h' float specifier changed to `!ht'.


LaTeX Warning: Reference `bertinfickle1' on page 13 undefined on input line 764
.


LaTeX Warning: Reference `AB' on page 13 undefined on input line 764.


Underfull \hbox (badness 10000) in paragraph at lines 764--765

 []


LaTeX Warning: Reference `fig:graph1' on page 13 undefined on input line 773.


LaTeX Warning: `!h' float specifier changed to `!ht'.


Underfull \hbox (badness 10000) in paragraph at lines 947--948

 []


Package natbib Warning: Citation `AJLR10' on page 13 undefined on input line 94
9.


Underfull \hbox (badness 10000) in paragraph at lines 949--950

 []


Package natbib Warning: Citation `qis' on page 13 undefined on input line 951.


Underfull \hbox (badness 10000) in paragraph at lines 951--952

 []

[13]
Underfull \hbox (badness 10000) in paragraph at lines 966--967

 []


Underfull \hbox (badness 10000) in paragraph at lines 968--969

 []


Package natbib Warning: Citation `qis' on page 14 undefined on input line 970.


Underfull \hbox (badness 10000) in paragraph at lines 970--971

 []

[14]

Package natbib Warning: Citation `exactis' on page 15 undefined on input line 9
86.


Underfull \hbox (badness 10000) in paragraph at lines 986--987

 []


LaTeX Warning: Reference `fig:koho3' on page 15 undefined on input line 992.


LaTeX Warning: Reference `fig:CA12' on page 15 undefined on input line 994.


Overfull \hbox (0.24547pt too wide) in paragraph at lines 998--999
[]\T1/cmr/m/n/10 On the bot-tom left cor-ner, one finds the lex-i-cal in-her-i-
tance of the me-dieval uni-ver-sity rep-re-sented
 []


Underfull \hbox (badness 10000) in paragraph at lines 998--999

 []

[15]
Overfull \hbox (20.59914pt too wide) in paragraph at lines 1002--1003
\T1/cmr/m/n/10 and stronger sci-en-tific ap-proach (\T1/cmr/m/it/10 aliquot \T1
/cmr/m/n/10 "aliquot", \T1/cmr/m/it/10 corps \T1/cmr/m/n/10 "field", \T1/cmr/m/
it/10 pro-por-tion-nelle-ment \T1/cmr/m/n/10 "pro-por-tion-ally".) 
 []


Underfull \hbox (badness 10000) in paragraph at lines 1002--1003

 []


LaTeX Font Warning: Font shape `T1/cmr/m/n' in size <6.49994> not available
(Font)              size <6> substituted on input line 1005.


Underfull \hbox (badness 10000) in paragraph at lines 1037--1037
[]|\T1/cmr/m/n/10 minutes
 []


Underfull \hbox (badness 10000) in paragraph at lines 1037--1037
[]|\T1/cmr/m/n/10 calculer
 []


Underfull \hbox (badness 7540) in paragraph at lines 1037--1037
[]|\T1/cmr/m/n/10 fois met-tre
 []


Underfull \hbox (badness 10000) in paragraph at lines 1037--1037
[]|[]\T1/cmr/m/n/10 contraire[]
 []


Underfull \hbox (badness 10000) in paragraph at lines 1037--1037
[]\T1/cmr/m/n/10 de-penser[]
 []


Underfull \hbox (badness 10000) in paragraph at lines 1037--1037
[]|\T1/cmr/m/n/10 aller donc
 []


Underfull \hbox (badness 10000) in paragraph at lines 1037--1037
\T1/cmr/m/n/10 en-suivre
 []


Underfull \hbox (badness 10000) in paragraph at lines 1037--1037
[]|\T1/cmr/m/n/10 barrater
 []


Underfull \hbox (badness 10000) in paragraph at lines 1037--1037
[]|\T1/cmr/m/n/10 defaillir
 []


Underfull \hbox (badness 10000) in paragraph at lines 1037--1037
\T1/cmr/m/n/10 du-pla-tion
 []


Underfull \hbox (badness 10000) in paragraph at lines 1037--1037
\T1/cmr/m/n/10 me-di-a-tion
 []


Underfull \hbox (badness 10000) in paragraph at lines 1037--1037
\T1/cmr/m/n/10 nom-mer
 []


Underfull \hbox (badness 10000) in paragraph at lines 1037--1037
\T1/cmr/m/n/10 nu-mer-a-tion
 []


Underfull \hbox (badness 10000) in paragraph at lines 1037--1037
[]|\T1/cmr/m/n/10 circulaires
 []


Underfull \hbox (badness 10000) in paragraph at lines 1037--1037
\T1/cmr/m/n/10 de-meurer
 []


Underfull \hbox (badness 10000) in paragraph at lines 1037--1037
\T1/cmr/m/n/10 dere-nier
 []


Underfull \hbox (badness 10000) in paragraph at lines 1037--1037
\T1/cmr/m/n/10 di-s-aine
 []


Underfull \hbox (badness 10000) in paragraph at lines 1037--1037
\T1/cmr/m/n/10 ecrire
 []


Underfull \hbox (badness 10000) in paragraph at lines 1037--1037
\T1/cmr/m/n/10 en-ten-dre
 []


Underfull \hbox (badness 10000) in paragraph at lines 1037--1037
\T1/cmr/m/n/10 formes
 []


Underfull \hbox (badness 10000) in paragraph at lines 1037--1037
\T1/cmr/m/n/10 nom-bra-teur
 []


Underfull \hbox (badness 10000) in paragraph at lines 1037--1037
[]|\T1/cmr/m/n/10 entrer
 []


Underfull \hbox (badness 10000) in paragraph at lines 1037--1037
[]|\T1/cmr/m/n/10 emprunter
 []


Underfull \hbox (badness 10000) in paragraph at lines 1037--1037
\T1/cmr/m/n/10 fig-ure
 []


Underfull \hbox (badness 10000) in paragraph at lines 1037--1037
[]|\T1/cmr/m/n/10 figure
 []


Underfull \hbox (badness 10000) in paragraph at lines 1037--1037
\T1/cmr/m/n/10 frac-tion
 []


Underfull \hbox (badness 6608) in paragraph at lines 1037--1037
\T1/cmr/m/n/10 muer rayes
 []


Underfull \hbox (badness 10000) in paragraph at lines 1037--1037
[]|\T1/cmr/m/n/10 denomi-
 []


Underfull \hbox (badness 10000) in paragraph at lines 1037--1037
\T1/cmr/m/n/10 na-tions
 []


Underfull \hbox (badness 10000) in paragraph at lines 1037--1037
\T1/cmr/m/n/10 multipli-
 []


Underfull \hbox (badness 10000) in paragraph at lines 1037--1037
\T1/cmr/m/n/10 cateur
 []


Underfull \hbox (badness 10000) in paragraph at lines 1037--1037
\T1/cmr/m/n/10 nom-i-na-teur
 []


Underfull \hbox (badness 10000) in paragraph at lines 1037--1037
[]|\T1/cmr/m/n/10 abaisser
 []


Underfull \hbox (badness 10000) in paragraph at lines 1037--1037
\T1/cmr/m/n/10 comptes
 []


Underfull \hbox (badness 10000) in paragraph at lines 1037--1037
\T1/cmr/m/n/10 en-droit
 []


Underfull \hbox (badness 10000) in paragraph at lines 1037--1037
[]|\T1/cmr/m/n/10 anteriorer
 []


Underfull \hbox (badness 10000) in paragraph at lines 1037--1037
\T1/cmr/m/n/10 diminu-tion
 []


Overfull \hbox (4.03687pt too wide) in paragraph at lines 1037--1037
\T1/cmr/m/n/10 en-seigne-ment
 []


Underfull \hbox (badness 10000) in paragraph at lines 1037--1037
\T1/cmr/m/n/10 en-seigner
 []


Underfull \hbox (badness 10000) in paragraph at lines 1037--1037
\T1/cmr/m/n/10 moyen
 []


Underfull \hbox (badness 10000) in paragraph at lines 1037--1037
\T1/cmr/m/n/10 sig-nifi-ant
 []


Underfull \hbox (badness 10000) in paragraph at lines 1037--1037
\T1/cmr/m/n/10 sur-plus
 []


Underfull \hbox (badness 10000) in paragraph at lines 1037--1037
[]|\T1/cmr/m/n/10 possible
 []


Underfull \hbox (badness 10000) in paragraph at lines 1037--1037
[]|\T1/cmr/m/n/10 difficile
 []


Underfull \hbox (badness 10000) in paragraph at lines 1037--1037
\T1/cmr/m/n/10 pro-gres-sion
 []


Underfull \hbox (badness 10000) in paragraph at lines 1037--1037
[]|\T1/cmr/m/n/10 monter
 []


Underfull \hbox (badness 10000) in paragraph at lines 1037--1037
[]\T1/cmr/m/n/10 multipli-
 []


Underfull \hbox (badness 10000) in paragraph at lines 1037--1037
[] []\T1/cmr/m/n/10 cation[]
 []


Underfull \hbox (badness 10000) in paragraph at lines 1037--1037
[]\T1/cmr/m/n/10 pra-tique[]
 []


Underfull \hbox (badness 10000) in paragraph at lines 1037--1037
[]|\T1/cmr/m/n/10 generale
 []


Underfull \hbox (badness 10000) in paragraph at lines 1037--1037
\T1/cmr/m/n/10 latin
 []


Underfull \hbox (badness 10000) in paragraph at lines 1037--1037
[]\T1/cmr/m/n/10 nom-brer[]
 []


Underfull \hbox (badness 10000) in paragraph at lines 1037--1037
\T1/cmr/m/n/10 pro-por-tion
 []


Underfull \hbox (badness 10000) in paragraph at lines 1037--1037
\T1/cmr/m/n/10 re-duc-tion
 []


Underfull \hbox (badness 10000) in paragraph at lines 1037--1037
[]|\T1/cmr/m/n/10 denomi-
 []


Underfull \hbox (badness 10000) in paragraph at lines 1037--1037
[]|\T1/cmr/m/n/10 remotion
 []


Underfull \hbox (badness 10000) in paragraph at lines 1037--1037
[]|[]\T1/cmr/m/n/10 ensemble[]
 []


Underfull \hbox (badness 10000) in paragraph at lines 1037--1037
[]|[]\T1/cmr/m/n/10 partement[]
 []


Overfull \hbox (1.78741pt too wide) in paragraph at lines 1037--1037
[]|\T1/cmr/m/n/10 arithmetique
 []


Underfull \hbox (badness 10000) in paragraph at lines 1037--1037
[]\T1/cmr/m/n/10 compter[]
 []


Underfull \hbox (badness 10000) in paragraph at lines 1037--1037
[]|\T1/cmr/m/n/10 cubbement
 []


Underfull \hbox (badness 2027) in paragraph at lines 1037--1037
\T1/cmr/m/n/10 de-stre digit
 []


Underfull \hbox (badness 10000) in paragraph at lines 1037--1037
\T1/cmr/m/n/10 di-viser
 []


Underfull \hbox (badness 10000) in paragraph at lines 1037--1037
\T1/cmr/m/n/10 di-viseur
 []


Underfull \hbox (badness 10000) in paragraph at lines 1037--1037
\T1/cmr/m/n/10 di-vi-sion
 []


Underfull \hbox (badness 10000) in paragraph at lines 1037--1037
\T1/cmr/m/n/10 lignes
 []


Underfull \hbox (badness 10000) in paragraph at lines 1037--1037
\T1/cmr/m/n/10 nom-bre
 []


Underfull \hbox (badness 10000) in paragraph at lines 1037--1037
\T1/cmr/m/n/10 compo
 []


Underfull \hbox (badness 3907) in paragraph at lines 1037--1037
[]|[]\T1/cmr/m/n/10 dire[] []fig-urer[]
 []


Underfull \hbox (badness 10000) in paragraph at lines 1037--1037
\T1/cmr/m/n/10 poser
 []


Underfull \hbox (badness 10000) in paragraph at lines 1037--1037
[]|\T1/cmr/m/n/10 abreger
 []


Underfull \hbox (badness 10000) in paragraph at lines 1037--1037
\T1/cmr/m/n/10 lever
 []


Underfull \hbox (badness 10000) in paragraph at lines 1037--1037
\T1/cmr/m/n/10 prece-dent
 []


Underfull \hbox (badness 10000) in paragraph at lines 1037--1037
[]|\T1/cmr/m/n/10 moindre
 []


Underfull \hbox (badness 10000) in paragraph at lines 1037--1037
\T1/cmr/m/n/10 nom-bre
 []


Underfull \hbox (badness 10000) in paragraph at lines 1037--1037
\T1/cmr/bx/n/10 Nico-las
 []


Underfull \hbox (badness 10000) in paragraph at lines 1037--1037
[]|\T1/cmr/m/n/10 partir plus
 []


Underfull \hbox (badness 10000) in paragraph at lines 1037--1037
[]|\T1/cmr/m/n/10 egalir
 []


Underfull \hbox (badness 10000) in paragraph at lines 1037--1037
\T1/cmr/m/n/10 egaliser
 []


Underfull \hbox (badness 10000) in paragraph at lines 1037--1037
\T1/cmr/m/n/10 es-peces
 []


Underfull \hbox (badness 10000) in paragraph at lines 1037--1037
\T1/cmr/m/n/10 ques-tion
 []


Underfull \hbox (badness 10000) in paragraph at lines 1037--1037
[]|\T1/cmr/m/n/10 apparaitre
 []


Underfull \hbox (badness 10000) in paragraph at lines 1037--1037
[]\T1/cmr/m/n/10 po-si-tion[]
 []


Underfull \hbox (badness 10000) in paragraph at lines 1037--1037
[]|\T1/cmr/m/n/10 leurs
 []


Underfull \hbox (badness 10000) in paragraph at lines 1037--1037
\T1/cmr/m/n/10 pren-dre
 []


Underfull \hbox (badness 10000) in paragraph at lines 1037--1037
\T1/cmr/m/n/10 quant
 []


Underfull \hbox (badness 10000) in paragraph at lines 1037--1037
\T1/cmr/m/n/10 quan-te-fois
 []


Underfull \hbox (badness 10000) in paragraph at lines 1037--1037
\T1/cmr/m/n/10 re-ponse
 []


Underfull \hbox (badness 10000) in paragraph at lines 1037--1037
[]|\T1/cmr/m/n/10 commun
 []


Underfull \hbox (badness 10000) in paragraph at lines 1037--1037
[]\T1/cmr/m/n/10 ex-em-ple[]
 []


Underfull \hbox (badness 10000) in paragraph at lines 1037--1037
[]|\T1/cmr/m/n/10 algorisme
 []


Underfull \hbox (badness 10000) in paragraph at lines 1037--1037
\T1/cmr/m/n/10 ar-ti-cle
 []


Underfull \hbox (badness 10000) in paragraph at lines 1037--1037
\T1/cmr/m/n/10 car-rees
 []


Underfull \hbox (badness 10000) in paragraph at lines 1037--1037
\T1/cmr/m/n/10 cer-cle
 []


Underfull \hbox (badness 10000) in paragraph at lines 1037--1037
\T1/cmr/m/n/10 en-vient
 []


Underfull \hbox (badness 10000) in paragraph at lines 1037--1037
\T1/cmr/m/n/10 ligne
 []


Underfull \hbox (badness 10000) in paragraph at lines 1037--1037
\T1/cmr/m/n/10 pair sain
 []


Underfull \hbox (badness 10000) in paragraph at lines 1037--1037
[]|\T1/cmr/m/n/10 addition
 []


Underfull \hbox (badness 10000) in paragraph at lines 1037--1037
\T1/cmr/m/n/10 chiffre
 []


Underfull \hbox (badness 10000) in paragraph at lines 1037--1037
[]|[]\T1/cmr/m/n/10 double[]
 []


Underfull \hbox (badness 10000) in paragraph at lines 1037--1037
[]\T1/cmr/m/n/10 dou-bler[]
 []


Underfull \hbox (badness 10000) in paragraph at lines 1037--1037
[]|\T1/cmr/m/n/10 appeler
 []


Underfull \hbox (badness 10000) in paragraph at lines 1037--1037
[]\T1/cmr/m/n/10 don-ner[]
 []


Underfull \hbox (badness 10000) in paragraph at lines 1037--1037
[]\T1/cmr/m/n/10 maniere[]
 []


Underfull \hbox (badness 10000) in paragraph at lines 1037--1037
[]|\T1/cmr/m/n/10 bailler
 []


Underfull \hbox (badness 10000) in paragraph at lines 1037--1037
\T1/cmr/m/n/10 de-man-der
 []


Underfull \hbox (badness 10000) in paragraph at lines 1037--1037
\T1/cmr/m/n/10 mises
 []


Underfull \hbox (badness 10000) in paragraph at lines 1037--1037
\T1/cmr/m/n/10 nom-per
 []


Underfull \hbox (badness 10000) in paragraph at lines 1037--1037
\T1/cmr/m/n/10 pareille-ment
 []


Underfull \hbox (badness 10000) in paragraph at lines 1037--1037
[]|\T1/cmr/m/n/10 egale faire
 []


Underfull \hbox (badness 10000) in paragraph at lines 1037--1037
\T1/cmr/m/n/10 mon-trer
 []


Underfull \hbox (badness 10000) in paragraph at lines 1037--1037
\T1/cmr/m/n/10 nec-es-saire
 []


Underfull \hbox (badness 10000) in paragraph at lines 1037--1037
[]|\T1/cmr/m/n/10 demontrer
 []


Underfull \hbox (badness 10000) in paragraph at lines 1037--1037
[]|\T1/cmr/m/n/10 aliquot
 []


Underfull \hbox (badness 10000) in paragraph at lines 1037--1037
\T1/cmr/m/n/10 com-poser
 []


Underfull \hbox (badness 10000) in paragraph at lines 1037--1037
\T1/cmr/m/n/10 corps
 []


Underfull \hbox (badness 2818) in paragraph at lines 1037--1037
\T1/cmr/m/n/10 moins sub*
 []


Underfull \hbox (badness 10000) in paragraph at lines 1037--1037
[]|\T1/cmr/m/n/10 partant
 []


Underfull \hbox (badness 10000) in paragraph at lines 1037--1037
\T1/cmr/m/n/10 plaisir
 []


Overfull \hbox (2.92603pt too wide) in paragraph at lines 1037--1037
\T1/cmr/m/n/10 proportionel-
 []


Underfull \hbox (badness 10000) in paragraph at lines 1037--1037
\T1/cmr/m/n/10 le-ment
 []


Underfull \hbox (badness 10000) in paragraph at lines 1037--1037
\T1/cmr/m/n/10 re-querir
 []


Underfull \hbox (badness 10000) in paragraph at lines 1037--1037
[]|\T1/cmr/m/n/10 appartenir
 []


Underfull \hbox (badness 10000) in paragraph at lines 1037--1037
\T1/cmr/m/n/10 con-venir
 []


Underfull \hbox (badness 10000) in paragraph at lines 1037--1037
\T1/cmr/m/n/10 de-mande
 []


Underfull \hbox (badness 10000) in paragraph at lines 1037--1037
\T1/cmr/m/n/10 dif-fer-ence
 []


Underfull \hbox (badness 10000) in paragraph at lines 1037--1037
\T1/cmr/m/n/10 egaulx
 []


Underfull \hbox (badness 10000) in paragraph at lines 1037--1037
\T1/cmr/m/n/10 maieur
 []


Underfull \hbox (badness 10000) in paragraph at lines 1037--1037
\T1/cmr/m/n/10 sur-ven-dre
 []


Underfull \hbox (badness 10000) in paragraph at lines 1037--1037
[]|\T1/cmr/m/n/10 naturel
 []


Underfull \hbox (badness 10000) in paragraph at lines 1037--1037
\T1/cmr/m/n/10 roupt
 []


Underfull \hbox (badness 10000) in paragraph at lines 1037--1037
\T1/cmr/bx/n/10 Traicte
 []

Missing character: There is no ; in font nullfont!
Missing character: There is no ; in font nullfont!
Missing character: There is no ; in font nullfont!
Missing character: There is no ; in font nullfont!
Missing character: There is no ; in font nullfont!
Missing character: There is no ; in font nullfont!
Missing character: There is no ; in font nullfont!
Missing character: There is no ; in font nullfont!
Missing character: There is no ; in font nullfont!
Missing character: There is no ; in font nullfont!
Missing character: There is no ; in font nullfont!
Missing character: There is no ; in font nullfont!

LaTeX Warning: `!h' float specifier changed to `!ht'.


LaTeX Warning: Reference `fig:CA12fi' on page 16 undefined on input line 1153.


LaTeX Warning: Reference `fig:CA34fi' on page 16 undefined on input line 1153.


Underfull \hbox (badness 10000) in paragraph at lines 1153--1154

 []


LaTeX Warning: Reference `fig:CA12fi' on page 16 undefined on input line 1155.


Underfull \hbox (badness 10000) in paragraph at lines 1155--1156

 []


Underfull \hbox (badness 10000) in paragraph at lines 1157--1159

 []


LaTeX Warning: Reference `distances-fickles' on page 16 undefined on input line
 1160.


Underfull \hbox (badness 10000) in paragraph at lines 1160--1161

 []


LaTeX Font Warning: Font shape `T1/cmr/bx/n' in size <4.54996> not available
(Font)              size <5> substituted on input line 1400.


LaTeX Warning: `!h' float specifier changed to `!ht'.


LaTeX Warning: Reference `bertinfickle1' on page 16 undefined on input line 145
2.


LaTeX Warning: `!h' float specifier changed to `!ht'.


LaTeX Warning: `!h' float specifier changed to `!ht'.


LaTeX Warning: Reference `bertin4' on page 16 undefined on input line 1557.


Underfull \hbox (badness 10000) in paragraph at lines 1557--1558

 []

[16]
Underfull \hbox (badness 10000) in paragraph at lines 1559--1560

 []


LaTeX Warning: Reference `fig:ficklest' on page 17 undefined on input line 1561
.


Underfull \hbox (badness 10000) in paragraph at lines 1561--1562

 []


Underfull \hbox (badness 10000) in paragraph at lines 1563--1564

 []

[17] [18]
Underfull \hbox (badness 10000) in paragraph at lines 1565--1566

 []


Underfull \hbox (badness 10000) in paragraph at lines 1567--1568

 []

[19]

LaTeX Warning: Reference `fig:graph2' on page 20 undefined on input line 1569.


Overfull \hbox (1.21883pt too wide) in paragraph at lines 1580--1581
[]\T1/cmr/m/n/10 to make the Ko-ho-nen maps more ro-bust with re-spect to the r
an-dom-ness of the SOM al-go-rithm,
 []


Package natbib Warning: Citation `Der2010' on page 20 undefined on input line 1
585.

[20]
No file NeurcomputingNMBSPfinal.bbl.

Package natbib Warning: There were undefined citations.

[21] (./NeurcomputingNMBSPfinal.aux)

LaTeX Font Warning: Size substitutions with differences
(Font)              up to 0.49994pt have occurred.


LaTeX Warning: There were undefined references.


LaTeX Warning: Label(s) may have changed. Rerun to get cross-references right.

 ) 
Here is how much of TeX's memory you used:
 18457 strings out of 492982
 370940 string characters out of 6134897
 908262 words of memory out of 5000000
 21586 multiletter control sequences out of 15000+600000
 26218 words of font info for 67 fonts, out of 8000000 for 9000
 1141 hyphenation exceptions out of 8191
 55i,12n,68p,3255b,815s stack positions out of 5000i,500n,10000p,200000b,80000s
{/usr/share/texmf/fonts/enc/dvips/cm-super/cm-super-t1.enc}</usr/share/texliv
e/texmf-dist/fonts/type1/public/amsfonts/cm/cmbx10.pfb></usr/share/texlive/texm
f-dist/fonts/type1/public/amsfonts/cm/cmex10.pfb></usr/share/texlive/texmf-dist
/fonts/type1/public/amsfonts/cm/cmmi10.pfb></usr/share/texlive/texmf-dist/fonts
/type1/public/amsfonts/cm/cmmi7.pfb></usr/share/texlive/texmf-dist/fonts/type1/
public/amsfonts/cm/cmr10.pfb></usr/share/texlive/texmf-dist/fonts/type1/public/
amsfonts/cm/cmr7.pfb></usr/share/texlive/texmf-dist/fonts/type1/public/amsfonts
/cm/cmsy10.pfb></usr/share/texmf/fonts/type1/public/cm-super/sfbx0500.pfb></usr
/share/texmf/fonts/type1/public/cm-super/sfbx0700.pfb></usr/share/texmf/fonts/t
ype1/public/cm-super/sfbx0800.pfb></usr/share/texmf/fonts/type1/public/cm-super
/sfbx0900.pfb></usr/share/texmf/fonts/type1/public/cm-super/sfbx1000.pfb></usr/
share/texmf/fonts/type1/public/cm-super/sfit0800.pfb></usr/share/texmf/fonts/ty
pe1/public/cm-super/sfrm0500.pfb></usr/share/texmf/fonts/type1/public/cm-super/
sfrm0600.pfb></usr/share/texmf/fonts/type1/public/cm-super/sfrm0700.pfb></usr/s
hare/texmf/fonts/type1/public/cm-super/sfrm0800.pfb></usr/share/texmf/fonts/typ
e1/public/cm-super/sfrm0900.pfb></usr/share/texmf/fonts/type1/public/cm-super/s
frm1000.pfb></usr/share/texmf/fonts/type1/public/cm-super/sfrm1440.pfb></usr/sh
are/texmf/fonts/type1/public/cm-super/sfti0600.pfb></usr/share/texmf/fonts/type
1/public/cm-super/sfti0700.pfb></usr/share/texmf/fonts/type1/public/cm-super/sf
ti0800.pfb></usr/share/texmf/fonts/type1/public/cm-super/sfti0900.pfb></usr/sha
re/texmf/fonts/type1/public/cm-super/sfti1000.pfb></usr/share/texmf/fonts/type1
/public/cm-super/sftt0800.pfb></usr/share/texmf/fonts/type1/public/cm-super/sfx
c1000.pfb>
Output written on NeurcomputingNMBSPfinal.pdf (21 pages, 696583 bytes).
PDF statistics:
 185 PDF objects out of 1000 (max. 8388607)
 133 compressed objects within 2 object streams
 0 named destinations out of 1000 (max. 500000)
 13 words of extra memory for PDF output out of 10000 (max. 10000000)

