This is pdfTeX, Version 3.14159265-2.6-1.40.21 (MiKTeX 20.7) (preloaded format=pdflatex 2020.10.1)  15 AUG 2021 14:58
entering extended mode
**./exam2021.tex
(exam2021.tex
LaTeX2e <2020-02-02> patch level 5
L3 programming layer <2020-09-03>
("C:\Users\nicolas.bourgeois\AppData\Local\Programs\MiKTeX 2.9\tex/latex/base\a
rticle.cls"
Document Class: article 2019/12/20 v1.4l Standard LaTeX document class

("C:\Users\nicolas.bourgeois\AppData\Local\Programs\MiKTeX 2.9\tex/latex/base\s
ize11.clo"
File: size11.clo 2019/12/20 v1.4l Standard LaTeX file (size option)
)
\c@part=\count168
\c@section=\count169
\c@subsection=\count170
\c@subsubsection=\count171
\c@paragraph=\count172
\c@subparagraph=\count173
\c@figure=\count174
\c@table=\count175
\abovecaptionskip=\skip47
\belowcaptionskip=\skip48
\bibindent=\dimen134
)
("C:\Users\nicolas.bourgeois\AppData\Local\Programs\MiKTeX 2.9\tex/latex/psnfss
\helvet.sty"
Package: helvet 2020/03/25 PSNFSS-v9.3 (WaS) 

("C:\Users\nicolas.bourgeois\AppData\Local\Programs\MiKTeX 2.9\tex/latex/graphi
cs\keyval.sty"
Package: keyval 2014/10/28 v1.15 key=value parser (DPC)
\KV@toks@=\toks15
))
("C:\Users\nicolas.bourgeois\AppData\Local\Programs\MiKTeX 2.9\tex/generic/babe
l\babel.sty"
Package: babel 2020/09/01 3.48 The Babel package

("C:\Users\nicolas.bourgeois\AppData\Local\Programs\MiKTeX 2.9\tex/generic/babe
l\babel.def"
File: babel.def 2020/09/01 3.48 Babel common definitions
\babel@savecnt=\count176
\U@D=\dimen135
\l@babelnohyphens=\language83

("C:\Users\nicolas.bourgeois\AppData\Local\Programs\MiKTeX 2.9\tex/generic/babe
l\txtbabel.def")
\bbl@readstream=\read2
)
\bbl@dirlevel=\count177

*************************************
* Local config file bblopts.cfg used
*

("C:\Users\nicolas.bourgeois\AppData\Local\Programs\MiKTeX 2.9\tex/latex/arabi\
bblopts.cfg"
File: bblopts.cfg 2005/09/08 v0.1 add Arabic and Farsi to "declared" options of
 babel
)
("C:\Users\nicolas.bourgeois\AppData\Local\Programs\MiKTeX 2.9\tex/generic/babe
l-french\french.ldf"
Language: french 2020/07/02 v3.5j French support from the babel system
Package babel Info: \l@acadian = using hyphenrules for french
(babel)             (\language24) on input line 91.
Package babel Info: \l@canadien = using hyphenrules for french
(babel)             (\language24) on input line 92.
\FB@nonchar=\count178
Package babel Info: Making : an active character on input line 428.
Package babel Info: Making ; an active character on input line 429.
Package babel Info: Making ! an active character on input line 430.
Package babel Info: Making ? an active character on input line 431.
\FBguill@level=\count179
\FBold@everypar=\toks16
\FB@Mht=\dimen136
\mc@charclass=\count180
\mc@charfam=\count181
\mc@charslot=\count182
\std@mcc=\count183
\dec@mcc=\count184
\c@FBcaption@count=\count185
\listindentFB=\dimen137
\descindentFB=\dimen138
\labelindentFB=\dimen139
\labelwidthFB=\dimen140
\leftmarginFB=\dimen141
\parindentFFN=\dimen142
\FBfnindent=\dimen143
))
("C:\Users\nicolas.bourgeois\AppData\Local\Programs\MiKTeX 2.9\tex/latex/carlis
le\scalefnt.sty")
("C:\Users\nicolas.bourgeois\AppData\Local\Programs\MiKTeX 2.9\tex/latex/graphi
cs\graphics.sty"
Package: graphics 2019/11/30 v1.4a Standard LaTeX Graphics (DPC,SPQR)

("C:\Users\nicolas.bourgeois\AppData\Local\Programs\MiKTeX 2.9\tex/latex/graphi
cs\trig.sty"
Package: trig 2016/01/03 v1.10 sin cos tan (DPC)
)
("C:\Users\nicolas.bourgeois\AppData\Local\Programs\MiKTeX 2.9\tex/latex/graphi
cs-cfg\graphics.cfg"
File: graphics.cfg 2016/06/04 v1.11 sample graphics configuration
)
Package graphics Info: Driver file: pdftex.def on input line 105.

("C:\Users\nicolas.bourgeois\AppData\Local\Programs\MiKTeX 2.9\tex/latex/graphi
cs-def\pdftex.def"
File: pdftex.def 2020/08/26 v1.2 Graphics/color driver for pdftex
))
("C:\Users\nicolas.bourgeois\AppData\Local\Programs\MiKTeX 2.9\tex/latex/base\i
nputenc.sty"
Package: inputenc 2018/08/11 v1.3c Input encoding file
\inpenc@prehook=\toks17
\inpenc@posthook=\toks18
)
("C:\Users\nicolas.bourgeois\AppData\Local\Programs\MiKTeX 2.9\tex/latex/base\f
ontenc.sty"
Package: fontenc 2020/02/11 v2.0o Standard LaTeX package
)
("C:\Users\nicolas.bourgeois\AppData\Local\Programs\MiKTeX 2.9\tex/latex/geomet
ry\geometry.sty"
Package: geometry 2020/01/02 v5.9 Page Geometry

("C:\Users\nicolas.bourgeois\AppData\Local\Programs\MiKTeX 2.9\tex/generic/ifte
x\ifvtex.sty"
Package: ifvtex 2019/10/25 v1.7 ifvtex legacy package. Use iftex instead.

("C:\Users\nicolas.bourgeois\AppData\Local\Programs\MiKTeX 2.9\tex/generic/ifte
x\iftex.sty"
Package: iftex 2020/03/06 v1.0d TeX engine tests
))
\Gm@cnth=\count186
\Gm@cntv=\count187
\c@Gm@tempcnt=\count188
\Gm@bindingoffset=\dimen144
\Gm@wd@mp=\dimen145
\Gm@odd@mp=\dimen146
\Gm@even@mp=\dimen147
\Gm@layoutwidth=\dimen148
\Gm@layoutheight=\dimen149
\Gm@layouthoffset=\dimen150
\Gm@layoutvoffset=\dimen151
\Gm@dimlist=\toks19

("C:\Users\nicolas.bourgeois\AppData\Local\Programs\MiKTeX 2.9\tex/latex/geomet
ry\geometry.cfg"))
("C:\Users\nicolas.bourgeois\AppData\Local\Programs\MiKTeX 2.9\tex/latex/pgf/fr
ontendlayer\tikz.sty"
("C:\Users\nicolas.bourgeois\AppData\Local\Programs\MiKTeX 2.9\tex/latex/pgf/ba
siclayer\pgf.sty"
("C:\Users\nicolas.bourgeois\AppData\Local\Programs\MiKTeX 2.9\tex/latex/pgf/ut
ilities\pgfrcs.sty"
("C:\Users\nicolas.bourgeois\AppData\Local\Programs\MiKTeX 2.9\tex/generic/pgf/
utilities\pgfutil-common.tex"
\pgfutil@everybye=\toks20
\pgfutil@tempdima=\dimen152
\pgfutil@tempdimb=\dimen153

("C:\Users\nicolas.bourgeois\AppData\Local\Programs\MiKTeX 2.9\tex/generic/pgf/
utilities\pgfutil-common-lists.tex"))
("C:\Users\nicolas.bourgeois\AppData\Local\Programs\MiKTeX 2.9\tex/generic/pgf/
utilities\pgfutil-latex.def"
\pgfutil@abb=\box45

("C:\Users\nicolas.bourgeois\AppData\Local\Programs\MiKTeX 2.9\tex/latex/ms\eve
ryshi.sty"
Package: everyshi 2001/05/15 v3.00 EveryShipout Package (MS)
))
("C:\Users\nicolas.bourgeois\AppData\Local\Programs\MiKTeX 2.9\tex/generic/pgf/
utilities\pgfrcs.code.tex"
("C:\Users\nicolas.bourgeois\AppData\Local\Programs\MiKTeX 2.9\tex/generic/pgf\
pgf.revision.tex")
Package: pgfrcs 2020/01/08 v3.1.5b (3.1.5b)
))
Package: pgf 2020/01/08 v3.1.5b (3.1.5b)

("C:\Users\nicolas.bourgeois\AppData\Local\Programs\MiKTeX 2.9\tex/latex/pgf/ba
siclayer\pgfcore.sty"
("C:\Users\nicolas.bourgeois\AppData\Local\Programs\MiKTeX 2.9\tex/latex/graphi
cs\graphicx.sty"
Package: graphicx 2019/11/30 v1.2a Enhanced LaTeX Graphics (DPC,SPQR)
\Gin@req@height=\dimen154
\Gin@req@width=\dimen155
)
("C:\Users\nicolas.bourgeois\AppData\Local\Programs\MiKTeX 2.9\tex/latex/pgf/sy
stemlayer\pgfsys.sty"
("C:\Users\nicolas.bourgeois\AppData\Local\Programs\MiKTeX 2.9\tex/generic/pgf/
systemlayer\pgfsys.code.tex"
Package: pgfsys 2020/01/08 v3.1.5b (3.1.5b)

("C:\Users\nicolas.bourgeois\AppData\Local\Programs\MiKTeX 2.9\tex/generic/pgf/
utilities\pgfkeys.code.tex"
\pgfkeys@pathtoks=\toks21
\pgfkeys@temptoks=\toks22

("C:\Users\nicolas.bourgeois\AppData\Local\Programs\MiKTeX 2.9\tex/generic/pgf/
utilities\pgfkeysfiltered.code.tex"
\pgfkeys@tmptoks=\toks23
))
\pgf@x=\dimen156
\pgf@y=\dimen157
\pgf@xa=\dimen158
\pgf@ya=\dimen159
\pgf@xb=\dimen160
\pgf@yb=\dimen161
\pgf@xc=\dimen162
\pgf@yc=\dimen163
\pgf@xd=\dimen164
\pgf@yd=\dimen165
\w@pgf@writea=\write3
\r@pgf@reada=\read3
\c@pgf@counta=\count189
\c@pgf@countb=\count190
\c@pgf@countc=\count191
\c@pgf@countd=\count192
\t@pgf@toka=\toks24
\t@pgf@tokb=\toks25
\t@pgf@tokc=\toks26
\pgf@sys@id@count=\count193

("C:\Users\nicolas.bourgeois\AppData\Local\Programs\MiKTeX 2.9\tex/generic/pgf/
systemlayer\pgf.cfg"
File: pgf.cfg 2020/01/08 v3.1.5b (3.1.5b)
)
Driver file for pgf: pgfsys-pdftex.def

("C:\Users\nicolas.bourgeois\AppData\Local\Programs\MiKTeX 2.9\tex/generic/pgf/
systemlayer\pgfsys-pdftex.def"
File: pgfsys-pdftex.def 2020/01/08 v3.1.5b (3.1.5b)

("C:\Users\nicolas.bourgeois\AppData\Local\Programs\MiKTeX 2.9\tex/generic/pgf/
systemlayer\pgfsys-common-pdf.def"
File: pgfsys-common-pdf.def 2020/01/08 v3.1.5b (3.1.5b)
)))
("C:\Users\nicolas.bourgeois\AppData\Local\Programs\MiKTeX 2.9\tex/generic/pgf/
systemlayer\pgfsyssoftpath.code.tex"
File: pgfsyssoftpath.code.tex 2020/01/08 v3.1.5b (3.1.5b)
\pgfsyssoftpath@smallbuffer@items=\count194
\pgfsyssoftpath@bigbuffer@items=\count195
)
("C:\Users\nicolas.bourgeois\AppData\Local\Programs\MiKTeX 2.9\tex/generic/pgf/
systemlayer\pgfsysprotocol.code.tex"
File: pgfsysprotocol.code.tex 2020/01/08 v3.1.5b (3.1.5b)
))
("C:\Users\nicolas.bourgeois\AppData\Local\Programs\MiKTeX 2.9\tex/latex/xcolor
\xcolor.sty"
Package: xcolor 2016/05/11 v2.12 LaTeX color extensions (UK)

("C:\Users\nicolas.bourgeois\AppData\Local\Programs\MiKTeX 2.9\tex/latex/graphi
cs-cfg\color.cfg"
File: color.cfg 2016/01/02 v1.6 sample color configuration
)
Package xcolor Info: Driver file: pdftex.def on input line 225.
Package xcolor Info: Model `cmy' substituted by `cmy0' on input line 1348.
Package xcolor Info: Model `hsb' substituted by `rgb' on input line 1352.
Package xcolor Info: Model `RGB' extended on input line 1364.
Package xcolor Info: Model `HTML' substituted by `rgb' on input line 1366.
Package xcolor Info: Model `Hsb' substituted by `hsb' on input line 1367.
Package xcolor Info: Model `tHsb' substituted by `hsb' on input line 1368.
Package xcolor Info: Model `HSB' substituted by `hsb' on input line 1369.
Package xcolor Info: Model `Gray' substituted by `gray' on input line 1370.
Package xcolor Info: Model `wave' substituted by `hsb' on input line 1371.
)
("C:\Users\nicolas.bourgeois\AppData\Local\Programs\MiKTeX 2.9\tex/generic/pgf/
basiclayer\pgfcore.code.tex"
Package: pgfcore 2020/01/08 v3.1.5b (3.1.5b)

("C:\Users\nicolas.bourgeois\AppData\Local\Programs\MiKTeX 2.9\tex/generic/pgf/
math\pgfmath.code.tex"
("C:\Users\nicolas.bourgeois\AppData\Local\Programs\MiKTeX 2.9\tex/generic/pgf/
math\pgfmathcalc.code.tex"
("C:\Users\nicolas.bourgeois\AppData\Local\Programs\MiKTeX 2.9\tex/generic/pgf/
math\pgfmathutil.code.tex")
("C:\Users\nicolas.bourgeois\AppData\Local\Programs\MiKTeX 2.9\tex/generic/pgf/
math\pgfmathparser.code.tex"
\pgfmath@dimen=\dimen166
\pgfmath@count=\count196
\pgfmath@box=\box46
\pgfmath@toks=\toks27
\pgfmath@stack@operand=\toks28
\pgfmath@stack@operation=\toks29
)
("C:\Users\nicolas.bourgeois\AppData\Local\Programs\MiKTeX 2.9\tex/generic/pgf/
math\pgfmathfunctions.code.tex"
("C:\Users\nicolas.bourgeois\AppData\Local\Programs\MiKTeX 2.9\tex/generic/pgf/
math\pgfmathfunctions.basic.code.tex")
("C:\Users\nicolas.bourgeois\AppData\Local\Programs\MiKTeX 2.9\tex/generic/pgf/
math\pgfmathfunctions.trigonometric.code.tex")
("C:\Users\nicolas.bourgeois\AppData\Local\Programs\MiKTeX 2.9\tex/generic/pgf/
math\pgfmathfunctions.random.code.tex")
("C:\Users\nicolas.bourgeois\AppData\Local\Programs\MiKTeX 2.9\tex/generic/pgf/
math\pgfmathfunctions.comparison.code.tex")
("C:\Users\nicolas.bourgeois\AppData\Local\Programs\MiKTeX 2.9\tex/generic/pgf/
math\pgfmathfunctions.base.code.tex")
("C:\Users\nicolas.bourgeois\AppData\Local\Programs\MiKTeX 2.9\tex/generic/pgf/
math\pgfmathfunctions.round.code.tex")
("C:\Users\nicolas.bourgeois\AppData\Local\Programs\MiKTeX 2.9\tex/generic/pgf/
math\pgfmathfunctions.misc.code.tex")
("C:\Users\nicolas.bourgeois\AppData\Local\Programs\MiKTeX 2.9\tex/generic/pgf/
math\pgfmathfunctions.integerarithmetics.code.tex")))
("C:\Users\nicolas.bourgeois\AppData\Local\Programs\MiKTeX 2.9\tex/generic/pgf/
math\pgfmathfloat.code.tex"
\c@pgfmathroundto@lastzeros=\count197
))
("C:\Users\nicolas.bourgeois\AppData\Local\Programs\MiKTeX 2.9\tex/generic/pgf/
math\pgfint.code.tex")
("C:\Users\nicolas.bourgeois\AppData\Local\Programs\MiKTeX 2.9\tex/generic/pgf/
basiclayer\pgfcorepoints.code.tex"
File: pgfcorepoints.code.tex 2020/01/08 v3.1.5b (3.1.5b)
\pgf@picminx=\dimen167
\pgf@picmaxx=\dimen168
\pgf@picminy=\dimen169
\pgf@picmaxy=\dimen170
\pgf@pathminx=\dimen171
\pgf@pathmaxx=\dimen172
\pgf@pathminy=\dimen173
\pgf@pathmaxy=\dimen174
\pgf@xx=\dimen175
\pgf@xy=\dimen176
\pgf@yx=\dimen177
\pgf@yy=\dimen178
\pgf@zx=\dimen179
\pgf@zy=\dimen180
)
("C:\Users\nicolas.bourgeois\AppData\Local\Programs\MiKTeX 2.9\tex/generic/pgf/
basiclayer\pgfcorepathconstruct.code.tex"
File: pgfcorepathconstruct.code.tex 2020/01/08 v3.1.5b (3.1.5b)
\pgf@path@lastx=\dimen181
\pgf@path@lasty=\dimen182
)
("C:\Users\nicolas.bourgeois\AppData\Local\Programs\MiKTeX 2.9\tex/generic/pgf/
basiclayer\pgfcorepathusage.code.tex"
File: pgfcorepathusage.code.tex 2020/01/08 v3.1.5b (3.1.5b)
\pgf@shorten@end@additional=\dimen183
\pgf@shorten@start@additional=\dimen184
)
("C:\Users\nicolas.bourgeois\AppData\Local\Programs\MiKTeX 2.9\tex/generic/pgf/
basiclayer\pgfcorescopes.code.tex"
File: pgfcorescopes.code.tex 2020/01/08 v3.1.5b (3.1.5b)
\pgfpic=\box47
\pgf@hbox=\box48
\pgf@layerbox@main=\box49
\pgf@picture@serial@count=\count198
)
("C:\Users\nicolas.bourgeois\AppData\Local\Programs\MiKTeX 2.9\tex/generic/pgf/
basiclayer\pgfcoregraphicstate.code.tex"
File: pgfcoregraphicstate.code.tex 2020/01/08 v3.1.5b (3.1.5b)
\pgflinewidth=\dimen185
)
("C:\Users\nicolas.bourgeois\AppData\Local\Programs\MiKTeX 2.9\tex/generic/pgf/
basiclayer\pgfcoretransformations.code.tex"
File: pgfcoretransformations.code.tex 2020/01/08 v3.1.5b (3.1.5b)
\pgf@pt@x=\dimen186
\pgf@pt@y=\dimen187
\pgf@pt@temp=\dimen188
)
("C:\Users\nicolas.bourgeois\AppData\Local\Programs\MiKTeX 2.9\tex/generic/pgf/
basiclayer\pgfcorequick.code.tex"
File: pgfcorequick.code.tex 2020/01/08 v3.1.5b (3.1.5b)
)
("C:\Users\nicolas.bourgeois\AppData\Local\Programs\MiKTeX 2.9\tex/generic/pgf/
basiclayer\pgfcoreobjects.code.tex"
File: pgfcoreobjects.code.tex 2020/01/08 v3.1.5b (3.1.5b)
)
("C:\Users\nicolas.bourgeois\AppData\Local\Programs\MiKTeX 2.9\tex/generic/pgf/
basiclayer\pgfcorepathprocessing.code.tex"
File: pgfcorepathprocessing.code.tex 2020/01/08 v3.1.5b (3.1.5b)
)
("C:\Users\nicolas.bourgeois\AppData\Local\Programs\MiKTeX 2.9\tex/generic/pgf/
basiclayer\pgfcorearrows.code.tex"
File: pgfcorearrows.code.tex 2020/01/08 v3.1.5b (3.1.5b)
\pgfarrowsep=\dimen189
)
("C:\Users\nicolas.bourgeois\AppData\Local\Programs\MiKTeX 2.9\tex/generic/pgf/
basiclayer\pgfcoreshade.code.tex"
File: pgfcoreshade.code.tex 2020/01/08 v3.1.5b (3.1.5b)
\pgf@max=\dimen190
\pgf@sys@shading@range@num=\count199
\pgf@shadingcount=\count266
)
("C:\Users\nicolas.bourgeois\AppData\Local\Programs\MiKTeX 2.9\tex/generic/pgf/
basiclayer\pgfcoreimage.code.tex"
File: pgfcoreimage.code.tex 2020/01/08 v3.1.5b (3.1.5b)

("C:\Users\nicolas.bourgeois\AppData\Local\Programs\MiKTeX 2.9\tex/generic/pgf/
basiclayer\pgfcoreexternal.code.tex"
File: pgfcoreexternal.code.tex 2020/01/08 v3.1.5b (3.1.5b)
\pgfexternal@startupbox=\box50
))
("C:\Users\nicolas.bourgeois\AppData\Local\Programs\MiKTeX 2.9\tex/generic/pgf/
basiclayer\pgfcorelayers.code.tex"
File: pgfcorelayers.code.tex 2020/01/08 v3.1.5b (3.1.5b)
)
("C:\Users\nicolas.bourgeois\AppData\Local\Programs\MiKTeX 2.9\tex/generic/pgf/
basiclayer\pgfcoretransparency.code.tex"
File: pgfcoretransparency.code.tex 2020/01/08 v3.1.5b (3.1.5b)
)
("C:\Users\nicolas.bourgeois\AppData\Local\Programs\MiKTeX 2.9\tex/generic/pgf/
basiclayer\pgfcorepatterns.code.tex"
File: pgfcorepatterns.code.tex 2020/01/08 v3.1.5b (3.1.5b)
)
("C:\Users\nicolas.bourgeois\AppData\Local\Programs\MiKTeX 2.9\tex/generic/pgf/
basiclayer\pgfcorerdf.code.tex"
File: pgfcorerdf.code.tex 2020/01/08 v3.1.5b (3.1.5b)
)))
("C:\Users\nicolas.bourgeois\AppData\Local\Programs\MiKTeX 2.9\tex/generic/pgf/
modules\pgfmoduleshapes.code.tex"
File: pgfmoduleshapes.code.tex 2020/01/08 v3.1.5b (3.1.5b)
\pgfnodeparttextbox=\box51
)
("C:\Users\nicolas.bourgeois\AppData\Local\Programs\MiKTeX 2.9\tex/generic/pgf/
modules\pgfmoduleplot.code.tex"
File: pgfmoduleplot.code.tex 2020/01/08 v3.1.5b (3.1.5b)
)
("C:\Users\nicolas.bourgeois\AppData\Local\Programs\MiKTeX 2.9\tex/latex/pgf/co
mpatibility\pgfcomp-version-0-65.sty"
Package: pgfcomp-version-0-65 2020/01/08 v3.1.5b (3.1.5b)
\pgf@nodesepstart=\dimen191
\pgf@nodesepend=\dimen192
)
("C:\Users\nicolas.bourgeois\AppData\Local\Programs\MiKTeX 2.9\tex/latex/pgf/co
mpatibility\pgfcomp-version-1-18.sty"
Package: pgfcomp-version-1-18 2020/01/08 v3.1.5b (3.1.5b)
))
("C:\Users\nicolas.bourgeois\AppData\Local\Programs\MiKTeX 2.9\tex/latex/pgf/ut
ilities\pgffor.sty"
("C:\Users\nicolas.bourgeois\AppData\Local\Programs\MiKTeX 2.9\tex/latex/pgf/ut
ilities\pgfkeys.sty"
("C:\Users\nicolas.bourgeois\AppData\Local\Programs\MiKTeX 2.9\tex/generic/pgf/
utilities\pgfkeys.code.tex"))
("C:\Users\nicolas.bourgeois\AppData\Local\Programs\MiKTeX 2.9\tex/latex/pgf/ma
th\pgfmath.sty"
("C:\Users\nicolas.bourgeois\AppData\Local\Programs\MiKTeX 2.9\tex/generic/pgf/
math\pgfmath.code.tex"))
("C:\Users\nicolas.bourgeois\AppData\Local\Programs\MiKTeX 2.9\tex/generic/pgf/
utilities\pgffor.code.tex"
Package: pgffor 2020/01/08 v3.1.5b (3.1.5b)

("C:\Users\nicolas.bourgeois\AppData\Local\Programs\MiKTeX 2.9\tex/generic/pgf/
math\pgfmath.code.tex")
\pgffor@iter=\dimen193
\pgffor@skip=\dimen194
\pgffor@stack=\toks30
\pgffor@toks=\toks31
))
("C:\Users\nicolas.bourgeois\AppData\Local\Programs\MiKTeX 2.9\tex/generic/pgf/
frontendlayer/tikz\tikz.code.tex"
Package: tikz 2020/01/08 v3.1.5b (3.1.5b)

("C:\Users\nicolas.bourgeois\AppData\Local\Programs\MiKTeX 2.9\tex/generic/pgf/
libraries\pgflibraryplothandlers.code.tex"
File: pgflibraryplothandlers.code.tex 2020/01/08 v3.1.5b (3.1.5b)
\pgf@plot@mark@count=\count267
\pgfplotmarksize=\dimen195
)
\tikz@lastx=\dimen196
\tikz@lasty=\dimen197
\tikz@lastxsaved=\dimen198
\tikz@lastysaved=\dimen199
\tikz@lastmovetox=\dimen256
\tikz@lastmovetoy=\dimen257
\tikzleveldistance=\dimen258
\tikzsiblingdistance=\dimen259
\tikz@figbox=\box52
\tikz@figbox@bg=\box53
\tikz@tempbox=\box54
\tikz@tempbox@bg=\box55
\tikztreelevel=\count268
\tikznumberofchildren=\count269
\tikznumberofcurrentchild=\count270
\tikz@fig@count=\count271

("C:\Users\nicolas.bourgeois\AppData\Local\Programs\MiKTeX 2.9\tex/generic/pgf/
modules\pgfmodulematrix.code.tex"
File: pgfmodulematrix.code.tex 2020/01/08 v3.1.5b (3.1.5b)
\pgfmatrixcurrentrow=\count272
\pgfmatrixcurrentcolumn=\count273
\pgf@matrix@numberofcolumns=\count274
)
\tikz@expandcount=\count275

("C:\Users\nicolas.bourgeois\AppData\Local\Programs\MiKTeX 2.9\tex/generic/pgf/
frontendlayer/tikz/libraries\tikzlibrarytopaths.code.tex"
File: tikzlibrarytopaths.code.tex 2020/01/08 v3.1.5b (3.1.5b)
)))
("C:\Users\nicolas.bourgeois\AppData\Local\Programs\MiKTeX 2.9\tex/latex/captio
n\subcaption.sty"
Package: subcaption 2020/08/23 v1.3g Sub-captions (AR)

("C:\Users\nicolas.bourgeois\AppData\Local\Programs\MiKTeX 2.9\tex/latex/captio
n\caption.sty"
Package: caption 2020/09/02 v3.5a Customizing captions (AR)

("C:\Users\nicolas.bourgeois\AppData\Local\Programs\MiKTeX 2.9\tex/latex/captio
n\caption3.sty"
Package: caption3 2020/08/30 v2.0 caption3 kernel (AR)
\captionmargin=\dimen260
\captionmargin@=\dimen261
\captionwidth=\dimen262
\caption@tempdima=\dimen263
\caption@indent=\dimen264
\caption@parindent=\dimen265
\caption@hangindent=\dimen266
Package caption Info: Standard document class detected.
Package caption Info: french babel package is loaded.
)
\c@caption@flags=\count276
\c@continuedfloat=\count277
)
\c@subfigure=\count278
\c@subtable=\count279
)
("C:\Users\nicolas.bourgeois\AppData\Local\Programs\MiKTeX 2.9\tex/latex/multir
ow\multirow.sty"
Package: multirow 2019/05/31 v2.5 Span multiple rows of a table
\multirow@colwidth=\skip49
\multirow@cntb=\count280
\multirow@dima=\skip50
\bigstrutjot=\dimen267
)
("C:\Users\nicolas.bourgeois\AppData\Local\Programs\MiKTeX 2.9\tex/latex/lm\lmo
dern.sty"
Package: lmodern 2009/10/30 v1.6 Latin Modern Fonts
LaTeX Font Info:    Overwriting symbol font `operators' in version `normal'
(Font)                  OT1/cmr/m/n --> OT1/lmr/m/n on input line 22.
LaTeX Font Info:    Overwriting symbol font `letters' in version `normal'
(Font)                  OML/cmm/m/it --> OML/lmm/m/it on input line 23.
LaTeX Font Info:    Overwriting symbol font `symbols' in version `normal'
(Font)                  OMS/cmsy/m/n --> OMS/lmsy/m/n on input line 24.
LaTeX Font Info:    Overwriting symbol font `largesymbols' in version `normal'
(Font)                  OMX/cmex/m/n --> OMX/lmex/m/n on input line 25.
LaTeX Font Info:    Overwriting symbol font `operators' in version `bold'
(Font)                  OT1/cmr/bx/n --> OT1/lmr/bx/n on input line 26.
LaTeX Font Info:    Overwriting symbol font `letters' in version `bold'
(Font)                  OML/cmm/b/it --> OML/lmm/b/it on input line 27.
LaTeX Font Info:    Overwriting symbol font `symbols' in version `bold'
(Font)                  OMS/cmsy/b/n --> OMS/lmsy/b/n on input line 28.
LaTeX Font Info:    Overwriting symbol font `largesymbols' in version `bold'
(Font)                  OMX/cmex/m/n --> OMX/lmex/m/n on input line 29.
LaTeX Font Info:    Overwriting math alphabet `\mathbf' in version `normal'
(Font)                  OT1/cmr/bx/n --> OT1/lmr/bx/n on input line 31.
LaTeX Font Info:    Overwriting math alphabet `\mathsf' in version `normal'
(Font)                  OT1/cmss/m/n --> OT1/lmss/m/n on input line 32.
LaTeX Font Info:    Overwriting math alphabet `\mathit' in version `normal'
(Font)                  OT1/cmr/m/it --> OT1/lmr/m/it on input line 33.
LaTeX Font Info:    Overwriting math alphabet `\mathtt' in version `normal'
(Font)                  OT1/cmtt/m/n --> OT1/lmtt/m/n on input line 34.
LaTeX Font Info:    Overwriting math alphabet `\mathbf' in version `bold'
(Font)                  OT1/cmr/bx/n --> OT1/lmr/bx/n on input line 35.
LaTeX Font Info:    Overwriting math alphabet `\mathsf' in version `bold'
(Font)                  OT1/cmss/bx/n --> OT1/lmss/bx/n on input line 36.
LaTeX Font Info:    Overwriting math alphabet `\mathit' in version `bold'
(Font)                  OT1/cmr/bx/it --> OT1/lmr/bx/it on input line 37.
LaTeX Font Info:    Overwriting math alphabet `\mathtt' in version `bold'
(Font)                  OT1/cmtt/m/n --> OT1/lmtt/m/n on input line 38.
)
("C:\Users\nicolas.bourgeois\AppData\Local\Programs\MiKTeX 2.9\tex/latex/base\t
extcomp.sty"
Package: textcomp 2020/02/02 v2.0n Standard LaTeX package
)
("C:\Users\nicolas.bourgeois\AppData\Local\Programs\MiKTeX 2.9\tex/latex/colort
bl\colortbl.sty"
Package: colortbl 2020/01/04 v1.0e Color table columns (DPC)

("C:\Users\nicolas.bourgeois\AppData\Local\Programs\MiKTeX 2.9\tex/latex/tools\
array.sty"
Package: array 2019/08/31 v2.4l Tabular extension package (FMi)
\col@sep=\dimen268
\ar@mcellbox=\box56
\extrarowheight=\dimen269
\NC@list=\toks32
\extratabsurround=\skip51
\backup@length=\skip52
\ar@cellbox=\box57
)
\everycr=\toks33
\minrowclearance=\skip53
)
("C:\Users\nicolas.bourgeois\AppData\Local\Programs\MiKTeX 2.9\tex/latex/l3back
end\l3backend-pdftex.def"
File: l3backend-pdftex.def 2020-09-01 L3 backend support: PDF output (pdfTeX)
\l__kernel_color_stack_int=\count281
\l__pdf_internal_box=\box58
) (exam2021.aux)
\openout1 = `exam2021.aux'.

LaTeX Font Info:    Checking defaults for OML/cmm/m/it on input line 22.
LaTeX Font Info:    ... okay on input line 22.
LaTeX Font Info:    Checking defaults for OMS/cmsy/m/n on input line 22.
LaTeX Font Info:    ... okay on input line 22.
LaTeX Font Info:    Checking defaults for OT1/cmr/m/n on input line 22.
LaTeX Font Info:    ... okay on input line 22.
LaTeX Font Info:    Checking defaults for T1/cmr/m/n on input line 22.
LaTeX Font Info:    ... okay on input line 22.
LaTeX Font Info:    Checking defaults for TS1/cmr/m/n on input line 22.
LaTeX Font Info:    ... okay on input line 22.
LaTeX Font Info:    Checking defaults for OMX/cmex/m/n on input line 22.
LaTeX Font Info:    ... okay on input line 22.
LaTeX Font Info:    Checking defaults for U/cmr/m/n on input line 22.
LaTeX Font Info:    ... okay on input line 22.
LaTeX Font Info:    Trying to load font information for T1+lmr on input line 22
.

("C:\Users\nicolas.bourgeois\AppData\Local\Programs\MiKTeX 2.9\tex/latex/lm\t1l
mr.fd"
File: t1lmr.fd 2009/10/30 v1.6 Font defs for Latin Modern
)
LaTeX Info: Redefining \degres on input line 22.
LaTeX Info: Redefining \dots on input line 22.
LaTeX Info: Redefining \up on input line 22.

("C:\Users\nicolas.bourgeois\AppData\Local\Programs\MiKTeX 2.9\tex/context/base
/mkii\supp-pdf.mkii"
[Loading MPS to PDF converter (version 2006.09.02).]
\scratchcounter=\count282
\scratchdimen=\dimen270
\scratchbox=\box59
\nofMPsegments=\count283
\nofMParguments=\count284
\everyMPshowfont=\toks34
\MPscratchCnt=\count285
\MPscratchDim=\dimen271
\MPnumerator=\count286
\makeMPintoPDFobject=\count287
\everyMPtoPDFconversion=\toks35
)
("C:\Users\nicolas.bourgeois\AppData\Local\Programs\MiKTeX 2.9\tex/latex/epstop
df-pkg\epstopdf-base.sty"
Package: epstopdf-base 2020-01-24 v2.11 Base part for package epstopdf
Package epstopdf-base Info: Redefining graphics rule for `.eps' on input line 4
85.
)
*geometry* driver: auto-detecting
*geometry* detected driver: pdftex
*geometry* verbose mode - [ preamble ] result:
* driver: pdftex
* paper: <default>
* layout: <same size as paper>
* layoutoffset:(h,v)=(0.0pt,0.0pt)
* modes: 
* h-part:(L,W,R)=(92.14519pt, 430.00462pt, 92.14519pt)
* v-part:(T,H,B)=(95.39737pt, 556.47656pt, 143.09605pt)
* \paperwidth=614.295pt
* \paperheight=794.96999pt
* \textwidth=430.00462pt
* \textheight=556.47656pt
* \oddsidemargin=19.8752pt
* \evensidemargin=19.8752pt
* \topmargin=-13.87262pt
* \headheight=12.0pt
* \headsep=25.0pt
* \topskip=11.0pt
* \footskip=30.0pt
* \marginparwidth=59.0pt
* \marginparsep=10.0pt
* \columnsep=10.0pt
* \skip\footins=10.0pt plus 4.0pt minus 2.0pt
* \hoffset=0.0pt
* \voffset=0.0pt
* \mag=1000
* \@twocolumnfalse
* \@twosidefalse
* \@mparswitchfalse
* \@reversemarginfalse
* (1in=72.27pt=25.4mm, 1cm=28.453pt)

ABD: EveryShipout initializing macros
Package caption Info: Begin \AtBeginDocument code.
Package caption Info: End \AtBeginDocument code.
LaTeX Font Info:    Trying to load font information for OT1+lmr on input line 2
4.

("C:\Users\nicolas.bourgeois\AppData\Local\Programs\MiKTeX 2.9\tex/latex/lm\ot1
lmr.fd"
File: ot1lmr.fd 2009/10/30 v1.6 Font defs for Latin Modern
)
LaTeX Font Info:    Trying to load font information for OML+lmm on input line 2
4.

("C:\Users\nicolas.bourgeois\AppData\Local\Programs\MiKTeX 2.9\tex/latex/lm\oml
lmm.fd"
File: omllmm.fd 2009/10/30 v1.6 Font defs for Latin Modern
)
LaTeX Font Info:    Trying to load font information for OMS+lmsy on input line 
24.

("C:\Users\nicolas.bourgeois\AppData\Local\Programs\MiKTeX 2.9\tex/latex/lm\oms
lmsy.fd"
File: omslmsy.fd 2009/10/30 v1.6 Font defs for Latin Modern
)
LaTeX Font Info:    Trying to load font information for OMX+lmex on input line 
24.

("C:\Users\nicolas.bourgeois\AppData\Local\Programs\MiKTeX 2.9\tex/latex/lm\omx
lmex.fd"
File: omxlmex.fd 2009/10/30 v1.6 Font defs for Latin Modern
)
LaTeX Font Info:    External font `lmex10' loaded for size
(Font)              <12> on input line 24.
LaTeX Font Info:    External font `lmex10' loaded for size
(Font)              <8> on input line 24.
LaTeX Font Info:    External font `lmex10' loaded for size
(Font)              <6> on input line 24.

Underfull \hbox (badness 10000) in paragraph at lines 26--27

 []

LaTeX Font Info:    Trying to load font information for T1+lmtt on input line 2
8.

("C:\Users\nicolas.bourgeois\AppData\Local\Programs\MiKTeX 2.9\tex/latex/lm\t1l
mtt.fd"
File: t1lmtt.fd 2009/10/30 v1.6 Font defs for Latin Modern
)
Underfull \hbox (badness 10000) in paragraph at lines 28--29

 []


Underfull \hbox (badness 10000) in paragraph at lines 30--31

 []


Underfull \hbox (badness 10000) in paragraph at lines 32--33

 []


Underfull \hbox (badness 10000) in paragraph at lines 34--35

 []


Underfull \hbox (badness 10000) in paragraph at lines 36--37

 []


Underfull \hbox (badness 10000) in paragraph at lines 38--39

 []


Underfull \hbox (badness 10000) in paragraph at lines 40--41

 []


Underfull \hbox (badness 10000) in paragraph at lines 42--43

 []

[1

{C:/Users/nicolas.bourgeois/AppData/Local/MiKTeX/2.9/pdftex/config/pdftex.map}]

Underfull \hbox (badness 10000) in paragraph at lines 44--45

 []


Underfull \hbox (badness 10000) in paragraph at lines 46--47

 []

[2] (exam2021.aux) ) 
Here is how much of TeX's memory you used:
 15224 strings out of 481165
 304263 string characters out of 2896295
 534730 words of memory out of 3000000
 30568 multiletter control sequences out of 15000+200000
 565039 words of font info for 47 fonts, out of 3000000 for 9000
 1141 hyphenation exceptions out of 8191
 60i,7n,60p,650b,426s stack positions out of 5000i,500n,10000p,200000b,50000s
{C:/Users/nicolas.bourgeois/AppData/Local/Programs/MiKTeX 2
.9/fonts/enc/dvips/lm/lm-ec.enc}<C:/Users/nicolas.bourgeois/AppData/Local/Progr
ams/MiKTeX 2.9/fonts/type1/public/lm/lmbxi10.pfb><C:/Users/nicolas.bourgeois/Ap
pData/Local/Programs/MiKTeX 2.9/fonts/type1/public/lm/lmr10.pfb><C:/Users/nicol
as.bourgeois/AppData/Local/Programs/MiKTeX 2.9/fonts/type1/public/lm/lmr12.pfb>
<C:/Users/nicolas.bourgeois/AppData/Local/Programs/MiKTeX 2.9/fonts/type1/publi
c/lm/lmr17.pfb><C:/Users/nicolas.bourgeois/AppData/Local/Programs/MiKTeX 2.9/fo
nts/type1/public/lm/lmri10.pfb><C:/Users/nicolas.bourgeois/AppData/Local/Progra
ms/MiKTeX 2.9/fonts/type1/public/lm/lmtt10.pfb>
Output written on exam2021.pdf (2 pages, 146175 bytes).
PDF statistics:
 37 PDF objects out of 1000 (max. 8388607)
 0 named destinations out of 1000 (max. 500000)
 13 words of extra memory for PDF output out of 10000 (max. 10000000)

