This is pdfTeX, Version 3.1415926-2.4-1.40.13 (MiKTeX 2.9) (preloaded format=pdflatex 2012.10.17)  5 APR 2013 14:57
entering extended mode
**articleExtendedWSOM_29_mars.tex

("C:\Documents and Settings\Administrateur\Bureau\Recherche\Kohonen\ExtendedVer
sionArticle\articleExtendedWSOM_29_mars.tex"
LaTeX2e <2011/06/27>
Babel <v3.8m> and hyphenation patterns for english, afrikaans, ancientgreek, ar
abic, armenian, assamese, basque, bengali, bokmal, bulgarian, catalan, coptic, 
croatian, czech, danish, dutch, esperanto, estonian, farsi, finnish, french, ga
lician, german, german-x-2012-05-30, greek, gujarati, hindi, hungarian, iceland
ic, indonesian, interlingua, irish, italian, kannada, kurmanji, latin, latvian,
 lithuanian, malayalam, marathi, mongolian, mongolianlmc, monogreek, ngerman, n
german-x-2012-05-30, nynorsk, oriya, panjabi, pinyin, polish, portuguese, roman
ian, russian, sanskrit, serbian, slovak, slovenian, spanish, swedish, swissgerm
an, tamil, telugu, turkish, turkmen, ukenglish, ukrainian, uppersorbian, usengl
ishmax, welsh, loaded.
("C:\Program Files\MiKTeX 2.9\tex\latex\elsarticle\elsarticle.cls"
Document Class: elsarticle 2009/09/17, 1.2.0: Elsevier Ltd
\@bls=\dimen102
("C:\Program Files\MiKTeX 2.9\tex\latex\base\article.cls"
Document Class: article 2007/10/19 v1.4h Standard LaTeX document class
("C:\Program Files\MiKTeX 2.9\tex\latex\base\size10.clo"
File: size10.clo 2007/10/19 v1.4h Standard LaTeX file (size option)
)
\c@part=\count79
\c@section=\count80
\c@subsection=\count81
\c@subsubsection=\count82
\c@paragraph=\count83
\c@subparagraph=\count84
\c@figure=\count85
\c@table=\count86
\abovecaptionskip=\skip41
\belowcaptionskip=\skip42
\bibindent=\dimen103
)
("C:\Program Files\MiKTeX 2.9\tex\latex\graphics\graphicx.sty"
Package: graphicx 1999/02/16 v1.0f Enhanced LaTeX Graphics (DPC,SPQR)

("C:\Program Files\MiKTeX 2.9\tex\latex\graphics\keyval.sty"
Package: keyval 1999/03/16 v1.13 key=value parser (DPC)
\KV@toks@=\toks14
)
("C:\Program Files\MiKTeX 2.9\tex\latex\graphics\graphics.sty"
Package: graphics 2009/02/05 v1.0o Standard LaTeX Graphics (DPC,SPQR)

("C:\Program Files\MiKTeX 2.9\tex\latex\graphics\trig.sty"
Package: trig 1999/03/16 v1.09 sin cos tan (DPC)
)
("C:\Program Files\MiKTeX 2.9\tex\latex\00miktex\graphics.cfg"
File: graphics.cfg 2007/01/18 v1.5 graphics configuration of teTeX/TeXLive
)
Package graphics Info: Driver file: pdftex.def on input line 91.

("C:\Program Files\MiKTeX 2.9\tex\latex\pdftex-def\pdftex.def"
File: pdftex.def 2011/05/27 v0.06d Graphics/color for pdfTeX

("C:\Program Files\MiKTeX 2.9\tex\generic\oberdiek\infwarerr.sty"
Package: infwarerr 2010/04/08 v1.3 Providing info/warning/error messages (HO)
)
("C:\Program Files\MiKTeX 2.9\tex\generic\oberdiek\ltxcmds.sty"
Package: ltxcmds 2011/11/09 v1.22 LaTeX kernel commands for general use (HO)
)
\Gread@gobject=\count87
))
\Gin@req@height=\dimen104
\Gin@req@width=\dimen105
)
("C:\Program Files\MiKTeX 2.9\tex\latex\psnfss\pifont.sty"
Package: pifont 2005/04/12 PSNFSS-v9.2a Pi font support (SPQR) 
LaTeX Font Info:    Try loading font information for U+pzd on input line 63.

("C:\Program Files\MiKTeX 2.9\tex\latex\psnfss\upzd.fd"
File: upzd.fd 2001/06/04 font definitions for U/pzd.
)
LaTeX Font Info:    Try loading font information for U+psy on input line 64.

("C:\Program Files\MiKTeX 2.9\tex\latex\psnfss\upsy.fd"
File: upsy.fd 2001/06/04 font definitions for U/psy.
))
\c@tnote=\count88
\c@fnote=\count89
\c@cnote=\count90
\c@ead=\count91
\c@author=\count92
\@eadauthor=\toks15
\c@affn=\count93
\absbox=\box26
\keybox=\box27
\Columnwidth=\dimen106
\space@left=\dimen107
\els@boxa=\box28
\els@boxb=\box29
\leftMargin=\dimen108
\@enLab=\toks16
\@sep=\skip43
\@@sep=\skip44

("C:\Documents and Settings\Administrateur\Bureau\Recherche\Kohonen\ExtendedVer
sionArticle\articleExtendedWSOM_29_mars.spl")
("C:\Program Files\MiKTeX 2.9\tex\latex\natbib\natbib.sty"
Package: natbib 2010/09/13 8.31b (PWD, AO)
\bibhang=\skip45
\bibsep=\skip46
LaTeX Info: Redefining \cite on input line 694.
\c@NAT@ctr=\count94
)
\splwrite=\write3
)
("C:\Program Files\MiKTeX 2.9\tex\latex\base\inputenc.sty"
Package: inputenc 2008/03/30 v1.1d Input encoding file
\inpenc@prehook=\toks17
\inpenc@posthook=\toks18

("C:\Program Files\MiKTeX 2.9\tex\latex\base\utf8.def"
File: utf8.def 2008/04/05 v1.1m UTF-8 support for inputenc
Now handling font encoding OML ...
... no UTF-8 mapping file for font encoding OML
Now handling font encoding T1 ...
... processing UTF-8 mapping file for font encoding T1

("C:\Program Files\MiKTeX 2.9\tex\latex\base\t1enc.dfu"
File: t1enc.dfu 2008/04/05 v1.1m UTF-8 support for inputenc
   defining Unicode char U+00A1 (decimal 161)
   defining Unicode char U+00A3 (decimal 163)
   defining Unicode char U+00AB (decimal 171)
   defining Unicode char U+00BB (decimal 187)
   defining Unicode char U+00BF (decimal 191)
   defining Unicode char U+00C0 (decimal 192)
   defining Unicode char U+00C1 (decimal 193)
   defining Unicode char U+00C2 (decimal 194)
   defining Unicode char U+00C3 (decimal 195)
   defining Unicode char U+00C4 (decimal 196)
   defining Unicode char U+00C5 (decimal 197)
   defining Unicode char U+00C6 (decimal 198)
   defining Unicode char U+00C7 (decimal 199)
   defining Unicode char U+00C8 (decimal 200)
   defining Unicode char U+00C9 (decimal 201)
   defining Unicode char U+00CA (decimal 202)
   defining Unicode char U+00CB (decimal 203)
   defining Unicode char U+00CC (decimal 204)
   defining Unicode char U+00CD (decimal 205)
   defining Unicode char U+00CE (decimal 206)
   defining Unicode char U+00CF (decimal 207)
   defining Unicode char U+00D0 (decimal 208)
   defining Unicode char U+00D1 (decimal 209)
   defining Unicode char U+00D2 (decimal 210)
   defining Unicode char U+00D3 (decimal 211)
   defining Unicode char U+00D4 (decimal 212)
   defining Unicode char U+00D5 (decimal 213)
   defining Unicode char U+00D6 (decimal 214)
   defining Unicode char U+00D8 (decimal 216)
   defining Unicode char U+00D9 (decimal 217)
   defining Unicode char U+00DA (decimal 218)
   defining Unicode char U+00DB (decimal 219)
   defining Unicode char U+00DC (decimal 220)
   defining Unicode char U+00DD (decimal 221)
   defining Unicode char U+00DE (decimal 222)
   defining Unicode char U+00DF (decimal 223)
   defining Unicode char U+00E0 (decimal 224)
   defining Unicode char U+00E1 (decimal 225)
   defining Unicode char U+00E2 (decimal 226)
   defining Unicode char U+00E3 (decimal 227)
   defining Unicode char U+00E4 (decimal 228)
   defining Unicode char U+00E5 (decimal 229)
   defining Unicode char U+00E6 (decimal 230)
   defining Unicode char U+00E7 (decimal 231)
   defining Unicode char U+00E8 (decimal 232)
   defining Unicode char U+00E9 (decimal 233)
   defining Unicode char U+00EA (decimal 234)
   defining Unicode char U+00EB (decimal 235)
   defining Unicode char U+00EC (decimal 236)
   defining Unicode char U+00ED (decimal 237)
   defining Unicode char U+00EE (decimal 238)
   defining Unicode char U+00EF (decimal 239)
   defining Unicode char U+00F0 (decimal 240)
   defining Unicode char U+00F1 (decimal 241)
   defining Unicode char U+00F2 (decimal 242)
   defining Unicode char U+00F3 (decimal 243)
   defining Unicode char U+00F4 (decimal 244)
   defining Unicode char U+00F5 (decimal 245)
   defining Unicode char U+00F6 (decimal 246)
   defining Unicode char U+00F8 (decimal 248)
   defining Unicode char U+00F9 (decimal 249)
   defining Unicode char U+00FA (decimal 250)
   defining Unicode char U+00FB (decimal 251)
   defining Unicode char U+00FC (decimal 252)
   defining Unicode char U+00FD (decimal 253)
   defining Unicode char U+00FE (decimal 254)
   defining Unicode char U+00FF (decimal 255)
   defining Unicode char U+0102 (decimal 258)
   defining Unicode char U+0103 (decimal 259)
   defining Unicode char U+0104 (decimal 260)
   defining Unicode char U+0105 (decimal 261)
   defining Unicode char U+0106 (decimal 262)
   defining Unicode char U+0107 (decimal 263)
   defining Unicode char U+010C (decimal 268)
   defining Unicode char U+010D (decimal 269)
   defining Unicode char U+010E (decimal 270)
   defining Unicode char U+010F (decimal 271)
   defining Unicode char U+0110 (decimal 272)
   defining Unicode char U+0111 (decimal 273)
   defining Unicode char U+0118 (decimal 280)
   defining Unicode char U+0119 (decimal 281)
   defining Unicode char U+011A (decimal 282)
   defining Unicode char U+011B (decimal 283)
   defining Unicode char U+011E (decimal 286)
   defining Unicode char U+011F (decimal 287)
   defining Unicode char U+0130 (decimal 304)
   defining Unicode char U+0131 (decimal 305)
   defining Unicode char U+0132 (decimal 306)
   defining Unicode char U+0133 (decimal 307)
   defining Unicode char U+0139 (decimal 313)
   defining Unicode char U+013A (decimal 314)
   defining Unicode char U+013D (decimal 317)
   defining Unicode char U+013E (decimal 318)
   defining Unicode char U+0141 (decimal 321)
   defining Unicode char U+0142 (decimal 322)
   defining Unicode char U+0143 (decimal 323)
   defining Unicode char U+0144 (decimal 324)
   defining Unicode char U+0147 (decimal 327)
   defining Unicode char U+0148 (decimal 328)
   defining Unicode char U+014A (decimal 330)
   defining Unicode char U+014B (decimal 331)
   defining Unicode char U+0150 (decimal 336)
   defining Unicode char U+0151 (decimal 337)
   defining Unicode char U+0152 (decimal 338)
   defining Unicode char U+0153 (decimal 339)
   defining Unicode char U+0154 (decimal 340)
   defining Unicode char U+0155 (decimal 341)
   defining Unicode char U+0158 (decimal 344)
   defining Unicode char U+0159 (decimal 345)
   defining Unicode char U+015A (decimal 346)
   defining Unicode char U+015B (decimal 347)
   defining Unicode char U+015E (decimal 350)
   defining Unicode char U+015F (decimal 351)
   defining Unicode char U+0160 (decimal 352)
   defining Unicode char U+0161 (decimal 353)
   defining Unicode char U+0162 (decimal 354)
   defining Unicode char U+0163 (decimal 355)
   defining Unicode char U+0164 (decimal 356)
   defining Unicode char U+0165 (decimal 357)
   defining Unicode char U+016E (decimal 366)
   defining Unicode char U+016F (decimal 367)
   defining Unicode char U+0170 (decimal 368)
   defining Unicode char U+0171 (decimal 369)
   defining Unicode char U+0178 (decimal 376)
   defining Unicode char U+0179 (decimal 377)
   defining Unicode char U+017A (decimal 378)
   defining Unicode char U+017B (decimal 379)
   defining Unicode char U+017C (decimal 380)
   defining Unicode char U+017D (decimal 381)
   defining Unicode char U+017E (decimal 382)
   defining Unicode char U+200C (decimal 8204)
   defining Unicode char U+2013 (decimal 8211)
   defining Unicode char U+2014 (decimal 8212)
   defining Unicode char U+2018 (decimal 8216)
   defining Unicode char U+2019 (decimal 8217)
   defining Unicode char U+201A (decimal 8218)
   defining Unicode char U+201C (decimal 8220)
   defining Unicode char U+201D (decimal 8221)
   defining Unicode char U+201E (decimal 8222)
   defining Unicode char U+2030 (decimal 8240)
   defining Unicode char U+2031 (decimal 8241)
   defining Unicode char U+2039 (decimal 8249)
   defining Unicode char U+203A (decimal 8250)
   defining Unicode char U+2423 (decimal 9251)
)
Now handling font encoding OT1 ...
... processing UTF-8 mapping file for font encoding OT1

("C:\Program Files\MiKTeX 2.9\tex\latex\base\ot1enc.dfu"
File: ot1enc.dfu 2008/04/05 v1.1m UTF-8 support for inputenc
   defining Unicode char U+00A1 (decimal 161)
   defining Unicode char U+00A3 (decimal 163)
   defining Unicode char U+00B8 (decimal 184)
   defining Unicode char U+00BF (decimal 191)
   defining Unicode char U+00C5 (decimal 197)
   defining Unicode char U+00C6 (decimal 198)
   defining Unicode char U+00D8 (decimal 216)
   defining Unicode char U+00DF (decimal 223)
   defining Unicode char U+00E6 (decimal 230)
   defining Unicode char U+00EC (decimal 236)
   defining Unicode char U+00ED (decimal 237)
   defining Unicode char U+00EE (decimal 238)
   defining Unicode char U+00EF (decimal 239)
   defining Unicode char U+00F8 (decimal 248)
   defining Unicode char U+0131 (decimal 305)
   defining Unicode char U+0141 (decimal 321)
   defining Unicode char U+0142 (decimal 322)
   defining Unicode char U+0152 (decimal 338)
   defining Unicode char U+0153 (decimal 339)
   defining Unicode char U+2013 (decimal 8211)
   defining Unicode char U+2014 (decimal 8212)
   defining Unicode char U+2018 (decimal 8216)
   defining Unicode char U+2019 (decimal 8217)
   defining Unicode char U+201C (decimal 8220)
   defining Unicode char U+201D (decimal 8221)
)
Now handling font encoding OMS ...
... processing UTF-8 mapping file for font encoding OMS

("C:\Program Files\MiKTeX 2.9\tex\latex\base\omsenc.dfu"
File: omsenc.dfu 2008/04/05 v1.1m UTF-8 support for inputenc
   defining Unicode char U+00A7 (decimal 167)
   defining Unicode char U+00B6 (decimal 182)
   defining Unicode char U+00B7 (decimal 183)
   defining Unicode char U+2020 (decimal 8224)
   defining Unicode char U+2021 (decimal 8225)
   defining Unicode char U+2022 (decimal 8226)
)
Now handling font encoding OMX ...
... no UTF-8 mapping file for font encoding OMX
Now handling font encoding U ...
... no UTF-8 mapping file for font encoding U
   defining Unicode char U+00A9 (decimal 169)
   defining Unicode char U+00AA (decimal 170)
   defining Unicode char U+00AE (decimal 174)
   defining Unicode char U+00BA (decimal 186)
   defining Unicode char U+02C6 (decimal 710)
   defining Unicode char U+02DC (decimal 732)
   defining Unicode char U+200C (decimal 8204)
   defining Unicode char U+2026 (decimal 8230)
   defining Unicode char U+2122 (decimal 8482)
   defining Unicode char U+2423 (decimal 9251)
))
("C:\Program Files\MiKTeX 2.9\tex\latex\base\fontenc.sty"
Package: fontenc 2005/09/27 v1.99g Standard LaTeX package

("C:\Program Files\MiKTeX 2.9\tex\latex\base\t1enc.def"
File: t1enc.def 2005/09/27 v1.99g Standard LaTeX file
LaTeX Font Info:    Redeclaring font encoding T1 on input line 43.
))
("C:\Program Files\MiKTeX 2.9\tex\generic\babel\babel.sty"
Package: babel 2008/07/08 v3.8m The Babel package

*************************************
* Local config file bblopts.cfg used
*
("C:\Program Files\MiKTeX 2.9\tex\latex\00miktex\bblopts.cfg"
File: bblopts.cfg 2006/07/31 v1.0 MiKTeX 'babel' configuration
)
("C:\Program Files\MiKTeX 2.9\tex\generic\babel\frenchb.ldf"
Language: frenchb 2009/03/16 v2.3d French support from the babel system

("C:\Program Files\MiKTeX 2.9\tex\generic\babel\babel.def"
File: babel.def 2008/07/08 v3.8m Babel common definitions
\babel@savecnt=\count95
\U@D=\dimen109
)
Package babel Info: Making : an active character on input line 120.
Package babel Info: Making ; an active character on input line 121.
Package babel Info: Making ! an active character on input line 122.
Package babel Info: Making  an active character on input line 123.
\FB@Mht=\dimen110
\std@mcc=\count96
\dec@mcc=\count97
\parindentFFN=\dimen111

*************************************
* Local config file frenchb.cfg used
*
("C:\Program Files\MiKTeX 2.9\tex\generic\babel\frenchb.cfg")))
("C:\Program Files\MiKTeX 2.9\tex\latex\carlisle\scalefnt.sty")
("C:\Program Files\MiKTeX 2.9\tex\latex\amsfonts\amssymb.sty"
Package: amssymb 2009/06/22 v3.00

("C:\Program Files\MiKTeX 2.9\tex\latex\amsfonts\amsfonts.sty"
Package: amsfonts 2009/06/22 v3.00 Basic AMSFonts support
\@emptytoks=\toks19
\symAMSa=\mathgroup4
\symAMSb=\mathgroup5
LaTeX Font Info:    Overwriting math alphabet `\mathfrak' in version `bold'
(Font)                  U/euf/m/n --> U/euf/b/n on input line 96.
))
("C:\Program Files\MiKTeX 2.9\tex\latex\ams\math\amsmath.sty"
Package: amsmath 2000/07/18 v2.13 AMS math features
\@mathmargin=\skip47

For additional information on amsmath, use the `' option.
("C:\Program Files\MiKTeX 2.9\tex\latex\ams\math\amstext.sty"
Package: amstext 2000/06/29 v2.01

("C:\Program Files\MiKTeX 2.9\tex\latex\ams\math\amsgen.sty"
File: amsgen.sty 1999/11/30 v2.0
\@emptytoks=\toks20
\ex@=\dimen112
))
("C:\Program Files\MiKTeX 2.9\tex\latex\ams\math\amsbsy.sty"
Package: amsbsy 1999/11/29 v1.2d
\pmbraise@=\dimen113
)
("C:\Program Files\MiKTeX 2.9\tex\latex\ams\math\amsopn.sty"
Package: amsopn 1999/12/14 v2.01 operator names
)
\inf@bad=\count98
LaTeX Info: Redefining \frac on input line 211.
\uproot@=\count99
\leftroot@=\count100
LaTeX Info: Redefining \overline on input line 307.
\classnum@=\count101
\DOTSCASE@=\count102
LaTeX Info: Redefining \ldots on input line 379.
LaTeX Info: Redefining \dots on input line 382.
LaTeX Info: Redefining \cdots on input line 467.
\Mathstrutbox@=\box30
\strutbox@=\box31
\big@size=\dimen114
LaTeX Font Info:    Redeclaring font encoding OML on input line 567.
LaTeX Font Info:    Redeclaring font encoding OMS on input line 568.
\macc@depth=\count103
\c@MaxMatrixCols=\count104
\dotsspace@=\muskip10
\c@parentequation=\count105
\dspbrk@lvl=\count106
\tag@help=\toks21
\row@=\count107
\column@=\count108
\maxfields@=\count109
\andhelp@=\toks22
\eqnshift@=\dimen115
\alignsep@=\dimen116
\tagshift@=\dimen117
\tagwidth@=\dimen118
\totwidth@=\dimen119
\lineht@=\dimen120
\@envbody=\toks23
\multlinegap=\skip48
\multlinetaggap=\skip49
\mathdisplay@stack=\toks24
LaTeX Info: Redefining \[ on input line 2666.
LaTeX Info: Redefining \] on input line 2667.
)
("C:\Program Files\MiKTeX 2.9\tex\latex\algorithms\algorithm.sty"
Package: algorithm 2009/08/24 v0.1 Document Style `algorithm' - floating enviro
nment

("C:\Program Files\MiKTeX 2.9\tex\latex\float\float.sty"
Package: float 2001/11/08 v1.3d Float enhancements (AL)
\c@float@type=\count110
\float@exts=\toks25
\float@box=\box32
\@float@everytoks=\toks26
\@floatcapt=\box33
)
("C:\Program Files\MiKTeX 2.9\tex\latex\base\ifthen.sty"
Package: ifthen 2001/05/26 v1.1c Standard LaTeX ifthen package (DPC)
)
\@float@every@algorithm=\toks27
\c@algorithm=\count111
)
("C:\Program Files\MiKTeX 2.9\tex\latex\algorithms\algorithmic.sty"
Package: algorithmic 2009/08/24 v0.1 Document Style `algorithmic'
\c@ALC@unique=\count112
\c@ALC@line=\count113
\c@ALC@rem=\count114
\c@ALC@depth=\count115
\ALC@tlm=\skip50
\algorithmicindent=\skip51
)
("C:\Program Files\MiKTeX 2.9\tex\latex\ieeepes\vmargin.sty"
Package: vmargin 1999/06/01

Package `vmargin', V2.2, <1999/06/01>
\PaperWidth=\dimen121
\PaperHeight=\dimen122
) ("C:\Program Files\MiKTeX 2.9\tex\latex\ltxmisc\url.sty"
\Urlmuskip=\muskip11
Package: url 2006/04/12  ver 3.3  Verb mode for urls, etc.
)
("C:\Program Files\MiKTeX 2.9\tex\latex\pgf\frontendlayer\tikz.sty"
("C:\Program Files\MiKTeX 2.9\tex\latex\pgf\basiclayer\pgf.sty"
("C:\Program Files\MiKTeX 2.9\tex\latex\pgf\utilities\pgfrcs.sty"
("C:\Program Files\MiKTeX 2.9\tex\generic\pgf\utilities\pgfutil-common.tex"
\pgfutil@everybye=\toks28
)
("C:\Program Files\MiKTeX 2.9\tex\generic\pgf\utilities\pgfutil-latex.def"
\pgfutil@abb=\box34

("C:\Program Files\MiKTeX 2.9\tex\latex\ms\everyshi.sty"
Package: everyshi 2001/05/15 v3.00 EveryShipout Package (MS)
))
("C:\Program Files\MiKTeX 2.9\tex\generic\pgf\utilities\pgfrcs.code.tex"
Package: pgfrcs 2010/10/25 v2.10 (rcs-revision 1.24)
))
Package: pgf 2008/01/15 v2.10 (rcs-revision 1.12)

("C:\Program Files\MiKTeX 2.9\tex\latex\pgf\basiclayer\pgfcore.sty"
("C:\Program Files\MiKTeX 2.9\tex\latex\pgf\systemlayer\pgfsys.sty"
("C:\Program Files\MiKTeX 2.9\tex\generic\pgf\systemlayer\pgfsys.code.tex"
Package: pgfsys 2010/06/30 v2.10 (rcs-revision 1.37)

("C:\Program Files\MiKTeX 2.9\tex\generic\pgf\utilities\pgfkeys.code.tex"
\pgfkeys@pathtoks=\toks29
\pgfkeys@temptoks=\toks30

("C:\Program Files\MiKTeX 2.9\tex\generic\pgf\utilities\pgfkeysfiltered.code.te
x"
\pgfkeys@tmptoks=\toks31
))
\pgf@x=\dimen123
\pgf@y=\dimen124
\pgf@xa=\dimen125
\pgf@ya=\dimen126
\pgf@xb=\dimen127
\pgf@yb=\dimen128
\pgf@xc=\dimen129
\pgf@yc=\dimen130
\w@pgf@writea=\write4
\r@pgf@reada=\read1
\c@pgf@counta=\count116
\c@pgf@countb=\count117
\c@pgf@countc=\count118
\c@pgf@countd=\count119
 ("C:\Program Files\MiKTeX 2.9\tex\generic\pgf\systemlayer\pgf.cfg"
File: pgf.cfg 2008/05/14  (rcs-revision 1.7)
)
Package pgfsys Info: Driver file for pgf: pgfsys-pdftex.def on input line 900.

("C:\Program Files\MiKTeX 2.9\tex\generic\pgf\systemlayer\pgfsys-pdftex.def"
File: pgfsys-pdftex.def 2009/05/22  (rcs-revision 1.26)

("C:\Program Files\MiKTeX 2.9\tex\generic\pgf\systemlayer\pgfsys-common-pdf.def
"
File: pgfsys-common-pdf.def 2008/05/19  (rcs-revision 1.10)
)))
("C:\Program Files\MiKTeX 2.9\tex\generic\pgf\systemlayer\pgfsyssoftpath.code.t
ex"
File: pgfsyssoftpath.code.tex 2008/07/18  (rcs-revision 1.7)
\pgfsyssoftpath@smallbuffer@items=\count120
\pgfsyssoftpath@bigbuffer@items=\count121
)
("C:\Program Files\MiKTeX 2.9\tex\generic\pgf\systemlayer\pgfsysprotocol.code.t
ex"
File: pgfsysprotocol.code.tex 2006/10/16  (rcs-revision 1.4)
)) ("C:\Program Files\MiKTeX 2.9\tex\latex\xcolor\xcolor.sty"
Package: xcolor 2007/01/21 v2.11 LaTeX color extensions (UK)

("C:\Program Files\MiKTeX 2.9\tex\latex\00miktex\color.cfg"
File: color.cfg 2007/01/18 v1.5 color configuration of teTeX/TeXLive
)
Package xcolor Info: Driver file: pdftex.def on input line 225.
Package xcolor Info: Model `cmy' substituted by `cmy0' on input line 1337.
Package xcolor Info: Model `hsb' substituted by `rgb' on input line 1341.
Package xcolor Info: Model `RGB' extended on input line 1353.
Package xcolor Info: Model `HTML' substituted by `rgb' on input line 1355.
Package xcolor Info: Model `Hsb' substituted by `hsb' on input line 1356.
Package xcolor Info: Model `tHsb' substituted by `hsb' on input line 1357.
Package xcolor Info: Model `HSB' substituted by `hsb' on input line 1358.
Package xcolor Info: Model `Gray' substituted by `gray' on input line 1359.
Package xcolor Info: Model `wave' substituted by `hsb' on input line 1360.
)
("C:\Program Files\MiKTeX 2.9\tex\generic\pgf\basiclayer\pgfcore.code.tex"
Package: pgfcore 2010/04/11 v2.10 (rcs-revision 1.7)

("C:\Program Files\MiKTeX 2.9\tex\generic\pgf\math\pgfmath.code.tex"
("C:\Program Files\MiKTeX 2.9\tex\generic\pgf\math\pgfmathcalc.code.tex"
("C:\Program Files\MiKTeX 2.9\tex\generic\pgf\math\pgfmathutil.code.tex")
("C:\Program Files\MiKTeX 2.9\tex\generic\pgf\math\pgfmathparser.code.tex"
\pgfmath@dimen=\dimen131
\pgfmath@count=\count122
\pgfmath@box=\box35
\pgfmath@toks=\toks32
\pgfmath@stack@operand=\toks33
\pgfmath@stack@operation=\toks34
)
("C:\Program Files\MiKTeX 2.9\tex\generic\pgf\math\pgfmathfunctions.code.tex"
("C:\Program Files\MiKTeX 2.9\tex\generic\pgf\math\pgfmathfunctions.basic.code.
tex")
("C:\Program Files\MiKTeX 2.9\tex\generic\pgf\math\pgfmathfunctions.trigonometr
ic.code.tex")
("C:\Program Files\MiKTeX 2.9\tex\generic\pgf\math\pgfmathfunctions.random.code
.tex")
("C:\Program Files\MiKTeX 2.9\tex\generic\pgf\math\pgfmathfunctions.comparison.
code.tex")
("C:\Program Files\MiKTeX 2.9\tex\generic\pgf\math\pgfmathfunctions.base.code.t
ex")
("C:\Program Files\MiKTeX 2.9\tex\generic\pgf\math\pgfmathfunctions.round.code.
tex")
("C:\Program Files\MiKTeX 2.9\tex\generic\pgf\math\pgfmathfunctions.misc.code.t
ex"))) ("C:\Program Files\MiKTeX 2.9\tex\generic\pgf\math\pgfmathfloat.code.tex
"
\c@pgfmathroundto@lastzeros=\count123
))
("C:\Program Files\MiKTeX 2.9\tex\generic\pgf\basiclayer\pgfcorepoints.code.tex
"
File: pgfcorepoints.code.tex 2010/04/09  (rcs-revision 1.20)
\pgf@picminx=\dimen132
\pgf@picmaxx=\dimen133
\pgf@picminy=\dimen134
\pgf@picmaxy=\dimen135
\pgf@pathminx=\dimen136
\pgf@pathmaxx=\dimen137
\pgf@pathminy=\dimen138
\pgf@pathmaxy=\dimen139
\pgf@xx=\dimen140
\pgf@xy=\dimen141
\pgf@yx=\dimen142
\pgf@yy=\dimen143
\pgf@zx=\dimen144
\pgf@zy=\dimen145
)
("C:\Program Files\MiKTeX 2.9\tex\generic\pgf\basiclayer\pgfcorepathconstruct.c
ode.tex"
File: pgfcorepathconstruct.code.tex 2010/08/03  (rcs-revision 1.24)
\pgf@path@lastx=\dimen146
\pgf@path@lasty=\dimen147
)
("C:\Program Files\MiKTeX 2.9\tex\generic\pgf\basiclayer\pgfcorepathusage.code.
tex"
File: pgfcorepathusage.code.tex 2008/04/22  (rcs-revision 1.12)
\pgf@shorten@end@additional=\dimen148
\pgf@shorten@start@additional=\dimen149
)
("C:\Program Files\MiKTeX 2.9\tex\generic\pgf\basiclayer\pgfcorescopes.code.tex
"
File: pgfcorescopes.code.tex 2010/09/08  (rcs-revision 1.34)
\pgfpic=\box36
\pgf@hbox=\box37
\pgf@layerbox@main=\box38
\pgf@picture@serial@count=\count124
)
("C:\Program Files\MiKTeX 2.9\tex\generic\pgf\basiclayer\pgfcoregraphicstate.co
de.tex"
File: pgfcoregraphicstate.code.tex 2008/04/22  (rcs-revision 1.9)
\pgflinewidth=\dimen150
)
("C:\Program Files\MiKTeX 2.9\tex\generic\pgf\basiclayer\pgfcoretransformations
.code.tex"
File: pgfcoretransformations.code.tex 2009/06/10  (rcs-revision 1.11)
\pgf@pt@x=\dimen151
\pgf@pt@y=\dimen152
\pgf@pt@temp=\dimen153
)
("C:\Program Files\MiKTeX 2.9\tex\generic\pgf\basiclayer\pgfcorequick.code.tex"
File: pgfcorequick.code.tex 2008/10/09  (rcs-revision 1.3)
)
("C:\Program Files\MiKTeX 2.9\tex\generic\pgf\basiclayer\pgfcoreobjects.code.te
x"
File: pgfcoreobjects.code.tex 2006/10/11  (rcs-revision 1.2)
)
("C:\Program Files\MiKTeX 2.9\tex\generic\pgf\basiclayer\pgfcorepathprocessing.
code.tex"
File: pgfcorepathprocessing.code.tex 2008/10/09  (rcs-revision 1.8)
)
("C:\Program Files\MiKTeX 2.9\tex\generic\pgf\basiclayer\pgfcorearrows.code.tex
"
File: pgfcorearrows.code.tex 2008/04/23  (rcs-revision 1.11)
)
("C:\Program Files\MiKTeX 2.9\tex\generic\pgf\basiclayer\pgfcoreshade.code.tex"
File: pgfcoreshade.code.tex 2008/11/23  (rcs-revision 1.13)
\pgf@max=\dimen154
\pgf@sys@shading@range@num=\count125
) ("C:\Program Files\MiKTeX 2.9\tex\generic\pgf\basiclayer\pgfcoreimage.code.te
x"
File: pgfcoreimage.code.tex 2010/03/25  (rcs-revision 1.16)

("C:\Program Files\MiKTeX 2.9\tex\generic\pgf\basiclayer\pgfcoreexternal.code.t
ex"
File: pgfcoreexternal.code.tex 2010/09/01  (rcs-revision 1.17)
\pgfexternal@startupbox=\box39
))
("C:\Program Files\MiKTeX 2.9\tex\generic\pgf\basiclayer\pgfcorelayers.code.tex
"
File: pgfcorelayers.code.tex 2010/08/27  (rcs-revision 1.2)
)
("C:\Program Files\MiKTeX 2.9\tex\generic\pgf\basiclayer\pgfcoretransparency.co
de.tex"
File: pgfcoretransparency.code.tex 2008/01/17  (rcs-revision 1.2)
)
("C:\Program Files\MiKTeX 2.9\tex\generic\pgf\basiclayer\pgfcorepatterns.code.t
ex"
File: pgfcorepatterns.code.tex 2009/07/02  (rcs-revision 1.3)
)))
("C:\Program Files\MiKTeX 2.9\tex\generic\pgf\modules\pgfmoduleshapes.code.tex"
File: pgfmoduleshapes.code.tex 2010/09/09  (rcs-revision 1.13)
\pgfnodeparttextbox=\box40
) ("C:\Program Files\MiKTeX 2.9\tex\generic\pgf\modules\pgfmoduleplot.code.tex"
File: pgfmoduleplot.code.tex 2010/10/22  (rcs-revision 1.8)
)
("C:\Program Files\MiKTeX 2.9\tex\latex\pgf\compatibility\pgfcomp-version-0-65.
sty"
Package: pgfcomp-version-0-65 2007/07/03 v2.10 (rcs-revision 1.7)
\pgf@nodesepstart=\dimen155
\pgf@nodesepend=\dimen156
)
("C:\Program Files\MiKTeX 2.9\tex\latex\pgf\compatibility\pgfcomp-version-1-18.
sty"
Package: pgfcomp-version-1-18 2007/07/23 v2.10 (rcs-revision 1.1)
)) ("C:\Program Files\MiKTeX 2.9\tex\latex\pgf\utilities\pgffor.sty"
("C:\Program Files\MiKTeX 2.9\tex\latex\pgf\utilities\pgfkeys.sty"
("C:\Program Files\MiKTeX 2.9\tex\generic\pgf\utilities\pgfkeys.code.tex"))
("C:\Program Files\MiKTeX 2.9\tex\generic\pgf\utilities\pgffor.code.tex"
Package: pgffor 2010/03/23 v2.10 (rcs-revision 1.18)
\pgffor@iter=\dimen157
\pgffor@skip=\dimen158
\pgffor@stack=\toks35
\pgffor@toks=\toks36
))
("C:\Program Files\MiKTeX 2.9\tex\generic\pgf\frontendlayer\tikz\tikz.code.tex"
Package: tikz 2010/10/13 v2.10 (rcs-revision 1.76)

("C:\Program Files\MiKTeX 2.9\tex\generic\pgf\libraries\pgflibraryplothandlers.
code.tex"
File: pgflibraryplothandlers.code.tex 2010/05/31 v2.10 (rcs-revision 1.15)
\pgf@plot@mark@count=\count126
\pgfplotmarksize=\dimen159
)
\tikz@lastx=\dimen160
\tikz@lasty=\dimen161
\tikz@lastxsaved=\dimen162
\tikz@lastysaved=\dimen163
\tikzleveldistance=\dimen164
\tikzsiblingdistance=\dimen165
\tikz@figbox=\box41
\tikz@tempbox=\box42
\tikztreelevel=\count127
\tikznumberofchildren=\count128
\tikznumberofcurrentchild=\count129
\tikz@fig@count=\count130

("C:\Program Files\MiKTeX 2.9\tex\generic\pgf\modules\pgfmodulematrix.code.tex"
File: pgfmodulematrix.code.tex 2010/08/24  (rcs-revision 1.4)
\pgfmatrixcurrentrow=\count131
\pgfmatrixcurrentcolumn=\count132
\pgf@matrix@numberofcolumns=\count133
)
\tikz@expandcount=\count134

("C:\Program Files\MiKTeX 2.9\tex\generic\pgf\frontendlayer\tikz\libraries\tikz
librarytopaths.code.tex"
File: tikzlibrarytopaths.code.tex 2008/06/17 v2.10 (rcs-revision 1.2)
)))
("C:\Program Files\MiKTeX 2.9\tex\latex\colortbl\colortbl.sty"
Package: colortbl 2001/02/13 v0.1j Color table columns (DPC)

("C:\Program Files\MiKTeX 2.9\tex\latex\tools\array.sty"
Package: array 2008/09/09 v2.4c Tabular extension package (FMi)
\col@sep=\dimen166
\extrarowheight=\dimen167
\NC@list=\toks37
\extratabsurround=\skip52
\backup@length=\skip53
)
\everycr=\toks38
\minrowclearance=\skip54
)
("C:\Program Files\MiKTeX 2.9\tex\generic\pgf\frontendlayer\tikz\libraries\tikz
librarycalc.code.tex"
File: tikzlibrarycalc.code.tex 2009/09/04 v2.10 (rcs-revision 1.6)
)
("C:\Program Files\MiKTeX 2.9\tex\generic\pgf\frontendlayer\tikz\libraries\tikz
libraryplotmarks.code.tex"
File: tikzlibraryplotmarks.code.tex 2008/01/09 v2.10 (rcs-revision 1.1)

("C:\Program Files\MiKTeX 2.9\tex\generic\pgf\libraries\pgflibraryplotmarks.cod
e.tex"
File: pgflibraryplotmarks.code.tex 2010/10/15 v2.10 (rcs-revision 1.12)
))
("C:\Program Files\MiKTeX 2.9\tex\generic\pgf\frontendlayer\tikz\libraries\tikz
libraryshapes.code.tex"
File: tikzlibraryshapes.code.tex 2008/01/09 v2.10 (rcs-revision 1.1)

("C:\Program Files\MiKTeX 2.9\tex\generic\pgf\frontendlayer\tikz\libraries\tikz
libraryshapes.geometric.code.tex"
File: tikzlibraryshapes.geometric.code.tex 2008/01/09 v2.10 (rcs-revision 1.1)

("C:\Program Files\MiKTeX 2.9\tex\generic\pgf\libraries\shapes\pgflibraryshapes
.geometric.code.tex"
File: pgflibraryshapes.geometric.code.tex 2008/06/26 v2.10 (rcs-revision 1.1)
))
("C:\Program Files\MiKTeX 2.9\tex\generic\pgf\frontendlayer\tikz\libraries\tikz
libraryshapes.misc.code.tex"
File: tikzlibraryshapes.misc.code.tex 2008/01/09 v2.10 (rcs-revision 1.1)

("C:\Program Files\MiKTeX 2.9\tex\generic\pgf\libraries\shapes\pgflibraryshapes
.misc.code.tex"
File: pgflibraryshapes.misc.code.tex 2008/10/07 v2.10 (rcs-revision 1.3)
))
("C:\Program Files\MiKTeX 2.9\tex\generic\pgf\frontendlayer\tikz\libraries\tikz
libraryshapes.symbols.code.tex"
File: tikzlibraryshapes.symbols.code.tex 2008/01/09 v2.10 (rcs-revision 1.1)

("C:\Program Files\MiKTeX 2.9\tex\generic\pgf\libraries\shapes\pgflibraryshapes
.symbols.code.tex"
File: pgflibraryshapes.symbols.code.tex 2009/10/27 v2.10 (rcs-revision 1.3)
))
("C:\Program Files\MiKTeX 2.9\tex\generic\pgf\frontendlayer\tikz\libraries\tikz
libraryshapes.arrows.code.tex"
File: tikzlibraryshapes.arrows.code.tex 2008/01/09 v2.10 (rcs-revision 1.1)

("C:\Program Files\MiKTeX 2.9\tex\generic\pgf\libraries\shapes\pgflibraryshapes
.arrows.code.tex"
File: pgflibraryshapes.arrows.code.tex 2008/06/26 v2.10 (rcs-revision 1.1)
))
("C:\Program Files\MiKTeX 2.9\tex\generic\pgf\frontendlayer\tikz\libraries\tikz
libraryshapes.callouts.code.tex"
("C:\Program Files\MiKTeX 2.9\tex\generic\pgf\libraries\shapes\pgflibraryshapes
.callouts.code.tex"))
("C:\Program Files\MiKTeX 2.9\tex\generic\pgf\frontendlayer\tikz\libraries\tikz
libraryshapes.multipart.code.tex"
File: tikzlibraryshapes.multipart.code.tex 2008/01/09 v2.10 (rcs-revision 1.1)

("C:\Program Files\MiKTeX 2.9\tex\generic\pgf\libraries\shapes\pgflibraryshapes
.multipart.code.tex"
File: pgflibraryshapes.multipart.code.tex 2010/01/07 v2.10 (rcs-revision 1.2)
\pgfnodepartlowerbox=\box43
\pgfnodeparttwobox=\box44
\pgfnodepartthreebox=\box45
\pgfnodepartfourbox=\box46
\pgfnodeparttwentybox=\box47
\pgfnodepartnineteenbox=\box48
\pgfnodeparteighteenbox=\box49
\pgfnodepartseventeenbox=\box50
\pgfnodepartsixteenbox=\box51
\pgfnodepartfifteenbox=\box52
\pgfnodepartfourteenbox=\box53
\pgfnodepartthirteenbox=\box54
\pgfnodeparttwelvebox=\box55
\pgfnodepartelevenbox=\box56
\pgfnodeparttenbox=\box57
\pgfnodepartninebox=\box58
\pgfnodeparteightbox=\box59
\pgfnodepartsevenbox=\box60
\pgfnodepartsixbox=\box61
\pgfnodepartfivebox=\box62
)))
("C:\Program Files\MiKTeX 2.9\tex\latex\rotating\rotating.sty"
Package: rotating 2009/03/28 v2.16a rotated objects in LaTeX
\c@r@tfl@t=\count135
\rotFPtop=\skip55
\rotFPbot=\skip56
\rot@float@box=\box63
\rot@mess@toks=\toks39
)
("C:\Documents and Settings\Administrateur\Bureau\Recherche\Kohonen\ExtendedVer
sionArticle\articleExtendedWSOM_29_mars.aux")
LaTeX Font Info:    Checking defaults for OML/cmm/m/it on input line 56.
LaTeX Font Info:    ... okay on input line 56.
LaTeX Font Info:    Checking defaults for T1/cmr/m/n on input line 56.
LaTeX Font Info:    ... okay on input line 56.
LaTeX Font Info:    Checking defaults for OT1/cmr/m/n on input line 56.
LaTeX Font Info:    ... okay on input line 56.
LaTeX Font Info:    Checking defaults for OMS/cmsy/m/n on input line 56.
LaTeX Font Info:    ... okay on input line 56.
LaTeX Font Info:    Checking defaults for OMX/cmex/m/n on input line 56.
LaTeX Font Info:    ... okay on input line 56.
LaTeX Font Info:    Checking defaults for U/cmr/m/n on input line 56.
LaTeX Font Info:    ... okay on input line 56.

("C:\Program Files\MiKTeX 2.9\tex\context\base\supp-pdf.mkii"
[Loading MPS to PDF converter (version 2006.09.02).]
\scratchcounter=\count136
\scratchdimen=\dimen168
\scratchbox=\box64
\nofMPsegments=\count137
\nofMParguments=\count138
\everyMPshowfont=\toks40
\MPscratchCnt=\count139
\MPscratchDim=\dimen169
\MPnumerator=\count140
\makeMPintoPDFobject=\count141
\everyMPtoPDFconversion=\toks41
)
LaTeX Info: Redefining \degres on input line 56.


Package frenchb.ldf Warning: The definition of \@makecaption has been changed,
(frenchb.ldf)                frenchb will NOT customise it;
(frenchb.ldf)                reported on input line 56.

LaTeX Info: Redefining \dots on input line 56.
LaTeX Info: Redefining \up on input line 56.
ABD: EveryShipout initializing macros
LaTeX Font Info:    Try loading font information for U+msa on input line 78.

("C:\Program Files\MiKTeX 2.9\tex\latex\amsfonts\umsa.fd"
File: umsa.fd 2009/06/22 v3.00 AMS symbols A
)
LaTeX Font Info:    Try loading font information for U+msb on input line 78.

("C:\Program Files\MiKTeX 2.9\tex\latex\amsfonts\umsb.fd"
File: umsb.fd 2009/06/22 v3.00 AMS symbols B
)
LaTeX Font Info:    Try loading font information for T1+cmtt on input line 78.

("C:\Program Files\MiKTeX 2.9\tex\latex\base\t1cmtt.fd"
File: t1cmtt.fd 1999/05/25 v2.5h Standard LaTeX font definitions
)
Underfull \hbox (badness 10000) in paragraph at lines 85--86

 []


Underfull \hbox (badness 10000) in paragraph at lines 87--88

 []


LaTeX Font Warning: Font shape `T1/cmr/m/n' in size <6.49994> not available
(Font)              size <6> substituted on input line 95.

[1


{C:/Documents and Settings/All Users/Application Data/MiKTeX/2.9/pdftex/config/
pdftex.map}]
Underfull \hbox (badness 10000) in paragraph at lines 101--102

 []


Overfull \hbox (3.18636pt too wide) in paragraph at lines 113--113
\T1/cmr/bx/n/9 oc-cur-rences| 
 []


Underfull \hbox (badness 10000) in paragraph at lines 116--116
[]|\T1/cmr/m/n/9 Mathieu
 []


Overfull \hbox (1.40347pt too wide) in paragraph at lines 116--116
\T1/cmr/m/n/9 Pré-houde| 
 []


Underfull \hbox (badness 10000) in paragraph at lines 117--117
[]|\T1/cmr/m/n/9 Bibl. nat. Fr. 1346,
 []


Underfull \hbox (badness 10000) in paragraph at lines 117--117
\T1/cmr/m/n/9 Com-mer-cial ap-pen-dix of
 []


Underfull \hbox (badness 10000) in paragraph at lines 117--117
[]|\T1/cmr/m/n/9 Nicolas
 []


Underfull \hbox (badness 8113) in paragraph at lines 119--119
[]|\T1/cmr/m/n/9 Bib. nat. Ar-se-nal 2904,
 []


Underfull \hbox (badness 10000) in paragraph at lines 119--119
[]|\T1/cmr/m/n/9 Jean
 []


Underfull \hbox (badness 10000) in paragraph at lines 120--120
[]|\T1/cmr/m/n/9 Jean
 []


Underfull \hbox (badness 10000) in paragraph at lines 132--133

 []


Underfull \hbox (badness 10000) in paragraph at lines 134--135

 []

[2]
Underfull \hbox (badness 10000) in paragraph at lines 136--137

 []


Underfull \hbox (badness 10000) in paragraph at lines 138--139

 []

Missing character: There is no ; in font nullfont!
Missing character: There is no ; in font nullfont!
Missing character: There is no ; in font nullfont!
Missing character: There is no ; in font nullfont!
Missing character: There is no ; in font nullfont!
Missing character: There is no ; in font nullfont!

LaTeX Warning: `!h' float specifier changed to `!ht'.

Missing character: There is no ; in font nullfont!
Missing character: There is no ; in font nullfont!
Missing character: There is no ; in font nullfont!
Missing character: There is no ; in font nullfont!
Missing character: There is no ; in font nullfont!
Missing character: There is no ; in font nullfont!

LaTeX Warning: `!h' float specifier changed to `!ht'.


Underfull \hbox (badness 10000) in paragraph at lines 351--352

 []


Underfull \hbox (badness 10000) in paragraph at lines 353--354

 []


Underfull \hbox (badness 10000) in paragraph at lines 355--356

 []

[3]
Underfull \hbox (badness 10000) in paragraph at lines 357--358

 []


Underfull \hbox (badness 10000) in paragraph at lines 359--360

 []


Underfull \hbox (badness 10000) in paragraph at lines 361--362

 []

[4]
Underfull \hbox (badness 10000) in paragraph at lines 363--364

 []


Underfull \hbox (badness 10000) in paragraph at lines 365--366

 []


Underfull \hbox (badness 10000) in paragraph at lines 369--370

 []


Underfull \hbox (badness 10000) in paragraph at lines 371--372

 []

[5]
Underfull \hbox (badness 10000) in paragraph at lines 373--374

 []


Underfull \hbox (badness 10000) in paragraph at lines 375--377

 []


Underfull \hbox (badness 10000) in paragraph at lines 408--408
[]|\T1/cmr/m/n/10 minutes
 []


Underfull \hbox (badness 10000) in paragraph at lines 408--408
[]|\T1/cmr/m/n/10 calculer
 []


Underfull \hbox (badness 7540) in paragraph at lines 408--408
[]|\T1/cmr/m/n/10 fois mettre
 []


Underfull \hbox (badness 10000) in paragraph at lines 408--408
[]|\T1/cmr/m/n/10 contraire
 []


Underfull \hbox (badness 10000) in paragraph at lines 408--408
\T1/cmr/m/n/10 de-pen-ser
 []


Underfull \hbox (badness 10000) in paragraph at lines 408--408
[]|\T1/cmr/m/n/10 aller donc
 []


Underfull \hbox (badness 10000) in paragraph at lines 408--408
\T1/cmr/m/n/10 en-suivre
 []


Underfull \hbox (badness 10000) in paragraph at lines 408--408
[]|\T1/cmr/m/n/10 barrater
 []


Underfull \hbox (badness 10000) in paragraph at lines 408--408
[]|\T1/cmr/m/n/10 defaillir
 []


Underfull \hbox (badness 10000) in paragraph at lines 408--408
\T1/cmr/m/n/10 du-pla-tion
 []


Underfull \hbox (badness 10000) in paragraph at lines 408--408
\T1/cmr/m/n/10 me-dia-tion
 []


Underfull \hbox (badness 10000) in paragraph at lines 408--408
\T1/cmr/m/n/10 nom-mer
 []


Underfull \hbox (badness 10000) in paragraph at lines 408--408
\T1/cmr/m/n/10 nu-me-ra-tion
 []


Underfull \hbox (badness 10000) in paragraph at lines 408--408
[]|\T1/cmr/m/n/10 circulaires
 []


Underfull \hbox (badness 10000) in paragraph at lines 408--408
\T1/cmr/m/n/10 de-meu-rer
 []


Underfull \hbox (badness 10000) in paragraph at lines 408--408
\T1/cmr/m/n/10 de-re-nier
 []


Underfull \hbox (badness 10000) in paragraph at lines 408--408
\T1/cmr/m/n/10 di-saine
 []


Underfull \hbox (badness 10000) in paragraph at lines 408--408
\T1/cmr/m/n/10 ecrire
 []


Underfull \hbox (badness 10000) in paragraph at lines 408--408
\T1/cmr/m/n/10 en-tendre
 []


Underfull \hbox (badness 10000) in paragraph at lines 408--408
\T1/cmr/m/n/10 formes
 []


Underfull \hbox (badness 10000) in paragraph at lines 408--408
\T1/cmr/m/n/10 nom-bra-teur
 []


Underfull \hbox (badness 10000) in paragraph at lines 408--408
[]|\T1/cmr/m/n/10 entrer
 []


Underfull \hbox (badness 10000) in paragraph at lines 408--408
[]|\T1/cmr/m/n/10 emprunter
 []


Underfull \hbox (badness 10000) in paragraph at lines 408--408
\T1/cmr/m/n/10 fi-gure
 []


Underfull \hbox (badness 10000) in paragraph at lines 408--408
[]|\T1/cmr/m/n/10 figure
 []


Underfull \hbox (badness 10000) in paragraph at lines 408--408
\T1/cmr/m/n/10 frac-tion
 []


Underfull \hbox (badness 6608) in paragraph at lines 408--408
\T1/cmr/m/n/10 muer rayes
 []


Underfull \hbox (badness 10000) in paragraph at lines 408--408
[]|\T1/cmr/m/n/10 denomi-
 []


Underfull \hbox (badness 10000) in paragraph at lines 408--408
\T1/cmr/m/n/10 na-tions
 []


Underfull \hbox (badness 10000) in paragraph at lines 408--408
\T1/cmr/m/n/10 multipli-
 []


Underfull \hbox (badness 10000) in paragraph at lines 408--408
\T1/cmr/m/n/10 ca-teur
 []


Underfull \hbox (badness 10000) in paragraph at lines 408--408
\T1/cmr/m/n/10 no-mi-na-teur
 []


Underfull \hbox (badness 10000) in paragraph at lines 408--408
[]|\T1/cmr/m/n/10 abaisser
 []


Underfull \hbox (badness 10000) in paragraph at lines 408--408
\T1/cmr/m/n/10 comptes
 []


Underfull \hbox (badness 10000) in paragraph at lines 408--408
\T1/cmr/m/n/10 en-droit
 []


Underfull \hbox (badness 10000) in paragraph at lines 408--408
[]|\T1/cmr/m/n/10 anteriorer
 []


Underfull \hbox (badness 10000) in paragraph at lines 408--408
\T1/cmr/m/n/10 di-mi-nu-tion
 []


Overfull \hbox (4.03687pt too wide) in paragraph at lines 408--408
\T1/cmr/m/n/10 en-sei-gne-ment
 []


Underfull \hbox (badness 10000) in paragraph at lines 408--408
\T1/cmr/m/n/10 en-sei-gner
 []


Underfull \hbox (badness 10000) in paragraph at lines 408--408
\T1/cmr/m/n/10 moyen
 []


Underfull \hbox (badness 10000) in paragraph at lines 408--408
\T1/cmr/m/n/10 si-gni-fiant
 []


Underfull \hbox (badness 10000) in paragraph at lines 408--408
\T1/cmr/m/n/10 sur-plus
 []


Underfull \hbox (badness 10000) in paragraph at lines 408--408
[]|\T1/cmr/m/n/10 possible
 []


Underfull \hbox (badness 10000) in paragraph at lines 408--408
[]|\T1/cmr/m/n/10 difficile
 []


Underfull \hbox (badness 10000) in paragraph at lines 408--408
\T1/cmr/m/n/10 pro-gres-sion
 []


Underfull \hbox (badness 10000) in paragraph at lines 408--408
[]|\T1/cmr/m/n/10 monter
 []


Underfull \hbox (badness 10000) in paragraph at lines 408--408
\T1/cmr/m/n/10 multipli-
 []


Underfull \hbox (badness 10000) in paragraph at lines 408--408
\T1/cmr/m/n/10 cation
 []


Underfull \hbox (badness 10000) in paragraph at lines 408--408
\T1/cmr/m/n/10 pra-tique
 []


Underfull \hbox (badness 10000) in paragraph at lines 408--408
[]|\T1/cmr/m/n/10 generale
 []


Underfull \hbox (badness 10000) in paragraph at lines 408--408
\T1/cmr/m/n/10 la-tin
 []


Underfull \hbox (badness 10000) in paragraph at lines 408--408
\T1/cmr/m/n/10 nom-brer
 []


Underfull \hbox (badness 10000) in paragraph at lines 408--408
\T1/cmr/m/n/10 pro-por-tion
 []


Underfull \hbox (badness 10000) in paragraph at lines 408--408
\T1/cmr/m/n/10 re-duc-tion
 []


Underfull \hbox (badness 10000) in paragraph at lines 408--408
[]|\T1/cmr/m/n/10 denomi-
 []


Underfull \hbox (badness 10000) in paragraph at lines 408--408
[]|\T1/cmr/m/n/10 remotion
 []


Underfull \hbox (badness 10000) in paragraph at lines 408--408
[]|\T1/cmr/m/n/10 ensemble
 []


Underfull \hbox (badness 10000) in paragraph at lines 408--408
[]|\T1/cmr/m/n/10 partement
 []


Overfull \hbox (1.78741pt too wide) in paragraph at lines 408--408
[]|\T1/cmr/m/n/10 arithmetique
 []


Underfull \hbox (badness 10000) in paragraph at lines 408--408
\T1/cmr/m/n/10 comp-ter
 []


Underfull \hbox (badness 10000) in paragraph at lines 408--408
[]|\T1/cmr/m/n/10 cubbement
 []


Underfull \hbox (badness 2027) in paragraph at lines 408--408
\T1/cmr/m/n/10 destre di-git
 []


Underfull \hbox (badness 10000) in paragraph at lines 408--408
\T1/cmr/m/n/10 di-vi-ser
 []


Underfull \hbox (badness 10000) in paragraph at lines 408--408
\T1/cmr/m/n/10 di-vi-seur
 []


Underfull \hbox (badness 10000) in paragraph at lines 408--408
\T1/cmr/m/n/10 di-vi-sion
 []


Underfull \hbox (badness 10000) in paragraph at lines 408--408
\T1/cmr/m/n/10 lignes
 []


Underfull \hbox (badness 10000) in paragraph at lines 408--408
\T1/cmr/m/n/10 nombre
 []


Overfull \hbox (8.81348pt too wide) in paragraph at lines 408--408
\T1/cmr/m/n/10 com-po-se-que-rir| 
 []


Underfull \hbox (badness 10000) in paragraph at lines 408--408
[]|[]\T1/cmr/bx/n/10 DIRE[]
 []


Underfull \hbox (badness 10000) in paragraph at lines 408--408
[]|\T1/cmr/m/n/10 abreger
 []


Underfull \hbox (badness 10000) in paragraph at lines 408--408
\T1/cmr/m/n/10 le-ver
 []


Underfull \hbox (badness 10000) in paragraph at lines 408--408
\T1/cmr/m/n/10 pre-cedent
 []


Underfull \hbox (badness 10000) in paragraph at lines 408--408
[]|\T1/cmr/m/n/10 moindre
 []


Underfull \hbox (badness 10000) in paragraph at lines 408--408
\T1/cmr/m/n/10 nombre
 []


Underfull \hbox (badness 10000) in paragraph at lines 408--408
\T1/cmr/bx/n/10 Ni-co-las
 []


Underfull \hbox (badness 10000) in paragraph at lines 408--408
[]|\T1/cmr/m/n/10 partir plus
 []


Underfull \hbox (badness 10000) in paragraph at lines 408--408
[]|\T1/cmr/m/n/10 egalir
 []


Underfull \hbox (badness 10000) in paragraph at lines 408--408
\T1/cmr/m/n/10 ega-li-ser
 []


Underfull \hbox (badness 10000) in paragraph at lines 408--408
\T1/cmr/m/n/10 es-peces
 []


Underfull \hbox (badness 10000) in paragraph at lines 408--408
\T1/cmr/m/n/10 ques-tion
 []


Underfull \hbox (badness 10000) in paragraph at lines 408--408
[]|\T1/cmr/m/n/10 apparaitre
 []


Underfull \hbox (badness 10000) in paragraph at lines 408--408
\T1/cmr/m/n/10 po-si-tion
 []


Underfull \hbox (badness 10000) in paragraph at lines 408--408
[]|\T1/cmr/m/n/10 leurs
 []


Underfull \hbox (badness 10000) in paragraph at lines 408--408
\T1/cmr/m/n/10 prendre
 []


Underfull \hbox (badness 10000) in paragraph at lines 408--408
\T1/cmr/m/n/10 quant
 []


Underfull \hbox (badness 10000) in paragraph at lines 408--408
\T1/cmr/m/n/10 quan-te-fois
 []


Underfull \hbox (badness 10000) in paragraph at lines 408--408
\T1/cmr/m/n/10 re-ponse
 []


Underfull \hbox (badness 10000) in paragraph at lines 408--408
[]|\T1/cmr/m/n/10 commun
 []


Underfull \hbox (badness 10000) in paragraph at lines 408--408
\T1/cmr/m/n/10 exemple
 []


Underfull \hbox (badness 10000) in paragraph at lines 408--408
[]|\T1/cmr/m/n/10 algorisme
 []


Underfull \hbox (badness 10000) in paragraph at lines 408--408
\T1/cmr/m/n/10 ar-ticle
 []


Underfull \hbox (badness 10000) in paragraph at lines 408--408
\T1/cmr/m/n/10 car-rees
 []


Underfull \hbox (badness 10000) in paragraph at lines 408--408
\T1/cmr/m/n/10 cercle
 []


Underfull \hbox (badness 10000) in paragraph at lines 408--408
\T1/cmr/m/n/10 en-vient
 []


Underfull \hbox (badness 10000) in paragraph at lines 408--408
\T1/cmr/m/n/10 ligne
 []


Underfull \hbox (badness 10000) in paragraph at lines 408--408
\T1/cmr/m/n/10 pair sain
 []


Underfull \hbox (badness 10000) in paragraph at lines 408--408
[]|\T1/cmr/m/n/10 addition
 []


Underfull \hbox (badness 10000) in paragraph at lines 408--408
\T1/cmr/m/n/10 chiffre
 []


Underfull \hbox (badness 10000) in paragraph at lines 408--408
[]|\T1/cmr/m/n/10 double
 []


Underfull \hbox (badness 10000) in paragraph at lines 408--408
\T1/cmr/m/n/10 dou-bler
 []


Underfull \hbox (badness 10000) in paragraph at lines 408--408
[]|\T1/cmr/m/n/10 appeler
 []


Underfull \hbox (badness 10000) in paragraph at lines 408--408
\T1/cmr/m/n/10 don-ner
 []


Underfull \hbox (badness 10000) in paragraph at lines 408--408
\T1/cmr/m/n/10 ma-niere
 []


Underfull \hbox (badness 10000) in paragraph at lines 408--408
[]|\T1/cmr/m/n/10 bailler
 []


Underfull \hbox (badness 10000) in paragraph at lines 408--408
\T1/cmr/m/n/10 de-man-der
 []


Underfull \hbox (badness 10000) in paragraph at lines 408--408
\T1/cmr/m/n/10 mises
 []


Underfull \hbox (badness 10000) in paragraph at lines 408--408
\T1/cmr/m/n/10 nom-per
 []


Underfull \hbox (badness 10000) in paragraph at lines 408--408
\T1/cmr/m/n/10 pa-reille-ment
 []


Underfull \hbox (badness 10000) in paragraph at lines 408--408
[]|\T1/cmr/m/n/10 egale faire
 []


Underfull \hbox (badness 10000) in paragraph at lines 408--408
\T1/cmr/m/n/10 mon-trer
 []


Underfull \hbox (badness 10000) in paragraph at lines 408--408
\T1/cmr/m/n/10 ne-ces-saire
 []


Underfull \hbox (badness 10000) in paragraph at lines 408--408
[]|\T1/cmr/m/n/10 demontrer
 []


Underfull \hbox (badness 10000) in paragraph at lines 408--408
[]|\T1/cmr/m/n/10 aliquot
 []


Underfull \hbox (badness 10000) in paragraph at lines 408--408
\T1/cmr/m/n/10 com-po-ser
 []


Underfull \hbox (badness 10000) in paragraph at lines 408--408
\T1/cmr/m/n/10 corps
 []


Underfull \hbox (badness 2818) in paragraph at lines 408--408
\T1/cmr/m/n/10 moins sub*
 []


Underfull \hbox (badness 10000) in paragraph at lines 408--408
[]|\T1/cmr/m/n/10 partant
 []


Underfull \hbox (badness 10000) in paragraph at lines 408--408
\T1/cmr/m/n/10 plai-sir
 []


Overfull \hbox (2.92603pt too wide) in paragraph at lines 408--408
\T1/cmr/m/n/10 proportionel-
 []


Underfull \hbox (badness 10000) in paragraph at lines 408--408
\T1/cmr/m/n/10 le-ment
 []


Underfull \hbox (badness 10000) in paragraph at lines 408--408
\T1/cmr/m/n/10 re-que-rir
 []


Underfull \hbox (badness 10000) in paragraph at lines 408--408
[]|\T1/cmr/m/n/10 appartenir
 []


Underfull \hbox (badness 10000) in paragraph at lines 408--408
\T1/cmr/m/n/10 conve-nir
 []


Underfull \hbox (badness 10000) in paragraph at lines 408--408
\T1/cmr/m/n/10 de-mande
 []


Underfull \hbox (badness 10000) in paragraph at lines 408--408
\T1/cmr/m/n/10 dif-fe-rence
 []


Underfull \hbox (badness 10000) in paragraph at lines 408--408
\T1/cmr/m/n/10 egaulx
 []


Underfull \hbox (badness 10000) in paragraph at lines 408--408
\T1/cmr/m/n/10 maieur
 []


Underfull \hbox (badness 10000) in paragraph at lines 408--408
\T1/cmr/m/n/10 sur-vendre
 []


Underfull \hbox (badness 10000) in paragraph at lines 408--408
[]|\T1/cmr/m/n/10 naturel
 []


Underfull \hbox (badness 10000) in paragraph at lines 408--408
\T1/cmr/m/n/10 roupt
 []


Underfull \hbox (badness 10000) in paragraph at lines 408--408
\T1/cmr/bx/n/10 Traicte
 []


Underfull \hbox (badness 10000) in paragraph at lines 435--435
[]|\T1/cmr/m/n/10 cautelle
 []


Underfull \hbox (badness 10000) in paragraph at lines 435--435
\T1/cmr/m/n/10 la-tin
 []


Underfull \hbox (badness 10000) in paragraph at lines 435--435
\T1/cmr/m/n/10 nom-brer
 []


Underfull \hbox (badness 10000) in paragraph at lines 435--435
[]|\T1/cmr/m/n/10 dessus
 []


Underfull \hbox (badness 10000) in paragraph at lines 435--435
[]|\T1/cmr/m/n/10 addition
 []


Underfull \hbox (badness 10000) in paragraph at lines 435--435
[]|\T1/cmr/m/n/10 compter
 []


Underfull \hbox (badness 10000) in paragraph at lines 435--435
\T1/cmr/m/n/10 double
 []


Underfull \hbox (badness 10000) in paragraph at lines 435--435
\T1/cmr/m/n/10 dou-bler
 []


Underfull \hbox (badness 10000) in paragraph at lines 435--435
\T1/cmr/m/n/10 mul-ti-plier
 []


Underfull \hbox (badness 10000) in paragraph at lines 435--435
[]|\T1/cmr/m/n/10 barrater
 []


Underfull \hbox (badness 10000) in paragraph at lines 435--435
\T1/cmr/m/n/10 contraire
 []


Underfull \hbox (badness 10000) in paragraph at lines 435--435
\T1/cmr/m/n/10 de-pen-ser
 []


Underfull \hbox (badness 10000) in paragraph at lines 435--435
[]|\T1/cmr/m/n/10 calculer
 []


Underfull \hbox (badness 10000) in paragraph at lines 435--435
\T1/cmr/m/n/10 cu-bic fois
 []


Underfull \hbox (badness 10000) in paragraph at lines 435--435
\T1/cmr/m/n/10 mettre
 []


Underfull \hbox (badness 10000) in paragraph at lines 435--435
[]|\T1/cmr/m/n/10 article
 []


Underfull \hbox (badness 10000) in paragraph at lines 435--435
\T1/cmr/m/n/10 chiffre
 []


Underfull \hbox (badness 10000) in paragraph at lines 435--435
[]|\T1/cmr/m/n/10 demeurer
 []


Underfull \hbox (badness 10000) in paragraph at lines 435--435
[]|\T1/cmr/m/n/10 duplation
 []


Underfull \hbox (badness 10000) in paragraph at lines 435--435
[]|\T1/cmr/m/n/10 carrees
 []


Underfull \hbox (badness 10000) in paragraph at lines 435--435
\T1/cmr/m/n/10 cercle
 []


Underfull \hbox (badness 10000) in paragraph at lines 435--435
\T1/cmr/m/n/10 en-vient
 []


Underfull \hbox (badness 10000) in paragraph at lines 435--435
[]|\T1/cmr/m/n/10 progression
 []


Underfull \hbox (badness 10000) in paragraph at lines 435--435
[]|\T1/cmr/m/n/10 anteriorer
 []


Underfull \hbox (badness 10000) in paragraph at lines 435--435
\T1/cmr/m/n/10 cub-be-ment
 []


Underfull \hbox (badness 4582) in paragraph at lines 435--435
\T1/cmr/m/n/10 destre di-git
 []


Underfull \hbox (badness 10000) in paragraph at lines 435--435
\T1/cmr/m/n/10 di-vi-ser
 []


Underfull \hbox (badness 10000) in paragraph at lines 435--435
\T1/cmr/m/n/10 di-vi-seur
 []


Underfull \hbox (badness 10000) in paragraph at lines 435--435
\T1/cmr/m/n/10 di-vi-sion
 []


Overfull \hbox (14.02803pt too wide) in paragraph at lines 435--435
\T1/cmr/m/n/10 nom-bre-com-pose
 []


Underfull \hbox (badness 10000) in paragraph at lines 435--435
[]|\T1/cmr/m/n/10 egalir
 []


Underfull \hbox (badness 10000) in paragraph at lines 435--435
\T1/cmr/m/n/10 es-peces
 []


Underfull \hbox (badness 10000) in paragraph at lines 435--435
[]|\T1/cmr/m/n/10 algorisme
 []


Overfull \hbox (2.35616pt too wide) in paragraph at lines 435--435
[]|\T1/cmr/m/n/10 arithmetique
 []


Underfull \hbox (badness 10000) in paragraph at lines 435--435
\T1/cmr/m/n/10 cir-cu-laires
 []


Underfull \hbox (badness 10000) in paragraph at lines 435--435
\T1/cmr/m/n/10 me-su-rer
 []


Underfull \hbox (badness 10000) in paragraph at lines 435--435
[]|\T1/cmr/m/n/10 garder
 []


Underfull \hbox (badness 10000) in paragraph at lines 435--435
[]|\T1/cmr/m/n/10 disaine
 []


Underfull \hbox (badness 10000) in paragraph at lines 435--435
\T1/cmr/m/n/10 ecrire
 []


Underfull \hbox (badness 10000) in paragraph at lines 435--435
\T1/cmr/m/n/10 en-tendre
 []


Underfull \hbox (badness 10000) in paragraph at lines 435--435
\T1/cmr/m/n/10 nom-bra-teur
 []


Underfull \hbox (badness 10000) in paragraph at lines 435--435
[]|\T1/cmr/m/n/10 prouver
 []


Underfull \hbox (badness 10000) in paragraph at lines 435--435
[]|\T1/cmr/m/n/10 ajoutement
 []


Underfull \hbox (badness 10000) in paragraph at lines 435--435
\T1/cmr/m/n/10 ap-pa-raitre
 []


Underfull \hbox (badness 10000) in paragraph at lines 435--435
\T1/cmr/m/n/10 di-mi-nu-tion
 []


Underfull \hbox (badness 10000) in paragraph at lines 435--435
\T1/cmr/m/n/10 en-semble
 []


Underfull \hbox (badness 10000) in paragraph at lines 435--435
\T1/cmr/m/n/10 par-tie
 []


Underfull \hbox (badness 10000) in paragraph at lines 435--435
\T1/cmr/m/n/10 pre-cedent
 []


Underfull \hbox (badness 10000) in paragraph at lines 435--435
\T1/cmr/m/n/10 pro-po-ser
 []


Underfull \hbox (badness 10000) in paragraph at lines 435--435
[]|\T1/cmr/m/n/10 science
 []


Underfull \hbox (badness 10000) in paragraph at lines 435--435
[]|[]\T1/cmr/bx/n/10 DIRE[]
 []


Underfull \hbox (badness 10000) in paragraph at lines 435--435
[]|\T1/cmr/m/n/10 ajouter
 []


Underfull \hbox (badness 10000) in paragraph at lines 435--435
\T1/cmr/m/n/10 moi-tie
 []


Underfull \hbox (badness 10000) in paragraph at lines 435--435
\T1/cmr/m/n/10 po-si-tion
 []


Underfull \hbox (badness 10000) in paragraph at lines 435--435
\T1/cmr/m/n/10 pou-voir
 []


Underfull \hbox (badness 10000) in paragraph at lines 435--435
[]\T1/cmr/bx/n/10 RAI-SON[]
 []


Underfull \hbox (badness 1354) in paragraph at lines 435--435
[]|\T1/cmr/m/n/10 moins regle
 []


Underfull \hbox (badness 10000) in paragraph at lines 435--435
[]|\T1/cmr/m/n/10 avaluer
 []


Underfull \hbox (badness 10000) in paragraph at lines 435--435
\T1/cmr/m/n/10 de-re-nier
 []


Underfull \hbox (badness 10000) in paragraph at lines 435--435
\T1/cmr/m/n/10 dif-fi-cile
 []


Underfull \hbox (badness 10000) in paragraph at lines 435--435
\T1/cmr/m/n/10 en-trer
 []


Underfull \hbox (badness 10000) in paragraph at lines 435--435
\T1/cmr/m/n/10 re-pondre
 []


Underfull \hbox (badness 10000) in paragraph at lines 435--435
[]|\T1/cmr/m/n/10 assembler
 []


Underfull \hbox (badness 10000) in paragraph at lines 435--435
[]|\T1/cmr/m/n/10 appeler
 []


Underfull \hbox (badness 10000) in paragraph at lines 435--435
\T1/cmr/m/n/10 com-po-ser
 []


Underfull \hbox (badness 1383) in paragraph at lines 435--435
[]|\T1/cmr/m/n/10 aller bailler
 []


Underfull \hbox (badness 10000) in paragraph at lines 435--435
[]|\T1/cmr/m/n/10 convenir
 []


Underfull \hbox (badness 10000) in paragraph at lines 435--435
\T1/cmr/m/n/10 de-mande
 []


Underfull \hbox (badness 10000) in paragraph at lines 435--435
\T1/cmr/m/n/10 de-man-der
 []


Underfull \hbox (badness 10000) in paragraph at lines 435--435
\T1/cmr/m/n/10 donc
 []


Underfull \hbox (badness 10000) in paragraph at lines 435--435
\T1/cmr/m/n/10 nom-per
 []


Underfull \hbox (badness 10000) in paragraph at lines 435--435
[]|\T1/cmr/m/n/10 pratique
 []


Underfull \hbox (badness 10000) in paragraph at lines 435--435
[]|\T1/cmr/m/n/10 ensuivre
 []


Underfull \hbox (badness 10000) in paragraph at lines 435--435
\T1/cmr/m/n/10 plai-sir
 []


Underfull \hbox (badness 10000) in paragraph at lines 435--435
\T1/cmr/m/n/10 re-que-rir
 []


Underfull \hbox (badness 10000) in paragraph at lines 435--435
[]|\T1/cmr/m/n/10 emprunter
 []


Underfull \hbox (badness 10000) in paragraph at lines 435--435
\T1/cmr/m/n/10 de non
 []


Underfull \hbox (badness 10000) in paragraph at lines 435--435
\T1/cmr/m/n/10 rien muer
 []


Underfull \hbox (badness 10000) in paragraph at lines 435--435
\T1/cmr/m/n/10 par-ti-teur
 []


Underfull \hbox (badness 10000) in paragraph at lines 435--435
\T1/cmr/m/n/10 rayes
 []


Underfull \hbox (badness 10000) in paragraph at lines 435--435
\T1/cmr/m/n/10 re-gar-der
 []


Underfull \hbox (badness 10000) in paragraph at lines 435--435
\T1/cmr/m/n/10 re-te-nir
 []


Overfull \hbox (4.53035pt too wide) in paragraph at lines 435--435
[]|\T1/cmr/m/n/10 denominateur
 []


Overfull \hbox (5.33571pt too wide) in paragraph at lines 435--435
\T1/cmr/m/n/10 mul-ti-pli-ca-tion| 
 []


Underfull \hbox (badness 10000) in paragraph at lines 435--435
[]|\T1/cmr/m/n/10 nulle
 []


Underfull \hbox (badness 10000) in paragraph at lines 435--435
[]|\T1/cmr/m/n/10 part
 []


Underfull \hbox (badness 10000) in paragraph at lines 435--435
[]|\T1/cmr/m/n/10 montrer
 []


Underfull \hbox (badness 10000) in paragraph at lines 435--435
[]|\T1/cmr/m/n/10 leurs
 []


Underfull \hbox (badness 10000) in paragraph at lines 435--435
\T1/cmr/m/n/10 ne-ces-saire
 []


Underfull \hbox (badness 10000) in paragraph at lines 435--435
\T1/cmr/m/n/10 quant
 []


Underfull \hbox (badness 10000) in paragraph at lines 435--435
[]|\T1/cmr/m/n/10 comptes
 []


Underfull \hbox (badness 10000) in paragraph at lines 435--435
\T1/cmr/m/n/10 en-droit
 []


Overfull \hbox (2.61415pt too wide) in paragraph at lines 435--435
\T1/cmr/m/n/10 en-sei-gne-ment
 []


Underfull \hbox (badness 10000) in paragraph at lines 435--435
\T1/cmr/m/n/10 en-sei-gner
 []


Underfull \hbox (badness 10000) in paragraph at lines 435--435
\T1/cmr/m/n/10 nom-mer
 []


Underfull \hbox (badness 10000) in paragraph at lines 435--435
\T1/cmr/m/n/10 se-nestre
 []


Underfull \hbox (badness 10000) in paragraph at lines 435--435
\T1/cmr/m/n/10 sur-plus
 []


Underfull \hbox (badness 10000) in paragraph at lines 435--435
[]|\T1/cmr/m/n/10 nominateur
 []


Underfull \hbox (badness 10000) in paragraph at lines 435--435
[]|\T1/cmr/m/n/10 gectons
 []


Underfull \hbox (badness 10000) in paragraph at lines 435--435
[]|\T1/cmr/m/n/10 abreger
 []


Underfull \hbox (badness 10000) in paragraph at lines 435--435
\T1/cmr/m/n/10 com-mun
 []


Underfull \hbox (badness 10000) in paragraph at lines 435--435
\T1/cmr/m/n/10 item le-ver
 []


Underfull \hbox (badness 10000) in paragraph at lines 435--435
\T1/cmr/m/n/10 nombre
 []


Underfull \hbox (badness 10000) in paragraph at lines 435--435
\T1/cmr/m/n/10 par-tir plus
 []


Underfull \hbox (badness 10000) in paragraph at lines 435--435
\T1/cmr/m/n/10 prendre
 []


Underfull \hbox (badness 10000) in paragraph at lines 435--435
[]|\T1/cmr/m/n/10 abaisser
 []


Underfull \hbox (badness 10000) in paragraph at lines 435--435
\T1/cmr/m/n/10 de-faillir
 []


Overfull \hbox (7.89064pt too wide) in paragraph at lines 435--435
\T1/cmr/m/n/10 de-no-mi-na-tions
 []


Overfull \hbox (5.9189pt too wide) in paragraph at lines 435--435
\T1/cmr/m/n/10 mul-ti-pli-ca-teur
 []


Underfull \hbox (badness 10000) in paragraph at lines 435--435
\T1/cmr/m/n/10 nu-me-ra-tion
 []


Underfull \hbox (badness 10000) in paragraph at lines 435--435
[]|\T1/cmr/m/n/10 gecter
 []


Underfull \hbox (badness 10000) in paragraph at lines 435--435
\T1/cmr/m/n/10 mi-nutes
 []


Underfull \hbox (badness 10000) in paragraph at lines 435--435
\T1/cmr/m/n/10 su-per
 []


Underfull \hbox (badness 10000) in paragraph at lines 435--435
[]|\T1/cmr/m/n/10 appartenir
 []


Underfull \hbox (badness 10000) in paragraph at lines 435--435
\T1/cmr/m/n/10 dif-fe-rence
 []


Underfull \hbox (badness 10000) in paragraph at lines 435--435
\T1/cmr/m/n/10 egaulx
 []


Underfull \hbox (badness 10000) in paragraph at lines 435--435
\T1/cmr/m/n/10 maieur
 []


Underfull \hbox (badness 10000) in paragraph at lines 435--435
[]|\T1/cmr/m/n/10 etre
 []


Underfull \hbox (badness 10000) in paragraph at lines 435--435
\T1/cmr/bx/n/10 Traicte
 []


Underfull \hbox (badness 10000) in paragraph at lines 435--435
[]|\T1/cmr/m/n/10 maniere
 []


Underfull \hbox (badness 10000) in paragraph at lines 435--435
\T1/cmr/m/n/10 moindre
 []


Underfull \hbox (badness 10000) in paragraph at lines 435--435
\T1/cmr/m/n/10 nu-me-ra-teur
 []


Underfull \hbox (badness 10000) in paragraph at lines 435--435
\T1/cmr/m/n/10 quan-te-fois
 []


Underfull \hbox (badness 10000) in paragraph at lines 435--435
[]|\T1/cmr/m/n/10 aliquot
 []


Underfull \hbox (badness 10000) in paragraph at lines 435--435
\T1/cmr/m/n/10 corps
 []


Overfull \hbox (3.49477pt too wide) in paragraph at lines 435--435
\T1/cmr/m/n/10 proportionel-
 []


Underfull \hbox (badness 4543) in paragraph at lines 435--435
\T1/cmr/m/n/10 le-ment sub
 []


Underfull \hbox (badness 10000) in paragraph at lines 435--435
\T1/cmr/m/n/10 tou-te-fois
 []


Underfull \hbox (badness 10000) in paragraph at lines 435--435
\T1/cmr/bx/n/10 Ni-co-las
 []

[6]
Missing character: There is no ; in font nullfont!

Underfull \hbox (badness 1484) in paragraph at lines 465--465
[][][][]\T1/cmr/m/n/7 influenced by 
 []


Underfull \hbox (badness 10000) in paragraph at lines 479--480

 []

[7] [8]
Underfull \hbox (badness 10000) in paragraph at lines 485--486

 []


Underfull \hbox (badness 10000) in paragraph at lines 487--491

 []


Underfull \hbox (badness 10000) in paragraph at lines 492--494

 []


Underfull \hbox (badness 10000) in paragraph at lines 495--496

 []


Underfull \hbox (badness 10000) in paragraph at lines 497--498

 []


Underfull \hbox (badness 10000) in paragraph at lines 508--509

 []


Underfull \hbox (badness 10000) in paragraph at lines 518--519

 []

[9]
Underfull \hbox (badness 10000) in paragraph at lines 528--529

 []

[10]
Underfull \hbox (badness 10000) in paragraph at lines 612--613

 []


Underfull \hbox (badness 10000) in paragraph at lines 614--615

 []


LaTeX Warning: `!h' float specifier changed to `!ht'.


Underfull \hbox (badness 10000) in paragraph at lines 693--694

 []


LaTeX Warning: `!h' float specifier changed to `!ht'.


Underfull \hbox (badness 10000) in paragraph at lines 876--877

 []


Underfull \hbox (badness 10000) in paragraph at lines 878--879

 []


Underfull \hbox (badness 10000) in paragraph at lines 880--881

 []

[11]
Underfull \hbox (badness 10000) in paragraph at lines 895--896

 []


Underfull \hbox (badness 10000) in paragraph at lines 897--898

 []


Underfull \hbox (badness 10000) in paragraph at lines 899--900

 []


Underfull \hbox (badness 10000) in paragraph at lines 915--916

 []

[12]
Underfull \hbox (badness 10000) in paragraph at lines 929--931

 []


Underfull \hbox (badness 10000) in paragraph at lines 932--933

 []


Underfull \hbox (badness 10000) in paragraph at lines 934--935

 []

[13]
Underfull \hbox (badness 10000) in paragraph at lines 936--937

 []


Underfull \hbox (badness 10000) in paragraph at lines 985--985
[]|\T1/cmr/m/n/10 minutes
 []


Underfull \hbox (badness 10000) in paragraph at lines 985--985
[]|\T1/cmr/m/n/10 calculer
 []


Underfull \hbox (badness 7540) in paragraph at lines 985--985
[]|\T1/cmr/m/n/10 fois mettre
 []


Underfull \hbox (badness 10000) in paragraph at lines 985--985
[]|[]\T1/cmr/m/n/10 contraire[]
 []


Underfull \hbox (badness 10000) in paragraph at lines 985--985
[]\T1/cmr/m/n/10 de-pen-ser[]
 []


Underfull \hbox (badness 10000) in paragraph at lines 985--985
[]|\T1/cmr/m/n/10 aller donc
 []


Underfull \hbox (badness 10000) in paragraph at lines 985--985
\T1/cmr/m/n/10 en-suivre
 []


Underfull \hbox (badness 10000) in paragraph at lines 985--985
[]|\T1/cmr/m/n/10 barrater
 []


Underfull \hbox (badness 10000) in paragraph at lines 985--985
[]|\T1/cmr/m/n/10 defaillir
 []


Underfull \hbox (badness 10000) in paragraph at lines 985--985
\T1/cmr/m/n/10 du-pla-tion
 []


Underfull \hbox (badness 10000) in paragraph at lines 985--985
\T1/cmr/m/n/10 me-dia-tion
 []


Underfull \hbox (badness 10000) in paragraph at lines 985--985
\T1/cmr/m/n/10 nom-mer
 []


Underfull \hbox (badness 10000) in paragraph at lines 985--985
\T1/cmr/m/n/10 nu-me-ra-tion
 []


Underfull \hbox (badness 10000) in paragraph at lines 985--985
[]|\T1/cmr/m/n/10 circulaires
 []


Underfull \hbox (badness 10000) in paragraph at lines 985--985
\T1/cmr/m/n/10 de-meu-rer
 []


Underfull \hbox (badness 10000) in paragraph at lines 985--985
\T1/cmr/m/n/10 de-re-nier
 []


Underfull \hbox (badness 10000) in paragraph at lines 985--985
\T1/cmr/m/n/10 di-saine
 []


Underfull \hbox (badness 10000) in paragraph at lines 985--985
\T1/cmr/m/n/10 ecrire
 []


Underfull \hbox (badness 10000) in paragraph at lines 985--985
\T1/cmr/m/n/10 en-tendre
 []


Underfull \hbox (badness 10000) in paragraph at lines 985--985
\T1/cmr/m/n/10 formes
 []


Underfull \hbox (badness 10000) in paragraph at lines 985--985
\T1/cmr/m/n/10 nom-bra-teur
 []


Underfull \hbox (badness 10000) in paragraph at lines 985--985
[]|\T1/cmr/m/n/10 entrer
 []


Underfull \hbox (badness 10000) in paragraph at lines 985--985
[]|\T1/cmr/m/n/10 emprunter
 []


Underfull \hbox (badness 10000) in paragraph at lines 985--985
\T1/cmr/m/n/10 fi-gure
 []


Underfull \hbox (badness 10000) in paragraph at lines 985--985
[]|\T1/cmr/m/n/10 figure
 []


Underfull \hbox (badness 10000) in paragraph at lines 985--985
\T1/cmr/m/n/10 frac-tion
 []


Underfull \hbox (badness 6608) in paragraph at lines 985--985
\T1/cmr/m/n/10 muer rayes
 []


Underfull \hbox (badness 10000) in paragraph at lines 985--985
[]|\T1/cmr/m/n/10 denomi-
 []


Underfull \hbox (badness 10000) in paragraph at lines 985--985
\T1/cmr/m/n/10 na-tions
 []


Underfull \hbox (badness 10000) in paragraph at lines 985--985
\T1/cmr/m/n/10 multipli-
 []


Underfull \hbox (badness 10000) in paragraph at lines 985--985
\T1/cmr/m/n/10 ca-teur
 []


Underfull \hbox (badness 10000) in paragraph at lines 985--985
\T1/cmr/m/n/10 no-mi-na-teur
 []


Underfull \hbox (badness 10000) in paragraph at lines 985--985
[]|\T1/cmr/m/n/10 abaisser
 []


Underfull \hbox (badness 10000) in paragraph at lines 985--985
\T1/cmr/m/n/10 comptes
 []


Underfull \hbox (badness 10000) in paragraph at lines 985--985
\T1/cmr/m/n/10 en-droit
 []


Underfull \hbox (badness 10000) in paragraph at lines 985--985
[]|\T1/cmr/m/n/10 anteriorer
 []


Underfull \hbox (badness 10000) in paragraph at lines 985--985
\T1/cmr/m/n/10 di-mi-nu-tion
 []


Overfull \hbox (4.03687pt too wide) in paragraph at lines 985--985
\T1/cmr/m/n/10 en-sei-gne-ment
 []


Underfull \hbox (badness 10000) in paragraph at lines 985--985
\T1/cmr/m/n/10 en-sei-gner
 []


Underfull \hbox (badness 10000) in paragraph at lines 985--985
\T1/cmr/m/n/10 moyen
 []


Underfull \hbox (badness 10000) in paragraph at lines 985--985
\T1/cmr/m/n/10 si-gni-fiant
 []


Underfull \hbox (badness 10000) in paragraph at lines 985--985
\T1/cmr/m/n/10 sur-plus
 []


Underfull \hbox (badness 10000) in paragraph at lines 985--985
[]|\T1/cmr/m/n/10 possible
 []


Underfull \hbox (badness 10000) in paragraph at lines 985--985
[]|\T1/cmr/m/n/10 difficile
 []


Underfull \hbox (badness 10000) in paragraph at lines 985--985
\T1/cmr/m/n/10 pro-gres-sion
 []


Underfull \hbox (badness 10000) in paragraph at lines 985--985
[]|\T1/cmr/m/n/10 monter
 []


Underfull \hbox (badness 10000) in paragraph at lines 985--985
[]\T1/cmr/m/n/10 multipli-
 []


Underfull \hbox (badness 10000) in paragraph at lines 985--985
[] []\T1/cmr/m/n/10 ca-tion[]
 []


Underfull \hbox (badness 10000) in paragraph at lines 985--985
[]\T1/cmr/m/n/10 pra-tique[]
 []


Underfull \hbox (badness 10000) in paragraph at lines 985--985
[]|\T1/cmr/m/n/10 generale
 []


Underfull \hbox (badness 10000) in paragraph at lines 985--985
\T1/cmr/m/n/10 la-tin
 []


Underfull \hbox (badness 10000) in paragraph at lines 985--985
[]\T1/cmr/m/n/10 nom-brer[]
 []


Underfull \hbox (badness 10000) in paragraph at lines 985--985
\T1/cmr/m/n/10 pro-por-tion
 []


Underfull \hbox (badness 10000) in paragraph at lines 985--985
\T1/cmr/m/n/10 re-duc-tion
 []


Underfull \hbox (badness 10000) in paragraph at lines 985--985
[]|\T1/cmr/m/n/10 denomi-
 []


Underfull \hbox (badness 10000) in paragraph at lines 985--985
[]|\T1/cmr/m/n/10 remotion
 []


Underfull \hbox (badness 10000) in paragraph at lines 985--985
[]|[]\T1/cmr/m/n/10 ensemble[]
 []


Underfull \hbox (badness 10000) in paragraph at lines 985--985
[]|[]\T1/cmr/m/n/10 partement[]
 []


Overfull \hbox (1.78741pt too wide) in paragraph at lines 985--985
[]|\T1/cmr/m/n/10 arithmetique
 []


Underfull \hbox (badness 10000) in paragraph at lines 985--985
[]\T1/cmr/m/n/10 comp-ter[]
 []


Underfull \hbox (badness 10000) in paragraph at lines 985--985
[]|\T1/cmr/m/n/10 cubbement
 []


Underfull \hbox (badness 2027) in paragraph at lines 985--985
\T1/cmr/m/n/10 destre di-git
 []


Underfull \hbox (badness 10000) in paragraph at lines 985--985
\T1/cmr/m/n/10 di-vi-ser
 []


Underfull \hbox (badness 10000) in paragraph at lines 985--985
\T1/cmr/m/n/10 di-vi-seur
 []


Underfull \hbox (badness 10000) in paragraph at lines 985--985
\T1/cmr/m/n/10 di-vi-sion
 []


Underfull \hbox (badness 10000) in paragraph at lines 985--985
\T1/cmr/m/n/10 lignes
 []


Underfull \hbox (badness 10000) in paragraph at lines 985--985
\T1/cmr/m/n/10 nombre
 []


Underfull \hbox (badness 10000) in paragraph at lines 985--985
\T1/cmr/m/n/10 compo
 []


Underfull \hbox (badness 3907) in paragraph at lines 985--985
[]|[]\T1/cmr/m/n/10 dire[] []fi-gu-rer[]
 []


Underfull \hbox (badness 10000) in paragraph at lines 985--985
\T1/cmr/m/n/10 po-ser
 []


Underfull \hbox (badness 10000) in paragraph at lines 985--985
[]|\T1/cmr/m/n/10 abreger
 []


Underfull \hbox (badness 10000) in paragraph at lines 985--985
\T1/cmr/m/n/10 le-ver
 []


Underfull \hbox (badness 10000) in paragraph at lines 985--985
\T1/cmr/m/n/10 pre-cedent
 []


Underfull \hbox (badness 10000) in paragraph at lines 985--985
[]|\T1/cmr/m/n/10 moindre
 []


Underfull \hbox (badness 10000) in paragraph at lines 985--985
\T1/cmr/m/n/10 nombre
 []


Underfull \hbox (badness 10000) in paragraph at lines 985--985
\T1/cmr/bx/n/10 Ni-co-las
 []


Underfull \hbox (badness 10000) in paragraph at lines 985--985
[]|\T1/cmr/m/n/10 partir plus
 []


Underfull \hbox (badness 10000) in paragraph at lines 985--985
[]|\T1/cmr/m/n/10 egalir
 []


Underfull \hbox (badness 10000) in paragraph at lines 985--985
\T1/cmr/m/n/10 ega-li-ser
 []


Underfull \hbox (badness 10000) in paragraph at lines 985--985
\T1/cmr/m/n/10 es-peces
 []


Underfull \hbox (badness 10000) in paragraph at lines 985--985
\T1/cmr/m/n/10 ques-tion
 []


Underfull \hbox (badness 10000) in paragraph at lines 985--985
[]|\T1/cmr/m/n/10 apparaitre
 []


Underfull \hbox (badness 10000) in paragraph at lines 985--985
[]\T1/cmr/m/n/10 po-si-tion[]
 []


Underfull \hbox (badness 10000) in paragraph at lines 985--985
[]|\T1/cmr/m/n/10 leurs
 []


Underfull \hbox (badness 10000) in paragraph at lines 985--985
\T1/cmr/m/n/10 prendre
 []


Underfull \hbox (badness 10000) in paragraph at lines 985--985
\T1/cmr/m/n/10 quant
 []


Underfull \hbox (badness 10000) in paragraph at lines 985--985
\T1/cmr/m/n/10 quan-te-fois
 []


Underfull \hbox (badness 10000) in paragraph at lines 985--985
\T1/cmr/m/n/10 re-ponse
 []


Underfull \hbox (badness 10000) in paragraph at lines 985--985
[]|\T1/cmr/m/n/10 commun
 []


Underfull \hbox (badness 10000) in paragraph at lines 985--985
[]\T1/cmr/m/n/10 exemple[]
 []


Underfull \hbox (badness 10000) in paragraph at lines 985--985
[]|\T1/cmr/m/n/10 algorisme
 []


Underfull \hbox (badness 10000) in paragraph at lines 985--985
\T1/cmr/m/n/10 ar-ticle
 []


Underfull \hbox (badness 10000) in paragraph at lines 985--985
\T1/cmr/m/n/10 car-rees
 []


Underfull \hbox (badness 10000) in paragraph at lines 985--985
\T1/cmr/m/n/10 cercle
 []


Underfull \hbox (badness 10000) in paragraph at lines 985--985
\T1/cmr/m/n/10 en-vient
 []


Underfull \hbox (badness 10000) in paragraph at lines 985--985
\T1/cmr/m/n/10 ligne
 []


Underfull \hbox (badness 10000) in paragraph at lines 985--985
\T1/cmr/m/n/10 pair sain
 []


Underfull \hbox (badness 10000) in paragraph at lines 985--985
[]|\T1/cmr/m/n/10 addition
 []


Underfull \hbox (badness 10000) in paragraph at lines 985--985
\T1/cmr/m/n/10 chiffre
 []


Underfull \hbox (badness 10000) in paragraph at lines 985--985
[]|[]\T1/cmr/m/n/10 double[]
 []


Underfull \hbox (badness 10000) in paragraph at lines 985--985
[]\T1/cmr/m/n/10 dou-bler[]
 []


Underfull \hbox (badness 10000) in paragraph at lines 985--985
[]|\T1/cmr/m/n/10 appeler
 []


Underfull \hbox (badness 10000) in paragraph at lines 985--985
[]\T1/cmr/m/n/10 don-ner[]
 []


Underfull \hbox (badness 10000) in paragraph at lines 985--985
[]\T1/cmr/m/n/10 ma-niere[]
 []


Underfull \hbox (badness 10000) in paragraph at lines 985--985
[]|\T1/cmr/m/n/10 bailler
 []


Underfull \hbox (badness 10000) in paragraph at lines 985--985
\T1/cmr/m/n/10 de-man-der
 []


Underfull \hbox (badness 10000) in paragraph at lines 985--985
\T1/cmr/m/n/10 mises
 []


Underfull \hbox (badness 10000) in paragraph at lines 985--985
\T1/cmr/m/n/10 nom-per
 []


Underfull \hbox (badness 10000) in paragraph at lines 985--985
\T1/cmr/m/n/10 pa-reille-ment
 []


Underfull \hbox (badness 10000) in paragraph at lines 985--985
[]|\T1/cmr/m/n/10 egale faire
 []


Underfull \hbox (badness 10000) in paragraph at lines 985--985
\T1/cmr/m/n/10 mon-trer
 []


Underfull \hbox (badness 10000) in paragraph at lines 985--985
\T1/cmr/m/n/10 ne-ces-saire
 []


Underfull \hbox (badness 10000) in paragraph at lines 985--985
[]|\T1/cmr/m/n/10 demontrer
 []


Underfull \hbox (badness 10000) in paragraph at lines 985--985
[]|\T1/cmr/m/n/10 aliquot
 []


Underfull \hbox (badness 10000) in paragraph at lines 985--985
\T1/cmr/m/n/10 com-po-ser
 []


Underfull \hbox (badness 10000) in paragraph at lines 985--985
\T1/cmr/m/n/10 corps
 []


Underfull \hbox (badness 2818) in paragraph at lines 985--985
\T1/cmr/m/n/10 moins sub*
 []


Underfull \hbox (badness 10000) in paragraph at lines 985--985
[]|\T1/cmr/m/n/10 partant
 []


Underfull \hbox (badness 10000) in paragraph at lines 985--985
\T1/cmr/m/n/10 plai-sir
 []


Overfull \hbox (2.92603pt too wide) in paragraph at lines 985--985
\T1/cmr/m/n/10 proportionel-
 []


Underfull \hbox (badness 10000) in paragraph at lines 985--985
\T1/cmr/m/n/10 le-ment
 []


Underfull \hbox (badness 10000) in paragraph at lines 985--985
\T1/cmr/m/n/10 re-que-rir
 []


Underfull \hbox (badness 10000) in paragraph at lines 985--985
[]|\T1/cmr/m/n/10 appartenir
 []


Underfull \hbox (badness 10000) in paragraph at lines 985--985
\T1/cmr/m/n/10 conve-nir
 []


Underfull \hbox (badness 10000) in paragraph at lines 985--985
\T1/cmr/m/n/10 de-mande
 []


Underfull \hbox (badness 10000) in paragraph at lines 985--985
\T1/cmr/m/n/10 dif-fe-rence
 []


Underfull \hbox (badness 10000) in paragraph at lines 985--985
\T1/cmr/m/n/10 egaulx
 []


Underfull \hbox (badness 10000) in paragraph at lines 985--985
\T1/cmr/m/n/10 maieur
 []


Underfull \hbox (badness 10000) in paragraph at lines 985--985
\T1/cmr/m/n/10 sur-vendre
 []


Underfull \hbox (badness 10000) in paragraph at lines 985--985
[]|\T1/cmr/m/n/10 naturel
 []


Underfull \hbox (badness 10000) in paragraph at lines 985--985
\T1/cmr/m/n/10 roupt
 []


Underfull \hbox (badness 10000) in paragraph at lines 985--985
\T1/cmr/bx/n/10 Traicte
 []

Missing character: There is no ; in font nullfont!
Missing character: There is no ; in font nullfont!
Missing character: There is no ; in font nullfont!
Missing character: There is no ; in font nullfont!
Missing character: There is no ; in font nullfont!
Missing character: There is no ; in font nullfont!
Missing character: There is no ; in font nullfont!
Missing character: There is no ; in font nullfont!
Missing character: There is no ; in font nullfont!
Missing character: There is no ; in font nullfont!
Missing character: There is no ; in font nullfont!
Missing character: There is no ; in font nullfont!

LaTeX Warning: `!h' float specifier changed to `!ht'.


Underfull \hbox (badness 10000) in paragraph at lines 1153--1154

 []


Underfull \hbox (badness 10000) in paragraph at lines 1155--1156

 []


Underfull \hbox (badness 10000) in paragraph at lines 1157--1158

 []


Overfull \hbox (13.99875pt too wide) in paragraph at lines 1161--1164
[]\T1/cmr/m/n/10 One of the par-ti-cu-lar mea-nings of "to say" comes from the 
ora-lity of this type of text. Un-ders-tan-ding
 []


Underfull \hbox (badness 10000) in paragraph at lines 1161--1164

 []

[14] [15]

LaTeX Font Warning: Font shape `T1/cmr/bx/n' in size <4.54996> not available
(Font)              size <5> substituted on input line 1408.


LaTeX Warning: `!h' float specifier changed to `!ht'.


LaTeX Warning: `!h' float specifier changed to `!ht'.


LaTeX Warning: `!h' float specifier changed to `!ht'.


Underfull \hbox (badness 10000) in paragraph at lines 1617--1618

 []

[16]
Underfull \hbox (badness 10000) in paragraph at lines 1619--1620

 []


Underfull \hbox (badness 10000) in paragraph at lines 1621--1622

 []

[17]
Underfull \hbox (badness 10000) in paragraph at lines 1623--1624

 []


Underfull \hbox (badness 10000) in paragraph at lines 1625--1626

 []


Underfull \hbox (badness 10000) in paragraph at lines 1627--1628

 []

[18]
Overfull \hbox (1.21758pt too wide) in paragraph at lines 1640--1641
[]\T1/cmr/m/n/10 to make the Ko-ho-nen maps more ro-bust with res-pect to the r
an-dom-ness of the SOM al-go-rithm,
 []

[19]
("C:\Documents and Settings\Administrateur\Bureau\Recherche\Kohonen\ExtendedVer
sionArticle\articleExtendedWSOM_29_mars.bbl") [20]
("C:\Documents and Settings\Administrateur\Bureau\Recherche\Kohonen\ExtendedVer
sionArticle\articleExtendedWSOM_29_mars.aux")

LaTeX Font Warning: Size substitutions with differences
(Font)              up to 0.49994pt have occurred.

 ) 
Here is how much of TeX's memory you used:
 16292 strings out of 493921
 307047 string characters out of 3147200
 741992 words of memory out of 3000000
 19224 multiletter control sequences out of 15000+200000
 25804 words of font info for 66 fonts, out of 3000000 for 9000
 841 hyphenation exceptions out of 8191
 56i,12n,68p,3307b,793s stack positions out of 5000i,500n,10000p,200000b,50000s
{C:/Program Files/MiKTeX 2.9/fonts/enc/dvips/cm-super/cm-super-t1.enc}<C:/Pro
gram Files/MiKTeX 2.9/fonts/type1/public/amsfonts/cm/cmbx10.pfb><C:/Program Fil
es/MiKTeX 2.9/fonts/type1/public/amsfonts/cm/cmex10.pfb><C:/Program Files/MiKTe
X 2.9/fonts/type1/public/amsfonts/cm/cmmi10.pfb><C:/Program Files/MiKTeX 2.9/fo
nts/type1/public/amsfonts/cm/cmmi7.pfb><C:/Program Files/MiKTeX 2.9/fonts/type1
/public/amsfonts/cm/cmr10.pfb><C:/Program Files/MiKTeX 2.9/fonts/type1/public/a
msfonts/cm/cmr7.pfb><C:/Program Files/MiKTeX 2.9/fonts/type1/public/amsfonts/cm
/cmsy10.pfb><C:/Program Files/MiKTeX 2.9/fonts/type1/public/amsfonts/symbols/ms
bm10.pfb><C:/Program Files/MiKTeX 2.9/fonts/type1/public/cm-super/sfbx0500.pfb>
<C:/Program Files/MiKTeX 2.9/fonts/type1/public/cm-super/sfbx0700.pfb><C:/Progr
am Files/MiKTeX 2.9/fonts/type1/public/cm-super/sfbx0900.pfb><C:/Program Files/
MiKTeX 2.9/fonts/type1/public/cm-super/sfbx1000.pfb><C:/Program Files/MiKTeX 2.
9/fonts/type1/public/cm-super/sfcc0800.pfb><C:/Program Files/MiKTeX 2.9/fonts/t
ype1/public/cm-super/sfit0800.pfb><C:/Program Files/MiKTeX 2.9/fonts/type1/publ
ic/cm-super/sfrm0500.pfb><C:/Program Files/MiKTeX 2.9/fonts/type1/public/cm-sup
er/sfrm0600.pfb><C:/Program Files/MiKTeX 2.9/fonts/type1/public/cm-super/sfrm07
00.pfb><C:/Program Files/MiKTeX 2.9/fonts/type1/public/cm-super/sfrm0800.pfb><C
:/Program Files/MiKTeX 2.9/fonts/type1/public/cm-super/sfrm0900.pfb><C:/Program
 Files/MiKTeX 2.9/fonts/type1/public/cm-super/sfrm1000.pfb><C:/Program Files/Mi
KTeX 2.9/fonts/type1/public/cm-super/sfrm1440.pfb><C:/Program Files/MiKTeX 2.9/
fonts/type1/public/cm-super/sfti0600.pfb><C:/Program Files/MiKTeX 2.9/fonts/typ
e1/public/cm-super/sfti0700.pfb><C:/Program Files/MiKTeX 2.9/fonts/type1/public
/cm-super/sfti0800.pfb><C:/Program Files/MiKTeX 2.9/fonts/type1/public/cm-super
/sfti0900.pfb><C:/Program Files/MiKTeX 2.9/fonts/type1/public/cm-super/sfti1000
.pfb><C:/Program Files/MiKTeX 2.9/fonts/type1/public/cm-super/sfxc1000.pfb>
Output written on articleExtendedWSOM_29_mars.pdf (20 pages, 681130 bytes).
PDF statistics:
 179 PDF objects out of 1000 (max. 8388607)
 0 named destinations out of 1000 (max. 500000)
 13 words of extra memory for PDF output out of 10000 (max. 10000000)

