This is pdfTeX, Version 3.14159265-2.6-1.40.19 (MiKTeX 2.9.6800 64-bit) (preloaded format=pdflatex 2018.9.3)  26 JUN 2020 22:55
entering extended mode
**./exam2020.tex
(exam2020.tex
LaTeX2e <2018-04-01> patch level 5

("C:\Users\nicolas.bourgeois\AppData\Local\Programs\MiKTeX 2.9\tex\latex\base\a
rticle.cls"
Document Class: article 2014/09/29 v1.4h Standard LaTeX document class

("C:\Users\nicolas.bourgeois\AppData\Local\Programs\MiKTeX 2.9\tex\latex\base\s
ize10.clo"
File: size10.clo 2014/09/29 v1.4h Standard LaTeX file (size option)
)
\c@part=\count80
\c@section=\count81
\c@subsection=\count82
\c@subsubsection=\count83
\c@paragraph=\count84
\c@subparagraph=\count85
\c@figure=\count86
\c@table=\count87
\abovecaptionskip=\skip41
\belowcaptionskip=\skip42
\bibindent=\dimen102
)
("C:\Users\nicolas.bourgeois\AppData\Local\Programs\MiKTeX 2.9\tex\generic\babe
l\babel.sty"
Package: babel 2018/06/05 3.22 The Babel package

("C:\Users\nicolas.bourgeois\AppData\Local\Programs\MiKTeX 2.9\tex\generic\babe
l\switch.def"
File: switch.def 2018/06/05 3.22 Babel switching mechanism
)
*************************************
* Local config file bblopts.cfg used
*

("C:\Users\nicolas.bourgeois\AppData\Local\Programs\MiKTeX 2.9\tex\latex\arabi\
bblopts.cfg"
File: bblopts.cfg 2005/09/08 v0.1 add Arabic and Farsi to "declared" options of
 babel
)
("C:\Users\nicolas.bourgeois\AppData\Local\Programs\MiKTeX 2.9\tex\generic\babe
l-french\french.ldf"
Language: french 2018/07/17 v3.5b French support from the babel system

("C:\Users\nicolas.bourgeois\AppData\Local\Programs\MiKTeX 2.9\tex\generic\babe
l\babel.def"
File: babel.def 2018/06/05 3.22 Babel common definitions
\babel@savecnt=\count88
\U@D=\dimen103

("C:\Users\nicolas.bourgeois\AppData\Local\Programs\MiKTeX 2.9\tex\generic\babe
l\txtbabel.def")
\bbl@dirlevel=\count89
)
\l@acadian = a dialect from \language\l@french 
\FB@nonchar=\count90
Package babel Info: Making : an active character on input line 415.
Package babel Info: Making ; an active character on input line 416.
Package babel Info: Making ! an active character on input line 417.
Package babel Info: Making ? an active character on input line 418.
\FBguill@level=\count91
\FBold@everypar=\toks14
\FB@Mht=\dimen104
\mc@charclass=\count92
\mc@charfam=\count93
\mc@charslot=\count94
\std@mcc=\count95
\dec@mcc=\count96
\c@FBcaption@count=\count97
\listindentFB=\dimen105
\descindentFB=\dimen106
\labelindentFB=\dimen107
\labelwidthFB=\dimen108
\leftmarginFB=\dimen109
\parindentFFN=\dimen110
\FBfnindent=\dimen111
))
("C:\Users\nicolas.bourgeois\AppData\Local\Programs\MiKTeX 2.9\tex\latex\carlis
le\scalefnt.sty")
("C:\Users\nicolas.bourgeois\AppData\Local\Programs\MiKTeX 2.9\tex\latex\graphi
cs\keyval.sty"
Package: keyval 2014/10/28 v1.15 key=value parser (DPC)
\KV@toks@=\toks15
)
("C:\Users\nicolas.bourgeois\AppData\Local\Programs\MiKTeX 2.9\tex\latex\base\i
nputenc.sty"
Package: inputenc 2018/04/06 v1.3b Input encoding file
\inpenc@prehook=\toks16
\inpenc@posthook=\toks17
)
("C:\Users\nicolas.bourgeois\AppData\Local\Programs\MiKTeX 2.9\tex\latex\base\f
ontenc.sty"
Package: fontenc 2017/04/05 v2.0i Standard LaTeX package

("C:\Users\nicolas.bourgeois\AppData\Local\Programs\MiKTeX 2.9\tex\latex\base\t
1enc.def"
File: t1enc.def 2017/04/05 v2.0i Standard LaTeX file
LaTeX Font Info:    Redeclaring font encoding T1 on input line 48.
))
("C:\Users\nicolas.bourgeois\AppData\Local\Programs\MiKTeX 2.9\tex\latex\amsfon
ts\amsfonts.sty"
Package: amsfonts 2013/01/14 v3.01 Basic AMSFonts support
\@emptytoks=\toks18
\symAMSa=\mathgroup4
\symAMSb=\mathgroup5
LaTeX Font Info:    Overwriting math alphabet `\mathfrak' in version `bold'
(Font)                  U/euf/m/n --> U/euf/b/n on input line 106.
)
("C:\Users\nicolas.bourgeois\AppData\Local\Programs\MiKTeX 2.9\tex\latex\amsmat
h\amsmath.sty"
Package: amsmath 2017/09/02 v2.17a AMS math features
\@mathmargin=\skip43

For additional information on amsmath, use the `?' option.

("C:\Users\nicolas.bourgeois\AppData\Local\Programs\MiKTeX 2.9\tex\latex\amsmat
h\amstext.sty"
Package: amstext 2000/06/29 v2.01 AMS text

("C:\Users\nicolas.bourgeois\AppData\Local\Programs\MiKTeX 2.9\tex\latex\amsmat
h\amsgen.sty"
File: amsgen.sty 1999/11/30 v2.0 generic functions
\@emptytoks=\toks19
\ex@=\dimen112
))
("C:\Users\nicolas.bourgeois\AppData\Local\Programs\MiKTeX 2.9\tex\latex\amsmat
h\amsbsy.sty"
Package: amsbsy 1999/11/29 v1.2d Bold Symbols
\pmbraise@=\dimen113
)
("C:\Users\nicolas.bourgeois\AppData\Local\Programs\MiKTeX 2.9\tex\latex\amsmat
h\amsopn.sty"
Package: amsopn 2016/03/08 v2.02 operator names
)
\inf@bad=\count98
LaTeX Info: Redefining \frac on input line 213.
\uproot@=\count99
\leftroot@=\count100
LaTeX Info: Redefining \overline on input line 375.
\classnum@=\count101
\DOTSCASE@=\count102
LaTeX Info: Redefining \ldots on input line 472.
LaTeX Info: Redefining \dots on input line 475.
LaTeX Info: Redefining \cdots on input line 596.
\Mathstrutbox@=\box26
\strutbox@=\box27
\big@size=\dimen114
LaTeX Font Info:    Redeclaring font encoding OML on input line 712.
LaTeX Font Info:    Redeclaring font encoding OMS on input line 713.
\macc@depth=\count103
\c@MaxMatrixCols=\count104
\dotsspace@=\muskip10
\c@parentequation=\count105
\dspbrk@lvl=\count106
\tag@help=\toks20
\row@=\count107
\column@=\count108
\maxfields@=\count109
\andhelp@=\toks21
\eqnshift@=\dimen115
\alignsep@=\dimen116
\tagshift@=\dimen117
\tagwidth@=\dimen118
\totwidth@=\dimen119
\lineht@=\dimen120
\@envbody=\toks22
\multlinegap=\skip44
\multlinetaggap=\skip45
\mathdisplay@stack=\toks23
LaTeX Info: Redefining \[ on input line 2817.
LaTeX Info: Redefining \] on input line 2818.
)
("C:\Users\nicolas.bourgeois\AppData\Local\Programs\MiKTeX 2.9\tex\latex\amsfon
ts\amssymb.sty"
Package: amssymb 2013/01/14 v3.01 AMS font symbols
)
("C:\Users\nicolas.bourgeois\AppData\Local\Programs\MiKTeX 2.9\tex\latex\graphi
cs\graphicx.sty"
Package: graphicx 2017/06/01 v1.1a Enhanced LaTeX Graphics (DPC,SPQR)

("C:\Users\nicolas.bourgeois\AppData\Local\Programs\MiKTeX 2.9\tex\latex\graphi
cs\graphics.sty"
Package: graphics 2017/06/25 v1.2c Standard LaTeX Graphics (DPC,SPQR)

("C:\Users\nicolas.bourgeois\AppData\Local\Programs\MiKTeX 2.9\tex\latex\graphi
cs\trig.sty"
Package: trig 2016/01/03 v1.10 sin cos tan (DPC)
)
("C:\Users\nicolas.bourgeois\AppData\Local\Programs\MiKTeX 2.9\tex\latex\graphi
cs-cfg\graphics.cfg"
File: graphics.cfg 2016/06/04 v1.11 sample graphics configuration
)
Package graphics Info: Driver file: pdftex.def on input line 99.

("C:\Users\nicolas.bourgeois\AppData\Local\Programs\MiKTeX 2.9\tex\latex\graphi
cs-def\pdftex.def"
File: pdftex.def 2018/01/08 v1.0l Graphics/color driver for pdftex
))
\Gin@req@height=\dimen121
\Gin@req@width=\dimen122
) (exam2020.aux)
\openout1 = `exam2020.aux'.

LaTeX Font Info:    Checking defaults for OML/cmm/m/it on input line 15.
LaTeX Font Info:    ... okay on input line 15.
LaTeX Font Info:    Checking defaults for T1/cmr/m/n on input line 15.
LaTeX Font Info:    ... okay on input line 15.
LaTeX Font Info:    Checking defaults for OT1/cmr/m/n on input line 15.
LaTeX Font Info:    ... okay on input line 15.
LaTeX Font Info:    Checking defaults for OMS/cmsy/m/n on input line 15.
LaTeX Font Info:    ... okay on input line 15.
LaTeX Font Info:    Checking defaults for OMX/cmex/m/n on input line 15.
LaTeX Font Info:    ... okay on input line 15.
LaTeX Font Info:    Checking defaults for U/cmr/m/n on input line 15.
LaTeX Font Info:    ... okay on input line 15.
LaTeX Info: Redefining \degres on input line 15.
LaTeX Info: Redefining \dots on input line 15.
LaTeX Info: Redefining \up on input line 15.

("C:\Users\nicolas.bourgeois\AppData\Local\Programs\MiKTeX 2.9\tex\context\base
\supp-pdf.mkii"
[Loading MPS to PDF converter (version 2006.09.02).]
\scratchcounter=\count110
\scratchdimen=\dimen123
\scratchbox=\box28
\nofMPsegments=\count111
\nofMParguments=\count112
\everyMPshowfont=\toks24
\MPscratchCnt=\count113
\MPscratchDim=\dimen124
\MPnumerator=\count114
\makeMPintoPDFobject=\count115
\everyMPtoPDFconversion=\toks25
)
("C:\Users\nicolas.bourgeois\AppData\Local\Programs\MiKTeX 2.9\tex\latex\oberdi
ek\epstopdf-base.sty"
Package: epstopdf-base 2016/05/15 v2.6 Base part for package epstopdf

("C:\Users\nicolas.bourgeois\AppData\Local\Programs\MiKTeX 2.9\tex\generic\ober
diek\infwarerr.sty"
Package: infwarerr 2016/05/16 v1.4 Providing info/warning/error messages (HO)
)
("C:\Users\nicolas.bourgeois\AppData\Local\Programs\MiKTeX 2.9\tex\latex\oberdi
ek\grfext.sty"
Package: grfext 2016/05/16 v1.2 Manage graphics extensions (HO)

("C:\Users\nicolas.bourgeois\AppData\Local\Programs\MiKTeX 2.9\tex\generic\ober
diek\kvdefinekeys.sty"
Package: kvdefinekeys 2016/05/16 v1.4 Define keys (HO)

("C:\Users\nicolas.bourgeois\AppData\Local\Programs\MiKTeX 2.9\tex\generic\ober
diek\ltxcmds.sty"
Package: ltxcmds 2016/05/16 v1.23 LaTeX kernel commands for general use (HO)
)))
("C:\Users\nicolas.bourgeois\AppData\Local\Programs\MiKTeX 2.9\tex\latex\oberdi
ek\kvoptions.sty"
Package: kvoptions 2016/05/16 v3.12 Key value format for package options (HO)

("C:\Users\nicolas.bourgeois\AppData\Local\Programs\MiKTeX 2.9\tex\generic\ober
diek\kvsetkeys.sty"
Package: kvsetkeys 2016/05/16 v1.17 Key value parser (HO)

("C:\Users\nicolas.bourgeois\AppData\Local\Programs\MiKTeX 2.9\tex\generic\ober
diek\etexcmds.sty"
Package: etexcmds 2016/05/16 v1.6 Avoid name clashes with e-TeX commands (HO)

("C:\Users\nicolas.bourgeois\AppData\Local\Programs\MiKTeX 2.9\tex\generic\ober
diek\ifluatex.sty"
Package: ifluatex 2016/05/16 v1.4 Provides the ifluatex switch (HO)
Package ifluatex Info: LuaTeX not detected.
)
Package etexcmds Info: Could not find \expanded.
(etexcmds)             That can mean that you are not using pdfTeX 1.50 or
(etexcmds)             that some package has redefined \expanded.
(etexcmds)             In the latter case, load this package earlier.
)))
("C:\Users\nicolas.bourgeois\AppData\Local\Programs\MiKTeX 2.9\tex\generic\ober
diek\pdftexcmds.sty"
Package: pdftexcmds 2018/01/30 v0.27 Utility functions of pdfTeX for LuaTeX (HO
)

("C:\Users\nicolas.bourgeois\AppData\Local\Programs\MiKTeX 2.9\tex\generic\ober
diek\ifpdf.sty"
Package: ifpdf 2017/03/15 v3.2 Provides the ifpdf switch
)
Package pdftexcmds Info: LuaTeX not detected.
Package pdftexcmds Info: \pdf@primitive is available.
Package pdftexcmds Info: \pdf@ifprimitive is available.
Package pdftexcmds Info: \pdfdraftmode found.
)
Package epstopdf-base Info: Redefining graphics rule for `.eps' on input line 4
38.
Package grfext Info: Graphics extension search list:
(grfext)             [.pdf,.png,.jpg,.mps,.jpeg,.jbig2,.jb2,.PDF,.PNG,.JPG,.JPE
G,.JBIG2,.JB2,.eps]
(grfext)             \AppendGraphicsExtensions on input line 456.
)
LaTeX Font Info:    Try loading font information for U+msa on input line 17.

("C:\Users\nicolas.bourgeois\AppData\Local\Programs\MiKTeX 2.9\tex\latex\amsfon
ts\umsa.fd"
File: umsa.fd 2013/01/14 v3.01 AMS symbols A
)
LaTeX Font Info:    Try loading font information for U+msb on input line 17.

("C:\Users\nicolas.bourgeois\AppData\Local\Programs\MiKTeX 2.9\tex\latex\amsfon
ts\umsb.fd"
File: umsb.fd 2013/01/14 v3.01 AMS symbols B
)
Underfull \hbox (badness 10000) in paragraph at lines 19--20

 []


Underfull \hbox (badness 10000) in paragraph at lines 23--24

 []


Underfull \hbox (badness 10000) in paragraph at lines 25--26

 []


Underfull \hbox (badness 10000) in paragraph at lines 55--56

 []


Underfull \hbox (badness 10000) in paragraph at lines 57--58

 []


Underfull \hbox (badness 10000) in paragraph at lines 59--60

 []

[1

{C:/Users/nicolas.bourgeois/AppData/Local/MiKTeX/2.9/pdftex/config/pdftex.map}]

Underfull \hbox (badness 10000) in paragraph at lines 61--62

 []


Underfull \hbox (badness 10000) in paragraph at lines 63--64

 []


Underfull \hbox (badness 10000) in paragraph at lines 65--66

 []


Underfull \hbox (badness 10000) in paragraph at lines 67--68

 []


Underfull \hbox (badness 10000) in paragraph at lines 70--71

 []


Underfull \hbox (badness 10000) in paragraph at lines 98--99

 []


Underfull \hbox (badness 10000) in paragraph at lines 100--101

 []


Underfull \hbox (badness 10000) in paragraph at lines 102--103

 []


Underfull \hbox (badness 10000) in paragraph at lines 104--105

 []


Underfull \hbox (badness 10000) in paragraph at lines 106--107

 []

[2]
Underfull \hbox (badness 10000) in paragraph at lines 109--110

 []


Underfull \hbox (badness 10000) in paragraph at lines 111--112

 []


Underfull \hbox (badness 10000) in paragraph at lines 113--114

 []


Underfull \hbox (badness 10000) in paragraph at lines 115--116

 []


Underfull \hbox (badness 10000) in paragraph at lines 117--118

 []

[3] (exam2020.aux) ) 
Here is how much of TeX's memory you used:
 3817 strings out of 492973
 53587 string characters out of 3121377
 128063 words of memory out of 3000000
 7629 multiletter control sequences out of 15000+200000
 13741 words of font info for 45 fonts, out of 3000000 for 9000
 1141 hyphenation exceptions out of 8191
 41i,7n,31p,347b,423s stack positions out of 5000i,500n,10000p,200000b,50000s
 <C:\Users\nicolas.bourgeois\AppData\Local\MiKTeX\2.9\fonts
\pk\ljfour\jknappen\ec\dpi600\ecrm1000.pk> <C:\Users\nicolas.bourgeois\AppData\
Local\MiKTeX\2.9\fonts\pk\ljfour\jknappen\ec\dpi600\ecbx1000.pk> <C:\Users\nico
las.bourgeois\AppData\Local\MiKTeX\2.9\fonts\pk\ljfour\jknappen\ec\dpi600\ecti1
000.pk> <C:\Users\nicolas.bourgeois\AppData\Local\MiKTeX\2.9\fonts\pk\ljfour\jk
nappen\ec\dpi600\ecrm1200.pk> <C:\Users\nicolas.bourgeois\AppData\Local\MiKTeX\
2.9\fonts\pk\ljfour\jknappen\ec\dpi600\ecrm1728.pk><C:/Users/nicolas.bourgeois/
AppData/Local/Programs/MiKTeX 2.9/fonts/type1/public/amsfonts/cm/cmmi10.pfb><C:
/Users/nicolas.bourgeois/AppData/Local/Programs/MiKTeX 2.9/fonts/type1/public/a
msfonts/cm/cmr10.pfb><C:/Users/nicolas.bourgeois/AppData/Local/Programs/MiKTeX 
2.9/fonts/type1/public/amsfonts/cm/cmr7.pfb>
Output written on exam2020.pdf (3 pages, 85977 bytes).
PDF statistics:
 201 PDF objects out of 1000 (max. 8388607)
 0 named destinations out of 1000 (max. 500000)
 1 words of extra memory for PDF output out of 10000 (max. 10000000)

