This is pdfTeX, Version 3.14159265-2.6-1.40.19 (MiKTeX 2.9.6800 64-bit) (preloaded format=pdflatex 2018.9.3)  17 APR 2019 11:54
entering extended mode
**./ml10-regularisation.tex
(ml10-regularisation.tex
LaTeX2e <2018-04-01> patch level 5

("C:\Users\nicolas.bourgeois\AppData\Local\Programs\MiKTeX 2.9\tex\latex\beamer
\beamer.cls"
Document Class: beamer 2018/08/22 v3.51 A class for typesetting presentations

("C:\Users\nicolas.bourgeois\AppData\Local\Programs\MiKTeX 2.9\tex\latex\beamer
\beamerbasemodes.sty"
("C:\Users\nicolas.bourgeois\AppData\Local\Programs\MiKTeX 2.9\tex\latex\etoolb
ox\etoolbox.sty"
Package: etoolbox 2018/08/19 v2.5f e-TeX tools for LaTeX (JAW)
\etb@tempcnta=\count80
)
\beamer@tempbox=\box26
\beamer@tempcount=\count81
\c@beamerpauses=\count82

("C:\Users\nicolas.bourgeois\AppData\Local\Programs\MiKTeX 2.9\tex\latex\beamer
\beamerbasedecode.sty"
\beamer@slideinframe=\count83
\beamer@minimum=\count84
)
\beamer@commentbox=\box27
\beamer@modecount=\count85
)
("C:\Users\nicolas.bourgeois\AppData\Local\Programs\MiKTeX 2.9\tex\generic\ober
diek\ifpdf.sty"
Package: ifpdf 2017/03/15 v3.2 Provides the ifpdf switch
)
\headdp=\dimen102
\footheight=\dimen103
\sidebarheight=\dimen104
\beamer@tempdim=\dimen105
\beamer@finalheight=\dimen106
\beamer@animht=\dimen107
\beamer@animdp=\dimen108
\beamer@animwd=\dimen109
\beamer@leftmargin=\dimen110
\beamer@rightmargin=\dimen111
\beamer@leftsidebar=\dimen112
\beamer@rightsidebar=\dimen113
\beamer@boxsize=\dimen114
\beamer@vboxoffset=\dimen115
\beamer@descdefault=\dimen116
\beamer@descriptionwidth=\dimen117
\beamer@lastskip=\skip41
\beamer@areabox=\box28
\beamer@animcurrent=\box29
\beamer@animshowbox=\box30
\beamer@sectionbox=\box31
\beamer@logobox=\box32
\beamer@linebox=\box33
\beamer@sectioncount=\count86
\beamer@subsubsectionmax=\count87
\beamer@subsectionmax=\count88
\beamer@sectionmax=\count89
\beamer@totalheads=\count90
\beamer@headcounter=\count91
\beamer@partstartpage=\count92
\beamer@sectionstartpage=\count93
\beamer@subsectionstartpage=\count94
\beamer@animationtempa=\count95
\beamer@animationtempb=\count96
\beamer@xpos=\count97
\beamer@ypos=\count98
\beamer@ypos@offset=\count99
\beamer@showpartnumber=\count100
\beamer@currentsubsection=\count101
\beamer@coveringdepth=\count102
\beamer@sectionadjust=\count103
\beamer@tocsectionnumber=\count104

("C:\Users\nicolas.bourgeois\AppData\Local\Programs\MiKTeX 2.9\tex\latex\beamer
\beamerbaseoptions.sty"
("C:\Users\nicolas.bourgeois\AppData\Local\Programs\MiKTeX 2.9\tex\latex\graphi
cs\keyval.sty"
Package: keyval 2014/10/28 v1.15 key=value parser (DPC)
\KV@toks@=\toks14
))
\beamer@paperwidth=\skip42
\beamer@paperheight=\skip43

("C:\Users\nicolas.bourgeois\AppData\Local\Programs\MiKTeX 2.9\tex\latex\geomet
ry\geometry.sty"
Package: geometry 2018/04/16 v5.8 Page Geometry

("C:\Users\nicolas.bourgeois\AppData\Local\Programs\MiKTeX 2.9\tex\generic\ober
diek\ifvtex.sty"
Package: ifvtex 2016/05/16 v1.6 Detect VTeX and its facilities (HO)
Package ifvtex Info: VTeX not detected.
)
("C:\Users\nicolas.bourgeois\AppData\Local\Programs\MiKTeX 2.9\tex\generic\ifxe
tex\ifxetex.sty"
Package: ifxetex 2010/09/12 v0.6 Provides ifxetex conditional
)
\Gm@cnth=\count105
\Gm@cntv=\count106
\c@Gm@tempcnt=\count107
\Gm@bindingoffset=\dimen118
\Gm@wd@mp=\dimen119
\Gm@odd@mp=\dimen120
\Gm@even@mp=\dimen121
\Gm@layoutwidth=\dimen122
\Gm@layoutheight=\dimen123
\Gm@layouthoffset=\dimen124
\Gm@layoutvoffset=\dimen125
\Gm@dimlist=\toks15

("C:\Users\nicolas.bourgeois\AppData\Local\Programs\MiKTeX 2.9\tex\latex\geomet
ry\geometry.cfg"))
("C:\Users\nicolas.bourgeois\AppData\Local\Programs\MiKTeX 2.9\tex\latex\base\s
ize11.clo"
File: size11.clo 2014/09/29 v1.4h Standard LaTeX file (size option)
)
("C:\Users\nicolas.bourgeois\AppData\Local\Programs\MiKTeX 2.9\tex\latex\pgf\ba
siclayer\pgfcore.sty"
("C:\Users\nicolas.bourgeois\AppData\Local\Programs\MiKTeX 2.9\tex\latex\graphi
cs\graphicx.sty"
Package: graphicx 2017/06/01 v1.1a Enhanced LaTeX Graphics (DPC,SPQR)

("C:\Users\nicolas.bourgeois\AppData\Local\Programs\MiKTeX 2.9\tex\latex\graphi
cs\graphics.sty"
Package: graphics 2017/06/25 v1.2c Standard LaTeX Graphics (DPC,SPQR)

("C:\Users\nicolas.bourgeois\AppData\Local\Programs\MiKTeX 2.9\tex\latex\graphi
cs\trig.sty"
Package: trig 2016/01/03 v1.10 sin cos tan (DPC)
)
("C:\Users\nicolas.bourgeois\AppData\Local\Programs\MiKTeX 2.9\tex\latex\graphi
cs-cfg\graphics.cfg"
File: graphics.cfg 2016/06/04 v1.11 sample graphics configuration
)
Package graphics Info: Driver file: pdftex.def on input line 99.

("C:\Users\nicolas.bourgeois\AppData\Local\Programs\MiKTeX 2.9\tex\latex\graphi
cs-def\pdftex.def"
File: pdftex.def 2018/01/08 v1.0l Graphics/color driver for pdftex
))
\Gin@req@height=\dimen126
\Gin@req@width=\dimen127
)
("C:\Users\nicolas.bourgeois\AppData\Local\Programs\MiKTeX 2.9\tex\latex\pgf\sy
stemlayer\pgfsys.sty"
("C:\Users\nicolas.bourgeois\AppData\Local\Programs\MiKTeX 2.9\tex\latex\pgf\ut
ilities\pgfrcs.sty"
("C:\Users\nicolas.bourgeois\AppData\Local\Programs\MiKTeX 2.9\tex\generic\pgf\
utilities\pgfutil-common.tex"
\pgfutil@everybye=\toks16
\pgfutil@tempdima=\dimen128
\pgfutil@tempdimb=\dimen129

("C:\Users\nicolas.bourgeois\AppData\Local\Programs\MiKTeX 2.9\tex\generic\pgf\
utilities\pgfutil-common-lists.tex"))
("C:\Users\nicolas.bourgeois\AppData\Local\Programs\MiKTeX 2.9\tex\generic\pgf\
utilities\pgfutil-latex.def"
\pgfutil@abb=\box34

("C:\Users\nicolas.bourgeois\AppData\Local\Programs\MiKTeX 2.9\tex\latex\ms\eve
ryshi.sty"
Package: everyshi 2001/05/15 v3.00 EveryShipout Package (MS)
))
("C:\Users\nicolas.bourgeois\AppData\Local\Programs\MiKTeX 2.9\tex\generic\pgf\
utilities\pgfrcs.code.tex"
Package: pgfrcs 2015/08/07 v3.0.1a (rcs-revision 1.31)
))
("C:\Users\nicolas.bourgeois\AppData\Local\Programs\MiKTeX 2.9\tex\generic\pgf\
systemlayer\pgfsys.code.tex"
Package: pgfsys 2014/07/09 v3.0.1a (rcs-revision 1.48)

("C:\Users\nicolas.bourgeois\AppData\Local\Programs\MiKTeX 2.9\tex\generic\pgf\
utilities\pgfkeys.code.tex"
\pgfkeys@pathtoks=\toks17
\pgfkeys@temptoks=\toks18

("C:\Users\nicolas.bourgeois\AppData\Local\Programs\MiKTeX 2.9\tex\generic\pgf\
utilities\pgfkeysfiltered.code.tex"
\pgfkeys@tmptoks=\toks19
))
\pgf@x=\dimen130
\pgf@y=\dimen131
\pgf@xa=\dimen132
\pgf@ya=\dimen133
\pgf@xb=\dimen134
\pgf@yb=\dimen135
\pgf@xc=\dimen136
\pgf@yc=\dimen137
\w@pgf@writea=\write3
\r@pgf@reada=\read1
\c@pgf@counta=\count108
\c@pgf@countb=\count109
\c@pgf@countc=\count110
\c@pgf@countd=\count111
\t@pgf@toka=\toks20
\t@pgf@tokb=\toks21
\t@pgf@tokc=\toks22

("C:\Users\nicolas.bourgeois\AppData\Local\Programs\MiKTeX 2.9\tex\generic\pgf\
systemlayer\pgf.cfg"
File: pgf.cfg 2008/05/14  (rcs-revision 1.7)
)
Driver file for pgf: pgfsys-pdftex.def

("C:\Users\nicolas.bourgeois\AppData\Local\Programs\MiKTeX 2.9\tex\generic\pgf\
systemlayer\pgfsys-pdftex.def"
File: pgfsys-pdftex.def 2014/10/11  (rcs-revision 1.35)

("C:\Users\nicolas.bourgeois\AppData\Local\Programs\MiKTeX 2.9\tex\generic\pgf\
systemlayer\pgfsys-common-pdf.def"
File: pgfsys-common-pdf.def 2013/10/10  (rcs-revision 1.13)
)))
("C:\Users\nicolas.bourgeois\AppData\Local\Programs\MiKTeX 2.9\tex\generic\pgf\
systemlayer\pgfsyssoftpath.code.tex"
File: pgfsyssoftpath.code.tex 2013/09/09  (rcs-revision 1.9)
\pgfsyssoftpath@smallbuffer@items=\count112
\pgfsyssoftpath@bigbuffer@items=\count113
)
("C:\Users\nicolas.bourgeois\AppData\Local\Programs\MiKTeX 2.9\tex\generic\pgf\
systemlayer\pgfsysprotocol.code.tex"
File: pgfsysprotocol.code.tex 2006/10/16  (rcs-revision 1.4)
))
("C:\Users\nicolas.bourgeois\AppData\Local\Programs\MiKTeX 2.9\tex\latex\xcolor
\xcolor.sty"
Package: xcolor 2016/05/11 v2.12 LaTeX color extensions (UK)

("C:\Users\nicolas.bourgeois\AppData\Local\Programs\MiKTeX 2.9\tex\latex\graphi
cs-cfg\color.cfg"
File: color.cfg 2016/01/02 v1.6 sample color configuration
)
Package xcolor Info: Driver file: pdftex.def on input line 225.
Package xcolor Info: Model `cmy' substituted by `cmy0' on input line 1348.
Package xcolor Info: Model `hsb' substituted by `rgb' on input line 1352.
Package xcolor Info: Model `RGB' extended on input line 1364.
Package xcolor Info: Model `HTML' substituted by `rgb' on input line 1366.
Package xcolor Info: Model `Hsb' substituted by `hsb' on input line 1367.
Package xcolor Info: Model `tHsb' substituted by `hsb' on input line 1368.
Package xcolor Info: Model `HSB' substituted by `hsb' on input line 1369.
Package xcolor Info: Model `Gray' substituted by `gray' on input line 1370.
Package xcolor Info: Model `wave' substituted by `hsb' on input line 1371.
)
("C:\Users\nicolas.bourgeois\AppData\Local\Programs\MiKTeX 2.9\tex\generic\pgf\
basiclayer\pgfcore.code.tex"
Package: pgfcore 2010/04/11 v3.0.1a (rcs-revision 1.7)

("C:\Users\nicolas.bourgeois\AppData\Local\Programs\MiKTeX 2.9\tex\generic\pgf\
math\pgfmath.code.tex"
("C:\Users\nicolas.bourgeois\AppData\Local\Programs\MiKTeX 2.9\tex\generic\pgf\
math\pgfmathcalc.code.tex"
("C:\Users\nicolas.bourgeois\AppData\Local\Programs\MiKTeX 2.9\tex\generic\pgf\
math\pgfmathutil.code.tex")
("C:\Users\nicolas.bourgeois\AppData\Local\Programs\MiKTeX 2.9\tex\generic\pgf\
math\pgfmathparser.code.tex"
\pgfmath@dimen=\dimen138
\pgfmath@count=\count114
\pgfmath@box=\box35
\pgfmath@toks=\toks23
\pgfmath@stack@operand=\toks24
\pgfmath@stack@operation=\toks25
)
("C:\Users\nicolas.bourgeois\AppData\Local\Programs\MiKTeX 2.9\tex\generic\pgf\
math\pgfmathfunctions.code.tex"
("C:\Users\nicolas.bourgeois\AppData\Local\Programs\MiKTeX 2.9\tex\generic\pgf\
math\pgfmathfunctions.basic.code.tex")
("C:\Users\nicolas.bourgeois\AppData\Local\Programs\MiKTeX 2.9\tex\generic\pgf\
math\pgfmathfunctions.trigonometric.code.tex")
("C:\Users\nicolas.bourgeois\AppData\Local\Programs\MiKTeX 2.9\tex\generic\pgf\
math\pgfmathfunctions.random.code.tex")
("C:\Users\nicolas.bourgeois\AppData\Local\Programs\MiKTeX 2.9\tex\generic\pgf\
math\pgfmathfunctions.comparison.code.tex")
("C:\Users\nicolas.bourgeois\AppData\Local\Programs\MiKTeX 2.9\tex\generic\pgf\
math\pgfmathfunctions.base.code.tex")
("C:\Users\nicolas.bourgeois\AppData\Local\Programs\MiKTeX 2.9\tex\generic\pgf\
math\pgfmathfunctions.round.code.tex")
("C:\Users\nicolas.bourgeois\AppData\Local\Programs\MiKTeX 2.9\tex\generic\pgf\
math\pgfmathfunctions.misc.code.tex")
("C:\Users\nicolas.bourgeois\AppData\Local\Programs\MiKTeX 2.9\tex\generic\pgf\
math\pgfmathfunctions.integerarithmetics.code.tex")))
("C:\Users\nicolas.bourgeois\AppData\Local\Programs\MiKTeX 2.9\tex\generic\pgf\
math\pgfmathfloat.code.tex"
\c@pgfmathroundto@lastzeros=\count115
))
("C:\Users\nicolas.bourgeois\AppData\Local\Programs\MiKTeX 2.9\tex\generic\pgf\
basiclayer\pgfcorepoints.code.tex"
File: pgfcorepoints.code.tex 2013/10/07  (rcs-revision 1.27)
\pgf@picminx=\dimen139
\pgf@picmaxx=\dimen140
\pgf@picminy=\dimen141
\pgf@picmaxy=\dimen142
\pgf@pathminx=\dimen143
\pgf@pathmaxx=\dimen144
\pgf@pathminy=\dimen145
\pgf@pathmaxy=\dimen146
\pgf@xx=\dimen147
\pgf@xy=\dimen148
\pgf@yx=\dimen149
\pgf@yy=\dimen150
\pgf@zx=\dimen151
\pgf@zy=\dimen152
)
("C:\Users\nicolas.bourgeois\AppData\Local\Programs\MiKTeX 2.9\tex\generic\pgf\
basiclayer\pgfcorepathconstruct.code.tex"
File: pgfcorepathconstruct.code.tex 2013/10/07  (rcs-revision 1.29)
\pgf@path@lastx=\dimen153
\pgf@path@lasty=\dimen154
)
("C:\Users\nicolas.bourgeois\AppData\Local\Programs\MiKTeX 2.9\tex\generic\pgf\
basiclayer\pgfcorepathusage.code.tex"
File: pgfcorepathusage.code.tex 2014/11/02  (rcs-revision 1.24)
\pgf@shorten@end@additional=\dimen155
\pgf@shorten@start@additional=\dimen156
)
("C:\Users\nicolas.bourgeois\AppData\Local\Programs\MiKTeX 2.9\tex\generic\pgf\
basiclayer\pgfcorescopes.code.tex"
File: pgfcorescopes.code.tex 2015/05/08  (rcs-revision 1.46)
\pgfpic=\box36
\pgf@hbox=\box37
\pgf@layerbox@main=\box38
\pgf@picture@serial@count=\count116
)
("C:\Users\nicolas.bourgeois\AppData\Local\Programs\MiKTeX 2.9\tex\generic\pgf\
basiclayer\pgfcoregraphicstate.code.tex"
File: pgfcoregraphicstate.code.tex 2014/11/02  (rcs-revision 1.12)
\pgflinewidth=\dimen157
)
("C:\Users\nicolas.bourgeois\AppData\Local\Programs\MiKTeX 2.9\tex\generic\pgf\
basiclayer\pgfcoretransformations.code.tex"
File: pgfcoretransformations.code.tex 2015/08/07  (rcs-revision 1.20)
\pgf@pt@x=\dimen158
\pgf@pt@y=\dimen159
\pgf@pt@temp=\dimen160
)
("C:\Users\nicolas.bourgeois\AppData\Local\Programs\MiKTeX 2.9\tex\generic\pgf\
basiclayer\pgfcorequick.code.tex"
File: pgfcorequick.code.tex 2008/10/09  (rcs-revision 1.3)
)
("C:\Users\nicolas.bourgeois\AppData\Local\Programs\MiKTeX 2.9\tex\generic\pgf\
basiclayer\pgfcoreobjects.code.tex"
File: pgfcoreobjects.code.tex 2006/10/11  (rcs-revision 1.2)
)
("C:\Users\nicolas.bourgeois\AppData\Local\Programs\MiKTeX 2.9\tex\generic\pgf\
basiclayer\pgfcorepathprocessing.code.tex"
File: pgfcorepathprocessing.code.tex 2013/09/09  (rcs-revision 1.9)
)
("C:\Users\nicolas.bourgeois\AppData\Local\Programs\MiKTeX 2.9\tex\generic\pgf\
basiclayer\pgfcorearrows.code.tex"
File: pgfcorearrows.code.tex 2015/05/14  (rcs-revision 1.43)
\pgfarrowsep=\dimen161
)
("C:\Users\nicolas.bourgeois\AppData\Local\Programs\MiKTeX 2.9\tex\generic\pgf\
basiclayer\pgfcoreshade.code.tex"
File: pgfcoreshade.code.tex 2013/07/15  (rcs-revision 1.15)
\pgf@max=\dimen162
\pgf@sys@shading@range@num=\count117
)
("C:\Users\nicolas.bourgeois\AppData\Local\Programs\MiKTeX 2.9\tex\generic\pgf\
basiclayer\pgfcoreimage.code.tex"
File: pgfcoreimage.code.tex 2013/07/15  (rcs-revision 1.18)

("C:\Users\nicolas.bourgeois\AppData\Local\Programs\MiKTeX 2.9\tex\generic\pgf\
basiclayer\pgfcoreexternal.code.tex"
File: pgfcoreexternal.code.tex 2014/07/09  (rcs-revision 1.21)
\pgfexternal@startupbox=\box39
))
("C:\Users\nicolas.bourgeois\AppData\Local\Programs\MiKTeX 2.9\tex\generic\pgf\
basiclayer\pgfcorelayers.code.tex"
File: pgfcorelayers.code.tex 2013/07/18  (rcs-revision 1.7)
)
("C:\Users\nicolas.bourgeois\AppData\Local\Programs\MiKTeX 2.9\tex\generic\pgf\
basiclayer\pgfcoretransparency.code.tex"
File: pgfcoretransparency.code.tex 2013/09/30  (rcs-revision 1.5)
)
("C:\Users\nicolas.bourgeois\AppData\Local\Programs\MiKTeX 2.9\tex\generic\pgf\
basiclayer\pgfcorepatterns.code.tex"
File: pgfcorepatterns.code.tex 2013/11/07  (rcs-revision 1.5)
)))
("C:\Users\nicolas.bourgeois\AppData\Local\Programs\MiKTeX 2.9\tex\latex\pgf\ut
ilities\xxcolor.sty"
Package: xxcolor 2003/10/24 ver 0.1
\XC@nummixins=\count118
\XC@countmixins=\count119
)
("C:\Users\nicolas.bourgeois\AppData\Local\Programs\MiKTeX 2.9\tex\generic\ober
diek\atbegshi.sty"
Package: atbegshi 2016/06/09 v1.18 At begin shipout hook (HO)

("C:\Users\nicolas.bourgeois\AppData\Local\Programs\MiKTeX 2.9\tex\generic\ober
diek\infwarerr.sty"
Package: infwarerr 2016/05/16 v1.4 Providing info/warning/error messages (HO)
)
("C:\Users\nicolas.bourgeois\AppData\Local\Programs\MiKTeX 2.9\tex\generic\ober
diek\ltxcmds.sty"
Package: ltxcmds 2016/05/16 v1.23 LaTeX kernel commands for general use (HO)
))
("C:\Users\nicolas.bourgeois\AppData\Local\Programs\MiKTeX 2.9\tex\latex\hyperr
ef\hyperref.sty"
Package: hyperref 2018/02/06 v6.86b Hypertext links for LaTeX

("C:\Users\nicolas.bourgeois\AppData\Local\Programs\MiKTeX 2.9\tex\generic\ober
diek\hobsub-hyperref.sty"
Package: hobsub-hyperref 2016/05/16 v1.14 Bundle oberdiek, subset hyperref (HO)


("C:\Users\nicolas.bourgeois\AppData\Local\Programs\MiKTeX 2.9\tex\generic\ober
diek\hobsub-generic.sty"
Package: hobsub-generic 2016/05/16 v1.14 Bundle oberdiek, subset generic (HO)
Package: hobsub 2016/05/16 v1.14 Construct package bundles (HO)
Package hobsub Info: Skipping package `infwarerr' (already loaded).
Package hobsub Info: Skipping package `ltxcmds' (already loaded).
Package: ifluatex 2016/05/16 v1.4 Provides the ifluatex switch (HO)
Package ifluatex Info: LuaTeX not detected.
Package hobsub Info: Skipping package `ifvtex' (already loaded).
Package: intcalc 2016/05/16 v1.2 Expandable calculations with integers (HO)
Package hobsub Info: Skipping package `ifpdf' (already loaded).
Package: etexcmds 2016/05/16 v1.6 Avoid name clashes with e-TeX commands (HO)
Package etexcmds Info: Could not find \expanded.
(etexcmds)             That can mean that you are not using pdfTeX 1.50 or
(etexcmds)             that some package has redefined \expanded.
(etexcmds)             In the latter case, load this package earlier.
Package: kvsetkeys 2016/05/16 v1.17 Key value parser (HO)
Package: kvdefinekeys 2016/05/16 v1.4 Define keys (HO)
Package: pdftexcmds 2018/01/30 v0.27 Utility functions of pdfTeX for LuaTeX (HO
)
Package pdftexcmds Info: LuaTeX not detected.
Package pdftexcmds Info: \pdf@primitive is available.
Package pdftexcmds Info: \pdf@ifprimitive is available.
Package pdftexcmds Info: \pdfdraftmode found.
Package: pdfescape 2016/05/16 v1.14 Implements pdfTeX's escape features (HO)
Package: bigintcalc 2016/05/16 v1.4 Expandable calculations on big integers (HO
)
Package: bitset 2016/05/16 v1.2 Handle bit-vector datatype (HO)
Package: uniquecounter 2016/05/16 v1.3 Provide unlimited unique counter (HO)
)
Package hobsub Info: Skipping package `hobsub' (already loaded).
Package: letltxmacro 2016/05/16 v1.5 Let assignment for LaTeX macros (HO)
Package: hopatch 2016/05/16 v1.3 Wrapper for package hooks (HO)
Package: xcolor-patch 2016/05/16 xcolor patch
Package: atveryend 2016/05/16 v1.9 Hooks at the very end of document (HO)
Package hobsub Info: Skipping package `atbegshi' (already loaded).
Package: refcount 2016/05/16 v3.5 Data extraction from label references (HO)
Package: hycolor 2016/05/16 v1.8 Color options for hyperref/bookmark (HO)
)
("C:\Users\nicolas.bourgeois\AppData\Local\Programs\MiKTeX 2.9\tex\latex\oberdi
ek\auxhook.sty"
Package: auxhook 2016/05/16 v1.4 Hooks for auxiliary files (HO)
)
("C:\Users\nicolas.bourgeois\AppData\Local\Programs\MiKTeX 2.9\tex\latex\oberdi
ek\kvoptions.sty"
Package: kvoptions 2016/05/16 v3.12 Key value format for package options (HO)
)
\@linkdim=\dimen163
\Hy@linkcounter=\count120
\Hy@pagecounter=\count121

("C:\Users\nicolas.bourgeois\AppData\Local\Programs\MiKTeX 2.9\tex\latex\hyperr
ef\pd1enc.def"
File: pd1enc.def 2018/02/06 v6.86b Hyperref: PDFDocEncoding definition (HO)
Now handling font encoding PD1 ...
... no UTF-8 mapping file for font encoding PD1
)
\Hy@SavedSpaceFactor=\count122

("C:\Users\nicolas.bourgeois\AppData\Local\Programs\MiKTeX 2.9\tex\latex\00mikt
ex\hyperref.cfg"
File: hyperref.cfg 2002/06/06 v1.2 hyperref configuration of TeXLive
)
Package hyperref Info: Option `bookmarks' set `true' on input line 4383.
Package hyperref Info: Option `bookmarksopen' set `true' on input line 4383.
Package hyperref Info: Option `implicit' set `false' on input line 4383.
Package hyperref Info: Hyper figures OFF on input line 4509.
Package hyperref Info: Link nesting OFF on input line 4514.
Package hyperref Info: Hyper index ON on input line 4517.
Package hyperref Info: Plain pages OFF on input line 4524.
Package hyperref Info: Backreferencing OFF on input line 4529.
Package hyperref Info: Implicit mode OFF; no redefinition of LaTeX internals.
Package hyperref Info: Bookmarks ON on input line 4762.
\c@Hy@tempcnt=\count123

("C:\Users\nicolas.bourgeois\AppData\Local\Programs\MiKTeX 2.9\tex\latex\url\ur
l.sty"
\Urlmuskip=\muskip10
Package: url 2013/09/16  ver 3.4  Verb mode for urls, etc.
)
LaTeX Info: Redefining \url on input line 5115.
\XeTeXLinkMargin=\dimen164
\Fld@menulength=\count124
\Field@Width=\dimen165
\Fld@charsize=\dimen166
Package hyperref Info: Hyper figures OFF on input line 6369.
Package hyperref Info: Link nesting OFF on input line 6374.
Package hyperref Info: Hyper index ON on input line 6377.
Package hyperref Info: backreferencing OFF on input line 6384.
Package hyperref Info: Link coloring OFF on input line 6389.
Package hyperref Info: Link coloring with OCG OFF on input line 6394.
Package hyperref Info: PDF/A mode OFF on input line 6399.
LaTeX Info: Redefining \ref on input line 6439.
LaTeX Info: Redefining \pageref on input line 6443.
\Hy@abspage=\count125


Package hyperref Message: Stopped early.

)
Package hyperref Info: Driver (autodetected): hpdftex.

("C:\Users\nicolas.bourgeois\AppData\Local\Programs\MiKTeX 2.9\tex\latex\hyperr
ef\hpdftex.def"
File: hpdftex.def 2018/02/06 v6.86b Hyperref driver for pdfTeX
\Fld@listcount=\count126
\c@bookmark@seq@number=\count127

("C:\Users\nicolas.bourgeois\AppData\Local\Programs\MiKTeX 2.9\tex\latex\oberdi
ek\rerunfilecheck.sty"
Package: rerunfilecheck 2016/05/16 v1.8 Rerun checks for auxiliary files (HO)
Package uniquecounter Info: New unique counter `rerunfilecheck' on input line 2
82.
))
("C:\Users\nicolas.bourgeois\AppData\Local\Programs\MiKTeX 2.9\tex\latex\beamer
\beamerbaserequires.sty"
("C:\Users\nicolas.bourgeois\AppData\Local\Programs\MiKTeX 2.9\tex\latex\beamer
\beamerbasecompatibility.sty")
("C:\Users\nicolas.bourgeois\AppData\Local\Programs\MiKTeX 2.9\tex\latex\beamer
\beamerbasefont.sty"
("C:\Users\nicolas.bourgeois\AppData\Local\Programs\MiKTeX 2.9\tex\latex\amsfon
ts\amssymb.sty"
Package: amssymb 2013/01/14 v3.01 AMS font symbols

("C:\Users\nicolas.bourgeois\AppData\Local\Programs\MiKTeX 2.9\tex\latex\amsfon
ts\amsfonts.sty"
Package: amsfonts 2013/01/14 v3.01 Basic AMSFonts support
\@emptytoks=\toks26
\symAMSa=\mathgroup4
\symAMSb=\mathgroup5
LaTeX Font Info:    Overwriting math alphabet `\mathfrak' in version `bold'
(Font)                  U/euf/m/n --> U/euf/b/n on input line 106.
))
("C:\Users\nicolas.bourgeois\AppData\Local\Programs\MiKTeX 2.9\tex\latex\sansma
thaccent\sansmathaccent.sty"
Package: sansmathaccent 2013/03/28

("C:\Users\nicolas.bourgeois\AppData\Local\Programs\MiKTeX 2.9\tex\latex\fileho
ok\filehook.sty"
Package: filehook 2011/10/12 v0.5d Hooks for input files
)))
("C:\Users\nicolas.bourgeois\AppData\Local\Programs\MiKTeX 2.9\tex\latex\beamer
\beamerbasetranslator.sty"
("C:\Users\nicolas.bourgeois\AppData\Local\Programs\MiKTeX 2.9\tex\latex\transl
ator\translator.sty"
Package: translator 2018/01/04 v1.12 Easy translation of strings in LaTeX
))
("C:\Users\nicolas.bourgeois\AppData\Local\Programs\MiKTeX 2.9\tex\latex\beamer
\beamerbasemisc.sty")
("C:\Users\nicolas.bourgeois\AppData\Local\Programs\MiKTeX 2.9\tex\latex\beamer
\beamerbasetwoscreens.sty")
("C:\Users\nicolas.bourgeois\AppData\Local\Programs\MiKTeX 2.9\tex\latex\beamer
\beamerbaseoverlay.sty"
\beamer@argscount=\count128
\beamer@lastskipcover=\skip44
\beamer@trivlistdepth=\count129
)
("C:\Users\nicolas.bourgeois\AppData\Local\Programs\MiKTeX 2.9\tex\latex\beamer
\beamerbasetitle.sty")
("C:\Users\nicolas.bourgeois\AppData\Local\Programs\MiKTeX 2.9\tex\latex\beamer
\beamerbasesection.sty"
\c@lecture=\count130
\c@part=\count131
\c@section=\count132
\c@subsection=\count133
\c@subsubsection=\count134
)
("C:\Users\nicolas.bourgeois\AppData\Local\Programs\MiKTeX 2.9\tex\latex\beamer
\beamerbaseframe.sty"
\beamer@framebox=\box40
\beamer@frametitlebox=\box41
\beamer@zoombox=\box42
\beamer@zoomcount=\count135
\beamer@zoomframecount=\count136
\beamer@frametextheight=\dimen167
\c@subsectionslide=\count137
\beamer@frametopskip=\skip45
\beamer@framebottomskip=\skip46
\beamer@frametopskipautobreak=\skip47
\beamer@framebottomskipautobreak=\skip48
\beamer@envbody=\toks27
\framewidth=\dimen168
\c@framenumber=\count138
)
("C:\Users\nicolas.bourgeois\AppData\Local\Programs\MiKTeX 2.9\tex\latex\beamer
\beamerbaseverbatim.sty"
\beamer@verbatimfileout=\write4
)
("C:\Users\nicolas.bourgeois\AppData\Local\Programs\MiKTeX 2.9\tex\latex\beamer
\beamerbaseframesize.sty"
\beamer@splitbox=\box43
\beamer@autobreakcount=\count139
\beamer@autobreaklastheight=\dimen169
\beamer@frametitletoks=\toks28
\beamer@framesubtitletoks=\toks29
)
("C:\Users\nicolas.bourgeois\AppData\Local\Programs\MiKTeX 2.9\tex\latex\beamer
\beamerbaseframecomponents.sty"
\beamer@footins=\box44
)
("C:\Users\nicolas.bourgeois\AppData\Local\Programs\MiKTeX 2.9\tex\latex\beamer
\beamerbasecolor.sty"
\beamer@bg@ht=\dimen170
\beamer@bg@wd=\dimen171
\beamer@bg@dp=\dimen172
)
("C:\Users\nicolas.bourgeois\AppData\Local\Programs\MiKTeX 2.9\tex\latex\beamer
\beamerbasenotes.sty"
\beamer@frameboxcopy=\box45
)
("C:\Users\nicolas.bourgeois\AppData\Local\Programs\MiKTeX 2.9\tex\latex\beamer
\beamerbasetoc.sty")
("C:\Users\nicolas.bourgeois\AppData\Local\Programs\MiKTeX 2.9\tex\latex\beamer
\beamerbasetemplates.sty"
\beamer@sbttoks=\toks30

("C:\Users\nicolas.bourgeois\AppData\Local\Programs\MiKTeX 2.9\tex\latex\beamer
\beamerbaseauxtemplates.sty"
("C:\Users\nicolas.bourgeois\AppData\Local\Programs\MiKTeX 2.9\tex\latex\beamer
\beamerbaseboxes.sty"
\bmb@box=\box46
\bmb@colorbox=\box47
\bmb@boxwidth=\dimen173
\bmb@boxheight=\dimen174
\bmb@prevheight=\dimen175
\bmb@temp=\dimen176
\bmb@dima=\dimen177
\bmb@dimb=\dimen178
\bmb@prevheight=\dimen179
)
\beamer@blockheadheight=\dimen180
))
("C:\Users\nicolas.bourgeois\AppData\Local\Programs\MiKTeX 2.9\tex\latex\beamer
\beamerbaselocalstructure.sty"
("C:\Users\nicolas.bourgeois\AppData\Local\Programs\MiKTeX 2.9\tex\latex\tools\
enumerate.sty"
Package: enumerate 2015/07/23 v3.00 enumerate extensions (DPC)
\@enLab=\toks31
)
\c@figure=\count140
\c@table=\count141
\abovecaptionskip=\skip49
\belowcaptionskip=\skip50
)
("C:\Users\nicolas.bourgeois\AppData\Local\Programs\MiKTeX 2.9\tex\latex\beamer
\beamerbasenavigation.sty"
\beamer@section@min@dim=\dimen181
)
("C:\Users\nicolas.bourgeois\AppData\Local\Programs\MiKTeX 2.9\tex\latex\beamer
\beamerbasetheorems.sty"
("C:\Users\nicolas.bourgeois\AppData\Local\Programs\MiKTeX 2.9\tex\latex\amsmat
h\amsmath.sty"
Package: amsmath 2017/09/02 v2.17a AMS math features
\@mathmargin=\skip51

For additional information on amsmath, use the `?' option.

("C:\Users\nicolas.bourgeois\AppData\Local\Programs\MiKTeX 2.9\tex\latex\amsmat
h\amstext.sty"
Package: amstext 2000/06/29 v2.01 AMS text

("C:\Users\nicolas.bourgeois\AppData\Local\Programs\MiKTeX 2.9\tex\latex\amsmat
h\amsgen.sty"
File: amsgen.sty 1999/11/30 v2.0 generic functions
\@emptytoks=\toks32
\ex@=\dimen182
))
("C:\Users\nicolas.bourgeois\AppData\Local\Programs\MiKTeX 2.9\tex\latex\amsmat
h\amsbsy.sty"
Package: amsbsy 1999/11/29 v1.2d Bold Symbols
\pmbraise@=\dimen183
)
("C:\Users\nicolas.bourgeois\AppData\Local\Programs\MiKTeX 2.9\tex\latex\amsmat
h\amsopn.sty"
Package: amsopn 2016/03/08 v2.02 operator names
)
\inf@bad=\count142
LaTeX Info: Redefining \frac on input line 213.
\uproot@=\count143
\leftroot@=\count144
LaTeX Info: Redefining \overline on input line 375.
\classnum@=\count145
\DOTSCASE@=\count146
LaTeX Info: Redefining \ldots on input line 472.
LaTeX Info: Redefining \dots on input line 475.
LaTeX Info: Redefining \cdots on input line 596.
\Mathstrutbox@=\box48
\strutbox@=\box49
\big@size=\dimen184
LaTeX Font Info:    Redeclaring font encoding OML on input line 712.
LaTeX Font Info:    Redeclaring font encoding OMS on input line 713.
\macc@depth=\count147
\c@MaxMatrixCols=\count148
\dotsspace@=\muskip11
\c@parentequation=\count149
\dspbrk@lvl=\count150
\tag@help=\toks33
\row@=\count151
\column@=\count152
\maxfields@=\count153
\andhelp@=\toks34
\eqnshift@=\dimen185
\alignsep@=\dimen186
\tagshift@=\dimen187
\tagwidth@=\dimen188
\totwidth@=\dimen189
\lineht@=\dimen190
\@envbody=\toks35
\multlinegap=\skip52
\multlinetaggap=\skip53
\mathdisplay@stack=\toks36
LaTeX Info: Redefining \[ on input line 2817.
LaTeX Info: Redefining \] on input line 2818.
)
("C:\Users\nicolas.bourgeois\AppData\Local\Programs\MiKTeX 2.9\tex\latex\amscls
\amsthm.sty"
Package: amsthm 2017/10/31 v2.20.4
\thm@style=\toks37
\thm@bodyfont=\toks38
\thm@headfont=\toks39
\thm@notefont=\toks40
\thm@headpunct=\toks41
\thm@preskip=\skip54
\thm@postskip=\skip55
\thm@headsep=\skip56
\dth@everypar=\toks42
)
\c@theorem=\count154
)
("C:\Users\nicolas.bourgeois\AppData\Local\Programs\MiKTeX 2.9\tex\latex\beamer
\beamerbasethemes.sty"))
("C:\Users\nicolas.bourgeois\AppData\Local\Programs\MiKTeX 2.9\tex\latex\beamer
\beamerthemedefault.sty"
("C:\Users\nicolas.bourgeois\AppData\Local\Programs\MiKTeX 2.9\tex\latex\beamer
\beamerfontthemedefault.sty")
("C:\Users\nicolas.bourgeois\AppData\Local\Programs\MiKTeX 2.9\tex\latex\beamer
\beamercolorthemedefault.sty")
("C:\Users\nicolas.bourgeois\AppData\Local\Programs\MiKTeX 2.9\tex\latex\beamer
\beamerinnerthemedefault.sty"
\beamer@dima=\dimen191
\beamer@dimb=\dimen192
)
("C:\Users\nicolas.bourgeois\AppData\Local\Programs\MiKTeX 2.9\tex\latex\beamer
\beamerouterthemedefault.sty")))
("C:\Users\nicolas.bourgeois\AppData\Local\Programs\MiKTeX 2.9\tex\latex\psnfss
\helvet.sty"
Package: helvet 2005/04/12 PSNFSS-v9.2a (WaS) 
)
("C:\Users\nicolas.bourgeois\AppData\Local\Programs\MiKTeX 2.9\tex\latex\beamer
\beamerthemeJuanLesPins.sty"
("C:\Users\nicolas.bourgeois\AppData\Local\Programs\MiKTeX 2.9\tex\latex\beamer
\beamerouterthemesmoothtree.sty")
("C:\Users\nicolas.bourgeois\AppData\Local\Programs\MiKTeX 2.9\tex\latex\beamer
\beamercolorthemewhale.sty")
("C:\Users\nicolas.bourgeois\AppData\Local\Programs\MiKTeX 2.9\tex\latex\beamer
\beamercolorthemeorchid.sty")
("C:\Users\nicolas.bourgeois\AppData\Local\Programs\MiKTeX 2.9\tex\latex\beamer
\beamerinnerthemerounded.sty"))
("C:\Users\nicolas.bourgeois\AppData\Local\Programs\MiKTeX 2.9\tex\latex\beamer
\beamerfontthemestructurebold.sty")
("C:\Users\nicolas.bourgeois\AppData\Local\Programs\MiKTeX 2.9\tex\generic\babe
l\babel.sty"
Package: babel 2018/06/05 3.22 The Babel package

("C:\Users\nicolas.bourgeois\AppData\Local\Programs\MiKTeX 2.9\tex\generic\babe
l\switch.def"
File: switch.def 2018/06/05 3.22 Babel switching mechanism
)
*************************************
* Local config file bblopts.cfg used
*

("C:\Users\nicolas.bourgeois\AppData\Local\Programs\MiKTeX 2.9\tex\latex\arabi\
bblopts.cfg"
File: bblopts.cfg 2005/09/08 v0.1 add Arabic and Farsi to "declared" options of
 babel
)
("C:\Users\nicolas.bourgeois\AppData\Local\Programs\MiKTeX 2.9\tex\generic\babe
l-french\french.ldf"
Language: french 2018/07/17 v3.5b French support from the babel system

("C:\Users\nicolas.bourgeois\AppData\Local\Programs\MiKTeX 2.9\tex\generic\babe
l\babel.def"
File: babel.def 2018/06/05 3.22 Babel common definitions
\babel@savecnt=\count155
\U@D=\dimen193

("C:\Users\nicolas.bourgeois\AppData\Local\Programs\MiKTeX 2.9\tex\generic\babe
l\txtbabel.def")
LaTeX Info: Redefining \textlatin on input line 1915.
\bbl@dirlevel=\count156
)
\l@acadian = a dialect from \language\l@french 
\FB@nonchar=\count157
Package babel Info: Making : an active character on input line 415.
Package babel Info: Making ; an active character on input line 416.
Package babel Info: Making ! an active character on input line 417.
Package babel Info: Making ? an active character on input line 418.
\FBguill@level=\count158
\FBold@everypar=\toks43
\FB@Mht=\dimen194
\mc@charclass=\count159
\mc@charfam=\count160
\mc@charslot=\count161
\std@mcc=\count162
\dec@mcc=\count163
\c@FBcaption@count=\count164
\listindentFB=\dimen195
\descindentFB=\dimen196
\labelindentFB=\dimen197
\labelwidthFB=\dimen198
\leftmarginFB=\dimen199
\parindentFFN=\dimen256
\FBfnindent=\dimen257
))
("C:\Users\nicolas.bourgeois\AppData\Local\Programs\MiKTeX 2.9\tex\latex\carlis
le\scalefnt.sty")
Package french.ldf Info: No list customisation for the beamer class,
(french.ldf)             reported on input line 8.

("C:\Users\nicolas.bourgeois\AppData\Local\Programs\MiKTeX 2.9\tex\latex\base\i
nputenc.sty"
Package: inputenc 2018/04/06 v1.3b Input encoding file
\inpenc@prehook=\toks44
\inpenc@posthook=\toks45
)
("C:\Users\nicolas.bourgeois\AppData\Local\Programs\MiKTeX 2.9\tex\latex\base\f
ontenc.sty"
Package: fontenc 2017/04/05 v2.0i Standard LaTeX package

("C:\Users\nicolas.bourgeois\AppData\Local\Programs\MiKTeX 2.9\tex\latex\base\t
1enc.def"
File: t1enc.def 2017/04/05 v2.0i Standard LaTeX file
LaTeX Font Info:    Redeclaring font encoding T1 on input line 48.
))
("C:\Users\nicolas.bourgeois\AppData\Local\Programs\MiKTeX 2.9\tex\latex\pgf\fr
ontendlayer\tikz.sty"
("C:\Users\nicolas.bourgeois\AppData\Local\Programs\MiKTeX 2.9\tex\latex\pgf\ba
siclayer\pgf.sty"
Package: pgf 2015/08/07 v3.0.1a (rcs-revision 1.15)

("C:\Users\nicolas.bourgeois\AppData\Local\Programs\MiKTeX 2.9\tex\generic\pgf\
modules\pgfmoduleshapes.code.tex"
File: pgfmoduleshapes.code.tex 2014/03/21  (rcs-revision 1.35)
\pgfnodeparttextbox=\box50
)
("C:\Users\nicolas.bourgeois\AppData\Local\Programs\MiKTeX 2.9\tex\generic\pgf\
modules\pgfmoduleplot.code.tex"
File: pgfmoduleplot.code.tex 2015/08/03  (rcs-revision 1.13)
)
("C:\Users\nicolas.bourgeois\AppData\Local\Programs\MiKTeX 2.9\tex\latex\pgf\co
mpatibility\pgfcomp-version-0-65.sty"
Package: pgfcomp-version-0-65 2007/07/03 v3.0.1a (rcs-revision 1.7)
\pgf@nodesepstart=\dimen258
\pgf@nodesepend=\dimen259
)
("C:\Users\nicolas.bourgeois\AppData\Local\Programs\MiKTeX 2.9\tex\latex\pgf\co
mpatibility\pgfcomp-version-1-18.sty"
Package: pgfcomp-version-1-18 2007/07/23 v3.0.1a (rcs-revision 1.1)
))
("C:\Users\nicolas.bourgeois\AppData\Local\Programs\MiKTeX 2.9\tex\latex\pgf\ut
ilities\pgffor.sty"
("C:\Users\nicolas.bourgeois\AppData\Local\Programs\MiKTeX 2.9\tex\latex\pgf\ut
ilities\pgfkeys.sty"
("C:\Users\nicolas.bourgeois\AppData\Local\Programs\MiKTeX 2.9\tex\generic\pgf\
utilities\pgfkeys.code.tex"))
("C:\Users\nicolas.bourgeois\AppData\Local\Programs\MiKTeX 2.9\tex\latex\pgf\ma
th\pgfmath.sty"
("C:\Users\nicolas.bourgeois\AppData\Local\Programs\MiKTeX 2.9\tex\generic\pgf\
math\pgfmath.code.tex"))
("C:\Users\nicolas.bourgeois\AppData\Local\Programs\MiKTeX 2.9\tex\generic\pgf\
utilities\pgffor.code.tex"
Package: pgffor 2013/12/13 v3.0.1a (rcs-revision 1.25)

("C:\Users\nicolas.bourgeois\AppData\Local\Programs\MiKTeX 2.9\tex\generic\pgf\
math\pgfmath.code.tex")
\pgffor@iter=\dimen260
\pgffor@skip=\dimen261
\pgffor@stack=\toks46
\pgffor@toks=\toks47
))
("C:\Users\nicolas.bourgeois\AppData\Local\Programs\MiKTeX 2.9\tex\generic\pgf\
frontendlayer\tikz\tikz.code.tex"
Package: tikz 2015/08/07 v3.0.1a (rcs-revision 1.151)

("C:\Users\nicolas.bourgeois\AppData\Local\Programs\MiKTeX 2.9\tex\generic\pgf\
libraries\pgflibraryplothandlers.code.tex"
File: pgflibraryplothandlers.code.tex 2013/08/31 v3.0.1a (rcs-revision 1.20)
\pgf@plot@mark@count=\count165
\pgfplotmarksize=\dimen262
)
\tikz@lastx=\dimen263
\tikz@lasty=\dimen264
\tikz@lastxsaved=\dimen265
\tikz@lastysaved=\dimen266
\tikzleveldistance=\dimen267
\tikzsiblingdistance=\dimen268
\tikz@figbox=\box51
\tikz@figbox@bg=\box52
\tikz@tempbox=\box53
\tikz@tempbox@bg=\box54
\tikztreelevel=\count166
\tikznumberofchildren=\count167
\tikznumberofcurrentchild=\count168
\tikz@fig@count=\count169

("C:\Users\nicolas.bourgeois\AppData\Local\Programs\MiKTeX 2.9\tex\generic\pgf\
modules\pgfmodulematrix.code.tex"
File: pgfmodulematrix.code.tex 2013/09/17  (rcs-revision 1.8)
\pgfmatrixcurrentrow=\count170
\pgfmatrixcurrentcolumn=\count171
\pgf@matrix@numberofcolumns=\count172
)
\tikz@expandcount=\count173

("C:\Users\nicolas.bourgeois\AppData\Local\Programs\MiKTeX 2.9\tex\generic\pgf\
frontendlayer\tikz\libraries\tikzlibrarytopaths.code.tex"
File: tikzlibrarytopaths.code.tex 2008/06/17 v3.0.1a (rcs-revision 1.2)
)))
("C:\Users\nicolas.bourgeois\AppData\Local\Programs\MiKTeX 2.9\tex\latex\colort
bl\colortbl.sty"
Package: colortbl 2018/05/02 v1.0c Color table columns (DPC)

("C:\Users\nicolas.bourgeois\AppData\Local\Programs\MiKTeX 2.9\tex\latex\tools\
array.sty"
Package: array 2018/04/30 v2.4h Tabular extension package (FMi)
\col@sep=\dimen269
\ar@mcellbox=\box55
\extrarowheight=\dimen270
\NC@list=\toks48
\extratabsurround=\skip57
\backup@length=\skip58
\ar@cellbox=\box56
)
\everycr=\toks49
\minrowclearance=\skip59
)
("C:\Users\nicolas.bourgeois\AppData\Local\Programs\MiKTeX 2.9\tex\generic\pgf\
frontendlayer\tikz\libraries\tikzlibraryarrows.code.tex"
File: tikzlibraryarrows.code.tex 2008/01/09 v3.0.1a (rcs-revision 1.1)

("C:\Users\nicolas.bourgeois\AppData\Local\Programs\MiKTeX 2.9\tex\generic\pgf\
libraries\pgflibraryarrows.code.tex"
File: pgflibraryarrows.code.tex 2013/09/23 v3.0.1a (rcs-revision 1.16)
\arrowsize=\dimen271
))
("C:\Users\nicolas.bourgeois\AppData\Local\Programs\MiKTeX 2.9\tex\generic\pgf\
frontendlayer\tikz\libraries\tikzlibrarypositioning.code.tex"
File: tikzlibrarypositioning.code.tex 2008/10/06 v3.0.1a (rcs-revision 1.7)
)
("C:\Users\nicolas.bourgeois\AppData\Local\Programs\MiKTeX 2.9\tex\latex\listin
gs\listings.sty"
\lst@mode=\count174
\lst@gtempboxa=\box57
\lst@token=\toks50
\lst@length=\count175
\lst@currlwidth=\dimen272
\lst@column=\count176
\lst@pos=\count177
\lst@lostspace=\dimen273
\lst@width=\dimen274
\lst@newlines=\count178
\lst@lineno=\count179
\lst@maxwidth=\dimen275

("C:\Users\nicolas.bourgeois\AppData\Local\Programs\MiKTeX 2.9\tex\latex\listin
gs\lstmisc.sty"
File: lstmisc.sty 2015/06/04 1.6 (Carsten Heinz)
\c@lstnumber=\count180
\lst@skipnumbers=\count181
\lst@framebox=\box58
)
("C:\Users\nicolas.bourgeois\AppData\Local\Programs\MiKTeX 2.9\tex\latex\listin
gs\listings.cfg"
File: listings.cfg 2015/06/04 1.6 listings configuration
))
Package: listings 2015/06/04 1.6 (Carsten Heinz)
\c@exercice=\count182
 (ml10-regularisation.aux)
\openout1 = `ml10-regularisation.aux'.

LaTeX Font Info:    Checking defaults for OML/cmm/m/it on input line 52.
LaTeX Font Info:    ... okay on input line 52.
LaTeX Font Info:    Checking defaults for T1/cmr/m/n on input line 52.
LaTeX Font Info:    ... okay on input line 52.
LaTeX Font Info:    Checking defaults for OT1/cmr/m/n on input line 52.
LaTeX Font Info:    ... okay on input line 52.
LaTeX Font Info:    Checking defaults for OMS/cmsy/m/n on input line 52.
LaTeX Font Info:    ... okay on input line 52.
LaTeX Font Info:    Checking defaults for OMX/cmex/m/n on input line 52.
LaTeX Font Info:    ... okay on input line 52.
LaTeX Font Info:    Checking defaults for U/cmr/m/n on input line 52.
LaTeX Font Info:    ... okay on input line 52.
LaTeX Font Info:    Checking defaults for PD1/pdf/m/n on input line 52.
LaTeX Font Info:    ... okay on input line 52.
LaTeX Font Info:    Try loading font information for T1+phv on input line 52.

("C:\Users\nicolas.bourgeois\AppData\Local\Programs\MiKTeX 2.9\tex\latex\psnfss
\t1phv.fd"
File: t1phv.fd 2001/06/04 scalable font definitions for T1/phv.
)
*geometry* driver: auto-detecting
*geometry* detected driver: pdftex
*geometry* verbose mode - [ preamble ] result:
* driver: pdftex
* paper: custom
* layout: <same size as paper>
* layoutoffset:(h,v)=(0.0pt,0.0pt)
* modes: includehead includefoot 
* h-part:(L,W,R)=(28.45274pt, 307.28987pt, 28.45274pt)
* v-part:(T,H,B)=(0.0pt, 273.14662pt, 0.0pt)
* \paperwidth=364.19536pt
* \paperheight=273.14662pt
* \textwidth=307.28987pt
* \textheight=244.6939pt
* \oddsidemargin=-43.81725pt
* \evensidemargin=-43.81725pt
* \topmargin=-72.26999pt
* \headheight=14.22636pt
* \headsep=0.0pt
* \topskip=11.0pt
* \footskip=14.22636pt
* \marginparwidth=4.0pt
* \marginparsep=10.0pt
* \columnsep=10.0pt
* \skip\footins=10.0pt plus 4.0pt minus 2.0pt
* \hoffset=0.0pt
* \voffset=0.0pt
* \mag=1000
* \@twocolumnfalse
* \@twosidefalse
* \@mparswitchfalse
* \@reversemarginfalse
* (1in=72.27pt=25.4mm, 1cm=28.453pt)


("C:\Users\nicolas.bourgeois\AppData\Local\Programs\MiKTeX 2.9\tex\context\base
\supp-pdf.mkii"
[Loading MPS to PDF converter (version 2006.09.02).]
\scratchcounter=\count183
\scratchdimen=\dimen276
\scratchbox=\box59
\nofMPsegments=\count184
\nofMParguments=\count185
\everyMPshowfont=\toks51
\MPscratchCnt=\count186
\MPscratchDim=\dimen277
\MPnumerator=\count187
\makeMPintoPDFobject=\count188
\everyMPtoPDFconversion=\toks52
)
("C:\Users\nicolas.bourgeois\AppData\Local\Programs\MiKTeX 2.9\tex\latex\oberdi
ek\epstopdf-base.sty"
Package: epstopdf-base 2016/05/15 v2.6 Base part for package epstopdf

("C:\Users\nicolas.bourgeois\AppData\Local\Programs\MiKTeX 2.9\tex\latex\oberdi
ek\grfext.sty"
Package: grfext 2016/05/16 v1.2 Manage graphics extensions (HO)
)
Package epstopdf-base Info: Redefining graphics rule for `.eps' on input line 4
38.
Package grfext Info: Graphics extension search list:
(grfext)             [.pdf,.png,.jpg,.mps,.jpeg,.jbig2,.jb2,.PDF,.PNG,.JPG,.JPE
G,.JBIG2,.JB2,.eps]
(grfext)             \AppendGraphicsExtensions on input line 456.
) ABD: EveryShipout initializing macros
\AtBeginShipoutBox=\box60
Package hyperref Info: Link coloring OFF on input line 52.

("C:\Users\nicolas.bourgeois\AppData\Local\Programs\MiKTeX 2.9\tex\latex\hyperr
ef\nameref.sty"
Package: nameref 2016/05/21 v2.44 Cross-referencing by name of section

("C:\Users\nicolas.bourgeois\AppData\Local\Programs\MiKTeX 2.9\tex\generic\ober
diek\gettitlestring.sty"
Package: gettitlestring 2016/05/16 v1.5 Cleanup title references (HO)
)
\c@section@level=\count189
)
LaTeX Info: Redefining \ref on input line 52.
LaTeX Info: Redefining \pageref on input line 52.
LaTeX Info: Redefining \nameref on input line 52.
 (ml10-regularisation.out) (ml10-regularisation.out)
\@outlinefile=\write5
\openout5 = `ml10-regularisation.out'.

LaTeX Font Info:    Overwriting symbol font `operators' in version `normal'
(Font)                  OT1/cmr/m/n --> OT1/cmss/m/n on input line 52.
LaTeX Font Info:    Overwriting symbol font `operators' in version `bold'
(Font)                  OT1/cmr/bx/n --> OT1/cmss/bx/n on input line 52.
\symnumbers=\mathgroup6
\sympureletters=\mathgroup7
LaTeX Font Info:    Overwriting math alphabet `\mathrm' in version `normal'
(Font)                  OT1/cmss/m/n --> T1/cmr/m/n on input line 52.
LaTeX Font Info:    Redeclaring math alphabet \mathbf on input line 52.
LaTeX Font Info:    Overwriting math alphabet `\mathbf' in version `normal'
(Font)                  OT1/cmr/bx/n --> T1/phv/bx/n on input line 52.
LaTeX Font Info:    Overwriting math alphabet `\mathbf' in version `bold'
(Font)                  OT1/cmr/bx/n --> T1/phv/bx/n on input line 52.
LaTeX Font Info:    Redeclaring math alphabet \mathsf on input line 52.
LaTeX Font Info:    Overwriting math alphabet `\mathsf' in version `normal'
(Font)                  OT1/cmss/m/n --> T1/phv/m/n on input line 52.
LaTeX Font Info:    Overwriting math alphabet `\mathsf' in version `bold'
(Font)                  OT1/cmss/bx/n --> T1/phv/m/n on input line 52.
LaTeX Font Info:    Redeclaring math alphabet \mathit on input line 52.
LaTeX Font Info:    Overwriting math alphabet `\mathit' in version `normal'
(Font)                  OT1/cmr/m/it --> T1/phv/m/it on input line 52.
LaTeX Font Info:    Overwriting math alphabet `\mathit' in version `bold'
(Font)                  OT1/cmr/bx/it --> T1/phv/m/it on input line 52.
LaTeX Font Info:    Redeclaring math alphabet \mathtt on input line 52.
LaTeX Font Info:    Overwriting math alphabet `\mathtt' in version `normal'
(Font)                  OT1/cmtt/m/n --> T1/cmtt/m/n on input line 52.
LaTeX Font Info:    Overwriting math alphabet `\mathtt' in version `bold'
(Font)                  OT1/cmtt/m/n --> T1/cmtt/m/n on input line 52.
LaTeX Font Info:    Overwriting symbol font `numbers' in version `bold'
(Font)                  T1/phv/m/n --> T1/phv/bx/n on input line 52.
LaTeX Font Info:    Overwriting symbol font `pureletters' in version `bold'
(Font)                  T1/phv/m/it --> T1/phv/bx/it on input line 52.
LaTeX Font Info:    Overwriting math alphabet `\mathrm' in version `bold'
(Font)                  OT1/cmss/bx/n --> T1/cmr/bx/n on input line 52.
LaTeX Font Info:    Overwriting math alphabet `\mathbf' in version `bold'
(Font)                  T1/phv/bx/n --> T1/phv/bx/n on input line 52.
LaTeX Font Info:    Overwriting math alphabet `\mathsf' in version `bold'
(Font)                  T1/phv/m/n --> T1/phv/bx/n on input line 52.
LaTeX Font Info:    Overwriting math alphabet `\mathit' in version `bold'
(Font)                  T1/phv/m/it --> T1/phv/bx/it on input line 52.
LaTeX Font Info:    Overwriting math alphabet `\mathtt' in version `bold'
(Font)                  T1/cmtt/m/n --> T1/cmtt/bx/n on input line 52.

("C:\Users\nicolas.bourgeois\AppData\Local\Programs\MiKTeX 2.9\tex\latex\transl
ator\translator-basic-dictionary-English.dict"
Dictionary: translator-basic-dictionary, Language: English 
)
("C:\Users\nicolas.bourgeois\AppData\Local\Programs\MiKTeX 2.9\tex\latex\transl
ator\translator-bibliography-dictionary-English.dict"
Dictionary: translator-bibliography-dictionary, Language: English 
)
("C:\Users\nicolas.bourgeois\AppData\Local\Programs\MiKTeX 2.9\tex\latex\transl
ator\translator-environment-dictionary-English.dict"
Dictionary: translator-environment-dictionary, Language: English 
)
("C:\Users\nicolas.bourgeois\AppData\Local\Programs\MiKTeX 2.9\tex\latex\transl
ator\translator-months-dictionary-English.dict"
Dictionary: translator-months-dictionary, Language: English 
)
("C:\Users\nicolas.bourgeois\AppData\Local\Programs\MiKTeX 2.9\tex\latex\transl
ator\translator-numbers-dictionary-English.dict"
Dictionary: translator-numbers-dictionary, Language: English 
)
("C:\Users\nicolas.bourgeois\AppData\Local\Programs\MiKTeX 2.9\tex\latex\transl
ator\translator-theorem-dictionary-English.dict"
Dictionary: translator-theorem-dictionary, Language: English 
)
LaTeX Font Info:    Font shape `T1/phv/bx/n' in size <6> not available
(Font)              Font shape `T1/phv/b/n' tried instead on input line 52.
LaTeX Info: Redefining \degres on input line 52.
LaTeX Info: Redefining \dots on input line 52.
LaTeX Info: Redefining \up on input line 52.
\c@lstlisting=\count190
 (ml10-regularisation.nav)
(ml10-regularisation.toc
LaTeX Font Info:    Font shape `T1/phv/bx/n' in size <10> not available
(Font)              Font shape `T1/phv/b/n' tried instead on input line 2.
LaTeX Font Info:    Font shape `T1/phv/bx/n' in size <10.95> not available
(Font)              Font shape `T1/phv/b/n' tried instead on input line 2.
LaTeX Font Info:    Font shape `T1/phv/bx/n' in size <8> not available
(Font)              Font shape `T1/phv/b/n' tried instead on input line 2.
)
LaTeX Font Info:    Font shape `T1/phv/bx/n' in size <4> not available
(Font)              Font shape `T1/phv/b/n' tried instead on input line 55.
 [1{C:/Users/nicolas.bourgeois/AppData/Local/MiKTeX/2.9/pdftex/config/pdftex.ma
p}

]
LaTeX Font Info:    Try loading font information for U+msa on input line 61.

("C:\Users\nicolas.bourgeois\AppData\Local\Programs\MiKTeX 2.9\tex\latex\amsfon
ts\umsa.fd"
File: umsa.fd 2013/01/14 v3.01 AMS symbols A
)
LaTeX Font Info:    Try loading font information for U+msb on input line 61.

("C:\Users\nicolas.bourgeois\AppData\Local\Programs\MiKTeX 2.9\tex\latex\amsfon
ts\umsb.fd"
File: umsb.fd 2013/01/14 v3.01 AMS symbols B
)
LaTeX Font Info:    Font shape `T1/phv/m/it' in size <10.95> not available
(Font)              Font shape `T1/phv/m/sl' tried instead on input line 61.
LaTeX Font Info:    Font shape `T1/phv/m/it' in size <8> not available
(Font)              Font shape `T1/phv/m/sl' tried instead on input line 61.
LaTeX Font Info:    Font shape `T1/phv/m/it' in size <6> not available
(Font)              Font shape `T1/phv/m/sl' tried instead on input line 61.
LaTeX Font Info:    Font shape `T1/phv/bx/n' in size <14.4> not available
(Font)              Font shape `T1/phv/b/n' tried instead on input line 61.
 [2

] [3

] [4

] [5

] [6

] [7

] [8

] [9

] [10

] [11

] [12

]
(ml10-regularisation.toc) [13

] [14

] [15

] [16

] [17

] [18

] [19

]
(ml10-regularisation.toc) [20

] [21

] [22

] [23

]
<svm.png, id=321, 1003.75pt x 596.2275pt>
File: svm.png Graphic file (type png)
<use svm.png>
Package pdftex.def Info: svm.png  used on input line 237.
(pdftex.def)             Requested size: 301.12732pt x 178.86963pt.
 [24

 <./svm.png>] [25

]
<relax.png, id=341, 301.125pt x 324.46219pt>
File: relax.png Graphic file (type png)
<use relax.png>
Package pdftex.def Info: relax.png  used on input line 246.
(pdftex.def)             Requested size: 180.67638pt x 194.6788pt.
 [26

 <./relax.png>] [27

] [28

]
<ext12.png, id=379, 704.6325pt x 516.7305pt>
File: ext12.png Graphic file (type png)
<use ext12.png>
Package pdftex.def Info: ext12.png  used on input line 265.
(pdftex.def)             Requested size: 281.848pt x 206.68854pt.
 [29

 <./ext12.png>]
("C:\Users\nicolas.bourgeois\AppData\Local\Programs\MiKTeX 2.9\tex\latex\listin
gs\lstlang1.sty"
File: lstlang1.sty 2015/06/04 1.6 listings language file
) (ext12.py
LaTeX Font Info:    Try loading font information for OMS+phv on input line 10.

("C:\Users\nicolas.bourgeois\AppData\Local\Programs\MiKTeX 2.9\tex\latex\psnfss
\omsphv.fd"
File: omsphv.fd 
)
LaTeX Font Info:    Font shape `OMS/phv/m/n' in size <8> not available
(Font)              Font shape `OMS/cmsy/m/n' tried instead on input line 10.
LaTeX Font Info:    Font shape `T1/phv/m/it' in size <5> not available
(Font)              Font shape `T1/phv/m/sl' tried instead on input line 10.
) [30

] (ml10-regularisation.toc) [31

]
<kernel.png, id=411, 1178.90437pt x 561.59813pt>
File: kernel.png Graphic file (type png)
<use kernel.png>
Package pdftex.def Info: kernel.png  used on input line 275.
(pdftex.def)             Requested size: 294.72537pt x 140.39919pt.
 [32

 <./kernel.png>] [33

]
[34

] [35

] [36

] [37

]
\tf@nav=\write6
\openout6 = `ml10-regularisation.nav'.

\tf@toc=\write7
\openout7 = `ml10-regularisation.toc'.

\tf@snm=\write8
\openout8 = `ml10-regularisation.snm'.

Package atveryend Info: Empty hook `BeforeClearDocument' on input line 320.
Package atveryend Info: Empty hook `AfterLastShipout' on input line 320.
 (ml10-regularisation.aux)
Package atveryend Info: Executing hook `AtVeryEndDocument' on input line 320.
Package atveryend Info: Executing hook `AtEndAfterFileList' on input line 320.
Package rerunfilecheck Info: File `ml10-regularisation.out' has not changed.
(rerunfilecheck)             Checksum: 7787A27D7BBE857F5A7F37523E197700;367.
 ) 
Here is how much of TeX's memory you used:
 24049 strings out of 492973
 469330 string characters out of 3121377
 559111 words of memory out of 3000000
 27300 multiletter control sequences out of 15000+200000
 50319 words of font info for 65 fonts, out of 3000000 for 9000
 1141 hyphenation exceptions out of 8191
 56i,14n,65p,813b,1505s stack positions out of 5000i,500n,10000p,200000b,50000s
{C:/Users/nicolas.bourgeois/AppData/Local/Programs/MiKTeX 2.9/fonts/enc/dvips
/base/8r.enc}<C:/Users/nicolas.bourgeois/AppData/Local/Programs/MiKTeX 2.9/font
s/type1/public/amsfonts/cm/cmex10.pfb><C:/Users/nicolas.bourgeois/AppData/Local
/Programs/MiKTeX 2.9/fonts/type1/public/amsfonts/cmextra/cmex8.pfb><C:/Users/ni
colas.bourgeois/AppData/Local/Programs/MiKTeX 2.9/fonts/type1/public/amsfonts/c
m/cmmi10.pfb><C:/Users/nicolas.bourgeois/AppData/Local/Programs/MiKTeX 2.9/font
s/type1/public/amsfonts/cm/cmmi8.pfb><C:/Users/nicolas.bourgeois/AppData/Local/
Programs/MiKTeX 2.9/fonts/type1/public/amsfonts/cm/cmss10.pfb><C:/Users/nicolas
.bourgeois/AppData/Local/Programs/MiKTeX 2.9/fonts/type1/public/amsfonts/cm/cms
s8.pfb><C:/Users/nicolas.bourgeois/AppData/Local/Programs/MiKTeX 2.9/fonts/type
1/public/amsfonts/cm/cmsy10.pfb><C:/Users/nicolas.bourgeois/AppData/Local/Progr
ams/MiKTeX 2.9/fonts/type1/public/amsfonts/cm/cmsy6.pfb><C:/Users/nicolas.bourg
eois/AppData/Local/Programs/MiKTeX 2.9/fonts/type1/public/amsfonts/cm/cmsy8.pfb
><C:/Users/nicolas.bourgeois/AppData/Local/Programs/MiKTeX 2.9/fonts/type1/publ
ic/amsfonts/symbols/msbm10.pfb><C:/Users/nicolas.bourgeois/AppData/Local/Progra
ms/MiKTeX 2.9/fonts/type1/urw/helvetic/uhvb8a.pfb><C:/Users/nicolas.bourgeois/A
ppData/Local/Programs/MiKTeX 2.9/fonts/type1/urw/helvetic/uhvr8a.pfb><C:/Users/
nicolas.bourgeois/AppData/Local/Programs/MiKTeX 2.9/fonts/type1/urw/helvetic/uh
vro8a.pfb>
Output written on ml10-regularisation.pdf (37 pages, 455438 bytes).
PDF statistics:
 526 PDF objects out of 1000 (max. 8388607)
 81 named destinations out of 1000 (max. 500000)
 339 words of extra memory for PDF output out of 10000 (max. 10000000)

